#
# A fatal error has been detected by the Java Runtime Environment:
#
#  SIGSEGV (0xb) at pc=0x00007fff710f182c, pid=6706, tid=45691
#
# JRE version: Java(TM) SE Runtime Environment (7.0_79-b15) (build 1.7.0_79-b15)
# Java VM: Java HotSpot(TM) 64-Bit Server VM (24.79-b02 mixed mode bsd-amd64 compressed oops)
# Problematic frame:
# C  [libobjc.A.dylib+0xb82c]  objc_storeWeak+0x81
#
# Failed to write core dump. Core dumps have been disabled. To enable core dumping, try "ulimit -c unlimited" before starting Java again
#
# If you would like to submit a bug report, please visit:
#   http://bugreport.java.com/bugreport/crash.jsp
# The crash happened outside the Java Virtual Machine in native code.
# See problematic frame for where to report the bug.
#

---------------  T H R E A D  ---------------

Current thread (0x00007fbb100ca000):  JavaThread "Java2D Queue Flusher" daemon [_thread_in_native, id=45691, stack(0x0000700001e99000,0x0000700001f99000)]

siginfo:si_signo=SIGSEGV: si_errno=0, si_code=0 (SEGV0), si_addr=0x0000000000000000

Registers:
RAX=0x0000000000000000, RBX=0x00007fffaacc2480, RCX=0x000000000000b27b, RDX=0x00037fbb0e7731d0
RSP=0x0000700001f986b0, RBP=0x0000700001f98710, RSI=0x00007ffffffffff8, RDI=0x00007fffaacc2480
R8 =0x0000000000000004, R9 =0x000000000000000a, R10=0x00007fffa5e15fb8, R11=0x00007fbb1208f110
R12=0x00007fffaacc25c0, R13=0x0000000000000000, R14=0x00007fbb0e746ea8, R15=0x0000000000000000
RIP=0x00007fff710f182c, EFLAGS=0x0000000000010246, ERR=0x0000000000000000
  TRAPNO=0x000000000000000d

Top of Stack: (sp=0x0000700001f986b0)
0x0000700001f986b0:   0000000000000004 00007fbb10900270
0x0000700001f986c0:   00037fbb0e7731d0 00007fffaab3c630
0x0000700001f986d0:   0000000000000140 00007fbb0e746ea8
0x0000700001f986e0:   0000000000000000 0000700001f98798
0x0000700001f986f0:   00007fbb0f309080 000000077b20b9c0
0x0000700001f98700:   0000700001f98798 0000000000000000
0x0000700001f98710:   0000700001f98750 00007fff481288ea
0x0000700001f98720:   0000000000000000 0000000000000000
0x0000700001f98730:   00007fbb0f309080 000000077b20b9c0
0x0000700001f98740:   0000700001f98798 0000000000000000
0x0000700001f98750:   0000700001f98780 00007fff47ba2018
0x0000700001f98760:   0000000000000000 00007fbb0e746ea0
0x0000700001f98770:   00037fbb0e7731d0 00007fbb0f309088
0x0000700001f98780:   0000700001f987e0 00007fff47d30b1d
0x0000700001f98790:   00007fff4877ab93 00007fffaaddc060
0x0000700001f987a0:   00000000c2000000 00007fff481288a0
0x0000700001f987b0:   00007fffa3e47530 0000000000000000
0x0000700001f987c0:   00007fbb0e746ea0 00037fbb0e7731d0
0x0000700001f987d0:   00007fbb0e557300 00007fbb100ca1e8
0x0000700001f987e0:   0000700001f98810 00000001159b51e5
0x0000700001f987f0:   0000700001f98810 00007fbb100ca1e8
0x0000700001f98800:   00007fbb1219ec40 00007fbb0e557300
0x0000700001f98810:   0000700001f98840 00000001159b5b80
0x0000700001f98820:   00007fbb0e53e740 0000000000000000
0x0000700001f98830:   00007fbb10116e10 00007fbb100ca000
0x0000700001f98840:   0000700001f988c0 00000001159ab4ea
0x0000700001f98850:   00007fbb100ca000 000000000000c713
0x0000700001f98860:   00007fbb0e74f600 0000000200000001
0x0000700001f98870:   000000007bb88b08 000000077af29500
0x0000700001f98880:   0000000000000000 00007fbb10116e20
0x0000700001f98890:   0000700000f98900 00007fbb100ca1e8
0x0000700001f988a0:   000000077b20b9c0 0000000000000000 

Instructions: (pc=0x00007fff710f182c)
0x00007fff710f180c:   0f 00 00 00 48 39 d1 48 0f 44 f0 48 89 75 b8 31
0x00007fff710f181c:   c0 48 89 45 d0 4c 89 75 c8 eb 73 f6 c2 01 75 08
0x00007fff710f182c:   48 8b 3a 48 21 f7 eb 07 48 8b 45 b8 48 8b 38 48
0x00007fff710f183c:   8b 45 d0 48 39 c7 0f 84 b6 00 00 00 48 8b 47 20 

Register to memory mapping:

RAX=0x0000000000000000 is an unknown value
RBX=0x00007fffaacc2480: _ZN12_GLOBAL__N_1L12SideTableBufE+0 in /usr/lib/libobjc.A.dylib at 0x00007fff710e6000
RCX=0x000000000000b27b is an unknown value
RDX=0x00037fbb0e7731d0 is an unknown value
RSP=0x0000700001f986b0 is pointing into the stack for thread: 0x00007fbb100ca000
RBP=0x0000700001f98710 is pointing into the stack for thread: 0x00007fbb100ca000
RSI=0x00007ffffffffff8 is an unknown value
RDI=0x00007fffaacc2480: _ZN12_GLOBAL__N_1L12SideTableBufE+0 in /usr/lib/libobjc.A.dylib at 0x00007fff710e6000
R8 =0x0000000000000004 is an unknown value
R9 =0x000000000000000a is an unknown value
R10=0x00007fffa5e15fb8: OBJC_METACLASS_$_CATransaction+0 in /System/Library/Frameworks/QuartzCore.framework/Versions/A/QuartzCore at 0x00007fff5556e000
R11=0x00007fbb1208f110 is an unknown value
R12=0x00007fffaacc25c0: _ZN12_GLOBAL__N_1L12SideTableBufE+0x140 in /usr/lib/libobjc.A.dylib at 0x00007fff710e6000
R13=0x0000000000000000 is an unknown value
R14=0x00007fbb0e746ea8 is an unknown value
R15=0x0000000000000000 is an unknown value


Stack: [0x0000700001e99000,0x0000700001f99000],  sp=0x0000700001f986b0,  free space=1021k
Native frames: (J=compiled Java code, j=interpreted, Vv=VM code, C=native code)
C  [libobjc.A.dylib+0xb82c]  objc_storeWeak+0x81
C  [AppKit+0x6ed8ea]  __27-[NSOpenGLContext setView:]_block_invoke+0x4a
C  [AppKit+0x167018]  NSPerformVisuallyAtomicChange+0x92
C  [AppKit+0x2f5b1d]  -[NSOpenGLContext setView:]+0x68
C  [liblwawt.dylib+0x121e5]  CGLSD_MakeCurrentToScratch+0x63
C  [liblwawt.dylib+0x12b80]  OGLSD_SetScratchSurface+0x7a
C  [liblwawt.dylib+0x84ea]  Java_sun_java2d_opengl_OGLRenderQueue_flushBuffer+0x63a
j  sun.java2d.opengl.OGLRenderQueue.flushBuffer(JI)V+0
j  sun.java2d.opengl.OGLRenderQueue.flushBuffer()V+21
J 110% C2 sun.java2d.opengl.OGLRenderQueue$QueueFlusher.run()V (234 bytes) @ 0x000000010abbc478 [0x000000010abbc220+0x258]
v  ~StubRoutines::call_stub
V  [libjvm.dylib+0x2dbef8]  JavaCalls::call_helper(JavaValue*, methodHandle*, JavaCallArguments*, Thread*)+0x22a
V  [libjvm.dylib+0x2dc40f]  JavaCalls::call_virtual(JavaValue*, KlassHandle, Symbol*, Symbol*, JavaCallArguments*, Thread*)+0x11b
V  [libjvm.dylib+0x2dc54c]  JavaCalls::call_virtual(JavaValue*, Handle, KlassHandle, Symbol*, Symbol*, Thread*)+0x4a
V  [libjvm.dylib+0x32b43a]  thread_entry(JavaThread*, Thread*)+0xad
V  [libjvm.dylib+0x4f759d]  JavaThread::thread_main_inner()+0x9b
V  [libjvm.dylib+0x4f8ca5]  JavaThread::run()+0x1a3
V  [libjvm.dylib+0x421c4e]  java_start(Thread*)+0x126
C  [libsystem_pthread.dylib+0x36c1]  _pthread_body+0x154
C  [libsystem_pthread.dylib+0x356d]  _pthread_body+0x0
C  [libsystem_pthread.dylib+0x2c5d]  thread_start+0xd

Java frames: (J=compiled Java code, j=interpreted, Vv=VM code)
j  sun.java2d.opengl.OGLRenderQueue.flushBuffer(JI)V+0
j  sun.java2d.opengl.OGLRenderQueue.flushBuffer()V+21
J 110% C2 sun.java2d.opengl.OGLRenderQueue$QueueFlusher.run()V (234 bytes) @ 0x000000010abbc478 [0x000000010abbc220+0x258]
v  ~StubRoutines::call_stub

---------------  P R O C E S S  ---------------

Java Threads: ( => current thread )
  0x00007fbb0f988000 JavaThread "DestroyJavaVM" [_thread_blocked, id=10243, stack(0x0000700000e63000,0x0000700000f63000)]
  0x00007fbb0f616000 JavaThread "AWT-EventQueue-0" [_thread_blocked, id=75795, stack(0x0000700002225000,0x0000700002325000)]
  0x00007fbb0f987000 JavaThread "Thread-0" daemon [_thread_blocked, id=53007, stack(0x000070000209f000,0x000070000219f000)]
  0x00007fbb1012a800 JavaThread "Java2D Disposer" daemon [_thread_blocked, id=50963, stack(0x0000700001f9c000,0x000070000209c000)]
=>0x00007fbb100ca000 JavaThread "Java2D Queue Flusher" daemon [_thread_in_native, id=45691, stack(0x0000700001e99000,0x0000700001f99000)]
  0x00007fbb0f86a800 JavaThread "AWT-Shutdown" [_thread_blocked, id=39723, stack(0x0000700001b8a000,0x0000700001c8a000)]
  0x00007fbb0e851800 JavaThread "AppKit Thread" daemon [_thread_blocked, id=775, stack(0x00007ffee5c38000,0x00007ffee6438000)]
  0x00007fbb0f00f000 JavaThread "Service Thread" daemon [_thread_blocked, id=16643, stack(0x0000700001984000,0x0000700001a84000)]
  0x00007fbb0f00e000 JavaThread "C2 CompilerThread1" daemon [_thread_blocked, id=17155, stack(0x0000700001881000,0x0000700001981000)]
  0x00007fbb0f845000 JavaThread "C2 CompilerThread0" daemon [_thread_blocked, id=17667, stack(0x000070000177e000,0x000070000187e000)]
  0x00007fbb0f00c800 JavaThread "Signal Dispatcher" daemon [_thread_blocked, id=17931, stack(0x000070000167b000,0x000070000177b000)]
  0x00007fbb0f82a000 JavaThread "Finalizer" daemon [_thread_blocked, id=11779, stack(0x0000700001578000,0x0000700001678000)]
  0x00007fbb0e836000 JavaThread "Reference Handler" daemon [_thread_blocked, id=20483, stack(0x0000700001475000,0x0000700001575000)]

Other Threads:
  0x00007fbb0f829800 VMThread [stack: 0x0000700001372000,0x0000700001472000] [id=20995]
  0x00007fbb0f82b800 WatcherThread [stack: 0x0000700001a87000,0x0000700001b87000] [id=16387]

VM state:not at safepoint (normal execution)

VM Mutex/Monitor currently owned by a thread: None

Heap
 PSYoungGen      total 72704K, used 8645K [0x00000007d5500000, 0x00000007da100000, 0x0000000800000000)
  eden space 67584K, 12% used [0x00000007d5500000,0x00000007d5d51788,0x00000007d9700000)
  from space 5120K, 2% used [0x00000007d9c00000,0x00000007d9c20000,0x00000007da100000)
  to   space 5120K, 0% used [0x00000007d9700000,0x00000007d9700000,0x00000007d9c00000)
 ParOldGen       total 113152K, used 45008K [0x0000000780000000, 0x0000000786e80000, 0x00000007d5500000)
  object space 113152K, 39% used [0x0000000780000000,0x0000000782bf43f8,0x0000000786e80000)
 PSPermGen       total 28160K, used 13858K [0x000000077ae00000, 0x000000077c980000, 0x0000000780000000)
  object space 28160K, 49% used [0x000000077ae00000,0x000000077bb88b30,0x000000077c980000)

Card table byte_map: [0x000000010dbb3000,0x000000010dfdd000] byte_map_base: 0x0000000109fdc000

Polling page: 0x000000010aaa0000

Code Cache  [0x000000010aaf3000, 0x000000010ad63000, 0x000000010daf3000)
 total_blobs=577 nmethods=114 adapters=417 free_code_cache=48353Kb largest_free_block=49489216

Compilation events (10 events):
Event: 1463.281 Thread 0x00007fbb0f00e000  110 %s!         sun.java2d.opengl.OGLRenderQueue$QueueFlusher::run @ 2 (234 bytes)
Event: 1463.293 Thread 0x00007fbb0f00e000 nmethod 110% 0x000000010abbbfd0 code [0x000000010abbc220, 0x000000010abbcc98]
Event: 3415.307 Thread 0x00007fbb0f845000  111             sun.awt.AWTAutoShutdown::getInstance (4 bytes)
Event: 3415.308 Thread 0x00007fbb0f845000 nmethod 111 0x000000010aba2d90 code [0x000000010aba2ec0, 0x000000010aba2f18]
Event: 11393.926 Thread 0x00007fbb0f00e000  112             sun.awt.AWTAutoShutdown::isReadyToShutdown (35 bytes)
Event: 11393.928 Thread 0x00007fbb0f00e000 nmethod 112 0x000000010abad490 code [0x000000010abad5e0, 0x000000010abad6e8]
Event: 14239.530 Thread 0x00007fbb0f845000  113             sun.nio.cs.UTF_8$Decoder::decode (640 bytes)
Event: 14239.563 Thread 0x00007fbb0f845000 nmethod 113 0x000000010abbd910 code [0x000000010abbdc00, 0x000000010abbe9d0]
Event: 14291.847 Thread 0x00007fbb0f00e000  114   !         sun.awt.AWTAutoShutdown::setToolkitBusy (124 bytes)
Event: 14291.851 Thread 0x00007fbb0f00e000 nmethod 114 0x000000010abbfad0 code [0x000000010abbfc80, 0x000000010abc0610]

GC Heap History (10 events):
Event: 1.973 GC heap before
{Heap before GC invocations=1 (full 0):
 PSYoungGen      total 38912K, used 33792K [0x00000007d5500000, 0x00000007d8000000, 0x0000000800000000)
  eden space 33792K, 100% used [0x00000007d5500000,0x00000007d7600000,0x00000007d7600000)
  from space 5120K, 0% used [0x00000007d7b00000,0x00000007d7b00000,0x00000007d8000000)
  to   space 5120K, 0% used [0x00000007d7600000,0x00000007d7600000,0x00000007d7b00000)
 ParOldGen       total 87040K, used 0K [0x0000000780000000, 0x0000000785500000, 0x00000007d5500000)
  object space 87040K, 0% used [0x0000000780000000,0x0000000780000000,0x0000000785500000)
 PSPermGen       total 21504K, used 12463K [0x000000077ae00000, 0x000000077c300000, 0x0000000780000000)
  object space 21504K, 57% used [0x000000077ae00000,0x000000077ba2bf38,0x000000077c300000)
Event: 1.980 GC heap after
Heap after GC invocations=1 (full 0):
 PSYoungGen      total 38912K, used 5096K [0x00000007d5500000, 0x00000007d8000000, 0x0000000800000000)
  eden space 33792K, 0% used [0x00000007d5500000,0x00000007d5500000,0x00000007d7600000)
  from space 5120K, 99% used [0x00000007d7600000,0x00000007d7afa1f0,0x00000007d7b00000)
  to   space 5120K, 0% used [0x00000007d7b00000,0x00000007d7b00000,0x00000007d8000000)
 ParOldGen       total 87040K, used 1358K [0x0000000780000000, 0x0000000785500000, 0x00000007d5500000)
  object space 87040K, 1% used [0x0000000780000000,0x0000000780153810,0x0000000785500000)
 PSPermGen       total 21504K, used 12463K [0x000000077ae00000, 0x000000077c300000, 0x0000000780000000)
  object space 21504K, 57% used [0x000000077ae00000,0x000000077ba2bf38,0x000000077c300000)
}
Event: 2.450 GC heap before
{Heap before GC invocations=2 (full 0):
 PSYoungGen      total 38912K, used 36488K [0x00000007d5500000, 0x00000007d8000000, 0x0000000800000000)
  eden space 33792K, 92% used [0x00000007d5500000,0x00000007d73a7f98,0x00000007d7600000)
  from space 5120K, 99% used [0x00000007d7600000,0x00000007d7afa1f0,0x00000007d7b00000)
  to   space 5120K, 0% used [0x00000007d7b00000,0x00000007d7b00000,0x00000007d8000000)
 ParOldGen       total 87040K, used 1358K [0x0000000780000000, 0x0000000785500000, 0x00000007d5500000)
  object space 87040K, 1% used [0x0000000780000000,0x0000000780153810,0x0000000785500000)
 PSPermGen       total 21504K, used 13650K [0x000000077ae00000, 0x000000077c300000, 0x0000000780000000)
  object space 21504K, 63% used [0x000000077ae00000,0x000000077bb54980,0x000000077c300000)
Event: 2.472 GC heap after
Heap after GC invocations=2 (full 0):
 PSYoungGen      total 38912K, used 5112K [0x00000007d5500000, 0x00000007da100000, 0x0000000800000000)
  eden space 33792K, 0% used [0x00000007d5500000,0x00000007d5500000,0x00000007d7600000)
  from space 5120K, 99% used [0x00000007d7b00000,0x00000007d7ffe2e0,0x00000007d8000000)
  to   space 5120K, 0% used [0x00000007d7600000,0x00000007d7600000,0x00000007d7b00000)
 ParOldGen       total 87040K, used 32062K [0x0000000780000000, 0x0000000785500000, 0x00000007d5500000)
  object space 87040K, 36% used [0x0000000780000000,0x0000000781f4fa40,0x0000000785500000)
 PSPermGen       total 21504K, used 13650K [0x000000077ae00000, 0x000000077c300000, 0x0000000780000000)
  object space 21504K, 63% used [0x000000077ae00000,0x000000077bb54980,0x000000077c300000)
}
Event: 14239.608 GC heap before
{Heap before GC invocations=3 (full 0):
 PSYoungGen      total 38912K, used 36338K [0x00000007d5500000, 0x00000007da100000, 0x0000000800000000)
  eden space 33792K, 92% used [0x00000007d5500000,0x00000007d737e6e8,0x00000007d7600000)
  from space 5120K, 99% used [0x00000007d7b00000,0x00000007d7ffe2e0,0x00000007d8000000)
  to   space 5120K, 0% used [0x00000007d7600000,0x00000007d7600000,0x00000007d7b00000)
 ParOldGen       total 87040K, used 32062K [0x0000000780000000, 0x0000000785500000, 0x00000007d5500000)
  object space 87040K, 36% used [0x0000000780000000,0x0000000781f4fa40,0x0000000785500000)
 PSPermGen       total 21504K, used 13871K [0x000000077ae00000, 0x000000077c300000, 0x0000000780000000)
  object space 21504K, 64% used [0x000000077ae00000,0x000000077bb8bd40,0x000000077c300000)
Event: 14239.670 GC heap after
Heap after GC invocations=3 (full 0):
 PSYoungGen      total 38912K, used 5090K [0x00000007d5500000, 0x00000007da100000, 0x0000000800000000)
  eden space 33792K, 0% used [0x00000007d5500000,0x00000007d5500000,0x00000007d7600000)
  from space 5120K, 99% used [0x00000007d7600000,0x00000007d7af8b20,0x00000007d7b00000)
  to   space 5120K, 0% used [0x00000007d9c00000,0x00000007d9c00000,0x00000007da100000)
 ParOldGen       total 87040K, used 76096K [0x0000000780000000, 0x0000000785500000, 0x00000007d5500000)
  object space 87040K, 87% used [0x0000000780000000,0x0000000784a50108,0x0000000785500000)
 PSPermGen       total 21504K, used 13871K [0x000000077ae00000, 0x000000077c300000, 0x0000000780000000)
  object space 21504K, 64% used [0x000000077ae00000,0x000000077bb8bd40,0x000000077c300000)
}
Event: 14239.670 GC heap before
{Heap before GC invocations=4 (full 1):
 PSYoungGen      total 38912K, used 5090K [0x00000007d5500000, 0x00000007da100000, 0x0000000800000000)
  eden space 33792K, 0% used [0x00000007d5500000,0x00000007d5500000,0x00000007d7600000)
  from space 5120K, 99% used [0x00000007d7600000,0x00000007d7af8b20,0x00000007d7b00000)
  to   space 5120K, 0% used [0x00000007d9c00000,0x00000007d9c00000,0x00000007da100000)
 ParOldGen       total 87040K, used 76096K [0x0000000780000000, 0x0000000785500000, 0x00000007d5500000)
  object space 87040K, 87% used [0x0000000780000000,0x0000000784a50108,0x0000000785500000)
 PSPermGen       total 21504K, used 13871K [0x000000077ae00000, 0x000000077c300000, 0x0000000780000000)
  object space 21504K, 64% used [0x000000077ae00000,0x000000077bb8bd40,0x000000077c300000)
Event: 14239.737 GC heap after
Heap after GC invocations=4 (full 1):
 PSYoungGen      total 38912K, used 0K [0x00000007d5500000, 0x00000007da100000, 0x0000000800000000)
  eden space 33792K, 0% used [0x00000007d5500000,0x00000007d5500000,0x00000007d7600000)
  from space 5120K, 0% used [0x00000007d7600000,0x00000007d7600000,0x00000007d7b00000)
  to   space 5120K, 0% used [0x00000007d9c00000,0x00000007d9c00000,0x00000007da100000)
 ParOldGen       total 113152K, used 20056K [0x0000000780000000, 0x0000000786e80000, 0x00000007d5500000)
  object space 113152K, 17% used [0x0000000780000000,0x00000007813961c8,0x0000000786e80000)
 PSPermGen       total 28160K, used 13858K [0x000000077ae00000, 0x000000077c980000, 0x0000000780000000)
  object space 28160K, 49% used [0x000000077ae00000,0x000000077bb88880,0x000000077c980000)
}
Event: 21726.880 GC heap before
{Heap before GC invocations=5 (full 1):
 PSYoungGen      total 38912K, used 33662K [0x00000007d5500000, 0x00000007da100000, 0x0000000800000000)
  eden space 33792K, 99% used [0x00000007d5500000,0x00000007d75df988,0x00000007d7600000)
  from space 5120K, 0% used [0x00000007d7600000,0x00000007d7600000,0x00000007d7b00000)
  to   space 5120K, 0% used [0x00000007d9c00000,0x00000007d9c00000,0x00000007da100000)
 ParOldGen       total 113152K, used 20056K [0x0000000780000000, 0x0000000786e80000, 0x00000007d5500000)
  object space 113152K, 17% used [0x0000000780000000,0x00000007813961c8,0x0000000786e80000)
 PSPermGen       total 28160K, used 13858K [0x000000077ae00000, 0x000000077c980000, 0x0000000780000000)
  object space 28160K, 49% used [0x000000077ae00000,0x000000077bb88b30,0x000000077c980000)
Event: 21726.903 GC heap after
Heap after GC invocations=5 (full 1):
 PSYoungGen      total 72704K, used 128K [0x00000007d5500000, 0x00000007da100000, 0x0000000800000000)
  eden space 67584K, 0% used [0x00000007d5500000,0x00000007d5500000,0x00000007d9700000)
  from space 5120K, 2% used [0x00000007d9c00000,0x00000007d9c20000,0x00000007da100000)
  to   space 5120K, 0% used [0x00000007d9700000,0x00000007d9700000,0x00000007d9c00000)
 ParOldGen       total 113152K, used 45008K [0x0000000780000000, 0x0000000786e80000, 0x00000007d5500000)
  object space 113152K, 39% used [0x0000000780000000,0x0000000782bf43f8,0x0000000786e80000)
 PSPermGen       total 28160K, used 13858K [0x000000077ae00000, 0x000000077c980000, 0x0000000780000000)
  object space 28160K, 49% used [0x000000077ae00000,0x000000077bb88b30,0x000000077c980000)
}

Deoptimization events (8 events):
Event: 1.070 Thread 0x00007fbb0f000800 Uncommon trap: reason=unreached action=reinterpret pc=0x000000010ab72ce4 method=java.lang.AbstractStringBuilder.append(Ljava/lang/String;)Ljava/lang/AbstractStringBuilder; @ 1
Event: 1.090 Thread 0x00007fbb0f000800 Uncommon trap: reason=unreached action=reinterpret pc=0x000000010ab6e1e4 method=java.lang.AbstractStringBuilder.append(Ljava/lang/String;)Ljava/lang/AbstractStringBuilder; @ 1
Event: 70.403 Thread 0x00007fbb0f616000 Uncommon trap: reason=class_check action=maybe_recompile pc=0x000000010ab6eb8c method=java.lang.String.equals(Ljava/lang/Object;)Z @ 8
Event: 70.403 Thread 0x00007fbb0f616000 Uncommon trap: reason=class_check action=maybe_recompile pc=0x000000010ab6eb8c method=java.lang.String.equals(Ljava/lang/Object;)Z @ 8
Event: 84.824 Thread 0x00007fbb0f616000 Uncommon trap: reason=class_check action=maybe_recompile pc=0x000000010ab6eb8c method=java.lang.String.equals(Ljava/lang/Object;)Z @ 8
Event: 84.824 Thread 0x00007fbb0f616000 Uncommon trap: reason=class_check action=maybe_recompile pc=0x000000010ab6eb8c method=java.lang.String.equals(Ljava/lang/Object;)Z @ 8
Event: 14239.558 Thread 0x00007fbb0e851800 Uncommon trap: reason=null_check action=make_not_entrant pc=0x000000010abb86e8 method=java.awt.geom.AffineTransform.equals(Ljava/lang/Object;)Z @ 1
Event: 14242.601 Thread 0x00007fbb0e851800 Uncommon trap: reason=null_check action=make_not_entrant pc=0x000000010abb0930 method=java.awt.geom.AffineTransform.equals(Ljava/lang/Object;)Z @ 1

Internal exceptions (10 events):
Event: 1.983 Thread 0x00007fbb0f000800 Threw 0x00000007d5516ba8 at /HUDSON/workspace/7u-2-build-macosx-x86_64/jdk7u79/2331/hotspot/src/share/vm/prims/jvm.cpp:1304
Event: 2.174 Thread 0x00007fbb0f616000 Threw 0x00000007d56dc2f0 at /HUDSON/workspace/7u-2-build-macosx-x86_64/jdk7u79/2331/hotspot/src/share/vm/prims/jvm.cpp:1304
Event: 2.235 Thread 0x00007fbb0f616000 Threw 0x00000007d5891c38 at /HUDSON/workspace/7u-2-build-macosx-x86_64/jdk7u79/2331/hotspot/src/share/vm/prims/jvm.cpp:1304
Event: 3.914 Thread 0x00007fbb0f616000 Threw 0x00000007d5fc3300 at /HUDSON/workspace/7u-2-build-macosx-x86_64/jdk7u79/2331/hotspot/src/share/vm/prims/jvm.cpp:1304
Event: 3.914 Thread 0x00007fbb0f616000 Threw 0x00000007d608a1b8 at /HUDSON/workspace/7u-2-build-macosx-x86_64/jdk7u79/2331/hotspot/src/share/vm/prims/jvm.cpp:1304
Event: 4.449 Thread 0x00007fbb0f616000 Threw 0x00000007d609a1c8 at /HUDSON/workspace/7u-2-build-macosx-x86_64/jdk7u79/2331/hotspot/src/share/vm/prims/jvm.cpp:1304
Event: 4.452 Thread 0x00007fbb0f616000 Threw 0x00000007d60e31c8 at /HUDSON/workspace/7u-2-build-macosx-x86_64/jdk7u79/2331/hotspot/src/share/vm/prims/jvm.cpp:1304
Event: 4.452 Thread 0x00007fbb0f616000 Threw 0x00000007d60e6da0 at /HUDSON/workspace/7u-2-build-macosx-x86_64/jdk7u79/2331/hotspot/src/share/vm/prims/jvm.cpp:1304
Event: 14239.558 Thread 0x00007fbb0e851800 Implicit null exception at 0x000000010abb7f56 to 0x000000010abb86c9
Event: 14242.601 Thread 0x00007fbb0e851800 Implicit null exception at 0x000000010abb088c to 0x000000010abb0921

Events (10 events):
Event: 14239.742 Executing VM operation: RevokeBias done
Event: 14239.742 Executing VM operation: RevokeBias
Event: 14239.742 Executing VM operation: RevokeBias done
Event: 14239.742 Executing VM operation: RevokeBias
Event: 14239.742 Executing VM operation: RevokeBias done
Event: 14242.601 Thread 0x00007fbb0e851800 Uncommon trap: trap_request=0xfffffff4 fr.pc=0x000000010abb0930
Event: 14242.601 Thread 0x00007fbb0e851800 DEOPT PACKING pc=0x000000010abb0930 sp=0x00007ffee6431a40
Event: 14242.601 Thread 0x00007fbb0e851800 DEOPT UNPACKING pc=0x000000010ab2c045 sp=0x00007ffee6431a00 mode 2
Event: 21726.880 Executing VM operation: ParallelGCFailedAllocation
Event: 21726.903 Executing VM operation: ParallelGCFailedAllocation done


Dynamic libraries:
0x0000000022a6d000 	/System/Library/Frameworks/Cocoa.framework/Versions/A/Cocoa
0x0000000022a6d000 	/System/Library/Frameworks/Security.framework/Versions/A/Security
0x0000000022a6d000 	/System/Library/Frameworks/ApplicationServices.framework/Versions/A/ApplicationServices
0x0000000022a6d000 	/usr/lib/libz.1.dylib
0x0000000022a6d000 	/usr/lib/libSystem.B.dylib
0x0000000022a6d000 	/usr/lib/libobjc.A.dylib
0x0000000022a6d000 	/System/Library/Frameworks/CoreFoundation.framework/Versions/A/CoreFoundation
0x0000000022a6d000 	/System/Library/Frameworks/Foundation.framework/Versions/C/Foundation
0x0000000022a6d000 	/System/Library/Frameworks/AppKit.framework/Versions/C/AppKit
0x0000000022a6d000 	/System/Library/Frameworks/CoreData.framework/Versions/A/CoreData
0x0000000022a6d000 	/System/Library/PrivateFrameworks/RemoteViewServices.framework/Versions/A/RemoteViewServices
0x0000000022a6d000 	/System/Library/PrivateFrameworks/UIFoundation.framework/Versions/A/UIFoundation
0x0000000022a6d000 	/System/Library/PrivateFrameworks/DFRFoundation.framework/Versions/A/DFRFoundation
0x0000000022a6d000 	/System/Library/Frameworks/Metal.framework/Versions/A/Metal
0x0000000022a6d000 	/System/Library/PrivateFrameworks/DesktopServicesPriv.framework/Versions/A/DesktopServicesPriv
0x0000000022a6d000 	/usr/lib/libenergytrace.dylib
0x0000000022a6d000 	/System/Library/PrivateFrameworks/SkyLight.framework/Versions/A/SkyLight
0x0000000022a6d000 	/System/Library/Frameworks/CoreGraphics.framework/Versions/A/CoreGraphics
0x0000000022a6d000 	/usr/lib/libScreenReader.dylib
0x0000000022a6d000 	/System/Library/Frameworks/Accelerate.framework/Versions/A/Accelerate
0x0000000022a6d000 	/System/Library/Frameworks/IOSurface.framework/Versions/A/IOSurface
0x0000000022a6d000 	/System/Library/Frameworks/AudioToolbox.framework/Versions/A/AudioToolbox
0x0000000022a6d000 	/System/Library/Frameworks/AudioUnit.framework/Versions/A/AudioUnit
0x0000000022a6d000 	/System/Library/PrivateFrameworks/DataDetectorsCore.framework/Versions/A/DataDetectorsCore
0x0000000022a6d000 	/System/Library/Frameworks/Carbon.framework/Versions/A/Frameworks/HIToolbox.framework/Versions/A/HIToolbox
0x0000000022a6d000 	/usr/lib/libicucore.A.dylib
0x0000000022a6d000 	/System/Library/Frameworks/QuartzCore.framework/Versions/A/QuartzCore
0x0000000022a6d000 	/System/Library/Frameworks/Carbon.framework/Versions/A/Frameworks/SpeechRecognition.framework/Versions/A/SpeechRecognition
0x0000000022a6d000 	/usr/lib/libauto.dylib
0x0000000022a6d000 	/usr/lib/libxml2.2.dylib
0x0000000022a6d000 	/System/Library/PrivateFrameworks/CoreUI.framework/Versions/A/CoreUI
0x0000000022a6d000 	/System/Library/Frameworks/CoreAudio.framework/Versions/A/CoreAudio
0x0000000022a6d000 	/System/Library/Frameworks/DiskArbitration.framework/Versions/A/DiskArbitration
0x0000000022a6d000 	/usr/lib/liblangid.dylib
0x0000000022a6d000 	/System/Library/PrivateFrameworks/MultitouchSupport.framework/Versions/A/MultitouchSupport
0x0000000022a6d000 	/System/Library/Frameworks/IOKit.framework/Versions/A/IOKit
0x0000000022a6d000 	/usr/lib/libDiagnosticMessagesClient.dylib
0x0000000022a6d000 	/System/Library/Frameworks/CoreServices.framework/Versions/A/CoreServices
0x0000000022a6d000 	/System/Library/PrivateFrameworks/PerformanceAnalysis.framework/Versions/A/PerformanceAnalysis
0x0000000022a6d000 	/System/Library/Frameworks/OpenGL.framework/Versions/A/OpenGL
0x0000000022a6d000 	/System/Library/Frameworks/ColorSync.framework/Versions/A/ColorSync
0x0000000022a6d000 	/System/Library/Frameworks/CoreImage.framework/Versions/A/CoreImage
0x0000000022a6d000 	/System/Library/Frameworks/CoreText.framework/Versions/A/CoreText
0x0000000022a6d000 	/System/Library/Frameworks/ImageIO.framework/Versions/A/ImageIO
0x0000000022a6d000 	/System/Library/PrivateFrameworks/Backup.framework/Versions/A/Backup
0x0000000022a6d000 	/usr/lib/libarchive.2.dylib
0x0000000022a6d000 	/System/Library/Frameworks/CFNetwork.framework/Versions/A/CFNetwork
0x0000000022a6d000 	/System/Library/Frameworks/SystemConfiguration.framework/Versions/A/SystemConfiguration
0x0000000022a6d000 	/usr/lib/libCRFSuite.dylib
0x0000000022a6d000 	/usr/lib/libc++.1.dylib
0x0000000022a6d000 	/usr/lib/libc++abi.dylib
0x0000000022a6d000 	/usr/lib/system/libcache.dylib
0x0000000022a6d000 	/usr/lib/system/libcommonCrypto.dylib
0x0000000022a6d000 	/usr/lib/system/libcompiler_rt.dylib
0x0000000022a6d000 	/usr/lib/system/libcopyfile.dylib
0x0000000022a6d000 	/usr/lib/system/libcorecrypto.dylib
0x0000000022a6d000 	/usr/lib/system/libdispatch.dylib
0x0000000022a6d000 	/usr/lib/system/libdyld.dylib
0x0000000022a6d000 	/usr/lib/system/libkeymgr.dylib
0x0000000022a6d000 	/usr/lib/system/liblaunch.dylib
0x0000000022a6d000 	/usr/lib/system/libmacho.dylib
0x0000000022a6d000 	/usr/lib/system/libquarantine.dylib
0x0000000022a6d000 	/usr/lib/system/libremovefile.dylib
0x0000000022a6d000 	/usr/lib/system/libsystem_asl.dylib
0x0000000022a6d000 	/usr/lib/system/libsystem_blocks.dylib
0x0000000022a6d000 	/usr/lib/system/libsystem_c.dylib
0x0000000022a6d000 	/usr/lib/system/libsystem_configuration.dylib
0x0000000022a6d000 	/usr/lib/system/libsystem_coreservices.dylib
0x0000000022a6d000 	/usr/lib/system/libsystem_darwin.dylib
0x0000000022a6d000 	/usr/lib/system/libsystem_dnssd.dylib
0x0000000022a6d000 	/usr/lib/system/libsystem_info.dylib
0x0000000022a6d000 	/usr/lib/system/libsystem_m.dylib
0x0000000022a6d000 	/usr/lib/system/libsystem_malloc.dylib
0x0000000022a6d000 	/usr/lib/system/libsystem_network.dylib
0x0000000022a6d000 	/usr/lib/system/libsystem_networkextension.dylib
0x0000000022a6d000 	/usr/lib/system/libsystem_notify.dylib
0x0000000022a6d000 	/usr/lib/system/libsystem_sandbox.dylib
0x0000000022a6d000 	/usr/lib/system/libsystem_secinit.dylib
0x0000000022a6d000 	/usr/lib/system/libsystem_kernel.dylib
0x0000000022a6d000 	/usr/lib/system/libsystem_platform.dylib
0x0000000022a6d000 	/usr/lib/system/libsystem_pthread.dylib
0x0000000022a6d000 	/usr/lib/system/libsystem_symptoms.dylib
0x0000000022a6d000 	/usr/lib/system/libsystem_trace.dylib
0x0000000022a6d000 	/usr/lib/system/libunwind.dylib
0x0000000022a6d000 	/usr/lib/system/libxpc.dylib
0x0000000022a6d000 	/usr/lib/closure/libclosured.dylib
0x0000000022a6d000 	/usr/lib/libbsm.0.dylib
0x0000000022a6d000 	/usr/lib/system/libkxld.dylib
0x0000000022a6d000 	/usr/lib/libOpenScriptingUtil.dylib
0x0000000022a6d000 	/usr/lib/libcoretls.dylib
0x0000000022a6d000 	/usr/lib/libcoretls_cfhelpers.dylib
0x0000000022a6d000 	/usr/lib/libpam.2.dylib
0x0000000022a6d000 	/usr/lib/libsqlite3.dylib
0x0000000022a6d000 	/usr/lib/libxar.1.dylib
0x0000000022a6d000 	/usr/lib/libbz2.1.0.dylib
0x0000000022a6d000 	/usr/lib/liblzma.5.dylib
0x0000000022a6d000 	/usr/lib/libnetwork.dylib
0x0000000022a6d000 	/usr/lib/libapple_nghttp2.dylib
0x0000000022a6d000 	/usr/lib/libpcap.A.dylib
0x0000000022a6d000 	/usr/lib/libboringssl.dylib
0x0000000022a6d000 	/usr/lib/libusrtcp.dylib
0x0000000022a6d000 	/usr/lib/libapple_crypto.dylib
0x0000000022a6d000 	/System/Library/Frameworks/CoreServices.framework/Versions/A/Frameworks/FSEvents.framework/Versions/A/FSEvents
0x0000000022a6d000 	/System/Library/Frameworks/CoreServices.framework/Versions/A/Frameworks/CarbonCore.framework/Versions/A/CarbonCore
0x0000000022a6d000 	/System/Library/Frameworks/CoreServices.framework/Versions/A/Frameworks/Metadata.framework/Versions/A/Metadata
0x0000000022a6d000 	/System/Library/Frameworks/CoreServices.framework/Versions/A/Frameworks/OSServices.framework/Versions/A/OSServices
0x0000000022a6d000 	/System/Library/Frameworks/CoreServices.framework/Versions/A/Frameworks/SearchKit.framework/Versions/A/SearchKit
0x0000000022a6d000 	/System/Library/Frameworks/CoreServices.framework/Versions/A/Frameworks/AE.framework/Versions/A/AE
0x0000000022a6d000 	/System/Library/Frameworks/CoreServices.framework/Versions/A/Frameworks/LaunchServices.framework/Versions/A/LaunchServices
0x0000000022a6d000 	/System/Library/Frameworks/CoreServices.framework/Versions/A/Frameworks/DictionaryServices.framework/Versions/A/DictionaryServices
0x0000000022a6d000 	/System/Library/Frameworks/CoreServices.framework/Versions/A/Frameworks/SharedFileList.framework/Versions/A/SharedFileList
0x0000000022a6d000 	/System/Library/Frameworks/NetFS.framework/Versions/A/NetFS
0x0000000022a6d000 	/System/Library/PrivateFrameworks/NetAuth.framework/Versions/A/NetAuth
0x0000000022a6d000 	/System/Library/PrivateFrameworks/login.framework/Versions/A/Frameworks/loginsupport.framework/Versions/A/loginsupport
0x0000000022a6d000 	/System/Library/PrivateFrameworks/TCC.framework/Versions/A/TCC
0x0000000022a6d000 	/usr/lib/libmecabra.dylib
0x0000000022a6d000 	/System/Library/Frameworks/ApplicationServices.framework/Versions/A/Frameworks/ATS.framework/Versions/A/ATS
0x0000000022a6d000 	/System/Library/Frameworks/ApplicationServices.framework/Versions/A/Frameworks/ColorSyncLegacy.framework/Versions/A/ColorSyncLegacy
0x0000000022a6d000 	/System/Library/Frameworks/ApplicationServices.framework/Versions/A/Frameworks/HIServices.framework/Versions/A/HIServices
0x0000000022a6d000 	/System/Library/Frameworks/ApplicationServices.framework/Versions/A/Frameworks/LangAnalysis.framework/Versions/A/LangAnalysis
0x0000000022a6d000 	/System/Library/Frameworks/ApplicationServices.framework/Versions/A/Frameworks/PrintCore.framework/Versions/A/PrintCore
0x0000000022a6d000 	/System/Library/Frameworks/ApplicationServices.framework/Versions/A/Frameworks/QD.framework/Versions/A/QD
0x0000000022a6d000 	/System/Library/Frameworks/ApplicationServices.framework/Versions/A/Frameworks/SpeechSynthesis.framework/Versions/A/SpeechSynthesis
0x0000000022a6d000 	/System/Library/Frameworks/CoreDisplay.framework/Versions/A/CoreDisplay
0x0000000022a6d000 	/System/Library/Frameworks/Accelerate.framework/Versions/A/Frameworks/vImage.framework/Versions/A/vImage
0x0000000022a6d000 	/System/Library/Frameworks/Accelerate.framework/Versions/A/Frameworks/vecLib.framework/Versions/A/vecLib
0x0000000022a6d000 	/System/Library/Frameworks/Accelerate.framework/Versions/A/Frameworks/vecLib.framework/Versions/A/libvDSP.dylib
0x0000000022a6d000 	/System/Library/Frameworks/Accelerate.framework/Versions/A/Frameworks/vecLib.framework/Versions/A/libBNNS.dylib
0x0000000022a6d000 	/System/Library/Frameworks/Accelerate.framework/Versions/A/Frameworks/vecLib.framework/Versions/A/libQuadrature.dylib
0x0000000022a6d000 	/System/Library/Frameworks/Accelerate.framework/Versions/A/Frameworks/vecLib.framework/Versions/A/libvMisc.dylib
0x0000000022a6d000 	/System/Library/Frameworks/Accelerate.framework/Versions/A/Frameworks/vecLib.framework/Versions/A/libLAPACK.dylib
0x0000000022a6d000 	/System/Library/Frameworks/Accelerate.framework/Versions/A/Frameworks/vecLib.framework/Versions/A/libBLAS.dylib
0x0000000022a6d000 	/System/Library/Frameworks/Accelerate.framework/Versions/A/Frameworks/vecLib.framework/Versions/A/libLinearAlgebra.dylib
0x0000000022a6d000 	/System/Library/Frameworks/Accelerate.framework/Versions/A/Frameworks/vecLib.framework/Versions/A/libSparse.dylib
0x0000000022a6d000 	/System/Library/Frameworks/Accelerate.framework/Versions/A/Frameworks/vecLib.framework/Versions/A/libSparseBLAS.dylib
0x0000000022a6d000 	/System/Library/PrivateFrameworks/IOAccelerator.framework/Versions/A/IOAccelerator
0x0000000022a6d000 	/System/Library/PrivateFrameworks/IOPresentment.framework/Versions/A/IOPresentment
0x0000000022a6d000 	/System/Library/PrivateFrameworks/DSExternalDisplay.framework/Versions/A/DSExternalDisplay
0x0000000022a6d000 	/System/Library/Frameworks/OpenGL.framework/Versions/A/Libraries/libCoreFSCache.dylib
0x0000000022a6d000 	/System/Library/Frameworks/CoreVideo.framework/Versions/A/CoreVideo
0x0000000022a6d000 	/System/Library/PrivateFrameworks/GraphVisualizer.framework/Versions/A/GraphVisualizer
0x0000000022a6d000 	/System/Library/Frameworks/MetalPerformanceShaders.framework/Versions/A/MetalPerformanceShaders
0x0000000022a6d000 	/usr/lib/libFosl_dynamic.dylib
0x0000000022a6d000 	/System/Library/PrivateFrameworks/FaceCore.framework/Versions/A/FaceCore
0x0000000022a6d000 	/System/Library/Frameworks/OpenCL.framework/Versions/A/OpenCL
0x0000000022a6d000 	/usr/lib/libcompression.dylib
0x0000000022a6d000 	/System/Library/Frameworks/ApplicationServices.framework/Versions/A/Frameworks/ATS.framework/Versions/A/Resources/libFontParser.dylib
0x0000000022a6d000 	/System/Library/Frameworks/ApplicationServices.framework/Versions/A/Frameworks/ATS.framework/Versions/A/Resources/libFontRegistry.dylib
0x0000000022a6d000 	/System/Library/Frameworks/ImageIO.framework/Versions/A/Resources/libJPEG.dylib
0x0000000022a6d000 	/System/Library/Frameworks/ImageIO.framework/Versions/A/Resources/libTIFF.dylib
0x0000000022a6d000 	/System/Library/Frameworks/ImageIO.framework/Versions/A/Resources/libPng.dylib
0x0000000022a6d000 	/System/Library/Frameworks/ImageIO.framework/Versions/A/Resources/libGIF.dylib
0x0000000022a6d000 	/System/Library/Frameworks/ImageIO.framework/Versions/A/Resources/libJP2.dylib
0x0000000022a6d000 	/System/Library/Frameworks/ImageIO.framework/Versions/A/Resources/libRadiance.dylib
0x0000000022a6d000 	/System/Library/PrivateFrameworks/AppleJPEG.framework/Versions/A/AppleJPEG
0x0000000022a6d000 	/System/Library/PrivateFrameworks/MetalTools.framework/Versions/A/MetalTools
0x0000000022a6d000 	/System/Library/Frameworks/MetalPerformanceShaders.framework/Frameworks/MPSCore.framework/Versions/A/MPSCore
0x0000000022a6d000 	/System/Library/Frameworks/MetalPerformanceShaders.framework/Frameworks/MPSImage.framework/Versions/A/MPSImage
0x0000000022a6d000 	/System/Library/Frameworks/MetalPerformanceShaders.framework/Frameworks/MPSMatrix.framework/Versions/A/MPSMatrix
0x0000000022a6d000 	/System/Library/Frameworks/MetalPerformanceShaders.framework/Frameworks/MPSNeuralNetwork.framework/Versions/A/MPSNeuralNetwork
0x0000000022a6d000 	/System/Library/Frameworks/OpenGL.framework/Versions/A/Libraries/libGLU.dylib
0x0000000022a6d000 	/System/Library/Frameworks/OpenGL.framework/Versions/A/Libraries/libGFXShared.dylib
0x0000000022a6d000 	/System/Library/Frameworks/OpenGL.framework/Versions/A/Libraries/libGL.dylib
0x0000000022a6d000 	/System/Library/Frameworks/OpenGL.framework/Versions/A/Libraries/libGLImage.dylib
0x0000000022a6d000 	/System/Library/Frameworks/OpenGL.framework/Versions/A/Libraries/libCVMSPluginSupport.dylib
0x0000000022a6d000 	/System/Library/Frameworks/OpenGL.framework/Versions/A/Libraries/libCoreVMClient.dylib
0x0000000022a6d000 	/usr/lib/libcups.2.dylib
0x0000000022a6d000 	/System/Library/Frameworks/Kerberos.framework/Versions/A/Kerberos
0x0000000022a6d000 	/System/Library/Frameworks/GSS.framework/Versions/A/GSS
0x0000000022a6d000 	/usr/lib/libresolv.9.dylib
0x0000000022a6d000 	/usr/lib/libiconv.2.dylib
0x0000000022a6d000 	/System/Library/PrivateFrameworks/Heimdal.framework/Versions/A/Heimdal
0x0000000022a6d000 	/usr/lib/libheimdal-asn1.dylib
0x0000000022a6d000 	/System/Library/Frameworks/OpenDirectory.framework/Versions/A/OpenDirectory
0x0000000022a6d000 	/System/Library/PrivateFrameworks/CommonAuth.framework/Versions/A/CommonAuth
0x0000000022a6d000 	/System/Library/Frameworks/OpenDirectory.framework/Versions/A/Frameworks/CFOpenDirectory.framework/Versions/A/CFOpenDirectory
0x0000000022a6d000 	/System/Library/Frameworks/SecurityFoundation.framework/Versions/A/SecurityFoundation
0x0000000022a6d000 	/System/Library/PrivateFrameworks/APFS.framework/Versions/A/APFS
0x0000000022a6d000 	/usr/lib/libutil.dylib
0x0000000022a6d000 	/System/Library/PrivateFrameworks/AppleSauce.framework/Versions/A/AppleSauce
0x0000000022a6d000 	/System/Library/PrivateFrameworks/LinguisticData.framework/Versions/A/LinguisticData
0x0000000022a6d000 	/usr/lib/libmarisa.dylib
0x0000000022a6d000 	/System/Library/PrivateFrameworks/Lexicon.framework/Versions/A/Lexicon
0x0000000022a6d000 	/usr/lib/libChineseTokenizer.dylib
0x0000000022a6d000 	/usr/lib/libcmph.dylib
0x0000000022a6d000 	/System/Library/PrivateFrameworks/LanguageModeling.framework/Versions/A/LanguageModeling
0x0000000022a6d000 	/System/Library/PrivateFrameworks/CoreEmoji.framework/Versions/A/CoreEmoji
0x0000000022a6d000 	/System/Library/Frameworks/ServiceManagement.framework/Versions/A/ServiceManagement
0x0000000022a6d000 	/System/Library/PrivateFrameworks/BackgroundTaskManagement.framework/Versions/A/BackgroundTaskManagement
0x0000000022a6d000 	/usr/lib/libxslt.1.dylib
0x0000000022a6d000 	/System/Library/Frameworks/Carbon.framework/Versions/A/Frameworks/Ink.framework/Versions/A/Ink
0x0000000022a6d000 	/System/Library/PrivateFrameworks/TextureIO.framework/Versions/A/TextureIO
0x0000000022a6d000 	/usr/lib/libate.dylib
0x0000000022a6d000 	/System/Library/PrivateFrameworks/CrashReporterSupport.framework/Versions/A/CrashReporterSupport
0x0000000022a6d000 	/System/Library/PrivateFrameworks/Sharing.framework/Versions/A/Sharing
0x0000000022a6d000 	/System/Library/PrivateFrameworks/IconServices.framework/Versions/A/IconServices
0x0000000022a6d000 	/System/Library/PrivateFrameworks/ProtocolBuffer.framework/Versions/A/ProtocolBuffer
0x0000000022a6d000 	/System/Library/PrivateFrameworks/Apple80211.framework/Versions/A/Apple80211
0x0000000022a6d000 	/System/Library/Frameworks/CoreWLAN.framework/Versions/A/CoreWLAN
0x0000000022a6d000 	/System/Library/PrivateFrameworks/CoreUtils.framework/Versions/A/CoreUtils
0x0000000022a6d000 	/System/Library/Frameworks/IOBluetooth.framework/Versions/A/IOBluetooth
0x0000000022a6d000 	/System/Library/PrivateFrameworks/CoreWiFi.framework/Versions/A/CoreWiFi
0x0000000022a6d000 	/System/Library/Frameworks/CoreBluetooth.framework/Versions/A/CoreBluetooth
0x0000000022a6d000 	/System/Library/PrivateFrameworks/SignpostNotification.framework/Versions/A/SignpostNotification
0x0000000022a6d000 	/System/Library/PrivateFrameworks/DebugSymbols.framework/Versions/A/DebugSymbols
0x0000000022a6d000 	/System/Library/PrivateFrameworks/CoreSymbolication.framework/Versions/A/CoreSymbolication
0x0000000022a6d000 	/System/Library/PrivateFrameworks/Symbolication.framework/Versions/A/Symbolication
0x0000000022a6d000 	/System/Library/PrivateFrameworks/AppleFSCompression.framework/Versions/A/AppleFSCompression
0x0000000022a6d000 	/System/Library/PrivateFrameworks/SpeechRecognitionCore.framework/Versions/A/SpeechRecognitionCore
0x000000010a000000 	/Library/Java/JavaVirtualMachines/jdk1.7.0_79.jdk/Contents/Home/jre/lib/server/libjvm.dylib
0x0000000022a6d000 	/usr/lib/libstdc++.6.0.9.dylib
0x000000010aa63000 	/Library/Java/JavaVirtualMachines/jdk1.7.0_79.jdk/Contents/Home/jre/lib/libverify.dylib
0x000000010aa70000 	/Library/Java/JavaVirtualMachines/jdk1.7.0_79.jdk/Contents/Home/jre/lib/libjava.dylib
0x000000010aaea000 	/Library/Java/JavaVirtualMachines/jdk1.7.0_79.jdk/Contents/Home/jre/lib/libzip.dylib
0x0000000022a6d000 	/System/Library/Frameworks/JavaVM.framework/Versions/A/Frameworks/JavaRuntimeSupport.framework/Versions/A/JavaRuntimeSupport
0x0000000022a6d000 	/System/Library/Frameworks/JavaVM.framework/Versions/A/Frameworks/JavaNativeFoundation.framework/Versions/A/JavaNativeFoundation
0x0000000022a6d000 	/System/Library/Frameworks/JavaVM.framework/Versions/A/JavaVM
0x0000000022a6d000 	/System/Library/Frameworks/Carbon.framework/Versions/A/Carbon
0x0000000022a6d000 	/System/Library/PrivateFrameworks/JavaLaunching.framework/Versions/A/JavaLaunching
0x0000000022a6d000 	/System/Library/Frameworks/Carbon.framework/Versions/A/Frameworks/CommonPanels.framework/Versions/A/CommonPanels
0x0000000022a6d000 	/System/Library/Frameworks/Carbon.framework/Versions/A/Frameworks/Help.framework/Versions/A/Help
0x0000000022a6d000 	/System/Library/Frameworks/Carbon.framework/Versions/A/Frameworks/ImageCapture.framework/Versions/A/ImageCapture
0x0000000022a6d000 	/System/Library/Frameworks/Carbon.framework/Versions/A/Frameworks/OpenScripting.framework/Versions/A/OpenScripting
0x0000000022a6d000 	/System/Library/Frameworks/Carbon.framework/Versions/A/Frameworks/Print.framework/Versions/A/Print
0x0000000022a6d000 	/System/Library/Frameworks/Carbon.framework/Versions/A/Frameworks/SecurityHI.framework/Versions/A/SecurityHI
0x0000000115828000 	/Library/Java/JavaVirtualMachines/jdk1.7.0_79.jdk/Contents/Home/jre/lib/libawt.dylib
0x00000001158d7000 	/Library/Java/JavaVirtualMachines/jdk1.7.0_79.jdk/Contents/Home/jre/lib/./libmlib_image.dylib
0x00000001159a3000 	/Library/Java/JavaVirtualMachines/jdk1.7.0_79.jdk/Contents/Home/jre/lib/lwawt/liblwawt.dylib
0x0000000115a59000 	/Library/Java/JavaVirtualMachines/jdk1.7.0_79.jdk/Contents/Home/jre/lib/libosxapp.dylib
0x0000000022a6d000 	/System/Library/Frameworks/ExceptionHandling.framework/Versions/A/ExceptionHandling
0x0000000022a6d000 	/System/Library/PrivateFrameworks/CoreServicesInternal.framework/Versions/A/CoreServicesInternal
0x0000000022a6d000 	/System/Library/CoreServices/RawCamera.bundle/Contents/MacOS/RawCamera
0x0000000022a6d000 	/System/Library/PrivateFrameworks/MobileAsset.framework/Versions/A/MobileAsset
0x0000000022a6d000 	/System/Library/PrivateFrameworks/StreamingZip.framework/Versions/A/StreamingZip
0x0000000022a6d000 	/System/Library/Frameworks/MediaToolbox.framework/Versions/A/MediaToolbox
0x0000000022a6d000 	/System/Library/PrivateFrameworks/CoreAVCHD.framework/Versions/A/CoreAVCHD
0x0000000022a6d000 	/System/Library/Frameworks/MediaAccessibility.framework/Versions/A/MediaAccessibility
0x0000000022a6d000 	/System/Library/PrivateFrameworks/Mangrove.framework/Versions/A/Mangrove
0x0000000022a6d000 	/System/Library/Frameworks/CoreMedia.framework/Versions/A/CoreMedia
0x0000000022a6d000 	/System/Library/Frameworks/VideoToolbox.framework/Versions/A/VideoToolbox
0x0000000022a6d000 	/System/Library/PrivateFrameworks/CoreAUC.framework/Versions/A/CoreAUC
0x0000000022a6d000 	/usr/lib/libspindump.dylib
0x0000000022a6d000 	/usr/lib/libdscsym.dylib
0x0000000022a6d000 	/System/Library/PrivateFrameworks/AppleVA.framework/Versions/A/AppleVA
0x0000000022a6d000 	/System/Library/Frameworks/Accelerate.framework/Versions/A/Frameworks/vImage.framework/Versions/A/Libraries/libCGInterfaces.dylib
0x0000000022a6d000 	/System/Library/Frameworks/ApplicationServices.framework/Versions/A/Frameworks/ATS.framework/Versions/A/Resources/libTrueTypeScaler.dylib
0x0000000022a6d000 	/System/Library/Frameworks/OpenGL.framework/Versions/A/Resources/GLEngine.bundle/GLEngine
0x0000000022a6d000 	/System/Library/Frameworks/OpenGL.framework/Versions/A/Libraries/libGLProgrammability.dylib
0x0000000117afe000 	/System/Library/Extensions/AppleIntelBDWGraphicsGLDriver.bundle/Contents/MacOS/AppleIntelBDWGraphicsGLDriver
0x0000000022a6d000 	/System/Library/PrivateFrameworks/GPUSupport.framework/Versions/A/Libraries/libGPUSupportMercury.dylib
0x0000000022a6d000 	/System/Library/Frameworks/OpenGL.framework/Versions/A/Resources/GLRendererFloat.bundle/GLRendererFloat
0x0000000022a6d000 	/System/Library/Frameworks/OpenCL.framework/Versions/A/Libraries/libcldcpuengine.dylib
0x0000000022a6d000 	/usr/lib/libcrypto.35.dylib
0x0000000022a6d000 	/System/Library/PrivateFrameworks/TrustEvaluationAgent.framework/Versions/A/TrustEvaluationAgent
0x0000000022a6d000 	/System/Library/Extensions/AppleIntelBDWGraphicsMTLDriver.bundle/Contents/MacOS/AppleIntelBDWGraphicsMTLDriver
0x0000000022a6d000 	/System/Library/PrivateFrameworks/GPUCompiler.framework/Versions/3802/Libraries/libmetal_timestamp.dylib
0x0000000022a6d000 	/System/Library/PrivateFrameworks/FamilyControls.framework/Versions/A/FamilyControls
0x0000000022a6d000 	/System/Library/PrivateFrameworks/CommerceKit.framework/Versions/A/Frameworks/CommerceCore.framework/Versions/A/CommerceCore
0x0000000022a6d000 	/System/Library/PrivateFrameworks/SystemAdministration.framework/Versions/A/SystemAdministration
0x0000000022a6d000 	/System/Library/PrivateFrameworks/AppContainer.framework/Versions/A/AppContainer
0x0000000022a6d000 	/System/Library/PrivateFrameworks/SecCodeWrapper.framework/Versions/A/SecCodeWrapper
0x0000000022a6d000 	/System/Library/PrivateFrameworks/DiskManagement.framework/Versions/A/DiskManagement
0x0000000022a6d000 	/System/Library/Frameworks/DirectoryService.framework/Versions/A/DirectoryService
0x0000000022a6d000 	/System/Library/PrivateFrameworks/DiskImages.framework/Versions/A/DiskImages
0x0000000022a6d000 	/System/Library/PrivateFrameworks/LoginUIKit.framework/Versions/A/Frameworks/LoginUICore.framework/Versions/A/LoginUICore
0x0000000022a6d000 	/usr/lib/libCoreStorage.dylib
0x0000000022a6d000 	/usr/lib/libcsfde.dylib
0x0000000022a6d000 	/usr/lib/libodfde.dylib
0x0000000022a6d000 	/System/Library/PrivateFrameworks/MediaKit.framework/Versions/A/MediaKit
0x0000000022a6d000 	/System/Library/Frameworks/DiscRecording.framework/Versions/A/DiscRecording
0x0000000022a6d000 	/System/Library/PrivateFrameworks/EFILogin.framework/Versions/A/EFILogin
0x0000000022a6d000 	/System/Library/PrivateFrameworks/ProtectedCloudStorage.framework/Versions/A/ProtectedCloudStorage
0x0000000022a6d000 	/usr/lib/libcurl.4.dylib
0x0000000022a6d000 	/usr/lib/libssl.35.dylib
0x0000000022a6d000 	/System/Library/Frameworks/LDAP.framework/Versions/A/LDAP
0x0000000022a6d000 	/usr/lib/libsasl2.2.dylib
0x0000000022a6d000 	/System/Library/PrivateFrameworks/CoreDaemon.framework/Versions/B/CoreDaemon
0x0000000022a6d000 	/System/Library/PrivateFrameworks/AppleSRP.framework/Versions/A/AppleSRP
0x0000000119085000 	/Library/Java/JavaVirtualMachines/jdk1.7.0_79.jdk/Contents/Home/jre/lib/libfontmanager.dylib
0x00000001190ec000 	/Library/Java/JavaVirtualMachines/jdk1.7.0_79.jdk/Contents/Home/jre/lib/libosxui.dylib
0x0000000022a6d000 	/System/Library/PrivateFrameworks/ViewBridge.framework/Versions/A/ViewBridge
0x0000000117769000 	/Library/Java/JavaVirtualMachines/jdk1.7.0_79.jdk/Contents/Home/jre/lib/libnet.dylib
0x000000011777f000 	/Library/Java/JavaVirtualMachines/jdk1.7.0_79.jdk/Contents/Home/jre/lib/libnio.dylib
0x000000011ba0b000 	/Library/Java/JavaVirtualMachines/jdk1.7.0_79.jdk/Contents/Home/jre/lib/libdcpr.dylib

VM Arguments:
jvm_args: -Dfile.encoding=UTF-8 
java_command: speedith.draw.DiagramTestPortfolio
Launcher Type: SUN_STANDARD

Environment Variables:
PATH=/usr/bin:/bin:/usr/sbin:/sbin
SHELL=/bin/bash
DISPLAY=/private/tmp/com.apple.launchd.9fkuNE3eRf/org.macosforge.xquartz:0

Signal Handlers:
SIGSEGV: [libjvm.dylib+0x52daf1], sa_mask[0]=0xfffefeff, sa_flags=0x00000043
SIGBUS: [libjvm.dylib+0x52daf1], sa_mask[0]=0xfffefeff, sa_flags=0x00000042
SIGFPE: [libjvm.dylib+0x41f34e], sa_mask[0]=0xfffefeff, sa_flags=0x00000042
SIGPIPE: [libjvm.dylib+0x41f34e], sa_mask[0]=0xfffefeff, sa_flags=0x00000042
SIGXFSZ: [libjvm.dylib+0x41f34e], sa_mask[0]=0xfffefeff, sa_flags=0x00000042
SIGILL: [libjvm.dylib+0x41f34e], sa_mask[0]=0xfffefeff, sa_flags=0x00000042
SIGUSR1: SIG_DFL, sa_mask[0]=0x00000000, sa_flags=0x00000000
SIGUSR2: [libjvm.dylib+0x41ee40], sa_mask[0]=0x00000004, sa_flags=0x00000042
SIGHUP: [libjvm.dylib+0x41d0d1], sa_mask[0]=0xfffefeff, sa_flags=0x00000042
SIGINT: [libjvm.dylib+0x41d0d1], sa_mask[0]=0xfffefeff, sa_flags=0x00000042
SIGTERM: [libjvm.dylib+0x41d0d1], sa_mask[0]=0xfffefeff, sa_flags=0x00000042
SIGQUIT: [libjvm.dylib+0x41d0d1], sa_mask[0]=0xfffefeff, sa_flags=0x00000042


---------------  S Y S T E M  ---------------

OS:Bsduname:Darwin 17.3.0 Darwin Kernel Version 17.3.0: Thu Nov  9 18:09:22 PST 2017; root:xnu-4570.31.3~1/RELEASE_X86_64 x86_64
rlimit: STACK 8192k, CORE 0k, NPROC 709, NOFILE 10240, AS infinity
load average:3.39 2.17 1.89

CPU:total 4 (2 cores per cpu, 2 threads per core) family 6 model 61 stepping 4, cmov, cx8, fxsr, mmx, sse, sse2, sse3, ssse3, sse4.1, sse4.2, popcnt, avx, avx2, aes, erms, ht, tsc, tscinvbit

Memory: 4k page, physical 8388608k(2097152k free)

/proc/meminfo:


vm_info: Java HotSpot(TM) 64-Bit Server VM (24.79-b02) for bsd-amd64 JRE (1.7.0_79-b15), built on Apr 10 2015 11:35:04 by "java_re" with gcc 4.2.1 (Based on Apple Inc. build 5658) (LLVM build 2336.11.00)

time: Wed Jan  3 15:14:42 2018
elapsed time: 21726 seconds

