#
# A fatal error has been detected by the Java Runtime Environment:
#
#  SIGSEGV (0xb) at pc=0x00007fffe05b0ce2, pid=8672, tid=46899
#
# JRE version: Java(TM) SE Runtime Environment (7.0_79-b15) (build 1.7.0_79-b15)
# Java VM: Java HotSpot(TM) 64-Bit Server VM (24.79-b02 mixed mode bsd-amd64 compressed oops)
# Problematic frame:
# C  [libobjc.A.dylib+0xbce2]  objc_storeWeak+0x148
#
# Failed to write core dump. Core dumps have been disabled. To enable core dumping, try "ulimit -c unlimited" before starting Java again
#
# If you would like to submit a bug report, please visit:
#   http://bugreport.java.com/bugreport/crash.jsp
# The crash happened outside the Java Virtual Machine in native code.
# See problematic frame for where to report the bug.
#

---------------  T H R E A D  ---------------

Current thread (0x00007f97711ab800):  JavaThread "Java2D Queue Flusher" daemon [_thread_in_native, id=46899, stack(0x00007000017da000,0x00007000018da000)]

siginfo:si_signo=SIGSEGV: si_errno=0, si_code=0 (SEGV0), si_addr=0x0000000000000000

Registers:
RAX=0x0000000000000000, RBX=0x00007fffe9d09480, RCX=0x000000000000b733, RDX=0x00007ffffffffff8
RSP=0x00007000018d96a0, RBP=0x00007000018d9720, RSI=0x00007fffe9d096c0, RDI=0x00007fffe9d09480
R8 =0x000000000000000a, R9 =0x000000000000000b, R10=0x00007fffe7262940, R11=0x00007f976f7a2bd0
R12=0x00007fffe9d096c0, R13=0x0000000000000000, R14=0x00047f9774517300, R15=0x0000000000000000
RIP=0x00007fffe05b0ce2, EFLAGS=0x0000000000010246, ERR=0x0000000000000000
  TRAPNO=0x000000000000000d

Top of Stack: (sp=0x00007000018d96a0)
0x00007000018d96a0:   00007f9771b5e4f0 0000000000000027
0x00007000018d96b0:   00007000018d9740 0000000000000240
0x00007000018d96c0:   00007fffe9c53630 0000000000000000
0x00007000018d96d0:   00007fffe9d096c0 00047f9774517300
0x00007000018d96e0:   0000000000000000 00007f9774167fa8
0x00007000018d96f0:   0000000000000000 00007000018d97a8
0x00007000018d9700:   00007f976f9a2160 000000077b3a5d18
0x00007000018d9710:   00007000018d97a8 0000000000000000
0x00007000018d9720:   00007000018d9760 00007fffc98babcc
0x00007000018d9730:   0000000000000000 0000000000000000
0x00007000018d9740:   00007f976f9a2160 000000077b3a5d18
0x00007000018d9750:   00007000018d97a8 0000000000000000
0x00007000018d9760:   00007000018d9790 00007fffc9344d48
0x00007000018d9770:   0000000000000000 00007f9774167fa0
0x00007000018d9780:   00047f9774517300 00007f976f9a2168
0x00007000018d9790:   00007000018d97f0 00007fffc94ed538
0x00007000018d97a0:   00007fffc9e9874b 00007fffe9d9c060
0x00007000018d97b0:   00000000c2000000 00007fffc98bab84
0x00007000018d97c0:   00007fffe5e68cf0 0000000000000000
0x00007000018d97d0:   00007f9774167fa0 00047f9774517300
0x00007000018d97e0:   00007f976f6b3510 00007f97711ab9e8
0x00007000018d97f0:   00007000018d9820 000000010ef7e1e5
0x00007000018d9800:   00007000018d9820 00007f97711ab9e8
0x00007000018d9810:   00007f9774462d00 00007fffcfb6e873
0x00007000018d9820:   00007000018d9850 000000010ef7eb80
0x00007000018d9830:   00007f9774456fc0 0000000000000000
0x00007000018d9840:   00007f97711b4410 00007f97711ab800
0x00007000018d9850:   00007000018d98d0 000000010ef744ea
0x00007000018d9860:   00007f97711ab800 000000000000dd0f
0x00007000018d9870:   00007f976f747c00 0000000200000001
0x00007000018d9880:   00007000018d9978 00007f97711ab800
0x00007000018d9890:   0000000000000000 00007f97711b4420 

Instructions: (pc=0x00007fffe05b0ce2)
0x00007fffe05b0cc2:   00 4d 39 3e 75 bd 4c 8b 75 b8 4d 85 f6 48 ba f8
0x00007fffe05b0cd2:   ff ff ff ff 7f 00 00 74 49 48 83 7d a8 00 75 08
0x00007fffe05b0ce2:   49 8b 36 48 21 d6 eb 07 48 8b 45 a0 48 8b 30 48
0x00007fffe05b0cf2:   8b 45 c0 48 39 c6 74 2a 48 8b 46 20 48 89 c1 48 

Register to memory mapping:

RAX=0x0000000000000000 is an unknown value
RBX=0x00007fffe9d09480: _ZN12_GLOBAL__N_1L12SideTableBufE+0 in /usr/lib/libobjc.A.dylib at 0x00007fffe05a5000
RCX=0x000000000000b733 is an unknown value
RDX=0x00007ffffffffff8 is an unknown value
RSP=0x00007000018d96a0 is pointing into the stack for thread: 0x00007f97711ab800
RBP=0x00007000018d9720 is pointing into the stack for thread: 0x00007f97711ab800
RSI=0x00007fffe9d096c0: _ZN12_GLOBAL__N_1L12SideTableBufE+0x240 in /usr/lib/libobjc.A.dylib at 0x00007fffe05a5000
RDI=0x00007fffe9d09480: _ZN12_GLOBAL__N_1L12SideTableBufE+0 in /usr/lib/libobjc.A.dylib at 0x00007fffe05a5000
R8 =0x000000000000000a is an unknown value
R9 =0x000000000000000b is an unknown value
R10=0x00007fffe7262940: OBJC_METACLASS_$_CATransaction+0 in /System/Library/Frameworks/QuartzCore.framework/Versions/A/QuartzCore at 0x00007fffd1236000
R11=0x00007f976f7a2bd0 is an unknown value
R12=0x00007fffe9d096c0: _ZN12_GLOBAL__N_1L12SideTableBufE+0x240 in /usr/lib/libobjc.A.dylib at 0x00007fffe05a5000
R13=0x0000000000000000 is an unknown value
R14=0x00047f9774517300 is an unknown value
R15=0x0000000000000000 is an unknown value


Stack: [0x00007000017da000,0x00007000018da000],  sp=0x00007000018d96a0,  free space=1021k
Native frames: (J=compiled Java code, j=interpreted, Vv=VM code, C=native code)
C  [libobjc.A.dylib+0xbce2]  objc_storeWeak+0x148
C  [AppKit+0x6efbcc]  __27-[NSOpenGLContext setView:]_block_invoke+0x48
C  [AppKit+0x179d48]  NSPerformVisuallyAtomicChange+0x93
C  [AppKit+0x322538]  -[NSOpenGLContext setView:]+0x69
C  [liblwawt.dylib+0x121e5]  CGLSD_MakeCurrentToScratch+0x63
C  [liblwawt.dylib+0x12b80]  OGLSD_SetScratchSurface+0x7a
C  [liblwawt.dylib+0x84ea]  Java_sun_java2d_opengl_OGLRenderQueue_flushBuffer+0x63a
j  sun.java2d.opengl.OGLRenderQueue.flushBuffer(JI)V+0
j  sun.java2d.opengl.OGLRenderQueue.flushBuffer()V+21
J 719% C2 sun.java2d.opengl.OGLRenderQueue$QueueFlusher.run()V (234 bytes) @ 0x0000000109e9a9f4 [0x0000000109e9a7a0+0x254]
v  ~StubRoutines::call_stub
V  [libjvm.dylib+0x2dbef8]
V  [libjvm.dylib+0x2dc40f]
V  [libjvm.dylib+0x2dc54c]
V  [libjvm.dylib+0x32b43a]
V  [libjvm.dylib+0x4f759d]
V  [libjvm.dylib+0x4f8ca5]
V  [libjvm.dylib+0x421c4e]
C  [libsystem_pthread.dylib+0x393b]  _pthread_body+0xb4
C  [libsystem_pthread.dylib+0x3887]  _pthread_body+0x0
C  [libsystem_pthread.dylib+0x308d]  thread_start+0xd

Java frames: (J=compiled Java code, j=interpreted, Vv=VM code)
j  sun.java2d.opengl.OGLRenderQueue.flushBuffer(JI)V+0
j  sun.java2d.opengl.OGLRenderQueue.flushBuffer()V+21
J 719% C2 sun.java2d.opengl.OGLRenderQueue$QueueFlusher.run()V (234 bytes) @ 0x0000000109e9a9f4 [0x0000000109e9a7a0+0x254]
v  ~StubRoutines::call_stub

---------------  P R O C E S S  ---------------

Java Threads: ( => current thread )
  0x00007f9770d42800 JavaThread "Thread-3" daemon [_thread_blocked, id=67111, stack(0x0000700001d6c000,0x0000700001e6c000)]
  0x00007f977031b800 JavaThread "TimerQueue" daemon [_thread_blocked, id=5159, stack(0x0000700001be6000,0x0000700001ce6000)]
  0x00007f9770163800 JavaThread "Timer-0" daemon [_thread_blocked, id=62723, stack(0x0000700001ae3000,0x0000700001be3000)]
  0x00007f9770a17000 JavaThread "DestroyJavaVM" [_thread_blocked, id=7171, stack(0x00007000007a4000,0x00007000008a4000)]
  0x00007f9771148800 JavaThread "AWT-EventQueue-0" [_thread_blocked, id=62219, stack(0x00007000019e0000,0x0000700001ae0000)]
  0x00007f97711de800 JavaThread "Java2D Disposer" daemon [_thread_blocked, id=56591, stack(0x00007000018dd000,0x00007000019dd000)]
=>0x00007f97711ab800 JavaThread "Java2D Queue Flusher" daemon [_thread_in_native, id=46899, stack(0x00007000017da000,0x00007000018da000)]
  0x00007f97709de800 JavaThread "AWT-Shutdown" [_thread_blocked, id=28959, stack(0x000070000154e000,0x000070000164e000)]
  0x00007f976f94a000 JavaThread "AppKit Thread" daemon [_thread_in_native, id=775, stack(0x00007fff56ae9000,0x00007fff572e9000)]
  0x00007f9771045000 JavaThread "Service Thread" daemon [_thread_blocked, id=18179, stack(0x00007000012c5000,0x00007000013c5000)]
  0x00007f9771044000 JavaThread "C2 CompilerThread1" daemon [_thread_blocked, id=17667, stack(0x00007000011c2000,0x00007000012c2000)]
  0x00007f9771037800 JavaThread "C2 CompilerThread0" daemon [_thread_blocked, id=17155, stack(0x00007000010bf000,0x00007000011bf000)]
  0x00007f976f839800 JavaThread "Signal Dispatcher" daemon [_thread_blocked, id=16643, stack(0x0000700000fbc000,0x00007000010bc000)]
  0x00007f9770806800 JavaThread "Finalizer" daemon [_thread_blocked, id=12547, stack(0x0000700000eb9000,0x0000700000fb9000)]
  0x00007f9770805800 JavaThread "Reference Handler" daemon [_thread_blocked, id=12035, stack(0x0000700000db6000,0x0000700000eb6000)]

Other Threads:
  0x00007f9770805000 VMThread [stack: 0x0000700000cb3000,0x0000700000db3000] [id=11523]
  0x00007f9770801000 WatcherThread [stack: 0x00007000013c8000,0x00007000014c8000] [id=18691]

VM state:not at safepoint (normal execution)

VM Mutex/Monitor currently owned by a thread: None

Heap
 PSYoungGen      total 41984K, used 1382K [0x00000007d5500000, 0x00000007d8f80000, 0x0000000800000000)
  eden space 24064K, 5% used [0x00000007d5500000,0x00000007d5659a70,0x00000007d6c80000)
  from space 17920K, 0% used [0x00000007d7e00000,0x00000007d7e00000,0x00000007d8f80000)
  to   space 17920K, 0% used [0x00000007d6c80000,0x00000007d6c80000,0x00000007d7e00000)
 ParOldGen       total 72704K, used 24975K [0x0000000780000000, 0x0000000784700000, 0x00000007d5500000)
  object space 72704K, 34% used [0x0000000780000000,0x0000000781863fc8,0x0000000784700000)
 PSPermGen       total 49664K, used 24725K [0x000000077ae00000, 0x000000077de80000, 0x0000000780000000)
  object space 49664K, 49% used [0x000000077ae00000,0x000000077c625658,0x000000077de80000)

Card table byte_map: [0x000000010cd23000,0x000000010d14d000] byte_map_base: 0x000000010914c000

Polling page: 0x00000001089d0000

Code Cache  [0x0000000109c63000, 0x0000000109fa3000, 0x000000010cc63000)
 total_blobs=1516 nmethods=959 adapters=509 free_code_cache=45941Kb largest_free_block=46967808

Compilation events (10 events):
Event: 8887.003 Thread 0x00007f9771044000 nmethod 986 0x0000000109f8dc10 code [0x0000000109f8de20, 0x0000000109f8e700]
Event: 8887.004 Thread 0x00007f9771044000  988 % !         java.lang.ref.Reference$ReferenceHandler::run @ 0 (108 bytes)
Event: 8887.014 Thread 0x00007f9771044000 nmethod 988% 0x0000000109f8f010 code [0x0000000109f8f1c0, 0x0000000109f8feb8]
Event: 8887.014 Thread 0x00007f9771044000  989             java.lang.ref.Reference::access$100 (4 bytes)
Event: 8887.014 Thread 0x00007f9771044000 nmethod 989 0x0000000109f8ab50 code [0x0000000109f8ac80, 0x0000000109f8acd8]
Event: 8887.014 Thread 0x00007f9771044000  991             java.util.Vector::<init> (7 bytes)
Event: 8887.015 Thread 0x00007f9771044000 nmethod 991 0x0000000109f83550 code [0x0000000109f836a0, 0x0000000109f837f8]
Event: 8887.016 Thread 0x00007f9771044000  992             java.util.Vector::<init> (49 bytes)
Event: 8887.017 Thread 0x00007f9771044000 nmethod 992 0x0000000109f831d0 code [0x0000000109f83320, 0x0000000109f83478]
Event: 8887.055 Thread 0x00007f9771037800 nmethod 987 0x0000000109f93a10 code [0x0000000109f93da0, 0x0000000109f95d90]

GC Heap History (10 events):
Event: 8414.702 GC heap before
{Heap before GC invocations=17 (full 0):
 PSYoungGen      total 42496K, used 42481K [0x00000007d5500000, 0x00000007d9600000, 0x0000000800000000)
  eden space 25600K, 100% used [0x00000007d5500000,0x00000007d6e00000,0x00000007d6e00000)
  from space 16896K, 99% used [0x00000007d8100000,0x00000007d917c670,0x00000007d9180000)
  to   space 19456K, 0% used [0x00000007d6e00000,0x00000007d6e00000,0x00000007d8100000)
 ParOldGen       total 87040K, used 53688K [0x0000000780000000, 0x0000000785500000, 0x00000007d5500000)
  object space 87040K, 61% used [0x0000000780000000,0x000000078346e078,0x0000000785500000)
 PSPermGen       total 24576K, used 24522K [0x000000077ae00000, 0x000000077c600000, 0x0000000780000000)
  object space 24576K, 99% used [0x000000077ae00000,0x000000077c5f29d0,0x000000077c600000)
Event: 8414.717 GC heap after
Heap after GC invocations=17 (full 0):
 PSYoungGen      total 29184K, used 3872K [0x00000007d5500000, 0x00000007d9380000, 0x0000000800000000)
  eden space 25088K, 0% used [0x00000007d5500000,0x00000007d5500000,0x00000007d6d80000)
  from space 4096K, 94% used [0x00000007d6e00000,0x00000007d71c8000,0x00000007d7200000)
  to   space 19456K, 0% used [0x00000007d8080000,0x00000007d8080000,0x00000007d9380000)
 ParOldGen       total 87040K, used 69476K [0x0000000780000000, 0x0000000785500000, 0x00000007d5500000)
  object space 87040K, 79% used [0x0000000780000000,0x00000007843d9238,0x0000000785500000)
 PSPermGen       total 24576K, used 24522K [0x000000077ae00000, 0x000000077c600000, 0x0000000780000000)
  object space 24576K, 99% used [0x000000077ae00000,0x000000077c5f29d0,0x000000077c600000)
}
Event: 8415.735 GC heap before
{Heap before GC invocations=18 (full 0):
 PSYoungGen      total 29184K, used 28960K [0x00000007d5500000, 0x00000007d9380000, 0x0000000800000000)
  eden space 25088K, 100% used [0x00000007d5500000,0x00000007d6d80000,0x00000007d6d80000)
  from space 4096K, 94% used [0x00000007d6e00000,0x00000007d71c8000,0x00000007d7200000)
  to   space 19456K, 0% used [0x00000007d8080000,0x00000007d8080000,0x00000007d9380000)
 ParOldGen       total 87040K, used 69476K [0x0000000780000000, 0x0000000785500000, 0x00000007d5500000)
  object space 87040K, 79% used [0x0000000780000000,0x00000007843d9238,0x0000000785500000)
 PSPermGen       total 24576K, used 24538K [0x000000077ae00000, 0x000000077c600000, 0x0000000780000000)
  object space 24576K, 99% used [0x000000077ae00000,0x000000077c5f6af0,0x000000077c600000)
Event: 8415.748 GC heap after
Heap after GC invocations=18 (full 0):
 PSYoungGen      total 41472K, used 6784K [0x00000007d5500000, 0x00000007d9100000, 0x0000000800000000)
  eden space 24576K, 0% used [0x00000007d5500000,0x00000007d5500000,0x00000007d6d00000)
  from space 16896K, 40% used [0x00000007d8080000,0x00000007d8720000,0x00000007d9100000)
  to   space 18432K, 0% used [0x00000007d6d00000,0x00000007d6d00000,0x00000007d7f00000)
 ParOldGen       total 87040K, used 70740K [0x0000000780000000, 0x0000000785500000, 0x00000007d5500000)
  object space 87040K, 81% used [0x0000000780000000,0x0000000784515238,0x0000000785500000)
 PSPermGen       total 24576K, used 24538K [0x000000077ae00000, 0x000000077c600000, 0x0000000780000000)
  object space 24576K, 99% used [0x000000077ae00000,0x000000077c5f6af0,0x000000077c600000)
}
Event: 8453.301 GC heap before
{Heap before GC invocations=19 (full 0):
 PSYoungGen      total 41472K, used 31360K [0x00000007d5500000, 0x00000007d9100000, 0x0000000800000000)
  eden space 24576K, 100% used [0x00000007d5500000,0x00000007d6d00000,0x00000007d6d00000)
  from space 16896K, 40% used [0x00000007d8080000,0x00000007d8720000,0x00000007d9100000)
  to   space 18432K, 0% used [0x00000007d6d00000,0x00000007d6d00000,0x00000007d7f00000)
 ParOldGen       total 87040K, used 70740K [0x0000000780000000, 0x0000000785500000, 0x00000007d5500000)
  object space 87040K, 81% used [0x0000000780000000,0x0000000784515238,0x0000000785500000)
 PSPermGen       total 24576K, used 24569K [0x000000077ae00000, 0x000000077c600000, 0x0000000780000000)
  object space 24576K, 99% used [0x000000077ae00000,0x000000077c5fe640,0x000000077c600000)
Event: 8453.313 GC heap after
Heap after GC invocations=19 (full 0):
 PSYoungGen      total 31232K, used 6871K [0x00000007d5500000, 0x00000007d8f80000, 0x0000000800000000)
  eden space 24064K, 0% used [0x00000007d5500000,0x00000007d5500000,0x00000007d6c80000)
  from space 7168K, 95% used [0x00000007d6d00000,0x00000007d73b5c40,0x00000007d7400000)
  to   space 17920K, 0% used [0x00000007d7e00000,0x00000007d7e00000,0x00000007d8f80000)
 ParOldGen       total 87040K, used 72052K [0x0000000780000000, 0x0000000785500000, 0x00000007d5500000)
  object space 87040K, 82% used [0x0000000780000000,0x000000078465d238,0x0000000785500000)
 PSPermGen       total 24576K, used 24569K [0x000000077ae00000, 0x000000077c600000, 0x0000000780000000)
  object space 24576K, 99% used [0x000000077ae00000,0x000000077c5fe640,0x000000077c600000)
}
Event: 8886.839 GC heap before
{Heap before GC invocations=20 (full 0):
 PSYoungGen      total 31232K, used 30935K [0x00000007d5500000, 0x00000007d8f80000, 0x0000000800000000)
  eden space 24064K, 100% used [0x00000007d5500000,0x00000007d6c80000,0x00000007d6c80000)
  from space 7168K, 95% used [0x00000007d6d00000,0x00000007d73b5c40,0x00000007d7400000)
  to   space 17920K, 0% used [0x00000007d7e00000,0x00000007d7e00000,0x00000007d8f80000)
 ParOldGen       total 87040K, used 72052K [0x0000000780000000, 0x0000000785500000, 0x00000007d5500000)
  object space 87040K, 82% used [0x0000000780000000,0x000000078465d238,0x0000000785500000)
 PSPermGen       total 25088K, used 24773K [0x000000077ae00000, 0x000000077c680000, 0x0000000780000000)
  object space 25088K, 98% used [0x000000077ae00000,0x000000077c631728,0x000000077c680000)
Event: 8886.846 GC heap after
Heap after GC invocations=20 (full 0):
 PSYoungGen      total 41984K, used 2030K [0x00000007d5500000, 0x00000007d8f80000, 0x0000000800000000)
  eden space 24064K, 0% used [0x00000007d5500000,0x00000007d5500000,0x00000007d6c80000)
  from space 17920K, 11% used [0x00000007d7e00000,0x00000007d7ffbbe0,0x00000007d8f80000)
  to   space 17920K, 0% used [0x00000007d6c80000,0x00000007d6c80000,0x00000007d7e00000)
 ParOldGen       total 87040K, used 73356K [0x0000000780000000, 0x0000000785500000, 0x00000007d5500000)
  object space 87040K, 84% used [0x0000000780000000,0x00000007847a3248,0x0000000785500000)
 PSPermGen       total 25088K, used 24773K [0x000000077ae00000, 0x000000077c680000, 0x0000000780000000)
  object space 25088K, 98% used [0x000000077ae00000,0x000000077c631728,0x000000077c680000)
}
Event: 8886.846 GC heap before
{Heap before GC invocations=21 (full 1):
 PSYoungGen      total 41984K, used 2030K [0x00000007d5500000, 0x00000007d8f80000, 0x0000000800000000)
  eden space 24064K, 0% used [0x00000007d5500000,0x00000007d5500000,0x00000007d6c80000)
  from space 17920K, 11% used [0x00000007d7e00000,0x00000007d7ffbbe0,0x00000007d8f80000)
  to   space 17920K, 0% used [0x00000007d6c80000,0x00000007d6c80000,0x00000007d7e00000)
 ParOldGen       total 87040K, used 73356K [0x0000000780000000, 0x0000000785500000, 0x00000007d5500000)
  object space 87040K, 84% used [0x0000000780000000,0x00000007847a3248,0x0000000785500000)
 PSPermGen       total 25088K, used 24773K [0x000000077ae00000, 0x000000077c680000, 0x0000000780000000)
  object space 25088K, 98% used [0x000000077ae00000,0x000000077c631728,0x000000077c680000)
Event: 8886.986 GC heap after
Heap after GC invocations=21 (full 1):
 PSYoungGen      total 41984K, used 0K [0x00000007d5500000, 0x00000007d8f80000, 0x0000000800000000)
  eden space 24064K, 0% used [0x00000007d5500000,0x00000007d5500000,0x00000007d6c80000)
  from space 17920K, 0% used [0x00000007d7e00000,0x00000007d7e00000,0x00000007d8f80000)
  to   space 17920K, 0% used [0x00000007d6c80000,0x00000007d6c80000,0x00000007d7e00000)
 ParOldGen       total 72704K, used 24975K [0x0000000780000000, 0x0000000784700000, 0x00000007d5500000)
  object space 72704K, 34% used [0x0000000780000000,0x0000000781863fc8,0x0000000784700000)
 PSPermGen       total 49664K, used 24724K [0x000000077ae00000, 0x000000077de80000, 0x0000000780000000)
  object space 49664K, 49% used [0x000000077ae00000,0x000000077c625248,0x000000077de80000)
}

Deoptimization events (10 events):
Event: 6346.977 Thread 0x00007f976f94a000 Uncommon trap: reason=bimorphic action=maybe_recompile pc=0x0000000109d91a0c method=java.util.HashMap.putAllForCreate(Ljava/util/Map;)V @ 1
Event: 8087.695 Thread 0x00007f976f94a000 Uncommon trap: reason=bimorphic action=maybe_recompile pc=0x0000000109d91a0c method=java.util.HashMap.putAllForCreate(Ljava/util/Map;)V @ 1
Event: 8087.696 Thread 0x00007f976f94a000 Uncommon trap: reason=null_check action=make_not_entrant pc=0x0000000109dc30b0 method=java.awt.geom.AffineTransform.equals(Ljava/lang/Object;)Z @ 1
Event: 8087.718 Thread 0x00007f976f94a000 Uncommon trap: reason=bimorphic action=maybe_recompile pc=0x0000000109d91a0c method=java.util.HashMap.putAllForCreate(Ljava/util/Map;)V @ 1
Event: 8338.942 Thread 0x00007f9771148800 Uncommon trap: reason=null_check action=make_not_entrant pc=0x0000000109f665c0 method=javax.swing.plaf.nimbus.NimbusStyle.isOpaque(Ljavax/swing/plaf/synth/SynthContext;)Z @ 9
Event: 8444.810 Thread 0x00007f9771148800 Uncommon trap: reason=class_check action=maybe_recompile pc=0x0000000109f85a28 method=sun.java2d.SunGraphics2D.setPaint(Ljava/awt/Paint;)V @ 45
Event: 8444.820 Thread 0x00007f9771148800 Uncommon trap: reason=class_check action=maybe_recompile pc=0x0000000109f85a28 method=sun.java2d.SunGraphics2D.setPaint(Ljava/awt/Paint;)V @ 45
Event: 8787.910 Thread 0x00007f9771148800 Uncommon trap: reason=class_check action=maybe_recompile pc=0x0000000109f85a28 method=sun.java2d.SunGraphics2D.setPaint(Ljava/awt/Paint;)V @ 45
Event: 8787.913 Thread 0x00007f9771148800 Uncommon trap: reason=class_check action=maybe_recompile pc=0x0000000109f85a28 method=sun.java2d.SunGraphics2D.setPaint(Ljava/awt/Paint;)V @ 45
Event: 8850.186 Thread 0x00007f9771148800 Uncommon trap: reason=unreached action=reinterpret pc=0x0000000109de9944 method=sun.dc.DuctusRenderingEngine.getAATileGenerator(Ljava/awt/Shape;Ljava/awt/geom/AffineTransform;Lsun/java2d/pipe/Region;Ljava/awt/BasicStroke;ZZ[I)Lsun/java2d/pipe/AATileGenera

Internal exceptions (10 events):
Event: 8886.797 Thread 0x00007f9771148800 Threw 0x00000007d6b3c888 at /HUDSON/workspace/7u-2-build-macosx-x86_64/jdk7u79/2331/hotspot/src/share/vm/prims/jvm.cpp:1304
Event: 8886.800 Thread 0x00007f9771148800 Threw 0x00000007d6b4d3b8 at /HUDSON/workspace/7u-2-build-macosx-x86_64/jdk7u79/2331/hotspot/src/share/vm/prims/jvm.cpp:1304
Event: 8886.802 Thread 0x00007f9771148800 Threw 0x00000007d6b693c0 at /HUDSON/workspace/7u-2-build-macosx-x86_64/jdk7u79/2331/hotspot/src/share/vm/prims/jvm.cpp:1304
Event: 8886.802 Thread 0x00007f9771148800 Threw 0x00000007d6b7aff0 at /HUDSON/workspace/7u-2-build-macosx-x86_64/jdk7u79/2331/hotspot/src/share/vm/prims/jvm.cpp:1304
Event: 8886.803 Thread 0x00007f9771148800 Threw 0x00000007d6b85640 at /HUDSON/workspace/7u-2-build-macosx-x86_64/jdk7u79/2331/hotspot/src/share/vm/prims/jvm.cpp:1304
Event: 8886.804 Thread 0x00007f9771148800 Threw 0x00000007d6b8f0e0 at /HUDSON/workspace/7u-2-build-macosx-x86_64/jdk7u79/2331/hotspot/src/share/vm/prims/jvm.cpp:1304
Event: 8886.805 Thread 0x00007f9771148800 Threw 0x00000007d6b9a110 at /HUDSON/workspace/7u-2-build-macosx-x86_64/jdk7u79/2331/hotspot/src/share/vm/prims/jvm.cpp:1304
Event: 8886.806 Thread 0x00007f9771148800 Threw 0x00000007d6ba6ac0 at /HUDSON/workspace/7u-2-build-macosx-x86_64/jdk7u79/2331/hotspot/src/share/vm/prims/jvm.cpp:1304
Event: 8886.807 Thread 0x00007f9771148800 Threw 0x00000007d6bc01f0 at /HUDSON/workspace/7u-2-build-macosx-x86_64/jdk7u79/2331/hotspot/src/share/vm/prims/jvm.cpp:1304
Event: 8886.808 Thread 0x00007f9771148800 Threw 0x00000007d6bd0088 at /HUDSON/workspace/7u-2-build-macosx-x86_64/jdk7u79/2331/hotspot/src/share/vm/prims/jvm.cpp:1304

Events (10 events):
Event: 8887.012 Executing VM operation: RevokeBias
Event: 8887.013 Executing VM operation: RevokeBias done
Event: 8887.013 Executing VM operation: RevokeBias
Event: 8887.013 Executing VM operation: RevokeBias done
Event: 8887.036 Executing VM operation: RevokeBias
Event: 8887.036 Executing VM operation: RevokeBias done
Event: 8887.042 Executing VM operation: RevokeBias
Event: 8887.042 Executing VM operation: RevokeBias done
Event: 8887.046 Executing VM operation: RevokeBias
Event: 8887.047 Executing VM operation: RevokeBias done


Dynamic libraries:
0x000000005631a000 	/System/Library/Frameworks/Cocoa.framework/Versions/A/Cocoa
0x000000005631a000 	/System/Library/Frameworks/Security.framework/Versions/A/Security
0x000000005631a000 	/System/Library/Frameworks/ApplicationServices.framework/Versions/A/ApplicationServices
0x000000005631a000 	/usr/lib/libz.1.dylib
0x000000005631a000 	/usr/lib/libSystem.B.dylib
0x000000005631a000 	/usr/lib/libobjc.A.dylib
0x000000005631a000 	/System/Library/Frameworks/CoreFoundation.framework/Versions/A/CoreFoundation
0x000000005631a000 	/System/Library/Frameworks/Foundation.framework/Versions/C/Foundation
0x000000005631a000 	/System/Library/Frameworks/AppKit.framework/Versions/C/AppKit
0x000000005631a000 	/System/Library/Frameworks/CoreData.framework/Versions/A/CoreData
0x000000005631a000 	/System/Library/PrivateFrameworks/RemoteViewServices.framework/Versions/A/RemoteViewServices
0x000000005631a000 	/System/Library/PrivateFrameworks/UIFoundation.framework/Versions/A/UIFoundation
0x000000005631a000 	/System/Library/PrivateFrameworks/DFRFoundation.framework/Versions/A/DFRFoundation
0x000000005631a000 	/usr/lib/libenergytrace.dylib
0x000000005631a000 	/System/Library/PrivateFrameworks/SkyLight.framework/Versions/A/SkyLight
0x000000005631a000 	/System/Library/Frameworks/CoreGraphics.framework/Versions/A/CoreGraphics
0x000000005631a000 	/usr/lib/libScreenReader.dylib
0x000000005631a000 	/System/Library/Frameworks/Accelerate.framework/Versions/A/Accelerate
0x000000005631a000 	/System/Library/Frameworks/IOSurface.framework/Versions/A/IOSurface
0x000000005631a000 	/System/Library/Frameworks/AudioToolbox.framework/Versions/A/AudioToolbox
0x000000005631a000 	/System/Library/Frameworks/AudioUnit.framework/Versions/A/AudioUnit
0x000000005631a000 	/System/Library/PrivateFrameworks/DataDetectorsCore.framework/Versions/A/DataDetectorsCore
0x000000005631a000 	/System/Library/PrivateFrameworks/DesktopServicesPriv.framework/Versions/A/DesktopServicesPriv
0x000000005631a000 	/System/Library/Frameworks/Carbon.framework/Versions/A/Frameworks/HIToolbox.framework/Versions/A/HIToolbox
0x000000005631a000 	/usr/lib/libicucore.A.dylib
0x000000005631a000 	/System/Library/Frameworks/QuartzCore.framework/Versions/A/QuartzCore
0x000000005631a000 	/System/Library/Frameworks/Carbon.framework/Versions/A/Frameworks/SpeechRecognition.framework/Versions/A/SpeechRecognition
0x000000005631a000 	/usr/lib/libauto.dylib
0x000000005631a000 	/usr/lib/libxml2.2.dylib
0x000000005631a000 	/System/Library/PrivateFrameworks/CoreUI.framework/Versions/A/CoreUI
0x000000005631a000 	/System/Library/Frameworks/CoreAudio.framework/Versions/A/CoreAudio
0x000000005631a000 	/System/Library/Frameworks/DiskArbitration.framework/Versions/A/DiskArbitration
0x000000005631a000 	/usr/lib/liblangid.dylib
0x000000005631a000 	/System/Library/PrivateFrameworks/MultitouchSupport.framework/Versions/A/MultitouchSupport
0x000000005631a000 	/System/Library/Frameworks/IOKit.framework/Versions/A/IOKit
0x000000005631a000 	/usr/lib/libDiagnosticMessagesClient.dylib
0x000000005631a000 	/System/Library/Frameworks/CoreServices.framework/Versions/A/CoreServices
0x000000005631a000 	/System/Library/PrivateFrameworks/PerformanceAnalysis.framework/Versions/A/PerformanceAnalysis
0x000000005631a000 	/System/Library/PrivateFrameworks/GenerationalStorage.framework/Versions/A/GenerationalStorage
0x000000005631a000 	/System/Library/Frameworks/OpenGL.framework/Versions/A/OpenGL
0x000000005631a000 	/System/Library/Frameworks/CoreImage.framework/Versions/A/CoreImage
0x000000005631a000 	/System/Library/Frameworks/CoreText.framework/Versions/A/CoreText
0x000000005631a000 	/System/Library/Frameworks/ImageIO.framework/Versions/A/ImageIO
0x000000005631a000 	/System/Library/PrivateFrameworks/Backup.framework/Versions/A/Backup
0x000000005631a000 	/usr/lib/libarchive.2.dylib
0x000000005631a000 	/System/Library/Frameworks/CFNetwork.framework/Versions/A/CFNetwork
0x000000005631a000 	/System/Library/Frameworks/SystemConfiguration.framework/Versions/A/SystemConfiguration
0x000000005631a000 	/usr/lib/libCRFSuite.dylib
0x000000005631a000 	/usr/lib/libc++.1.dylib
0x000000005631a000 	/usr/lib/libc++abi.dylib
0x000000005631a000 	/usr/lib/system/libcache.dylib
0x000000005631a000 	/usr/lib/system/libcommonCrypto.dylib
0x000000005631a000 	/usr/lib/system/libcompiler_rt.dylib
0x000000005631a000 	/usr/lib/system/libcopyfile.dylib
0x000000005631a000 	/usr/lib/system/libcorecrypto.dylib
0x000000005631a000 	/usr/lib/system/libdispatch.dylib
0x000000005631a000 	/usr/lib/system/libdyld.dylib
0x000000005631a000 	/usr/lib/system/libkeymgr.dylib
0x000000005631a000 	/usr/lib/system/liblaunch.dylib
0x000000005631a000 	/usr/lib/system/libmacho.dylib
0x000000005631a000 	/usr/lib/system/libquarantine.dylib
0x000000005631a000 	/usr/lib/system/libremovefile.dylib
0x000000005631a000 	/usr/lib/system/libsystem_asl.dylib
0x000000005631a000 	/usr/lib/system/libsystem_blocks.dylib
0x000000005631a000 	/usr/lib/system/libsystem_c.dylib
0x000000005631a000 	/usr/lib/system/libsystem_configuration.dylib
0x000000005631a000 	/usr/lib/system/libsystem_coreservices.dylib
0x000000005631a000 	/usr/lib/system/libsystem_coretls.dylib
0x000000005631a000 	/usr/lib/system/libsystem_dnssd.dylib
0x000000005631a000 	/usr/lib/system/libsystem_info.dylib
0x000000005631a000 	/usr/lib/system/libsystem_kernel.dylib
0x000000005631a000 	/usr/lib/system/libsystem_m.dylib
0x000000005631a000 	/usr/lib/system/libsystem_malloc.dylib
0x000000005631a000 	/usr/lib/system/libsystem_network.dylib
0x000000005631a000 	/usr/lib/system/libsystem_networkextension.dylib
0x000000005631a000 	/usr/lib/system/libsystem_notify.dylib
0x000000005631a000 	/usr/lib/system/libsystem_platform.dylib
0x000000005631a000 	/usr/lib/system/libsystem_pthread.dylib
0x000000005631a000 	/usr/lib/system/libsystem_sandbox.dylib
0x000000005631a000 	/usr/lib/system/libsystem_secinit.dylib
0x000000005631a000 	/usr/lib/system/libsystem_symptoms.dylib
0x000000005631a000 	/usr/lib/system/libsystem_trace.dylib
0x000000005631a000 	/usr/lib/system/libunwind.dylib
0x000000005631a000 	/usr/lib/system/libxpc.dylib
0x000000005631a000 	/usr/lib/libbsm.0.dylib
0x000000005631a000 	/usr/lib/system/libkxld.dylib
0x000000005631a000 	/usr/lib/libcoretls.dylib
0x000000005631a000 	/usr/lib/libcoretls_cfhelpers.dylib
0x000000005631a000 	/usr/lib/libOpenScriptingUtil.dylib
0x000000005631a000 	/usr/lib/libpam.2.dylib
0x000000005631a000 	/usr/lib/libsqlite3.dylib
0x000000005631a000 	/usr/lib/libxar.1.dylib
0x000000005631a000 	/usr/lib/libbz2.1.0.dylib
0x000000005631a000 	/usr/lib/liblzma.5.dylib
0x000000005631a000 	/usr/lib/libnetwork.dylib
0x000000005631a000 	/usr/lib/libpcap.A.dylib
0x000000005631a000 	/System/Library/Frameworks/CoreServices.framework/Versions/A/Frameworks/FSEvents.framework/Versions/A/FSEvents
0x000000005631a000 	/System/Library/Frameworks/CoreServices.framework/Versions/A/Frameworks/CarbonCore.framework/Versions/A/CarbonCore
0x000000005631a000 	/System/Library/Frameworks/CoreServices.framework/Versions/A/Frameworks/Metadata.framework/Versions/A/Metadata
0x000000005631a000 	/System/Library/Frameworks/CoreServices.framework/Versions/A/Frameworks/OSServices.framework/Versions/A/OSServices
0x000000005631a000 	/System/Library/Frameworks/CoreServices.framework/Versions/A/Frameworks/SearchKit.framework/Versions/A/SearchKit
0x000000005631a000 	/System/Library/Frameworks/CoreServices.framework/Versions/A/Frameworks/AE.framework/Versions/A/AE
0x000000005631a000 	/System/Library/Frameworks/CoreServices.framework/Versions/A/Frameworks/LaunchServices.framework/Versions/A/LaunchServices
0x000000005631a000 	/System/Library/Frameworks/CoreServices.framework/Versions/A/Frameworks/DictionaryServices.framework/Versions/A/DictionaryServices
0x000000005631a000 	/System/Library/Frameworks/CoreServices.framework/Versions/A/Frameworks/SharedFileList.framework/Versions/A/SharedFileList
0x000000005631a000 	/System/Library/Frameworks/NetFS.framework/Versions/A/NetFS
0x000000005631a000 	/System/Library/PrivateFrameworks/NetAuth.framework/Versions/A/NetAuth
0x000000005631a000 	/System/Library/PrivateFrameworks/login.framework/Versions/A/Frameworks/loginsupport.framework/Versions/A/loginsupport
0x000000005631a000 	/System/Library/PrivateFrameworks/TCC.framework/Versions/A/TCC
0x000000005631a000 	/usr/lib/libmecabra.dylib
0x000000005631a000 	/System/Library/Frameworks/ApplicationServices.framework/Versions/A/Frameworks/ATS.framework/Versions/A/ATS
0x000000005631a000 	/System/Library/Frameworks/ApplicationServices.framework/Versions/A/Frameworks/ColorSync.framework/Versions/A/ColorSync
0x000000005631a000 	/System/Library/Frameworks/ApplicationServices.framework/Versions/A/Frameworks/HIServices.framework/Versions/A/HIServices
0x000000005631a000 	/System/Library/Frameworks/ApplicationServices.framework/Versions/A/Frameworks/LangAnalysis.framework/Versions/A/LangAnalysis
0x000000005631a000 	/System/Library/Frameworks/ApplicationServices.framework/Versions/A/Frameworks/PrintCore.framework/Versions/A/PrintCore
0x000000005631a000 	/System/Library/Frameworks/ApplicationServices.framework/Versions/A/Frameworks/QD.framework/Versions/A/QD
0x000000005631a000 	/System/Library/Frameworks/ApplicationServices.framework/Versions/A/Frameworks/SpeechSynthesis.framework/Versions/A/SpeechSynthesis
0x000000005631a000 	/System/Library/Frameworks/Accelerate.framework/Versions/A/Frameworks/vImage.framework/Versions/A/vImage
0x000000005631a000 	/System/Library/Frameworks/Accelerate.framework/Versions/A/Frameworks/vecLib.framework/Versions/A/vecLib
0x000000005631a000 	/System/Library/Frameworks/Accelerate.framework/Versions/A/Frameworks/vecLib.framework/Versions/A/libvDSP.dylib
0x000000005631a000 	/System/Library/Frameworks/Accelerate.framework/Versions/A/Frameworks/vecLib.framework/Versions/A/libBNNS.dylib
0x000000005631a000 	/System/Library/Frameworks/Accelerate.framework/Versions/A/Frameworks/vecLib.framework/Versions/A/libQuadrature.dylib
0x000000005631a000 	/System/Library/Frameworks/Accelerate.framework/Versions/A/Frameworks/vecLib.framework/Versions/A/libvMisc.dylib
0x000000005631a000 	/System/Library/Frameworks/Accelerate.framework/Versions/A/Frameworks/vecLib.framework/Versions/A/libLAPACK.dylib
0x000000005631a000 	/System/Library/Frameworks/Accelerate.framework/Versions/A/Frameworks/vecLib.framework/Versions/A/libBLAS.dylib
0x000000005631a000 	/System/Library/Frameworks/Accelerate.framework/Versions/A/Frameworks/vecLib.framework/Versions/A/libLinearAlgebra.dylib
0x000000005631a000 	/System/Library/Frameworks/Accelerate.framework/Versions/A/Frameworks/vecLib.framework/Versions/A/libSparseBLAS.dylib
0x000000005631a000 	/System/Library/Frameworks/ApplicationServices.framework/Versions/A/Frameworks/ATS.framework/Versions/A/Resources/libFontParser.dylib
0x000000005631a000 	/System/Library/Frameworks/ApplicationServices.framework/Versions/A/Frameworks/ATS.framework/Versions/A/Resources/libFontRegistry.dylib
0x000000005631a000 	/System/Library/Frameworks/ImageIO.framework/Versions/A/Resources/libJPEG.dylib
0x000000005631a000 	/System/Library/Frameworks/ImageIO.framework/Versions/A/Resources/libTIFF.dylib
0x000000005631a000 	/System/Library/Frameworks/ImageIO.framework/Versions/A/Resources/libPng.dylib
0x000000005631a000 	/System/Library/Frameworks/ImageIO.framework/Versions/A/Resources/libGIF.dylib
0x000000005631a000 	/System/Library/Frameworks/ImageIO.framework/Versions/A/Resources/libJP2.dylib
0x000000005631a000 	/System/Library/Frameworks/ImageIO.framework/Versions/A/Resources/libRadiance.dylib
0x000000005631a000 	/usr/lib/libcompression.dylib
0x000000005631a000 	/System/Library/PrivateFrameworks/AppleJPEG.framework/Versions/A/AppleJPEG
0x000000005631a000 	/usr/lib/libcups.2.dylib
0x000000005631a000 	/System/Library/Frameworks/Kerberos.framework/Versions/A/Kerberos
0x000000005631a000 	/System/Library/Frameworks/GSS.framework/Versions/A/GSS
0x000000005631a000 	/usr/lib/libresolv.9.dylib
0x000000005631a000 	/usr/lib/libiconv.2.dylib
0x000000005631a000 	/System/Library/PrivateFrameworks/Heimdal.framework/Versions/A/Heimdal
0x000000005631a000 	/usr/lib/libheimdal-asn1.dylib
0x000000005631a000 	/System/Library/Frameworks/OpenDirectory.framework/Versions/A/OpenDirectory
0x000000005631a000 	/System/Library/PrivateFrameworks/CommonAuth.framework/Versions/A/CommonAuth
0x000000005631a000 	/System/Library/Frameworks/OpenDirectory.framework/Versions/A/Frameworks/CFOpenDirectory.framework/Versions/A/CFOpenDirectory
0x000000005631a000 	/System/Library/Frameworks/SecurityFoundation.framework/Versions/A/SecurityFoundation
0x000000005631a000 	/System/Library/PrivateFrameworks/LanguageModeling.framework/Versions/A/LanguageModeling
0x000000005631a000 	/usr/lib/libmarisa.dylib
0x000000005631a000 	/usr/lib/libChineseTokenizer.dylib
0x000000005631a000 	/usr/lib/libcmph.dylib
0x000000005631a000 	/System/Library/PrivateFrameworks/CoreEmoji.framework/Versions/A/CoreEmoji
0x000000005631a000 	/System/Library/Frameworks/ServiceManagement.framework/Versions/A/ServiceManagement
0x000000005631a000 	/usr/lib/libxslt.1.dylib
0x000000005631a000 	/System/Library/Frameworks/Carbon.framework/Versions/A/Frameworks/Ink.framework/Versions/A/Ink
0x000000005631a000 	/System/Library/PrivateFrameworks/TextureIO.framework/Versions/A/TextureIO
0x000000005631a000 	/System/Library/Frameworks/Metal.framework/Versions/A/Metal
0x000000005631a000 	/usr/lib/libate.dylib
0x000000005631a000 	/System/Library/PrivateFrameworks/GPUCompiler.framework/libmetal_timestamp.dylib
0x000000005631a000 	/System/Library/Frameworks/OpenGL.framework/Versions/A/Libraries/libCoreFSCache.dylib
0x000000005631a000 	/System/Library/PrivateFrameworks/IOAccelerator.framework/Versions/A/IOAccelerator
0x000000005631a000 	/System/Library/Frameworks/CoreVideo.framework/Versions/A/CoreVideo
0x000000005631a000 	/usr/lib/libFosl_dynamic.dylib
0x000000005631a000 	/System/Library/PrivateFrameworks/MetalPerformanceShaders.framework/Versions/A/MetalPerformanceShaders
0x000000005631a000 	/System/Library/PrivateFrameworks/FaceCore.framework/Versions/A/FaceCore
0x000000005631a000 	/System/Library/Frameworks/OpenCL.framework/Versions/A/OpenCL
0x000000005631a000 	/System/Library/Frameworks/OpenGL.framework/Versions/A/Libraries/libGLU.dylib
0x000000005631a000 	/System/Library/Frameworks/OpenGL.framework/Versions/A/Libraries/libGFXShared.dylib
0x000000005631a000 	/System/Library/Frameworks/OpenGL.framework/Versions/A/Libraries/libGL.dylib
0x000000005631a000 	/System/Library/Frameworks/OpenGL.framework/Versions/A/Libraries/libGLImage.dylib
0x000000005631a000 	/System/Library/Frameworks/OpenGL.framework/Versions/A/Libraries/libCVMSPluginSupport.dylib
0x000000005631a000 	/System/Library/Frameworks/OpenGL.framework/Versions/A/Libraries/libCoreVMClient.dylib
0x000000005631a000 	/System/Library/PrivateFrameworks/CrashReporterSupport.framework/Versions/A/CrashReporterSupport
0x000000005631a000 	/System/Library/PrivateFrameworks/Sharing.framework/Versions/A/Sharing
0x000000005631a000 	/System/Library/PrivateFrameworks/IconServices.framework/Versions/A/IconServices
0x000000005631a000 	/System/Library/PrivateFrameworks/ProtocolBuffer.framework/Versions/A/ProtocolBuffer
0x000000005631a000 	/System/Library/PrivateFrameworks/Apple80211.framework/Versions/A/Apple80211
0x000000005631a000 	/System/Library/Frameworks/CoreWLAN.framework/Versions/A/CoreWLAN
0x000000005631a000 	/System/Library/PrivateFrameworks/CoreUtils.framework/Versions/A/CoreUtils
0x000000005631a000 	/System/Library/Frameworks/IOBluetooth.framework/Versions/A/IOBluetooth
0x000000005631a000 	/System/Library/PrivateFrameworks/CoreWiFi.framework/Versions/A/CoreWiFi
0x000000005631a000 	/System/Library/Frameworks/CoreBluetooth.framework/Versions/A/CoreBluetooth
0x000000005631a000 	/System/Library/Frameworks/CoreDisplay.framework/Versions/A/CoreDisplay
0x000000005631a000 	/System/Library/PrivateFrameworks/IOPresentment.framework/Versions/A/IOPresentment
0x000000005631a000 	/System/Library/PrivateFrameworks/DSExternalDisplay.framework/Versions/A/DSExternalDisplay
0x000000005631a000 	/System/Library/PrivateFrameworks/DebugSymbols.framework/Versions/A/DebugSymbols
0x000000005631a000 	/System/Library/PrivateFrameworks/CoreSymbolication.framework/Versions/A/CoreSymbolication
0x000000005631a000 	/System/Library/PrivateFrameworks/Symbolication.framework/Versions/A/Symbolication
0x000000005631a000 	/System/Library/PrivateFrameworks/AppleFSCompression.framework/Versions/A/AppleFSCompression
0x000000005631a000 	/System/Library/PrivateFrameworks/SpeechRecognitionCore.framework/Versions/A/SpeechRecognitionCore
0x000000005631a000 	/System/Library/PrivateFrameworks/ChunkingLibrary.framework/Versions/A/ChunkingLibrary
0x0000000109200000 	/Library/Java/JavaVirtualMachines/jdk1.7.0_79.jdk/Contents/Home/jre/lib/server/libjvm.dylib
0x000000005631a000 	/usr/lib/libstdc++.6.dylib
0x0000000108993000 	/Library/Java/JavaVirtualMachines/jdk1.7.0_79.jdk/Contents/Home/jre/lib/libverify.dylib
0x00000001089a0000 	/Library/Java/JavaVirtualMachines/jdk1.7.0_79.jdk/Contents/Home/jre/lib/libjava.dylib
0x00000001089da000 	/Library/Java/JavaVirtualMachines/jdk1.7.0_79.jdk/Contents/Home/jre/lib/libzip.dylib
0x00000001089e4000 	/System/Library/Frameworks/JavaVM.framework/Frameworks/JavaRuntimeSupport.framework/JavaRuntimeSupport
0x000000010eb2e000 	/System/Library/Frameworks/JavaVM.framework/Versions/A/Frameworks/JavaNativeFoundation.framework/Versions/A/JavaNativeFoundation
0x000000010eb43000 	/System/Library/Frameworks/JavaVM.framework/Versions/A/JavaVM
0x000000005631a000 	/System/Library/Frameworks/Carbon.framework/Versions/A/Carbon
0x000000010eb50000 	/System/Library/PrivateFrameworks/JavaLaunching.framework/Versions/A/JavaLaunching
0x000000005631a000 	/System/Library/Frameworks/Carbon.framework/Versions/A/Frameworks/CommonPanels.framework/Versions/A/CommonPanels
0x000000005631a000 	/System/Library/Frameworks/Carbon.framework/Versions/A/Frameworks/Help.framework/Versions/A/Help
0x000000005631a000 	/System/Library/Frameworks/Carbon.framework/Versions/A/Frameworks/ImageCapture.framework/Versions/A/ImageCapture
0x000000005631a000 	/System/Library/Frameworks/Carbon.framework/Versions/A/Frameworks/OpenScripting.framework/Versions/A/OpenScripting
0x000000005631a000 	/System/Library/Frameworks/Carbon.framework/Versions/A/Frameworks/Print.framework/Versions/A/Print
0x000000005631a000 	/System/Library/Frameworks/Carbon.framework/Versions/A/Frameworks/SecurityHI.framework/Versions/A/SecurityHI
0x000000010edf1000 	/Library/Java/JavaVirtualMachines/jdk1.7.0_79.jdk/Contents/Home/jre/lib/libawt.dylib
0x000000010eea0000 	/Library/Java/JavaVirtualMachines/jdk1.7.0_79.jdk/Contents/Home/jre/lib/./libmlib_image.dylib
0x000000010ef6c000 	/Library/Java/JavaVirtualMachines/jdk1.7.0_79.jdk/Contents/Home/jre/lib/lwawt/liblwawt.dylib
0x000000010f022000 	/Library/Java/JavaVirtualMachines/jdk1.7.0_79.jdk/Contents/Home/jre/lib/libosxapp.dylib
0x000000005631a000 	/System/Library/Frameworks/ExceptionHandling.framework/Versions/A/ExceptionHandling
0x000000005631a000 	/System/Library/PrivateFrameworks/CoreServicesInternal.framework/Versions/A/CoreServicesInternal
0x000000005631a000 	/System/Library/CoreServices/RawCamera.bundle/Contents/MacOS/RawCamera
0x000000005631a000 	/System/Library/Frameworks/Accelerate.framework/Versions/A/Frameworks/vImage.framework/Versions/A/Libraries/libCGInterfaces.dylib
0x000000005631a000 	/System/Library/Frameworks/ApplicationServices.framework/Versions/A/Frameworks/ATS.framework/Versions/A/Resources/libTrueTypeScaler.dylib
0x0000000116670000 	/System/Library/Frameworks/OpenGL.framework/Resources/GLEngine.bundle/GLEngine
0x000000005631a000 	/System/Library/Frameworks/OpenGL.framework/Versions/A/Libraries/libGLProgrammability.dylib
0x0000000116855000 	/System/Library/Extensions/AppleIntelBDWGraphicsGLDriver.bundle/Contents/MacOS/AppleIntelBDWGraphicsGLDriver
0x000000005631a000 	/System/Library/PrivateFrameworks/GPUSupport.framework/Versions/A/Libraries/libGPUSupportMercury.dylib
0x000000010f7d8000 	/System/Library/Frameworks/OpenGL.framework/Resources//GLRendererFloat.bundle/GLRendererFloat
0x000000005631a000 	/System/Library/Frameworks/OpenCL.framework/Versions/A/Libraries/libcldcpuengine.dylib
0x000000005631a000 	/usr/lib/libcrypto.0.9.8.dylib
0x000000005631a000 	/System/Library/PrivateFrameworks/TrustEvaluationAgent.framework/Versions/A/TrustEvaluationAgent
0x0000000116fbf000 	/System/Library/Extensions/AppleIntelBDWGraphicsMTLDriver.bundle/Contents/MacOS/AppleIntelBDWGraphicsMTLDriver
0x000000005631a000 	/System/Library/PrivateFrameworks/FamilyControls.framework/Versions/A/FamilyControls
0x000000005631a000 	/System/Library/PrivateFrameworks/CommerceKit.framework/Versions/A/Frameworks/CommerceCore.framework/Versions/A/CommerceCore
0x000000005631a000 	/System/Library/PrivateFrameworks/SystemAdministration.framework/Versions/A/SystemAdministration
0x000000005631a000 	/System/Library/PrivateFrameworks/AppContainer.framework/Versions/A/AppContainer
0x000000005631a000 	/System/Library/PrivateFrameworks/SecCodeWrapper.framework/Versions/A/SecCodeWrapper
0x000000005631a000 	/System/Library/Frameworks/DirectoryService.framework/Versions/A/DirectoryService
0x000000005631a000 	/System/Library/PrivateFrameworks/DiskImages.framework/Versions/A/DiskImages
0x000000005631a000 	/System/Library/PrivateFrameworks/LoginUIKit.framework/Versions/A/Frameworks/LoginUICore.framework/Versions/A/LoginUICore
0x000000005631a000 	/usr/lib/libCoreStorage.dylib
0x000000005631a000 	/usr/lib/libcsfde.dylib
0x000000005631a000 	/usr/lib/libodfde.dylib
0x000000005631a000 	/System/Library/Frameworks/DiscRecording.framework/Versions/A/DiscRecording
0x000000005631a000 	/usr/lib/libcurl.4.dylib
0x000000005631a000 	/System/Library/PrivateFrameworks/MediaKit.framework/Versions/A/MediaKit
0x000000005631a000 	/System/Library/PrivateFrameworks/ProtectedCloudStorage.framework/Versions/A/ProtectedCloudStorage
0x000000005631a000 	/System/Library/PrivateFrameworks/EFILogin.framework/Versions/A/EFILogin
0x000000005631a000 	/usr/lib/libutil.dylib
0x000000005631a000 	/System/Library/Frameworks/LDAP.framework/Versions/A/LDAP
0x000000005631a000 	/usr/lib/libsasl2.2.dylib
0x000000005631a000 	/System/Library/PrivateFrameworks/CoreDaemon.framework/Versions/B/CoreDaemon
0x000000005631a000 	/System/Library/PrivateFrameworks/AppleSRP.framework/Versions/A/AppleSRP
0x000000005631a000 	/System/Library/PrivateFrameworks/APFS.framework/Versions/A/APFS
0x00000001185c9000 	/Library/Java/JavaVirtualMachines/jdk1.7.0_79.jdk/Contents/Home/jre/lib/libfontmanager.dylib
0x000000010f37d000 	/Library/Java/JavaVirtualMachines/jdk1.7.0_79.jdk/Contents/Home/jre/lib/libosxui.dylib
0x000000005631a000 	/System/Library/PrivateFrameworks/ViewBridge.framework/Versions/A/ViewBridge
0x000000005631a000 	/System/Library/PrivateFrameworks/XPCService.framework/Versions/A/XPCService
0x000000005631a000 	/System/Library/PrivateFrameworks/AppSandbox.framework/Versions/A/AppSandbox
0x000000005631a000 	/usr/lib/libsandbox.1.dylib
0x000000005631a000 	/usr/lib/libMatch.1.dylib
0x00000001199cf000 	/Library/Java/JavaVirtualMachines/jdk1.7.0_79.jdk/Contents/Home/jre/lib/libosx.dylib
0x0000000119ca7000 	/Library/Java/JavaVirtualMachines/jdk1.7.0_79.jdk/Contents/Home/jre/lib/libnio.dylib
0x0000000119cb6000 	/Library/Java/JavaVirtualMachines/jdk1.7.0_79.jdk/Contents/Home/jre/lib/./libnet.dylib
0x000000011b8af000 	/Library/Java/JavaVirtualMachines/jdk1.7.0_79.jdk/Contents/Home/jre/lib/libdcpr.dylib
0x000000005631a000 	/System/Library/PrivateFrameworks/Shortcut.framework/Versions/A/Shortcut
0x000000005631a000 	/System/Library/PrivateFrameworks/HelpData.framework/Versions/A/HelpData

VM Arguments:
jvm_args: -Dfile.encoding=UTF-8 
java_command: speedith.Main
Launcher Type: SUN_STANDARD

Environment Variables:
PATH=/usr/bin:/bin:/usr/sbin:/sbin
SHELL=/bin/bash
DISPLAY=/private/tmp/com.apple.launchd.JgGrpI84N9/org.macosforge.xquartz:0

Signal Handlers:
SIGSEGV: [libjvm.dylib+0x52daf1], sa_mask[0]=0xfffefeff, sa_flags=0x00000043
SIGBUS: [libjvm.dylib+0x52daf1], sa_mask[0]=0xfffefeff, sa_flags=0x00000042
SIGFPE: [libjvm.dylib+0x41f34e], sa_mask[0]=0xfffefeff, sa_flags=0x00000042
SIGPIPE: [libjvm.dylib+0x41f34e], sa_mask[0]=0xfffefeff, sa_flags=0x00000042
SIGXFSZ: [libjvm.dylib+0x41f34e], sa_mask[0]=0xfffefeff, sa_flags=0x00000042
SIGILL: [libjvm.dylib+0x41f34e], sa_mask[0]=0xfffefeff, sa_flags=0x00000042
SIGUSR1: SIG_DFL, sa_mask[0]=0x00000000, sa_flags=0x00000000
SIGUSR2: [libjvm.dylib+0x41ee40], sa_mask[0]=0x00000004, sa_flags=0x00000042
SIGHUP: [libjvm.dylib+0x41d0d1], sa_mask[0]=0xfffefeff, sa_flags=0x00000042
SIGINT: [libjvm.dylib+0x41d0d1], sa_mask[0]=0xfffefeff, sa_flags=0x00000042
SIGTERM: [libjvm.dylib+0x41d0d1], sa_mask[0]=0xfffefeff, sa_flags=0x00000042
SIGQUIT: [libjvm.dylib+0x41d0d1], sa_mask[0]=0xfffefeff, sa_flags=0x00000042


---------------  S Y S T E M  ---------------

OS:Bsduname:Darwin 16.7.0 Darwin Kernel Version 16.7.0: Thu Jun 15 17:36:27 PDT 2017; root:xnu-3789.70.16~2/RELEASE_X86_64 x86_64
rlimit: STACK 8192k, CORE 0k, NPROC 709, NOFILE 10240, AS infinity
load average:1.96 2.07 1.85

CPU:total 4 (2 cores per cpu, 2 threads per core) family 6 model 61 stepping 4, cmov, cx8, fxsr, mmx, sse, sse2, sse3, ssse3, sse4.1, sse4.2, popcnt, avx, avx2, aes, erms, ht, tsc, tscinvbit

Memory: 4k page, physical 8388608k(2097152k free)

/proc/meminfo:


vm_info: Java HotSpot(TM) 64-Bit Server VM (24.79-b02) for bsd-amd64 JRE (1.7.0_79-b15), built on Apr 10 2015 11:35:04 by "java_re" with gcc 4.2.1 (Based on Apple Inc. build 5658) (LLVM build 2336.11.00)

time: Thu Oct  5 14:14:15 2017
elapsed time: 8887 seconds

