#
# A fatal error has been detected by the Java Runtime Environment:
#
#  SIGSEGV (0xb) at pc=0x000000011a469b43, pid=37809, tid=84347
#
# JRE version: Java(TM) SE Runtime Environment (7.0_79-b15) (build 1.7.0_79-b15)
# Java VM: Java HotSpot(TM) 64-Bit Server VM (24.79-b02 mixed mode bsd-amd64 compressed oops)
# Problematic frame:
# C  [liblwawt.dylib+0x12b43]  OGLSD_SetScratchSurface+0x3d
#
# Failed to write core dump. Core dumps have been disabled. To enable core dumping, try "ulimit -c unlimited" before starting Java again
#
# If you would like to submit a bug report, please visit:
#   http://bugreport.java.com/bugreport/crash.jsp
# The crash happened outside the Java Virtual Machine in native code.
# See problematic frame for where to report the bug.
#

---------------  T H R E A D  ---------------

Current thread (0x00007fd53a2a3000):  JavaThread "Java2D Queue Flusher" daemon [_thread_in_native, id=84347, stack(0x0000700005167000,0x0000700005267000)]

siginfo:si_signo=SIGSEGV: si_errno=0, si_code=0 (SEGV0), si_addr=0x0000000000000000

Registers:
RAX=0x00007fd539092088, RBX=0x00007fd53a2a31e8, RCX=0x00007fd539092090, RDX=0x000000011a45fa0c
RSP=0x00007000052667a0, RBP=0x00007000052667c0, RSI=0x00007fd538f04e00, RDI=0x00007fd539092088
R8 =0x00007fd538e78348, R9 =0xffffffff00000000, R10=0x000000011107572c, R11=0x0000000110a77353
R12=0x0000000000000000, R13=0x000000077b3a4b78, R14=0x00007fd538f00002, R15=0x3000000000011106
RIP=0x000000011a469b43, EFLAGS=0x0000000000010206, ERR=0x0000000000000000
  TRAPNO=0x000000000000000d

Top of Stack: (sp=0x00007000052667a0)
0x00007000052667a0:   00007fd538f04e00 0000000000000000
0x00007000052667b0:   00007fd53a2b9010 00007fd53a2a3000
0x00007000052667c0:   0000700005266840 000000011a45f4ea
0x00007000052667d0:   0000000000000000 00000001106f6288
0x00007000052667e0:   0000000000000064 00007fd53a2a3000
0x00007000052667f0:   0000000000000bad 0000000000000bad
0x0000700005266800:   00007fd53a2a3000 00007fd53a2b9020
0x0000700005266810:   00007fd500e78300 00007fd53a2a31e8
0x0000700005266820:   000000077b3a4b78 0000000000000000
0x0000700005266830:   00007000052668e8 00007fd53a2a3000
0x0000700005266840:   00007000052668b0 0000000111075758
0x0000700005266850:   0000700005266890 000000077af0f488
0x0000700005266860:   0000700005266880 0000000000000064
0x0000700005266870:   0000700005266870 0000000000000000
0x0000700005266880:   00007000052668e8 000000077b3a6360
0x0000700005266890:   0000000000000000 000000077b3a4b78
0x00007000052668a0:   0000000000000000 00007000052668d0
0x00007000052668b0:   0000700005266930 0000000111069058
0x00007000052668c0:   0000000000000000 0000000111071cd8
0x00007000052668d0:   0000000000000020 00007fd53a2b9000
0x00007000052668e0:   00000007801665a8 0000000780166590
0x00007000052668f0:   00007000052668f0 000000077b3a4c5d
0x0000700005266900:   0000700005266948 000000077b3a6360
0x0000700005266910:   0000000000000000 000000077b3a4c80
0x0000700005266920:   00007000052668d0 0000700005266948
0x0000700005266930:   0000700005266990 0000000111069058
0x0000700005266940:   0000000000000020 0000000780166590
0x0000700005266950:   0000700005266950 000000077b3a4e11
0x0000700005266960:   00007000052669a0 000000077b3a6360
0x0000700005266970:   0000000000000000 000000077b3a4e20
0x0000700005266980:   0000700005266948 00007000052669a0
0x0000700005266990:   00007000052669f8 0000000111069058 

Instructions: (pc=0x000000011a469b43)
0x000000011a469b23:   c0 be 01 00 00 00 e8 b0 2c 03 00 31 c0 eb 6d 48
0x000000011a469b33:   89 fb 4c 8b 76 10 4d 8b 3e 30 c0 e8 6f 31 03 00
0x000000011a469b43:   49 8b 3f 49 89 c4 48 8b 35 d8 7e 06 00 30 c0 e8
0x000000011a469b53:   99 32 03 00 48 85 c0 75 4c 30 c0 e8 79 60 ff ff 

Register to memory mapping:

RAX=0x00007fd539092088 is an unknown value
RBX=0x00007fd53a2a31e8 is an unknown value
RCX=0x00007fd539092090 is an unknown value
RDX=0x000000011a45fa0c: Java_sun_java2d_opengl_OGLRenderQueue_flushBuffer+0xb5c in /Library/Java/JavaVirtualMachines/jdk1.7.0_79.jdk/Contents/Home/jre/lib/lwawt/liblwawt.dylib at 0x000000011a457000
RSP=0x00007000052667a0 is pointing into the stack for thread: 0x00007fd53a2a3000
RBP=0x00007000052667c0 is pointing into the stack for thread: 0x00007fd53a2a3000
RSI=0x00007fd538f04e00 is an unknown value
RDI=0x00007fd539092088 is an unknown value
R8 =0x00007fd538e78348 is an unknown value
R9 =0xffffffff00000000 is an unknown value
R10=0x000000011107572c is at code_begin+620 in an Interpreter codelet
method entry point (kind = native)  [0x00000001110754c0, 0x0000000111075d00]  2112 bytes
R11=0x0000000110a77353: throw_unsatisfied_link_error+0 in /Library/Java/JavaVirtualMachines/jdk1.7.0_79.jdk/Contents/Home/jre/lib/server/libjvm.dylib at 0x0000000110600000
R12=0x0000000000000000 is an unknown value
R13=0x000000077b3a4b78 is an oop
{method} 
 - klass: {other class}
R14=0x00007fd538f00002 is an unknown value
R15=0x3000000000011106 is an unknown value


Stack: [0x0000700005167000,0x0000700005267000],  sp=0x00007000052667a0,  free space=1021k
Native frames: (J=compiled Java code, j=interpreted, Vv=VM code, C=native code)
C  [liblwawt.dylib+0x12b43]  OGLSD_SetScratchSurface+0x3d
C  [liblwawt.dylib+0x84ea]  Java_sun_java2d_opengl_OGLRenderQueue_flushBuffer+0x63a
j  sun.java2d.opengl.OGLRenderQueue.flushBuffer(JI)V+0
j  sun.java2d.opengl.OGLRenderQueue.flushBuffer()V+21
j  sun.java2d.opengl.OGLRenderQueue.access$100(Lsun/java2d/opengl/OGLRenderQueue;)V+1
j  sun.java2d.opengl.OGLRenderQueue$QueueFlusher.run()V+81
v  ~StubRoutines::call_stub
V  [libjvm.dylib+0x2dbef8]
V  [libjvm.dylib+0x2dc40f]
V  [libjvm.dylib+0x2dc54c]
V  [libjvm.dylib+0x32b43a]
V  [libjvm.dylib+0x4f759d]
V  [libjvm.dylib+0x4f8ca5]
V  [libjvm.dylib+0x421c4e]
C  [libsystem_pthread.dylib+0x36c1]  _pthread_body+0x154
C  [libsystem_pthread.dylib+0x356d]  _pthread_body+0x0
C  [libsystem_pthread.dylib+0x2c5d]  thread_start+0xd

Java frames: (J=compiled Java code, j=interpreted, Vv=VM code)
j  sun.java2d.opengl.OGLRenderQueue.flushBuffer(JI)V+0
j  sun.java2d.opengl.OGLRenderQueue.flushBuffer()V+21
j  sun.java2d.opengl.OGLRenderQueue.access$100(Lsun/java2d/opengl/OGLRenderQueue;)V+1
j  sun.java2d.opengl.OGLRenderQueue$QueueFlusher.run()V+81
v  ~StubRoutines::call_stub

---------------  P R O C E S S  ---------------

Java Threads: ( => current thread )
  0x00007fd53a3b0000 JavaThread "Thread-3" daemon [_thread_blocked, id=27991, stack(0x0000700005573000,0x0000700005673000)]
  0x00007fd53a5a9800 JavaThread "TimerQueue" daemon [_thread_blocked, id=54167, stack(0x00007000056f9000,0x00007000057f9000)]
  0x00007fd53a30d000 JavaThread "Timer-0" daemon [_thread_blocked, id=75779, stack(0x0000700005470000,0x0000700005570000)]
  0x00007fd539aaa000 JavaThread "DestroyJavaVM" [_thread_blocked, id=10243, stack(0x00007000040ae000,0x00007000041ae000)]
  0x00007fd53a2d6800 JavaThread "AWT-EventQueue-0" [_thread_blocked, id=51723, stack(0x000070000536d000,0x000070000546d000)]
  0x00007fd53a2c9000 JavaThread "Java2D Disposer" daemon [_thread_blocked, id=78351, stack(0x000070000526a000,0x000070000536a000)]
=>0x00007fd53a2a3000 JavaThread "Java2D Queue Flusher" daemon [_thread_in_native, id=84347, stack(0x0000700005167000,0x0000700005267000)]
  0x00007fd53a948000 JavaThread "AWT-Shutdown" [_thread_blocked, id=25899, stack(0x0000700004e58000,0x0000700004f58000)]
  0x00007fd539028800 JavaThread "AppKit Thread" daemon [_thread_in_native, id=775, stack(0x00007ffedf7c8000,0x00007ffedffc8000)]
  0x00007fd539840000 JavaThread "Service Thread" daemon [_thread_blocked, id=13571, stack(0x0000700004bcf000,0x0000700004ccf000)]
  0x00007fd53a819000 JavaThread "C2 CompilerThread1" daemon [_thread_blocked, id=13059, stack(0x0000700004acc000,0x0000700004bcc000)]
  0x00007fd53a02c800 JavaThread "C2 CompilerThread0" daemon [_thread_blocked, id=17667, stack(0x00007000049c9000,0x0000700004ac9000)]
  0x00007fd53a826000 JavaThread "Signal Dispatcher" daemon [_thread_blocked, id=17927, stack(0x00007000048c6000,0x00007000049c6000)]
  0x00007fd53a019800 JavaThread "Finalizer" daemon [_thread_blocked, id=11779, stack(0x00007000047c3000,0x00007000048c3000)]
  0x00007fd53a018800 JavaThread "Reference Handler" daemon [_thread_blocked, id=20739, stack(0x00007000046c0000,0x00007000047c0000)]

Other Threads:
  0x00007fd53a00f800 VMThread [stack: 0x00007000045bd000,0x00007000046bd000] [id=11267]
  0x00007fd539849000 WatcherThread [stack: 0x0000700004cd2000,0x0000700004dd2000] [id=17411]

VM state:not at safepoint (normal execution)

VM Mutex/Monitor currently owned by a thread: None

Heap
 PSYoungGen      total 84992K, used 8835K [0x00000007d5500000, 0x00000007dc800000, 0x0000000800000000)
  eden space 59392K, 14% used [0x00000007d5500000,0x00000007d5da0ee8,0x00000007d8f00000)
  from space 25600K, 0% used [0x00000007d9080000,0x00000007d9080000,0x00000007da980000)
  to   space 29184K, 0% used [0x00000007dab80000,0x00000007dab80000,0x00000007dc800000)
 ParOldGen       total 81920K, used 29854K [0x0000000780000000, 0x0000000785000000, 0x00000007d5500000)
  object space 81920K, 36% used [0x0000000780000000,0x0000000781d27b78,0x0000000785000000)
 PSPermGen       total 48640K, used 24131K [0x000000077ae00000, 0x000000077dd80000, 0x0000000780000000)
  object space 48640K, 49% used [0x000000077ae00000,0x000000077c590c20,0x000000077dd80000)

Card table byte_map: [0x0000000114063000,0x000000011448d000] byte_map_base: 0x000000011048c000

Polling page: 0x000000010fcad000

Code Cache  [0x0000000111063000, 0x00000001112e3000, 0x0000000114063000)
 total_blobs=1376 nmethods=819 adapters=510 free_code_cache=46773Kb largest_free_block=47723904

Compilation events (10 events):
Event: 1866.286 Thread 0x00007fd53a819000  856             java.awt.event.MouseEvent::getModifiersEx (29 bytes)
Event: 1866.287 Thread 0x00007fd53a819000 nmethod 856 0x00000001111f1690 code [0x00000001111f17e0, 0x00000001111f1888]
Event: 1897.406 Thread 0x00007fd53a02c800  857             sun.lwawt.macosx.LWCToolkit::getCursorManager (4 bytes)
Event: 1897.407 Thread 0x00007fd53a02c800 nmethod 857 0x000000011120b450 code [0x000000011120b580, 0x000000011120b5f8]
Event: 1897.704 Thread 0x00007fd53a819000  858 %           java.awt.EventDispatchThread::pumpEventsForFilter @ 10 (47 bytes)
Event: 1897.707 Thread 0x00007fd53a819000 nmethod 858% 0x0000000111224f10 code [0x00000001112250e0, 0x0000000111225530]
Event: 5918.264 Thread 0x00007fd53a02c800  859             java.lang.ref.Reference::access$100 (4 bytes)
Event: 5918.265 Thread 0x00007fd53a02c800 nmethod 859 0x00000001112d4f10 code [0x00000001112d5040, 0x00000001112d5098]
Event: 5918.271 Thread 0x00007fd53a02c800  860             java.lang.ref.Reference::clear (6 bytes)
Event: 5918.272 Thread 0x00007fd53a02c800 nmethod 860 0x00000001112d4c90 code [0x00000001112d4dc0, 0x00000001112d4e18]

GC Heap History (10 events):
Event: 505.707 GC heap before
{Heap before GC invocations=6 (full 0):
 PSYoungGen      total 70656K, used 64135K [0x00000007d5500000, 0x00000007db800000, 0x0000000800000000)
  eden space 65536K, 90% used [0x00000007d5500000,0x00000007d8ea1f70,0x00000007d9500000)
  from space 5120K, 100% used [0x00000007d9700000,0x00000007d9c00000,0x00000007d9c00000)
  to   space 17920K, 0% used [0x00000007da680000,0x00000007da680000,0x00000007db800000)
 ParOldGen       total 87040K, used 40845K [0x0000000780000000, 0x0000000785500000, 0x00000007d5500000)
  object space 87040K, 46% used [0x0000000780000000,0x00000007827e3688,0x0000000785500000)
 PSPermGen       total 23552K, used 23433K [0x000000077ae00000, 0x000000077c500000, 0x0000000780000000)
  object space 23552K, 99% used [0x000000077ae00000,0x000000077c4e2718,0x000000077c500000)
Event: 505.724 GC heap after
Heap after GC invocations=6 (full 0):
 PSYoungGen      total 82432K, used 12760K [0x00000007d5500000, 0x00000007dfa00000, 0x0000000800000000)
  eden space 64512K, 0% used [0x00000007d5500000,0x00000007d5500000,0x00000007d9400000)
  from space 17920K, 71% used [0x00000007da680000,0x00000007db2f6140,0x00000007db800000)
  to   space 18944K, 0% used [0x00000007d9400000,0x00000007d9400000,0x00000007da680000)
 ParOldGen       total 87040K, used 40853K [0x0000000780000000, 0x0000000785500000, 0x00000007d5500000)
  object space 87040K, 46% used [0x0000000780000000,0x00000007827e5688,0x0000000785500000)
 PSPermGen       total 23552K, used 23433K [0x000000077ae00000, 0x000000077c500000, 0x0000000780000000)
  object space 23552K, 99% used [0x000000077ae00000,0x000000077c4e2718,0x000000077c500000)
}
Event: 537.935 GC heap before
{Heap before GC invocations=7 (full 0):
 PSYoungGen      total 82432K, used 77272K [0x00000007d5500000, 0x00000007dfa00000, 0x0000000800000000)
  eden space 64512K, 100% used [0x00000007d5500000,0x00000007d9400000,0x00000007d9400000)
  from space 17920K, 71% used [0x00000007da680000,0x00000007db2f6140,0x00000007db800000)
  to   space 18944K, 0% used [0x00000007d9400000,0x00000007d9400000,0x00000007da680000)
 ParOldGen       total 87040K, used 40853K [0x0000000780000000, 0x0000000785500000, 0x00000007d5500000)
  object space 87040K, 46% used [0x0000000780000000,0x00000007827e5688,0x0000000785500000)
 PSPermGen       total 24064K, used 23614K [0x000000077ae00000, 0x000000077c580000, 0x0000000780000000)
  object space 24064K, 98% used [0x000000077ae00000,0x000000077c50fbb8,0x000000077c580000)
Event: 537.972 GC heap after
Heap after GC invocations=7 (full 0):
 PSYoungGen      total 81408K, used 18928K [0x00000007d5500000, 0x00000007dc200000, 0x0000000800000000)
  eden space 62464K, 0% used [0x00000007d5500000,0x00000007d5500000,0x00000007d9200000)
  from space 18944K, 99% used [0x00000007d9400000,0x00000007da67c280,0x00000007da680000)
  to   space 24576K, 0% used [0x00000007daa00000,0x00000007daa00000,0x00000007dc200000)
 ParOldGen       total 87040K, used 45432K [0x0000000780000000, 0x0000000785500000, 0x00000007d5500000)
  object space 87040K, 52% used [0x0000000780000000,0x0000000782c5e3a8,0x0000000785500000)
 PSPermGen       total 24064K, used 23614K [0x000000077ae00000, 0x000000077c580000, 0x0000000780000000)
  object space 24064K, 98% used [0x000000077ae00000,0x000000077c50fbb8,0x000000077c580000)
}
Event: 1756.726 GC heap before
{Heap before GC invocations=8 (full 0):
 PSYoungGen      total 81408K, used 80888K [0x00000007d5500000, 0x00000007dc200000, 0x0000000800000000)
  eden space 62464K, 99% used [0x00000007d5500000,0x00000007d9181f50,0x00000007d9200000)
  from space 18944K, 99% used [0x00000007d9400000,0x00000007da67c280,0x00000007da680000)
  to   space 24576K, 0% used [0x00000007daa00000,0x00000007daa00000,0x00000007dc200000)
 ParOldGen       total 87040K, used 45432K [0x0000000780000000, 0x0000000785500000, 0x00000007d5500000)
  object space 87040K, 52% used [0x0000000780000000,0x0000000782c5e3a8,0x0000000785500000)
 PSPermGen       total 24576K, used 24197K [0x000000077ae00000, 0x000000077c600000, 0x0000000780000000)
  object space 24576K, 98% used [0x000000077ae00000,0x000000077c5a1558,0x000000077c600000)
Event: 1756.767 GC heap after
Heap after GC invocations=8 (full 0):
 PSYoungGen      total 85504K, used 17899K [0x00000007d5500000, 0x00000007dc280000, 0x0000000800000000)
  eden space 60928K, 0% used [0x00000007d5500000,0x00000007d5500000,0x00000007d9080000)
  from space 24576K, 72% used [0x00000007daa00000,0x00000007dbb7acf0,0x00000007dc200000)
  to   space 25600K, 0% used [0x00000007d9080000,0x00000007d9080000,0x00000007da980000)
 ParOldGen       total 87040K, used 61881K [0x0000000780000000, 0x0000000785500000, 0x00000007d5500000)
  object space 87040K, 71% used [0x0000000780000000,0x0000000783c6e608,0x0000000785500000)
 PSPermGen       total 24576K, used 24197K [0x000000077ae00000, 0x000000077c600000, 0x0000000780000000)
  object space 24576K, 98% used [0x000000077ae00000,0x000000077c5a1558,0x000000077c600000)
}
Event: 5917.888 GC heap before
{Heap before GC invocations=9 (full 0):
 PSYoungGen      total 85504K, used 76965K [0x00000007d5500000, 0x00000007dc280000, 0x0000000800000000)
  eden space 60928K, 96% used [0x00000007d5500000,0x00000007d8eaeab8,0x00000007d9080000)
  from space 24576K, 72% used [0x00000007daa00000,0x00000007dbb7acf0,0x00000007dc200000)
  to   space 25600K, 0% used [0x00000007d9080000,0x00000007d9080000,0x00000007da980000)
 ParOldGen       total 87040K, used 61881K [0x0000000780000000, 0x0000000785500000, 0x00000007d5500000)
  object space 87040K, 71% used [0x0000000780000000,0x0000000783c6e608,0x0000000785500000)
 PSPermGen       total 24576K, used 24251K [0x000000077ae00000, 0x000000077c600000, 0x0000000780000000)
  object space 24576K, 98% used [0x000000077ae00000,0x000000077c5aecd0,0x000000077c600000)
Event: 5917.931 GC heap after
Heap after GC invocations=9 (full 0):
 PSYoungGen      total 84992K, used 24142K [0x00000007d5500000, 0x00000007dc800000, 0x0000000800000000)
  eden space 59392K, 0% used [0x00000007d5500000,0x00000007d5500000,0x00000007d8f00000)
  from space 25600K, 94% used [0x00000007d9080000,0x00000007da8138f0,0x00000007da980000)
  to   space 29184K, 0% used [0x00000007dab80000,0x00000007dab80000,0x00000007dc800000)
 ParOldGen       total 87040K, used 71353K [0x0000000780000000, 0x0000000785500000, 0x00000007d5500000)
  object space 87040K, 81% used [0x0000000780000000,0x00000007845ae738,0x0000000785500000)
 PSPermGen       total 24576K, used 24251K [0x000000077ae00000, 0x000000077c600000, 0x0000000780000000)
  object space 24576K, 98% used [0x000000077ae00000,0x000000077c5aecd0,0x000000077c600000)
}
Event: 5917.931 GC heap before
{Heap before GC invocations=10 (full 1):
 PSYoungGen      total 84992K, used 24142K [0x00000007d5500000, 0x00000007dc800000, 0x0000000800000000)
  eden space 59392K, 0% used [0x00000007d5500000,0x00000007d5500000,0x00000007d8f00000)
  from space 25600K, 94% used [0x00000007d9080000,0x00000007da8138f0,0x00000007da980000)
  to   space 29184K, 0% used [0x00000007dab80000,0x00000007dab80000,0x00000007dc800000)
 ParOldGen       total 87040K, used 71353K [0x0000000780000000, 0x0000000785500000, 0x00000007d5500000)
  object space 87040K, 81% used [0x0000000780000000,0x00000007845ae738,0x0000000785500000)
 PSPermGen       total 24576K, used 24251K [0x000000077ae00000, 0x000000077c600000, 0x0000000780000000)
  object space 24576K, 98% used [0x000000077ae00000,0x000000077c5aecd0,0x000000077c600000)
Event: 5918.263 GC heap after
Heap after GC invocations=10 (full 1):
 PSYoungGen      total 84992K, used 0K [0x00000007d5500000, 0x00000007dc800000, 0x0000000800000000)
  eden space 59392K, 0% used [0x00000007d5500000,0x00000007d5500000,0x00000007d8f00000)
  from space 25600K, 0% used [0x00000007d9080000,0x00000007d9080000,0x00000007da980000)
  to   space 29184K, 0% used [0x00000007dab80000,0x00000007dab80000,0x00000007dc800000)
 ParOldGen       total 81920K, used 29854K [0x0000000780000000, 0x0000000785000000, 0x00000007d5500000)
  object space 81920K, 36% used [0x0000000780000000,0x0000000781d27b78,0x0000000785000000)
 PSPermGen       total 48640K, used 24131K [0x000000077ae00000, 0x000000077dd80000, 0x0000000780000000)
  object space 48640K, 49% used [0x000000077ae00000,0x000000077c590c20,0x000000077dd80000)
}

Deoptimization events (10 events):
Event: 1757.209 Thread 0x00007fd53a2d6800 Uncommon trap: reason=class_check action=maybe_recompile pc=0x00000001111a478c method=java.awt.geom.Area.getCachedBounds()Ljava/awt/geom/Rectangle2D; @ 77
Event: 1761.523 Thread 0x00007fd53a2d6800 Uncommon trap: reason=null_check action=make_not_entrant pc=0x00000001111ba624 method=sun.font.FontDesignMetrics.getMetrics(Ljava/awt/Font;Ljava/awt/font/FontRenderContext;)Lsun/font/FontDesignMetrics; @ 86
Event: 1762.942 Thread 0x00007fd53a2d6800 Uncommon trap: reason=class_check action=maybe_recompile pc=0x0000000111190d0c method=java.util.HashMap.<init>(IF)V @ 115
Event: 4856.768 Thread 0x00007fd53a2a3000 Uncommon trap: reason=class_check action=maybe_recompile pc=0x00000001112a1704 method=sun.java2d.opengl.OGLRenderQueue$QueueFlusher.run()V @ 95
Event: 4856.770 Thread 0x00007fd539028800 Uncommon trap: reason=bimorphic action=maybe_recompile pc=0x00000001111052d8 method=java.util.HashMap.putAllForCreate(Ljava/util/Map;)V @ 1
Event: 4856.773 Thread 0x00007fd539028800 Uncommon trap: reason=null_check action=make_not_entrant pc=0x00000001111e29b8 method=java.awt.geom.AffineTransform.equals(Ljava/lang/Object;)Z @ 1
Event: 4856.796 Thread 0x00007fd539028800 Uncommon trap: reason=bimorphic action=maybe_recompile pc=0x00000001111052d8 method=java.util.HashMap.putAllForCreate(Ljava/util/Map;)V @ 1
Event: 5917.743 Thread 0x00007fd539028800 Uncommon trap: reason=bimorphic action=maybe_recompile pc=0x00000001111052d8 method=java.util.HashMap.putAllForCreate(Ljava/util/Map;)V @ 1
Event: 5917.753 Thread 0x00007fd539028800 Uncommon trap: reason=null_check action=make_not_entrant pc=0x0000000111168c70 method=java.awt.geom.AffineTransform.equals(Ljava/lang/Object;)Z @ 1
Event: 5917.884 Thread 0x00007fd539028800 Uncommon trap: reason=bimorphic action=maybe_recompile pc=0x00000001111052d8 method=java.util.HashMap.putAllForCreate(Ljava/util/Map;)V @ 1

Internal exceptions (10 events):
Event: 1754.422 Thread 0x00007fd53a2d6800 Threw 0x00000007d80cd820 at /HUDSON/workspace/7u-2-build-macosx-x86_64/jdk7u79/2331/hotspot/src/share/vm/prims/jvm.cpp:1304
Event: 1761.520 Thread 0x00007fd53a2d6800 Threw 0x00000007d68be7c8 at /HUDSON/workspace/7u-2-build-macosx-x86_64/jdk7u79/2331/hotspot/src/share/vm/prims/jvm.cpp:1304
Event: 1762.936 Thread 0x00007fd53a2d6800 Threw 0x00000007d68f5228 at /HUDSON/workspace/7u-2-build-macosx-x86_64/jdk7u79/2331/hotspot/src/share/vm/prims/jvm.cpp:1304
Event: 1762.938 Thread 0x00007fd53a2d6800 Threw 0x00000007d68fe8e0 at /HUDSON/workspace/7u-2-build-macosx-x86_64/jdk7u79/2331/hotspot/src/share/vm/prims/jvm.cpp:1304
Event: 1762.940 Thread 0x00007fd53a2d6800 Threw 0x00000007d69376e8 at /HUDSON/workspace/7u-2-build-macosx-x86_64/jdk7u79/2331/hotspot/src/share/vm/prims/jvm.cpp:1304
Event: 1762.940 Thread 0x00007fd53a2d6800 Threw 0x00000007d6941310 at /HUDSON/workspace/7u-2-build-macosx-x86_64/jdk7u79/2331/hotspot/src/share/vm/prims/jvm.cpp:1304
Event: 1762.941 Thread 0x00007fd53a2d6800 Threw 0x00000007d6949d18 at /HUDSON/workspace/7u-2-build-macosx-x86_64/jdk7u79/2331/hotspot/src/share/vm/prims/jvm.cpp:1304
Event: 1762.941 Thread 0x00007fd53a2d6800 Threw 0x00000007d6953340 at /HUDSON/workspace/7u-2-build-macosx-x86_64/jdk7u79/2331/hotspot/src/share/vm/prims/jvm.cpp:1304
Event: 4856.773 Thread 0x00007fd539028800 Implicit null exception at 0x00000001111e1c2b to 0x00000001111e2999
Event: 5917.753 Thread 0x00007fd539028800 Implicit null exception at 0x0000000111168bcc to 0x0000000111168c61

Events (10 events):
Event: 5918.270 Executing VM operation: RevokeBias
Event: 5918.270 Executing VM operation: RevokeBias done
Event: 5918.270 Executing VM operation: RevokeBias
Event: 5918.270 Executing VM operation: RevokeBias done
Event: 5918.270 Executing VM operation: RevokeBias
Event: 5918.270 Executing VM operation: RevokeBias done
Event: 5918.270 Executing VM operation: RevokeBias
Event: 5918.271 Executing VM operation: RevokeBias done
Event: 5918.271 Executing VM operation: RevokeBias
Event: 5918.271 Executing VM operation: RevokeBias done


Dynamic libraries:
0x0000000022a6d000 	/System/Library/Frameworks/Cocoa.framework/Versions/A/Cocoa
0x0000000022a6d000 	/System/Library/Frameworks/Security.framework/Versions/A/Security
0x0000000022a6d000 	/System/Library/Frameworks/ApplicationServices.framework/Versions/A/ApplicationServices
0x0000000022a6d000 	/usr/lib/libz.1.dylib
0x0000000022a6d000 	/usr/lib/libSystem.B.dylib
0x0000000022a6d000 	/usr/lib/libobjc.A.dylib
0x0000000022a6d000 	/System/Library/Frameworks/CoreFoundation.framework/Versions/A/CoreFoundation
0x0000000022a6d000 	/System/Library/Frameworks/Foundation.framework/Versions/C/Foundation
0x0000000022a6d000 	/System/Library/Frameworks/AppKit.framework/Versions/C/AppKit
0x0000000022a6d000 	/System/Library/Frameworks/CoreData.framework/Versions/A/CoreData
0x0000000022a6d000 	/System/Library/PrivateFrameworks/RemoteViewServices.framework/Versions/A/RemoteViewServices
0x0000000022a6d000 	/System/Library/PrivateFrameworks/UIFoundation.framework/Versions/A/UIFoundation
0x0000000022a6d000 	/System/Library/PrivateFrameworks/DFRFoundation.framework/Versions/A/DFRFoundation
0x0000000022a6d000 	/System/Library/Frameworks/Metal.framework/Versions/A/Metal
0x0000000022a6d000 	/System/Library/PrivateFrameworks/DesktopServicesPriv.framework/Versions/A/DesktopServicesPriv
0x0000000022a6d000 	/usr/lib/libenergytrace.dylib
0x0000000022a6d000 	/System/Library/PrivateFrameworks/SkyLight.framework/Versions/A/SkyLight
0x0000000022a6d000 	/System/Library/Frameworks/CoreGraphics.framework/Versions/A/CoreGraphics
0x0000000022a6d000 	/usr/lib/libScreenReader.dylib
0x0000000022a6d000 	/System/Library/Frameworks/Accelerate.framework/Versions/A/Accelerate
0x0000000022a6d000 	/System/Library/Frameworks/IOSurface.framework/Versions/A/IOSurface
0x0000000022a6d000 	/System/Library/Frameworks/AudioToolbox.framework/Versions/A/AudioToolbox
0x0000000022a6d000 	/System/Library/Frameworks/AudioUnit.framework/Versions/A/AudioUnit
0x0000000022a6d000 	/System/Library/PrivateFrameworks/DataDetectorsCore.framework/Versions/A/DataDetectorsCore
0x0000000022a6d000 	/System/Library/Frameworks/Carbon.framework/Versions/A/Frameworks/HIToolbox.framework/Versions/A/HIToolbox
0x0000000022a6d000 	/usr/lib/libicucore.A.dylib
0x0000000022a6d000 	/System/Library/Frameworks/QuartzCore.framework/Versions/A/QuartzCore
0x0000000022a6d000 	/System/Library/Frameworks/Carbon.framework/Versions/A/Frameworks/SpeechRecognition.framework/Versions/A/SpeechRecognition
0x0000000022a6d000 	/usr/lib/libauto.dylib
0x0000000022a6d000 	/usr/lib/libxml2.2.dylib
0x0000000022a6d000 	/System/Library/PrivateFrameworks/CoreUI.framework/Versions/A/CoreUI
0x0000000022a6d000 	/System/Library/Frameworks/CoreAudio.framework/Versions/A/CoreAudio
0x0000000022a6d000 	/System/Library/Frameworks/DiskArbitration.framework/Versions/A/DiskArbitration
0x0000000022a6d000 	/usr/lib/liblangid.dylib
0x0000000022a6d000 	/System/Library/PrivateFrameworks/MultitouchSupport.framework/Versions/A/MultitouchSupport
0x0000000022a6d000 	/System/Library/Frameworks/IOKit.framework/Versions/A/IOKit
0x0000000022a6d000 	/usr/lib/libDiagnosticMessagesClient.dylib
0x0000000022a6d000 	/System/Library/Frameworks/CoreServices.framework/Versions/A/CoreServices
0x0000000022a6d000 	/System/Library/PrivateFrameworks/PerformanceAnalysis.framework/Versions/A/PerformanceAnalysis
0x0000000022a6d000 	/System/Library/Frameworks/OpenGL.framework/Versions/A/OpenGL
0x0000000022a6d000 	/System/Library/Frameworks/ColorSync.framework/Versions/A/ColorSync
0x0000000022a6d000 	/System/Library/Frameworks/CoreImage.framework/Versions/A/CoreImage
0x0000000022a6d000 	/System/Library/Frameworks/CoreText.framework/Versions/A/CoreText
0x0000000022a6d000 	/System/Library/Frameworks/ImageIO.framework/Versions/A/ImageIO
0x0000000022a6d000 	/System/Library/PrivateFrameworks/Backup.framework/Versions/A/Backup
0x0000000022a6d000 	/usr/lib/libarchive.2.dylib
0x0000000022a6d000 	/System/Library/Frameworks/CFNetwork.framework/Versions/A/CFNetwork
0x0000000022a6d000 	/System/Library/Frameworks/SystemConfiguration.framework/Versions/A/SystemConfiguration
0x0000000022a6d000 	/usr/lib/libCRFSuite.dylib
0x0000000022a6d000 	/usr/lib/libc++.1.dylib
0x0000000022a6d000 	/usr/lib/libc++abi.dylib
0x0000000022a6d000 	/usr/lib/system/libcache.dylib
0x0000000022a6d000 	/usr/lib/system/libcommonCrypto.dylib
0x0000000022a6d000 	/usr/lib/system/libcompiler_rt.dylib
0x0000000022a6d000 	/usr/lib/system/libcopyfile.dylib
0x0000000022a6d000 	/usr/lib/system/libcorecrypto.dylib
0x0000000022a6d000 	/usr/lib/system/libdispatch.dylib
0x0000000022a6d000 	/usr/lib/system/libdyld.dylib
0x0000000022a6d000 	/usr/lib/system/libkeymgr.dylib
0x0000000022a6d000 	/usr/lib/system/liblaunch.dylib
0x0000000022a6d000 	/usr/lib/system/libmacho.dylib
0x0000000022a6d000 	/usr/lib/system/libquarantine.dylib
0x0000000022a6d000 	/usr/lib/system/libremovefile.dylib
0x0000000022a6d000 	/usr/lib/system/libsystem_asl.dylib
0x0000000022a6d000 	/usr/lib/system/libsystem_blocks.dylib
0x0000000022a6d000 	/usr/lib/system/libsystem_c.dylib
0x0000000022a6d000 	/usr/lib/system/libsystem_configuration.dylib
0x0000000022a6d000 	/usr/lib/system/libsystem_coreservices.dylib
0x0000000022a6d000 	/usr/lib/system/libsystem_darwin.dylib
0x0000000022a6d000 	/usr/lib/system/libsystem_dnssd.dylib
0x0000000022a6d000 	/usr/lib/system/libsystem_info.dylib
0x0000000022a6d000 	/usr/lib/system/libsystem_m.dylib
0x0000000022a6d000 	/usr/lib/system/libsystem_malloc.dylib
0x0000000022a6d000 	/usr/lib/system/libsystem_network.dylib
0x0000000022a6d000 	/usr/lib/system/libsystem_networkextension.dylib
0x0000000022a6d000 	/usr/lib/system/libsystem_notify.dylib
0x0000000022a6d000 	/usr/lib/system/libsystem_sandbox.dylib
0x0000000022a6d000 	/usr/lib/system/libsystem_secinit.dylib
0x0000000022a6d000 	/usr/lib/system/libsystem_kernel.dylib
0x0000000022a6d000 	/usr/lib/system/libsystem_platform.dylib
0x0000000022a6d000 	/usr/lib/system/libsystem_pthread.dylib
0x0000000022a6d000 	/usr/lib/system/libsystem_symptoms.dylib
0x0000000022a6d000 	/usr/lib/system/libsystem_trace.dylib
0x0000000022a6d000 	/usr/lib/system/libunwind.dylib
0x0000000022a6d000 	/usr/lib/system/libxpc.dylib
0x0000000022a6d000 	/usr/lib/closure/libclosured.dylib
0x0000000022a6d000 	/usr/lib/libbsm.0.dylib
0x0000000022a6d000 	/usr/lib/system/libkxld.dylib
0x0000000022a6d000 	/usr/lib/libOpenScriptingUtil.dylib
0x0000000022a6d000 	/usr/lib/libcoretls.dylib
0x0000000022a6d000 	/usr/lib/libcoretls_cfhelpers.dylib
0x0000000022a6d000 	/usr/lib/libpam.2.dylib
0x0000000022a6d000 	/usr/lib/libsqlite3.dylib
0x0000000022a6d000 	/usr/lib/libxar.1.dylib
0x0000000022a6d000 	/usr/lib/libbz2.1.0.dylib
0x0000000022a6d000 	/usr/lib/liblzma.5.dylib
0x0000000022a6d000 	/usr/lib/libnetwork.dylib
0x0000000022a6d000 	/usr/lib/libapple_nghttp2.dylib
0x0000000022a6d000 	/usr/lib/libpcap.A.dylib
0x0000000022a6d000 	/usr/lib/libboringssl.dylib
0x0000000022a6d000 	/usr/lib/libusrtcp.dylib
0x0000000022a6d000 	/usr/lib/libapple_crypto.dylib
0x0000000022a6d000 	/System/Library/Frameworks/CoreServices.framework/Versions/A/Frameworks/FSEvents.framework/Versions/A/FSEvents
0x0000000022a6d000 	/System/Library/Frameworks/CoreServices.framework/Versions/A/Frameworks/CarbonCore.framework/Versions/A/CarbonCore
0x0000000022a6d000 	/System/Library/Frameworks/CoreServices.framework/Versions/A/Frameworks/Metadata.framework/Versions/A/Metadata
0x0000000022a6d000 	/System/Library/Frameworks/CoreServices.framework/Versions/A/Frameworks/OSServices.framework/Versions/A/OSServices
0x0000000022a6d000 	/System/Library/Frameworks/CoreServices.framework/Versions/A/Frameworks/SearchKit.framework/Versions/A/SearchKit
0x0000000022a6d000 	/System/Library/Frameworks/CoreServices.framework/Versions/A/Frameworks/AE.framework/Versions/A/AE
0x0000000022a6d000 	/System/Library/Frameworks/CoreServices.framework/Versions/A/Frameworks/LaunchServices.framework/Versions/A/LaunchServices
0x0000000022a6d000 	/System/Library/Frameworks/CoreServices.framework/Versions/A/Frameworks/DictionaryServices.framework/Versions/A/DictionaryServices
0x0000000022a6d000 	/System/Library/Frameworks/CoreServices.framework/Versions/A/Frameworks/SharedFileList.framework/Versions/A/SharedFileList
0x0000000022a6d000 	/System/Library/Frameworks/NetFS.framework/Versions/A/NetFS
0x0000000022a6d000 	/System/Library/PrivateFrameworks/NetAuth.framework/Versions/A/NetAuth
0x0000000022a6d000 	/System/Library/PrivateFrameworks/login.framework/Versions/A/Frameworks/loginsupport.framework/Versions/A/loginsupport
0x0000000022a6d000 	/System/Library/PrivateFrameworks/TCC.framework/Versions/A/TCC
0x0000000022a6d000 	/usr/lib/libmecabra.dylib
0x0000000022a6d000 	/System/Library/Frameworks/ApplicationServices.framework/Versions/A/Frameworks/ATS.framework/Versions/A/ATS
0x0000000022a6d000 	/System/Library/Frameworks/ApplicationServices.framework/Versions/A/Frameworks/ColorSyncLegacy.framework/Versions/A/ColorSyncLegacy
0x0000000022a6d000 	/System/Library/Frameworks/ApplicationServices.framework/Versions/A/Frameworks/HIServices.framework/Versions/A/HIServices
0x0000000022a6d000 	/System/Library/Frameworks/ApplicationServices.framework/Versions/A/Frameworks/LangAnalysis.framework/Versions/A/LangAnalysis
0x0000000022a6d000 	/System/Library/Frameworks/ApplicationServices.framework/Versions/A/Frameworks/PrintCore.framework/Versions/A/PrintCore
0x0000000022a6d000 	/System/Library/Frameworks/ApplicationServices.framework/Versions/A/Frameworks/QD.framework/Versions/A/QD
0x0000000022a6d000 	/System/Library/Frameworks/ApplicationServices.framework/Versions/A/Frameworks/SpeechSynthesis.framework/Versions/A/SpeechSynthesis
0x0000000022a6d000 	/System/Library/Frameworks/CoreDisplay.framework/Versions/A/CoreDisplay
0x0000000022a6d000 	/System/Library/Frameworks/Accelerate.framework/Versions/A/Frameworks/vImage.framework/Versions/A/vImage
0x0000000022a6d000 	/System/Library/Frameworks/Accelerate.framework/Versions/A/Frameworks/vecLib.framework/Versions/A/vecLib
0x0000000022a6d000 	/System/Library/Frameworks/Accelerate.framework/Versions/A/Frameworks/vecLib.framework/Versions/A/libvDSP.dylib
0x0000000022a6d000 	/System/Library/Frameworks/Accelerate.framework/Versions/A/Frameworks/vecLib.framework/Versions/A/libBNNS.dylib
0x0000000022a6d000 	/System/Library/Frameworks/Accelerate.framework/Versions/A/Frameworks/vecLib.framework/Versions/A/libQuadrature.dylib
0x0000000022a6d000 	/System/Library/Frameworks/Accelerate.framework/Versions/A/Frameworks/vecLib.framework/Versions/A/libvMisc.dylib
0x0000000022a6d000 	/System/Library/Frameworks/Accelerate.framework/Versions/A/Frameworks/vecLib.framework/Versions/A/libLAPACK.dylib
0x0000000022a6d000 	/System/Library/Frameworks/Accelerate.framework/Versions/A/Frameworks/vecLib.framework/Versions/A/libBLAS.dylib
0x0000000022a6d000 	/System/Library/Frameworks/Accelerate.framework/Versions/A/Frameworks/vecLib.framework/Versions/A/libLinearAlgebra.dylib
0x0000000022a6d000 	/System/Library/Frameworks/Accelerate.framework/Versions/A/Frameworks/vecLib.framework/Versions/A/libSparse.dylib
0x0000000022a6d000 	/System/Library/Frameworks/Accelerate.framework/Versions/A/Frameworks/vecLib.framework/Versions/A/libSparseBLAS.dylib
0x0000000022a6d000 	/System/Library/PrivateFrameworks/IOAccelerator.framework/Versions/A/IOAccelerator
0x0000000022a6d000 	/System/Library/PrivateFrameworks/IOPresentment.framework/Versions/A/IOPresentment
0x0000000022a6d000 	/System/Library/PrivateFrameworks/DSExternalDisplay.framework/Versions/A/DSExternalDisplay
0x0000000022a6d000 	/System/Library/Frameworks/OpenGL.framework/Versions/A/Libraries/libCoreFSCache.dylib
0x0000000022a6d000 	/System/Library/Frameworks/CoreVideo.framework/Versions/A/CoreVideo
0x0000000022a6d000 	/System/Library/PrivateFrameworks/GraphVisualizer.framework/Versions/A/GraphVisualizer
0x0000000022a6d000 	/System/Library/Frameworks/MetalPerformanceShaders.framework/Versions/A/MetalPerformanceShaders
0x0000000022a6d000 	/usr/lib/libFosl_dynamic.dylib
0x0000000022a6d000 	/System/Library/PrivateFrameworks/FaceCore.framework/Versions/A/FaceCore
0x0000000022a6d000 	/System/Library/Frameworks/OpenCL.framework/Versions/A/OpenCL
0x0000000022a6d000 	/usr/lib/libcompression.dylib
0x0000000022a6d000 	/System/Library/Frameworks/ApplicationServices.framework/Versions/A/Frameworks/ATS.framework/Versions/A/Resources/libFontParser.dylib
0x0000000022a6d000 	/System/Library/Frameworks/ApplicationServices.framework/Versions/A/Frameworks/ATS.framework/Versions/A/Resources/libFontRegistry.dylib
0x0000000022a6d000 	/System/Library/Frameworks/ImageIO.framework/Versions/A/Resources/libJPEG.dylib
0x0000000022a6d000 	/System/Library/Frameworks/ImageIO.framework/Versions/A/Resources/libTIFF.dylib
0x0000000022a6d000 	/System/Library/Frameworks/ImageIO.framework/Versions/A/Resources/libPng.dylib
0x0000000022a6d000 	/System/Library/Frameworks/ImageIO.framework/Versions/A/Resources/libGIF.dylib
0x0000000022a6d000 	/System/Library/Frameworks/ImageIO.framework/Versions/A/Resources/libJP2.dylib
0x0000000022a6d000 	/System/Library/Frameworks/ImageIO.framework/Versions/A/Resources/libRadiance.dylib
0x0000000022a6d000 	/System/Library/PrivateFrameworks/AppleJPEG.framework/Versions/A/AppleJPEG
0x0000000022a6d000 	/System/Library/PrivateFrameworks/MetalTools.framework/Versions/A/MetalTools
0x0000000022a6d000 	/System/Library/Frameworks/MetalPerformanceShaders.framework/Frameworks/MPSCore.framework/Versions/A/MPSCore
0x0000000022a6d000 	/System/Library/Frameworks/MetalPerformanceShaders.framework/Frameworks/MPSImage.framework/Versions/A/MPSImage
0x0000000022a6d000 	/System/Library/Frameworks/MetalPerformanceShaders.framework/Frameworks/MPSMatrix.framework/Versions/A/MPSMatrix
0x0000000022a6d000 	/System/Library/Frameworks/MetalPerformanceShaders.framework/Frameworks/MPSNeuralNetwork.framework/Versions/A/MPSNeuralNetwork
0x0000000022a6d000 	/System/Library/Frameworks/OpenGL.framework/Versions/A/Libraries/libGLU.dylib
0x0000000022a6d000 	/System/Library/Frameworks/OpenGL.framework/Versions/A/Libraries/libGFXShared.dylib
0x0000000022a6d000 	/System/Library/Frameworks/OpenGL.framework/Versions/A/Libraries/libGL.dylib
0x0000000022a6d000 	/System/Library/Frameworks/OpenGL.framework/Versions/A/Libraries/libGLImage.dylib
0x0000000022a6d000 	/System/Library/Frameworks/OpenGL.framework/Versions/A/Libraries/libCVMSPluginSupport.dylib
0x0000000022a6d000 	/System/Library/Frameworks/OpenGL.framework/Versions/A/Libraries/libCoreVMClient.dylib
0x0000000022a6d000 	/usr/lib/libcups.2.dylib
0x0000000022a6d000 	/System/Library/Frameworks/Kerberos.framework/Versions/A/Kerberos
0x0000000022a6d000 	/System/Library/Frameworks/GSS.framework/Versions/A/GSS
0x0000000022a6d000 	/usr/lib/libresolv.9.dylib
0x0000000022a6d000 	/usr/lib/libiconv.2.dylib
0x0000000022a6d000 	/System/Library/PrivateFrameworks/Heimdal.framework/Versions/A/Heimdal
0x0000000022a6d000 	/usr/lib/libheimdal-asn1.dylib
0x0000000022a6d000 	/System/Library/Frameworks/OpenDirectory.framework/Versions/A/OpenDirectory
0x0000000022a6d000 	/System/Library/PrivateFrameworks/CommonAuth.framework/Versions/A/CommonAuth
0x0000000022a6d000 	/System/Library/Frameworks/OpenDirectory.framework/Versions/A/Frameworks/CFOpenDirectory.framework/Versions/A/CFOpenDirectory
0x0000000022a6d000 	/System/Library/Frameworks/SecurityFoundation.framework/Versions/A/SecurityFoundation
0x0000000022a6d000 	/System/Library/PrivateFrameworks/APFS.framework/Versions/A/APFS
0x0000000022a6d000 	/usr/lib/libutil.dylib
0x0000000022a6d000 	/System/Library/PrivateFrameworks/AppleSauce.framework/Versions/A/AppleSauce
0x0000000022a6d000 	/System/Library/PrivateFrameworks/LinguisticData.framework/Versions/A/LinguisticData
0x0000000022a6d000 	/usr/lib/libmarisa.dylib
0x0000000022a6d000 	/System/Library/PrivateFrameworks/Lexicon.framework/Versions/A/Lexicon
0x0000000022a6d000 	/usr/lib/libChineseTokenizer.dylib
0x0000000022a6d000 	/usr/lib/libcmph.dylib
0x0000000022a6d000 	/System/Library/PrivateFrameworks/LanguageModeling.framework/Versions/A/LanguageModeling
0x0000000022a6d000 	/System/Library/PrivateFrameworks/CoreEmoji.framework/Versions/A/CoreEmoji
0x0000000022a6d000 	/System/Library/Frameworks/ServiceManagement.framework/Versions/A/ServiceManagement
0x0000000022a6d000 	/System/Library/PrivateFrameworks/BackgroundTaskManagement.framework/Versions/A/BackgroundTaskManagement
0x0000000022a6d000 	/usr/lib/libxslt.1.dylib
0x0000000022a6d000 	/System/Library/Frameworks/Carbon.framework/Versions/A/Frameworks/Ink.framework/Versions/A/Ink
0x0000000022a6d000 	/System/Library/PrivateFrameworks/TextureIO.framework/Versions/A/TextureIO
0x0000000022a6d000 	/usr/lib/libate.dylib
0x0000000022a6d000 	/System/Library/PrivateFrameworks/CrashReporterSupport.framework/Versions/A/CrashReporterSupport
0x0000000022a6d000 	/System/Library/PrivateFrameworks/Sharing.framework/Versions/A/Sharing
0x0000000022a6d000 	/System/Library/PrivateFrameworks/IconServices.framework/Versions/A/IconServices
0x0000000022a6d000 	/System/Library/PrivateFrameworks/ProtocolBuffer.framework/Versions/A/ProtocolBuffer
0x0000000022a6d000 	/System/Library/PrivateFrameworks/Apple80211.framework/Versions/A/Apple80211
0x0000000022a6d000 	/System/Library/Frameworks/CoreWLAN.framework/Versions/A/CoreWLAN
0x0000000022a6d000 	/System/Library/PrivateFrameworks/CoreUtils.framework/Versions/A/CoreUtils
0x0000000022a6d000 	/System/Library/Frameworks/IOBluetooth.framework/Versions/A/IOBluetooth
0x0000000022a6d000 	/System/Library/PrivateFrameworks/CoreWiFi.framework/Versions/A/CoreWiFi
0x0000000022a6d000 	/System/Library/Frameworks/CoreBluetooth.framework/Versions/A/CoreBluetooth
0x0000000022a6d000 	/System/Library/PrivateFrameworks/SignpostNotification.framework/Versions/A/SignpostNotification
0x0000000022a6d000 	/System/Library/PrivateFrameworks/DebugSymbols.framework/Versions/A/DebugSymbols
0x0000000022a6d000 	/System/Library/PrivateFrameworks/CoreSymbolication.framework/Versions/A/CoreSymbolication
0x0000000022a6d000 	/System/Library/PrivateFrameworks/Symbolication.framework/Versions/A/Symbolication
0x0000000022a6d000 	/System/Library/PrivateFrameworks/AppleFSCompression.framework/Versions/A/AppleFSCompression
0x0000000022a6d000 	/System/Library/PrivateFrameworks/SpeechRecognitionCore.framework/Versions/A/SpeechRecognitionCore
0x0000000110600000 	/Library/Java/JavaVirtualMachines/jdk1.7.0_79.jdk/Contents/Home/jre/lib/server/libjvm.dylib
0x0000000022a6d000 	/usr/lib/libstdc++.6.0.9.dylib
0x000000010fc70000 	/Library/Java/JavaVirtualMachines/jdk1.7.0_79.jdk/Contents/Home/jre/lib/libverify.dylib
0x000000010fc7d000 	/Library/Java/JavaVirtualMachines/jdk1.7.0_79.jdk/Contents/Home/jre/lib/libjava.dylib
0x000000010fcf7000 	/Library/Java/JavaVirtualMachines/jdk1.7.0_79.jdk/Contents/Home/jre/lib/libzip.dylib
0x0000000022a6d000 	/System/Library/Frameworks/JavaVM.framework/Versions/A/Frameworks/JavaRuntimeSupport.framework/Versions/A/JavaRuntimeSupport
0x0000000022a6d000 	/System/Library/Frameworks/JavaVM.framework/Versions/A/Frameworks/JavaNativeFoundation.framework/Versions/A/JavaNativeFoundation
0x0000000022a6d000 	/System/Library/Frameworks/JavaVM.framework/Versions/A/JavaVM
0x0000000022a6d000 	/System/Library/Frameworks/Carbon.framework/Versions/A/Carbon
0x0000000022a6d000 	/System/Library/PrivateFrameworks/JavaLaunching.framework/Versions/A/JavaLaunching
0x0000000022a6d000 	/System/Library/Frameworks/Carbon.framework/Versions/A/Frameworks/CommonPanels.framework/Versions/A/CommonPanels
0x0000000022a6d000 	/System/Library/Frameworks/Carbon.framework/Versions/A/Frameworks/Help.framework/Versions/A/Help
0x0000000022a6d000 	/System/Library/Frameworks/Carbon.framework/Versions/A/Frameworks/ImageCapture.framework/Versions/A/ImageCapture
0x0000000022a6d000 	/System/Library/Frameworks/Carbon.framework/Versions/A/Frameworks/OpenScripting.framework/Versions/A/OpenScripting
0x0000000022a6d000 	/System/Library/Frameworks/Carbon.framework/Versions/A/Frameworks/Print.framework/Versions/A/Print
0x0000000022a6d000 	/System/Library/Frameworks/Carbon.framework/Versions/A/Frameworks/SecurityHI.framework/Versions/A/SecurityHI
0x000000011a2dc000 	/Library/Java/JavaVirtualMachines/jdk1.7.0_79.jdk/Contents/Home/jre/lib/libawt.dylib
0x000000011a38b000 	/Library/Java/JavaVirtualMachines/jdk1.7.0_79.jdk/Contents/Home/jre/lib/./libmlib_image.dylib
0x000000011a457000 	/Library/Java/JavaVirtualMachines/jdk1.7.0_79.jdk/Contents/Home/jre/lib/lwawt/liblwawt.dylib
0x000000011a50d000 	/Library/Java/JavaVirtualMachines/jdk1.7.0_79.jdk/Contents/Home/jre/lib/libosxapp.dylib
0x0000000022a6d000 	/System/Library/Frameworks/ExceptionHandling.framework/Versions/A/ExceptionHandling
0x0000000022a6d000 	/System/Library/PrivateFrameworks/CoreServicesInternal.framework/Versions/A/CoreServicesInternal
0x0000000022a6d000 	/System/Library/CoreServices/RawCamera.bundle/Contents/MacOS/RawCamera
0x0000000022a6d000 	/System/Library/PrivateFrameworks/MobileAsset.framework/Versions/A/MobileAsset
0x0000000022a6d000 	/System/Library/PrivateFrameworks/StreamingZip.framework/Versions/A/StreamingZip
0x0000000022a6d000 	/System/Library/Frameworks/MediaToolbox.framework/Versions/A/MediaToolbox
0x0000000022a6d000 	/System/Library/PrivateFrameworks/CoreAVCHD.framework/Versions/A/CoreAVCHD
0x0000000022a6d000 	/System/Library/Frameworks/MediaAccessibility.framework/Versions/A/MediaAccessibility
0x0000000022a6d000 	/System/Library/PrivateFrameworks/Mangrove.framework/Versions/A/Mangrove
0x0000000022a6d000 	/System/Library/Frameworks/CoreMedia.framework/Versions/A/CoreMedia
0x0000000022a6d000 	/System/Library/Frameworks/VideoToolbox.framework/Versions/A/VideoToolbox
0x0000000022a6d000 	/System/Library/PrivateFrameworks/CoreAUC.framework/Versions/A/CoreAUC
0x0000000022a6d000 	/usr/lib/libspindump.dylib
0x0000000022a6d000 	/usr/lib/libdscsym.dylib
0x0000000022a6d000 	/System/Library/PrivateFrameworks/AppleVA.framework/Versions/A/AppleVA
0x0000000022a6d000 	/System/Library/Frameworks/Accelerate.framework/Versions/A/Frameworks/vImage.framework/Versions/A/Libraries/libCGInterfaces.dylib
0x0000000022a6d000 	/System/Library/Frameworks/ApplicationServices.framework/Versions/A/Frameworks/ATS.framework/Versions/A/Resources/libTrueTypeScaler.dylib
0x0000000022a6d000 	/System/Library/Frameworks/OpenGL.framework/Versions/A/Resources/GLEngine.bundle/GLEngine
0x0000000022a6d000 	/System/Library/Frameworks/OpenGL.framework/Versions/A/Libraries/libGLProgrammability.dylib
0x000000011df9a000 	/System/Library/Extensions/AppleIntelBDWGraphicsGLDriver.bundle/Contents/MacOS/AppleIntelBDWGraphicsGLDriver
0x0000000022a6d000 	/System/Library/PrivateFrameworks/GPUSupport.framework/Versions/A/Libraries/libGPUSupportMercury.dylib
0x0000000022a6d000 	/System/Library/Frameworks/OpenGL.framework/Versions/A/Resources/GLRendererFloat.bundle/GLRendererFloat
0x0000000022a6d000 	/System/Library/Frameworks/OpenCL.framework/Versions/A/Libraries/libcldcpuengine.dylib
0x0000000022a6d000 	/usr/lib/libcrypto.35.dylib
0x0000000022a6d000 	/System/Library/PrivateFrameworks/TrustEvaluationAgent.framework/Versions/A/TrustEvaluationAgent
0x0000000022a6d000 	/System/Library/Extensions/AppleIntelBDWGraphicsMTLDriver.bundle/Contents/MacOS/AppleIntelBDWGraphicsMTLDriver
0x0000000022a6d000 	/System/Library/PrivateFrameworks/GPUCompiler.framework/Versions/3802/Libraries/libmetal_timestamp.dylib
0x0000000022a6d000 	/System/Library/PrivateFrameworks/FamilyControls.framework/Versions/A/FamilyControls
0x0000000022a6d000 	/System/Library/PrivateFrameworks/CommerceKit.framework/Versions/A/Frameworks/CommerceCore.framework/Versions/A/CommerceCore
0x0000000022a6d000 	/System/Library/PrivateFrameworks/SystemAdministration.framework/Versions/A/SystemAdministration
0x0000000022a6d000 	/System/Library/PrivateFrameworks/AppContainer.framework/Versions/A/AppContainer
0x0000000022a6d000 	/System/Library/PrivateFrameworks/SecCodeWrapper.framework/Versions/A/SecCodeWrapper
0x0000000022a6d000 	/System/Library/PrivateFrameworks/DiskManagement.framework/Versions/A/DiskManagement
0x0000000022a6d000 	/System/Library/Frameworks/DirectoryService.framework/Versions/A/DirectoryService
0x0000000022a6d000 	/System/Library/PrivateFrameworks/DiskImages.framework/Versions/A/DiskImages
0x0000000022a6d000 	/System/Library/PrivateFrameworks/LoginUIKit.framework/Versions/A/Frameworks/LoginUICore.framework/Versions/A/LoginUICore
0x0000000022a6d000 	/usr/lib/libCoreStorage.dylib
0x0000000022a6d000 	/usr/lib/libcsfde.dylib
0x0000000022a6d000 	/usr/lib/libodfde.dylib
0x0000000022a6d000 	/System/Library/PrivateFrameworks/MediaKit.framework/Versions/A/MediaKit
0x0000000022a6d000 	/System/Library/Frameworks/DiscRecording.framework/Versions/A/DiscRecording
0x0000000022a6d000 	/System/Library/PrivateFrameworks/EFILogin.framework/Versions/A/EFILogin
0x0000000022a6d000 	/System/Library/PrivateFrameworks/ProtectedCloudStorage.framework/Versions/A/ProtectedCloudStorage
0x0000000022a6d000 	/usr/lib/libcurl.4.dylib
0x0000000022a6d000 	/usr/lib/libssl.35.dylib
0x0000000022a6d000 	/System/Library/Frameworks/LDAP.framework/Versions/A/LDAP
0x0000000022a6d000 	/usr/lib/libsasl2.2.dylib
0x0000000022a6d000 	/System/Library/PrivateFrameworks/CoreDaemon.framework/Versions/B/CoreDaemon
0x0000000022a6d000 	/System/Library/PrivateFrameworks/AppleSRP.framework/Versions/A/AppleSRP
0x000000011ed20000 	/Library/Java/JavaVirtualMachines/jdk1.7.0_79.jdk/Contents/Home/jre/lib/libfontmanager.dylib
0x000000011c556000 	/Library/Java/JavaVirtualMachines/jdk1.7.0_79.jdk/Contents/Home/jre/lib/libosxui.dylib
0x0000000022a6d000 	/System/Library/PrivateFrameworks/ViewBridge.framework/Versions/A/ViewBridge
0x00000001203f8000 	/Library/Java/JavaVirtualMachines/jdk1.7.0_79.jdk/Contents/Home/jre/lib/libosx.dylib
0x0000000120406000 	/Library/Java/JavaVirtualMachines/jdk1.7.0_79.jdk/Contents/Home/jre/lib/libnio.dylib
0x0000000120415000 	/Library/Java/JavaVirtualMachines/jdk1.7.0_79.jdk/Contents/Home/jre/lib/./libnet.dylib
0x000000011c360000 	/Library/Java/JavaVirtualMachines/jdk1.7.0_79.jdk/Contents/Home/jre/lib/libdcpr.dylib

VM Arguments:
jvm_args: -Dfile.encoding=UTF-8 
java_command: speedith.Main
Launcher Type: SUN_STANDARD

Environment Variables:
PATH=/usr/bin:/bin:/usr/sbin:/sbin
SHELL=/bin/bash
DISPLAY=/private/tmp/com.apple.launchd.9fkuNE3eRf/org.macosforge.xquartz:0

Signal Handlers:
SIGSEGV: [libjvm.dylib+0x52daf1], sa_mask[0]=0xfffefeff, sa_flags=0x00000043
SIGBUS: [libjvm.dylib+0x52daf1], sa_mask[0]=0xfffefeff, sa_flags=0x00000042
SIGFPE: [libjvm.dylib+0x41f34e], sa_mask[0]=0xfffefeff, sa_flags=0x00000042
SIGPIPE: [libjvm.dylib+0x41f34e], sa_mask[0]=0xfffefeff, sa_flags=0x00000042
SIGXFSZ: [libjvm.dylib+0x41f34e], sa_mask[0]=0xfffefeff, sa_flags=0x00000042
SIGILL: [libjvm.dylib+0x41f34e], sa_mask[0]=0xfffefeff, sa_flags=0x00000042
SIGUSR1: SIG_DFL, sa_mask[0]=0x00000000, sa_flags=0x00000000
SIGUSR2: [libjvm.dylib+0x41ee40], sa_mask[0]=0x00000004, sa_flags=0x00000042
SIGHUP: [libjvm.dylib+0x41d0d1], sa_mask[0]=0xfffefeff, sa_flags=0x00000042
SIGINT: [libjvm.dylib+0x41d0d1], sa_mask[0]=0xfffefeff, sa_flags=0x00000042
SIGTERM: [libjvm.dylib+0x41d0d1], sa_mask[0]=0xfffefeff, sa_flags=0x00000042
SIGQUIT: [libjvm.dylib+0x41d0d1], sa_mask[0]=0xfffefeff, sa_flags=0x00000042


---------------  S Y S T E M  ---------------

OS:Bsduname:Darwin 17.3.0 Darwin Kernel Version 17.3.0: Thu Nov  9 18:09:22 PST 2017; root:xnu-4570.31.3~1/RELEASE_X86_64 x86_64
rlimit: STACK 8192k, CORE 0k, NPROC 709, NOFILE 10240, AS infinity
load average:4.09 2.68 2.11

CPU:total 4 (2 cores per cpu, 2 threads per core) family 6 model 61 stepping 4, cmov, cx8, fxsr, mmx, sse, sse2, sse3, ssse3, sse4.1, sse4.2, popcnt, avx, avx2, aes, erms, ht, tsc, tscinvbit

Memory: 4k page, physical 8388608k(2097152k free)

/proc/meminfo:


vm_info: Java HotSpot(TM) 64-Bit Server VM (24.79-b02) for bsd-amd64 JRE (1.7.0_79-b15), built on Apr 10 2015 11:35:04 by "java_re" with gcc 4.2.1 (Based on Apple Inc. build 5658) (LLVM build 2336.11.00)

time: Thu Jan 11 15:21:33 2018
elapsed time: 5918 seconds

