#
# A fatal error has been detected by the Java Runtime Environment:
#
#  SIGSEGV (0xb) at pc=0x0000000118ee7b43, pid=1724, tid=47155
#
# JRE version: Java(TM) SE Runtime Environment (7.0_79-b15) (build 1.7.0_79-b15)
# Java VM: Java HotSpot(TM) 64-Bit Server VM (24.79-b02 mixed mode bsd-amd64 compressed oops)
# Problematic frame:
# C  [liblwawt.dylib+0x12b43]  OGLSD_SetScratchSurface+0x3d
#
# Failed to write core dump. Core dumps have been disabled. To enable core dumping, try "ulimit -c unlimited" before starting Java again
#
# If you would like to submit a bug report, please visit:
#   http://bugreport.java.com/bugreport/crash.jsp
# The crash happened outside the Java Virtual Machine in native code.
# See problematic frame for where to report the bug.
#

---------------  T H R E A D  ---------------

Current thread (0x00007fed6aabc800):  JavaThread "Java2D Queue Flusher" daemon [_thread_in_native, id=47155, stack(0x000070000fbe3000,0x000070000fce3000)]

siginfo:si_signo=SIGSEGV: si_errno=0, si_code=1 (SEGV_MAPERR), si_addr=0x0000000280000000

Registers:
RAX=0x00007fed6aae1078, RBX=0x00007fed6aabc9e8, RCX=0x00007fed6aae1080, RDX=0x0000000118edda0c
RSP=0x000070000fce27a0, RBP=0x000070000fce27c0, RSI=0x00007fed68fd63d0, RDI=0x00007fed6aae1078
R8 =0x00007fed68c66040, R9 =0x0000000000083568, R10=0x000000010e07e72c, R11=0x000000010da77353
R12=0x0000000000000000, R13=0x000000077b3a6220, R14=0x00007fed68fcb050, R15=0x0000000280000000
RIP=0x0000000118ee7b43, EFLAGS=0x0000000000010206, ERR=0x0000000000000004
  TRAPNO=0x000000000000000e

Top of Stack: (sp=0x000070000fce27a0)
0x000070000fce27a0:   00007fed68fd63d0 0000000000000000
0x000070000fce27b0:   00007fed6aab4010 00007fed6aabc800
0x000070000fce27c0:   000070000fce2840 0000000118edd4ea
0x000070000fce27d0:   0000000000000000 000000010d6f6288
0x000070000fce27e0:   0000000000000064 00007fed6aabc800
0x000070000fce27f0:   0000000000000bad 0000000000000bad
0x000070000fce2800:   00007fed6aabc800 00007fed6aab4020
0x000070000fce2810:   00007fed00c66000 00007fed6aabc9e8
0x000070000fce2820:   000000077b3a6220 0000000000000000
0x000070000fce2830:   000070000fce28e8 00007fed6aabc800
0x000070000fce2840:   000070000fce28b0 000000010e07e758
0x000070000fce2850:   000070000fce2890 000000077af0f488
0x000070000fce2860:   000070000fce2880 0000000000000064
0x000070000fce2870:   000070000fce2870 0000000000000000
0x000070000fce2880:   000070000fce28e8 000000077b3a7a08
0x000070000fce2890:   0000000000000000 000000077b3a6220
0x000070000fce28a0:   0000000000000000 000070000fce28d0
0x000070000fce28b0:   000070000fce2930 000000010e072058
0x000070000fce28c0:   0000000000000000 000000010e07acd8
0x000070000fce28d0:   0000000000000020 00007fed6aab4000
0x000070000fce28e0:   00000007816b9778 00000007816b9760
0x000070000fce28f0:   000070000fce28f0 000000077b3a6305
0x000070000fce2900:   000070000fce2948 000000077b3a7a08
0x000070000fce2910:   0000000000000000 000000077b3a6328
0x000070000fce2920:   000070000fce28d0 000070000fce2948
0x000070000fce2930:   000070000fce2990 000000010e072058
0x000070000fce2940:   0000000000000020 00000007816b9760
0x000070000fce2950:   000070000fce2950 000000077b3a64b9
0x000070000fce2960:   000070000fce29a0 000000077b3a7a08
0x000070000fce2970:   0000000000000000 000000077b3a64c8
0x000070000fce2980:   000070000fce2948 000070000fce29a0
0x000070000fce2990:   000070000fce29f8 000000010e072058 

Instructions: (pc=0x0000000118ee7b43)
0x0000000118ee7b23:   c0 be 01 00 00 00 e8 b0 2c 03 00 31 c0 eb 6d 48
0x0000000118ee7b33:   89 fb 4c 8b 76 10 4d 8b 3e 30 c0 e8 6f 31 03 00
0x0000000118ee7b43:   49 8b 3f 49 89 c4 48 8b 35 d8 7e 06 00 30 c0 e8
0x0000000118ee7b53:   99 32 03 00 48 85 c0 75 4c 30 c0 e8 79 60 ff ff 

Register to memory mapping:

RAX=0x00007fed6aae1078 is an unknown value
RBX=0x00007fed6aabc9e8 is an unknown value
RCX=0x00007fed6aae1080 is an unknown value
RDX=0x0000000118edda0c: Java_sun_java2d_opengl_OGLRenderQueue_flushBuffer+0xb5c in /Library/Java/JavaVirtualMachines/jdk1.7.0_79.jdk/Contents/Home/jre/lib/lwawt/liblwawt.dylib at 0x0000000118ed5000
RSP=0x000070000fce27a0 is pointing into the stack for thread: 0x00007fed6aabc800
RBP=0x000070000fce27c0 is pointing into the stack for thread: 0x00007fed6aabc800
RSI=0x00007fed68fd63d0 is an unknown value
RDI=0x00007fed6aae1078 is an unknown value
R8 =0x00007fed68c66040 is an unknown value
R9 =0x0000000000083568 is an unknown value
R10=0x000000010e07e72c is at code_begin+620 in an Interpreter codelet
method entry point (kind = native)  [0x000000010e07e4c0, 0x000000010e07ed00]  2112 bytes
R11=0x000000010da77353: throw_unsatisfied_link_error+0 in /Library/Java/JavaVirtualMachines/jdk1.7.0_79.jdk/Contents/Home/jre/lib/server/libjvm.dylib at 0x000000010d600000
R12=0x0000000000000000 is an unknown value
R13=0x000000077b3a6220 is an oop
{method} 
 - klass: {other class}
R14=0x00007fed68fcb050 is an unknown value
R15=0x0000000280000000 is an unknown value


Stack: [0x000070000fbe3000,0x000070000fce3000],  sp=0x000070000fce27a0,  free space=1021k
Native frames: (J=compiled Java code, j=interpreted, Vv=VM code, C=native code)
C  [liblwawt.dylib+0x12b43]  OGLSD_SetScratchSurface+0x3d
C  [liblwawt.dylib+0x84ea]  Java_sun_java2d_opengl_OGLRenderQueue_flushBuffer+0x63a
j  sun.java2d.opengl.OGLRenderQueue.flushBuffer(JI)V+0
j  sun.java2d.opengl.OGLRenderQueue.flushBuffer()V+21
j  sun.java2d.opengl.OGLRenderQueue.access$100(Lsun/java2d/opengl/OGLRenderQueue;)V+1
j  sun.java2d.opengl.OGLRenderQueue$QueueFlusher.run()V+81
v  ~StubRoutines::call_stub
V  [libjvm.dylib+0x2dbef8]  JavaCalls::call_helper(JavaValue*, methodHandle*, JavaCallArguments*, Thread*)+0x22a
V  [libjvm.dylib+0x2dc40f]  JavaCalls::call_virtual(JavaValue*, KlassHandle, Symbol*, Symbol*, JavaCallArguments*, Thread*)+0x11b
V  [libjvm.dylib+0x2dc54c]  JavaCalls::call_virtual(JavaValue*, Handle, KlassHandle, Symbol*, Symbol*, Thread*)+0x4a
V  [libjvm.dylib+0x32b43a]  thread_entry(JavaThread*, Thread*)+0xad
V  [libjvm.dylib+0x4f759d]  JavaThread::thread_main_inner()+0x9b
V  [libjvm.dylib+0x4f8ca5]  JavaThread::run()+0x1a3
V  [libjvm.dylib+0x421c4e]  java_start(Thread*)+0x126
C  [libsystem_pthread.dylib+0x393b]  _pthread_body+0xb4
C  [libsystem_pthread.dylib+0x3887]  _pthread_body+0x0
C  [libsystem_pthread.dylib+0x308d]  thread_start+0xd

Java frames: (J=compiled Java code, j=interpreted, Vv=VM code)
j  sun.java2d.opengl.OGLRenderQueue.flushBuffer(JI)V+0
j  sun.java2d.opengl.OGLRenderQueue.flushBuffer()V+21
j  sun.java2d.opengl.OGLRenderQueue.access$100(Lsun/java2d/opengl/OGLRenderQueue;)V+1
j  sun.java2d.opengl.OGLRenderQueue$QueueFlusher.run()V+81
v  ~StubRoutines::call_stub

---------------  P R O C E S S  ---------------

Java Threads: ( => current thread )
  0x00007fed6aaef800 JavaThread "Thread-3" daemon [_thread_blocked, id=26403, stack(0x000070000ffef000,0x00007000100ef000)]
  0x00007fed69a98000 JavaThread "TimerQueue" daemon [_thread_blocked, id=66359, stack(0x0000700010175000,0x0000700010275000)]
  0x00007fed6900f800 JavaThread "Timer-0" daemon [_thread_blocked, id=62211, stack(0x000070000feec000,0x000070000ffec000)]
  0x00007fed6a182000 JavaThread "DestroyJavaVM" [_thread_blocked, id=6915, stack(0x000070000ebad000,0x000070000ecad000)]
  0x00007fed6aacc000 JavaThread "AWT-EventQueue-0" [_thread_blocked, id=61747, stack(0x000070000fde9000,0x000070000fee9000)]
  0x00007fed699b8800 JavaThread "Java2D Disposer" daemon [_thread_blocked, id=56343, stack(0x000070000fce6000,0x000070000fde6000)]
=>0x00007fed6aabc800 JavaThread "Java2D Queue Flusher" daemon [_thread_in_native, id=47155, stack(0x000070000fbe3000,0x000070000fce3000)]
  0x00007fed6a89a000 JavaThread "AWT-Shutdown" [_thread_blocked, id=28959, stack(0x000070000f9da000,0x000070000fada000)]
  0x00007fed6992e800 JavaThread "AppKit Thread" daemon [_thread_in_native, id=775, stack(0x00007fff526c9000,0x00007fff52ec9000)]
  0x00007fed6981d800 JavaThread "Service Thread" daemon [_thread_blocked, id=18179, stack(0x000070000f751000,0x000070000f851000)]
  0x00007fed69053000 JavaThread "C2 CompilerThread1" daemon [_thread_blocked, id=17667, stack(0x000070000f64e000,0x000070000f74e000)]
  0x00007fed6a00c000 JavaThread "C2 CompilerThread0" daemon [_thread_blocked, id=17155, stack(0x000070000f54b000,0x000070000f64b000)]
  0x00007fed6a00a000 JavaThread "Signal Dispatcher" daemon [_thread_blocked, id=16643, stack(0x000070000f448000,0x000070000f548000)]
  0x00007fed6904d800 JavaThread "Finalizer" daemon [_thread_blocked, id=12291, stack(0x000070000f2c2000,0x000070000f3c2000)]
  0x00007fed69811000 JavaThread "Reference Handler" daemon [_thread_blocked, id=11779, stack(0x000070000f1bf000,0x000070000f2bf000)]

Other Threads:
  0x00007fed6980e800 VMThread [stack: 0x000070000f0bc000,0x000070000f1bc000] [id=11267]
  0x00007fed6904e800 WatcherThread [stack: 0x000070000f854000,0x000070000f954000] [id=18691]

VM state:not at safepoint (normal execution)

VM Mutex/Monitor currently owned by a thread: None

Heap
 PSYoungGen      total 46592K, used 19746K [0x00000007d5500000, 0x00000007d9880000, 0x0000000800000000)
  eden space 28160K, 13% used [0x00000007d5500000,0x00000007d58cbc50,0x00000007d7080000)
  from space 18432K, 86% used [0x00000007d8400000,0x00000007d937ce70,0x00000007d9600000)
  to   space 19968K, 0% used [0x00000007d7080000,0x00000007d7080000,0x00000007d8400000)
 ParOldGen       total 87040K, used 40995K [0x0000000780000000, 0x0000000785500000, 0x00000007d5500000)
  object space 87040K, 47% used [0x0000000780000000,0x0000000782808d00,0x0000000785500000)
 PSPermGen       total 23552K, used 23078K [0x000000077ae00000, 0x000000077c500000, 0x0000000780000000)
  object space 23552K, 97% used [0x000000077ae00000,0x000000077c4899d0,0x000000077c500000)

Card table byte_map: [0x000000011112c000,0x0000000111556000] byte_map_base: 0x000000010d555000

Polling page: 0x000000010cdf0000

Code Cache  [0x000000010e06c000, 0x000000010e33c000, 0x000000011106c000)
 total_blobs=1441 nmethods=887 adapters=507 free_code_cache=46420Kb largest_free_block=47420160

Compilation events (10 events):
Event: 3191.784 Thread 0x00007fed6a00c000  913             java.beans.PropertyChangeEvent::getOldValue (5 bytes)
Event: 3191.784 Thread 0x00007fed6a00c000 nmethod 913 0x000000010e2056d0 code [0x000000010e205800, 0x000000010e205878]
Event: 3191.785 Thread 0x00007fed6a00c000  915             java.beans.PropertyChangeSupport::firePropertyChange (81 bytes)
Event: 3191.785 Thread 0x00007fed69053000  914             java.beans.PropertyChangeSupport::firePropertyChange (35 bytes)
Event: 3191.789 Thread 0x00007fed6a00c000 nmethod 915 0x000000010e1e8390 code [0x000000010e1e8520, 0x000000010e1e8818]
Event: 3191.789 Thread 0x00007fed6a00c000  916             java.util.HashMap::removeEntryForKey (159 bytes)
Event: 3191.792 Thread 0x00007fed69053000 nmethod 914 0x000000010e1e7850 code [0x000000010e1e7a00, 0x000000010e1e7e58]
Event: 3191.792 Thread 0x00007fed6a00c000 nmethod 916 0x000000010e212910 code [0x000000010e212aa0, 0x000000010e212ec8]
Event: 3333.609 Thread 0x00007fed69053000  917             java.util.concurrent.locks.LockSupport::unpark (12 bytes)
Event: 3333.609 Thread 0x00007fed69053000 nmethod 917 0x000000010e213410 code [0x000000010e213560, 0x000000010e2135c8]

GC Heap History (10 events):
Event: 1455.805 GC heap before
{Heap before GC invocations=8 (full 0):
 PSYoungGen      total 48128K, used 46463K [0x00000007d5500000, 0x00000007d9680000, 0x0000000800000000)
  eden space 32256K, 100% used [0x00000007d5500000,0x00000007d7480000,0x00000007d7480000)
  from space 15872K, 89% used [0x00000007d7500000,0x00000007d82dfc60,0x00000007d8480000)
  to   space 17408K, 0% used [0x00000007d8580000,0x00000007d8580000,0x00000007d9680000)
 ParOldGen       total 87040K, used 26077K [0x0000000780000000, 0x0000000785500000, 0x00000007d5500000)
  object space 87040K, 29% used [0x0000000780000000,0x0000000781977450,0x0000000785500000)
 PSPermGen       total 23040K, used 22936K [0x000000077ae00000, 0x000000077c480000, 0x0000000780000000)
  object space 23040K, 99% used [0x000000077ae00000,0x000000077c4660d0,0x000000077c480000)
Event: 1455.826 GC heap after
Heap after GC invocations=8 (full 0):
 PSYoungGen      total 48640K, used 14367K [0x00000007d5500000, 0x00000007d9800000, 0x0000000800000000)
  eden space 31232K, 0% used [0x00000007d5500000,0x00000007d5500000,0x00000007d7380000)
  from space 17408K, 82% used [0x00000007d8580000,0x00000007d9387c60,0x00000007d9680000)
  to   space 18432K, 0% used [0x00000007d7380000,0x00000007d7380000,0x00000007d8580000)
 ParOldGen       total 87040K, used 27349K [0x0000000780000000, 0x0000000785500000, 0x00000007d5500000)
  object space 87040K, 31% used [0x0000000780000000,0x0000000781ab5450,0x0000000785500000)
 PSPermGen       total 23040K, used 22936K [0x000000077ae00000, 0x000000077c480000, 0x0000000780000000)
  object space 23040K, 99% used [0x000000077ae00000,0x000000077c4660d0,0x000000077c480000)
}
Event: 2725.875 GC heap before
{Heap before GC invocations=9 (full 0):
 PSYoungGen      total 48640K, used 45599K [0x00000007d5500000, 0x00000007d9800000, 0x0000000800000000)
  eden space 31232K, 100% used [0x00000007d5500000,0x00000007d7380000,0x00000007d7380000)
  from space 17408K, 82% used [0x00000007d8580000,0x00000007d9387c60,0x00000007d9680000)
  to   space 18432K, 0% used [0x00000007d7380000,0x00000007d7380000,0x00000007d8580000)
 ParOldGen       total 87040K, used 27349K [0x0000000780000000, 0x0000000785500000, 0x00000007d5500000)
  object space 87040K, 31% used [0x0000000780000000,0x0000000781ab5450,0x0000000785500000)
 PSPermGen       total 23040K, used 23005K [0x000000077ae00000, 0x000000077c480000, 0x0000000780000000)
  object space 23040K, 99% used [0x000000077ae00000,0x000000077c4776f8,0x000000077c480000)
Event: 2725.886 GC heap after
Heap after GC invocations=9 (full 0):
 PSYoungGen      total 39424K, used 8293K [0x00000007d5500000, 0x00000007d9600000, 0x0000000800000000)
  eden space 30720K, 0% used [0x00000007d5500000,0x00000007d5500000,0x00000007d7300000)
  from space 8704K, 95% used [0x00000007d7380000,0x00000007d7b994c0,0x00000007d7c00000)
  to   space 17920K, 0% used [0x00000007d8480000,0x00000007d8480000,0x00000007d9600000)
 ParOldGen       total 87040K, used 32020K [0x0000000780000000, 0x0000000785500000, 0x00000007d5500000)
  object space 87040K, 36% used [0x0000000780000000,0x0000000781f450a0,0x0000000785500000)
 PSPermGen       total 23040K, used 23005K [0x000000077ae00000, 0x000000077c480000, 0x0000000780000000)
  object space 23040K, 99% used [0x000000077ae00000,0x000000077c4776f8,0x000000077c480000)
}
Event: 2727.511 GC heap before
{Heap before GC invocations=10 (full 0):
 PSYoungGen      total 39424K, used 37038K [0x00000007d5500000, 0x00000007d9600000, 0x0000000800000000)
  eden space 30720K, 93% used [0x00000007d5500000,0x00000007d71124b0,0x00000007d7300000)
  from space 8704K, 95% used [0x00000007d7380000,0x00000007d7b994c0,0x00000007d7c00000)
  to   space 17920K, 0% used [0x00000007d8480000,0x00000007d8480000,0x00000007d9600000)
 ParOldGen       total 87040K, used 32020K [0x0000000780000000, 0x0000000785500000, 0x00000007d5500000)
  object space 87040K, 36% used [0x0000000780000000,0x0000000781f450a0,0x0000000785500000)
 PSPermGen       total 23040K, used 23012K [0x000000077ae00000, 0x000000077c480000, 0x0000000780000000)
  object space 23040K, 99% used [0x000000077ae00000,0x000000077c479038,0x000000077c480000)
Event: 2727.518 GC heap after
Heap after GC invocations=10 (full 0):
 PSYoungGen      total 48128K, used 4382K [0x00000007d5500000, 0x00000007d9680000, 0x0000000800000000)
  eden space 30208K, 0% used [0x00000007d5500000,0x00000007d5500000,0x00000007d7280000)
  from space 17920K, 24% used [0x00000007d8480000,0x00000007d88c78b8,0x00000007d9600000)
  to   space 18432K, 0% used [0x00000007d7280000,0x00000007d7280000,0x00000007d8480000)
 ParOldGen       total 87040K, used 34828K [0x0000000780000000, 0x0000000785500000, 0x00000007d5500000)
  object space 87040K, 40% used [0x0000000780000000,0x00000007822030b0,0x0000000785500000)
 PSPermGen       total 23040K, used 23012K [0x000000077ae00000, 0x000000077c480000, 0x0000000780000000)
  object space 23040K, 99% used [0x000000077ae00000,0x000000077c479038,0x000000077c480000)
}
Event: 2923.284 GC heap before
{Heap before GC invocations=11 (full 0):
 PSYoungGen      total 48128K, used 34590K [0x00000007d5500000, 0x00000007d9680000, 0x0000000800000000)
  eden space 30208K, 100% used [0x00000007d5500000,0x00000007d7280000,0x00000007d7280000)
  from space 17920K, 24% used [0x00000007d8480000,0x00000007d88c78b8,0x00000007d9600000)
  to   space 18432K, 0% used [0x00000007d7280000,0x00000007d7280000,0x00000007d8480000)
 ParOldGen       total 87040K, used 34828K [0x0000000780000000, 0x0000000785500000, 0x00000007d5500000)
  object space 87040K, 40% used [0x0000000780000000,0x00000007822030b0,0x0000000785500000)
 PSPermGen       total 23040K, used 23034K [0x000000077ae00000, 0x000000077c480000, 0x0000000780000000)
  object space 23040K, 99% used [0x000000077ae00000,0x000000077c47ebf0,0x000000077c480000)
Event: 2923.291 GC heap after
Heap after GC invocations=11 (full 0):
 PSYoungGen      total 32768K, used 2656K [0x00000007d5500000, 0x00000007d9600000, 0x0000000800000000)
  eden space 29696K, 0% used [0x00000007d5500000,0x00000007d5500000,0x00000007d7200000)
  from space 3072K, 86% used [0x00000007d7280000,0x00000007d7518000,0x00000007d7580000)
  to   space 18432K, 0% used [0x00000007d8400000,0x00000007d8400000,0x00000007d9600000)
 ParOldGen       total 87040K, used 36444K [0x0000000780000000, 0x0000000785500000, 0x00000007d5500000)
  object space 87040K, 41% used [0x0000000780000000,0x00000007823970b0,0x0000000785500000)
 PSPermGen       total 23040K, used 23034K [0x000000077ae00000, 0x000000077c480000, 0x0000000780000000)
  object space 23040K, 99% used [0x000000077ae00000,0x000000077c47ebf0,0x000000077c480000)
}
Event: 17524.049 GC heap before
{Heap before GC invocations=12 (full 0):
 PSYoungGen      total 32768K, used 30602K [0x00000007d5500000, 0x00000007d9600000, 0x0000000800000000)
  eden space 29696K, 94% used [0x00000007d5500000,0x00000007d704a800,0x00000007d7200000)
  from space 3072K, 86% used [0x00000007d7280000,0x00000007d7518000,0x00000007d7580000)
  to   space 18432K, 0% used [0x00000007d8400000,0x00000007d8400000,0x00000007d9600000)
 ParOldGen       total 87040K, used 36444K [0x0000000780000000, 0x0000000785500000, 0x00000007d5500000)
  object space 87040K, 41% used [0x0000000780000000,0x00000007823970b0,0x0000000785500000)
 PSPermGen       total 23552K, used 23078K [0x000000077ae00000, 0x000000077c500000, 0x0000000780000000)
  object space 23552K, 97% used [0x000000077ae00000,0x000000077c4899d0,0x000000077c500000)
Event: 17524.071 GC heap after
Heap after GC invocations=12 (full 0):
 PSYoungGen      total 46592K, used 15859K [0x00000007d5500000, 0x00000007d9880000, 0x0000000800000000)
  eden space 28160K, 0% used [0x00000007d5500000,0x00000007d5500000,0x00000007d7080000)
  from space 18432K, 86% used [0x00000007d8400000,0x00000007d937ce70,0x00000007d9600000)
  to   space 19968K, 0% used [0x00000007d7080000,0x00000007d7080000,0x00000007d8400000)
 ParOldGen       total 87040K, used 40995K [0x0000000780000000, 0x0000000785500000, 0x00000007d5500000)
  object space 87040K, 47% used [0x0000000780000000,0x0000000782808d00,0x0000000785500000)
 PSPermGen       total 23552K, used 23078K [0x000000077ae00000, 0x000000077c500000, 0x0000000780000000)
  object space 23552K, 97% used [0x000000077ae00000,0x000000077c4899d0,0x000000077c500000)
}

Deoptimization events (10 events):
Event: 17521.725 Thread 0x00007fed6992e800 Uncommon trap: reason=bimorphic action=maybe_recompile pc=0x000000010e2aab20 method=java.util.HashMap.<init>(Ljava/util/Map;)V @ 2
Event: 17521.725 Thread 0x00007fed6992e800 Uncommon trap: reason=bimorphic action=maybe_recompile pc=0x000000010e1bba60 method=java.util.HashMap.putAllForCreate(Ljava/util/Map;)V @ 1
Event: 17521.771 Thread 0x00007fed6992e800 Uncommon trap: reason=null_check action=make_not_entrant pc=0x000000010e267298 method=java.awt.geom.AffineTransform.equals(Ljava/lang/Object;)Z @ 1
Event: 17521.786 Thread 0x00007fed6992e800 Uncommon trap: reason=bimorphic action=maybe_recompile pc=0x000000010e2aab20 method=java.util.HashMap.<init>(Ljava/util/Map;)V @ 2
Event: 17521.786 Thread 0x00007fed6992e800 Uncommon trap: reason=bimorphic action=maybe_recompile pc=0x000000010e1bba60 method=java.util.HashMap.putAllForCreate(Ljava/util/Map;)V @ 1
Event: 17523.969 Thread 0x00007fed6992e800 Uncommon trap: reason=bimorphic action=maybe_recompile pc=0x000000010e2aab20 method=java.util.HashMap.<init>(Ljava/util/Map;)V @ 2
Event: 17523.969 Thread 0x00007fed6992e800 Uncommon trap: reason=bimorphic action=maybe_recompile pc=0x000000010e1bba60 method=java.util.HashMap.putAllForCreate(Ljava/util/Map;)V @ 1
Event: 17524.029 Thread 0x00007fed6992e800 Uncommon trap: reason=null_check action=make_not_entrant pc=0x000000010e240770 method=java.awt.geom.AffineTransform.equals(Ljava/lang/Object;)Z @ 1
Event: 17524.038 Thread 0x00007fed6992e800 Uncommon trap: reason=bimorphic action=maybe_recompile pc=0x000000010e2aab20 method=java.util.HashMap.<init>(Ljava/util/Map;)V @ 2
Event: 17524.038 Thread 0x00007fed6992e800 Uncommon trap: reason=bimorphic action=maybe_recompile pc=0x000000010e1bba60 method=java.util.HashMap.putAllForCreate(Ljava/util/Map;)V @ 1

Internal exceptions (10 events):
Event: 453.122 Thread 0x00007fed6aacc000 Threw 0x00000007d6648bd8 at /HUDSON/workspace/7u-2-build-macosx-x86_64/jdk7u79/2331/hotspot/src/share/vm/prims/jvm.cpp:1304
Event: 1455.893 Thread 0x00007fed6aacc000 Implicit null exception at 0x000000010e2adfdb to 0x000000010e2ae345
Event: 1461.824 Thread 0x00007fed6aacc000 Implicit null exception at 0x000000010e1e7148 to 0x000000010e1e7939
Event: 1473.749 Thread 0x00007fed6aacc000 Threw 0x00000007d63b36d8 at /HUDSON/workspace/7u-2-build-macosx-x86_64/jdk7u79/2331/hotspot/src/share/vm/prims/jvm.cpp:1304
Event: 1673.896 Thread 0x00007fed6aacc000 Implicit null exception at 0x000000010e2d7b03 to 0x000000010e2d95a1
Event: 1994.537 Thread 0x00007fed6aacc000 Implicit null exception at 0x000000010e2e841b to 0x000000010e2e8ac9
Event: 2885.642 Thread 0x00007fed6aacc000 Threw 0x00000007d6e6a778 at /HUDSON/workspace/7u-2-build-macosx-x86_64/jdk7u79/2331/hotspot/src/share/vm/prims/jvm.cpp:1304
Event: 3191.600 Thread 0x00007fed6aacc000 Implicit null exception at 0x000000010e2e5fa0 to 0x000000010e2e652d
Event: 17521.771 Thread 0x00007fed6992e800 Implicit null exception at 0x000000010e2665d6 to 0x000000010e267279
Event: 17524.029 Thread 0x00007fed6992e800 Implicit null exception at 0x000000010e2406cc to 0x000000010e240761

Events (10 events):
Event: 17524.076 Executing VM operation: RevokeBias
Event: 17524.076 Executing VM operation: RevokeBias done
Event: 17524.076 Executing VM operation: RevokeBias
Event: 17524.076 Executing VM operation: RevokeBias done
Event: 17524.078 Executing VM operation: RevokeBias
Event: 17524.079 Executing VM operation: RevokeBias done
Event: 17524.079 Executing VM operation: RevokeBias
Event: 17524.079 Executing VM operation: RevokeBias done
Event: 17524.079 Executing VM operation: RevokeBias
Event: 17524.079 Executing VM operation: RevokeBias done


Dynamic libraries:
0x00000000263b5000 	/System/Library/Frameworks/Cocoa.framework/Versions/A/Cocoa
0x00000000263b5000 	/System/Library/Frameworks/Security.framework/Versions/A/Security
0x00000000263b5000 	/System/Library/Frameworks/ApplicationServices.framework/Versions/A/ApplicationServices
0x00000000263b5000 	/usr/lib/libz.1.dylib
0x00000000263b5000 	/usr/lib/libSystem.B.dylib
0x00000000263b5000 	/usr/lib/libobjc.A.dylib
0x00000000263b5000 	/System/Library/Frameworks/CoreFoundation.framework/Versions/A/CoreFoundation
0x00000000263b5000 	/System/Library/Frameworks/Foundation.framework/Versions/C/Foundation
0x00000000263b5000 	/System/Library/Frameworks/AppKit.framework/Versions/C/AppKit
0x00000000263b5000 	/System/Library/Frameworks/CoreData.framework/Versions/A/CoreData
0x00000000263b5000 	/System/Library/PrivateFrameworks/RemoteViewServices.framework/Versions/A/RemoteViewServices
0x00000000263b5000 	/System/Library/PrivateFrameworks/UIFoundation.framework/Versions/A/UIFoundation
0x00000000263b5000 	/System/Library/PrivateFrameworks/DFRFoundation.framework/Versions/A/DFRFoundation
0x00000000263b5000 	/usr/lib/libenergytrace.dylib
0x00000000263b5000 	/System/Library/PrivateFrameworks/SkyLight.framework/Versions/A/SkyLight
0x00000000263b5000 	/System/Library/Frameworks/CoreGraphics.framework/Versions/A/CoreGraphics
0x00000000263b5000 	/usr/lib/libScreenReader.dylib
0x00000000263b5000 	/System/Library/Frameworks/Accelerate.framework/Versions/A/Accelerate
0x00000000263b5000 	/System/Library/Frameworks/IOSurface.framework/Versions/A/IOSurface
0x00000000263b5000 	/System/Library/Frameworks/AudioToolbox.framework/Versions/A/AudioToolbox
0x00000000263b5000 	/System/Library/Frameworks/AudioUnit.framework/Versions/A/AudioUnit
0x00000000263b5000 	/System/Library/PrivateFrameworks/DataDetectorsCore.framework/Versions/A/DataDetectorsCore
0x00000000263b5000 	/System/Library/PrivateFrameworks/DesktopServicesPriv.framework/Versions/A/DesktopServicesPriv
0x00000000263b5000 	/System/Library/Frameworks/Carbon.framework/Versions/A/Frameworks/HIToolbox.framework/Versions/A/HIToolbox
0x00000000263b5000 	/usr/lib/libicucore.A.dylib
0x00000000263b5000 	/System/Library/Frameworks/QuartzCore.framework/Versions/A/QuartzCore
0x00000000263b5000 	/System/Library/Frameworks/Carbon.framework/Versions/A/Frameworks/SpeechRecognition.framework/Versions/A/SpeechRecognition
0x00000000263b5000 	/usr/lib/libauto.dylib
0x00000000263b5000 	/usr/lib/libxml2.2.dylib
0x00000000263b5000 	/System/Library/PrivateFrameworks/CoreUI.framework/Versions/A/CoreUI
0x00000000263b5000 	/System/Library/Frameworks/CoreAudio.framework/Versions/A/CoreAudio
0x00000000263b5000 	/System/Library/Frameworks/DiskArbitration.framework/Versions/A/DiskArbitration
0x00000000263b5000 	/usr/lib/liblangid.dylib
0x00000000263b5000 	/System/Library/PrivateFrameworks/MultitouchSupport.framework/Versions/A/MultitouchSupport
0x00000000263b5000 	/System/Library/Frameworks/IOKit.framework/Versions/A/IOKit
0x00000000263b5000 	/usr/lib/libDiagnosticMessagesClient.dylib
0x00000000263b5000 	/System/Library/Frameworks/CoreServices.framework/Versions/A/CoreServices
0x00000000263b5000 	/System/Library/PrivateFrameworks/PerformanceAnalysis.framework/Versions/A/PerformanceAnalysis
0x00000000263b5000 	/System/Library/PrivateFrameworks/GenerationalStorage.framework/Versions/A/GenerationalStorage
0x00000000263b5000 	/System/Library/Frameworks/OpenGL.framework/Versions/A/OpenGL
0x00000000263b5000 	/System/Library/Frameworks/CoreImage.framework/Versions/A/CoreImage
0x00000000263b5000 	/System/Library/Frameworks/CoreText.framework/Versions/A/CoreText
0x00000000263b5000 	/System/Library/Frameworks/ImageIO.framework/Versions/A/ImageIO
0x00000000263b5000 	/System/Library/PrivateFrameworks/Backup.framework/Versions/A/Backup
0x00000000263b5000 	/usr/lib/libarchive.2.dylib
0x00000000263b5000 	/System/Library/Frameworks/CFNetwork.framework/Versions/A/CFNetwork
0x00000000263b5000 	/System/Library/Frameworks/SystemConfiguration.framework/Versions/A/SystemConfiguration
0x00000000263b5000 	/usr/lib/libCRFSuite.dylib
0x00000000263b5000 	/usr/lib/libc++.1.dylib
0x00000000263b5000 	/usr/lib/libc++abi.dylib
0x00000000263b5000 	/usr/lib/system/libcache.dylib
0x00000000263b5000 	/usr/lib/system/libcommonCrypto.dylib
0x00000000263b5000 	/usr/lib/system/libcompiler_rt.dylib
0x00000000263b5000 	/usr/lib/system/libcopyfile.dylib
0x00000000263b5000 	/usr/lib/system/libcorecrypto.dylib
0x00000000263b5000 	/usr/lib/system/libdispatch.dylib
0x00000000263b5000 	/usr/lib/system/libdyld.dylib
0x00000000263b5000 	/usr/lib/system/libkeymgr.dylib
0x00000000263b5000 	/usr/lib/system/liblaunch.dylib
0x00000000263b5000 	/usr/lib/system/libmacho.dylib
0x00000000263b5000 	/usr/lib/system/libquarantine.dylib
0x00000000263b5000 	/usr/lib/system/libremovefile.dylib
0x00000000263b5000 	/usr/lib/system/libsystem_asl.dylib
0x00000000263b5000 	/usr/lib/system/libsystem_blocks.dylib
0x00000000263b5000 	/usr/lib/system/libsystem_c.dylib
0x00000000263b5000 	/usr/lib/system/libsystem_configuration.dylib
0x00000000263b5000 	/usr/lib/system/libsystem_coreservices.dylib
0x00000000263b5000 	/usr/lib/system/libsystem_coretls.dylib
0x00000000263b5000 	/usr/lib/system/libsystem_dnssd.dylib
0x00000000263b5000 	/usr/lib/system/libsystem_info.dylib
0x00000000263b5000 	/usr/lib/system/libsystem_kernel.dylib
0x00000000263b5000 	/usr/lib/system/libsystem_m.dylib
0x00000000263b5000 	/usr/lib/system/libsystem_malloc.dylib
0x00000000263b5000 	/usr/lib/system/libsystem_network.dylib
0x00000000263b5000 	/usr/lib/system/libsystem_networkextension.dylib
0x00000000263b5000 	/usr/lib/system/libsystem_notify.dylib
0x00000000263b5000 	/usr/lib/system/libsystem_platform.dylib
0x00000000263b5000 	/usr/lib/system/libsystem_pthread.dylib
0x00000000263b5000 	/usr/lib/system/libsystem_sandbox.dylib
0x00000000263b5000 	/usr/lib/system/libsystem_secinit.dylib
0x00000000263b5000 	/usr/lib/system/libsystem_symptoms.dylib
0x00000000263b5000 	/usr/lib/system/libsystem_trace.dylib
0x00000000263b5000 	/usr/lib/system/libunwind.dylib
0x00000000263b5000 	/usr/lib/system/libxpc.dylib
0x00000000263b5000 	/usr/lib/libbsm.0.dylib
0x00000000263b5000 	/usr/lib/system/libkxld.dylib
0x00000000263b5000 	/usr/lib/libcoretls.dylib
0x00000000263b5000 	/usr/lib/libcoretls_cfhelpers.dylib
0x00000000263b5000 	/usr/lib/libOpenScriptingUtil.dylib
0x00000000263b5000 	/usr/lib/libpam.2.dylib
0x00000000263b5000 	/usr/lib/libsqlite3.dylib
0x00000000263b5000 	/usr/lib/libxar.1.dylib
0x00000000263b5000 	/usr/lib/libbz2.1.0.dylib
0x00000000263b5000 	/usr/lib/liblzma.5.dylib
0x00000000263b5000 	/usr/lib/libnetwork.dylib
0x00000000263b5000 	/usr/lib/libpcap.A.dylib
0x00000000263b5000 	/System/Library/Frameworks/CoreServices.framework/Versions/A/Frameworks/FSEvents.framework/Versions/A/FSEvents
0x00000000263b5000 	/System/Library/Frameworks/CoreServices.framework/Versions/A/Frameworks/CarbonCore.framework/Versions/A/CarbonCore
0x00000000263b5000 	/System/Library/Frameworks/CoreServices.framework/Versions/A/Frameworks/Metadata.framework/Versions/A/Metadata
0x00000000263b5000 	/System/Library/Frameworks/CoreServices.framework/Versions/A/Frameworks/OSServices.framework/Versions/A/OSServices
0x00000000263b5000 	/System/Library/Frameworks/CoreServices.framework/Versions/A/Frameworks/SearchKit.framework/Versions/A/SearchKit
0x00000000263b5000 	/System/Library/Frameworks/CoreServices.framework/Versions/A/Frameworks/AE.framework/Versions/A/AE
0x00000000263b5000 	/System/Library/Frameworks/CoreServices.framework/Versions/A/Frameworks/LaunchServices.framework/Versions/A/LaunchServices
0x00000000263b5000 	/System/Library/Frameworks/CoreServices.framework/Versions/A/Frameworks/DictionaryServices.framework/Versions/A/DictionaryServices
0x00000000263b5000 	/System/Library/Frameworks/CoreServices.framework/Versions/A/Frameworks/SharedFileList.framework/Versions/A/SharedFileList
0x00000000263b5000 	/System/Library/Frameworks/NetFS.framework/Versions/A/NetFS
0x00000000263b5000 	/System/Library/PrivateFrameworks/NetAuth.framework/Versions/A/NetAuth
0x00000000263b5000 	/System/Library/PrivateFrameworks/login.framework/Versions/A/Frameworks/loginsupport.framework/Versions/A/loginsupport
0x00000000263b5000 	/System/Library/PrivateFrameworks/TCC.framework/Versions/A/TCC
0x00000000263b5000 	/usr/lib/libmecabra.dylib
0x00000000263b5000 	/System/Library/Frameworks/ApplicationServices.framework/Versions/A/Frameworks/ATS.framework/Versions/A/ATS
0x00000000263b5000 	/System/Library/Frameworks/ApplicationServices.framework/Versions/A/Frameworks/ColorSync.framework/Versions/A/ColorSync
0x00000000263b5000 	/System/Library/Frameworks/ApplicationServices.framework/Versions/A/Frameworks/HIServices.framework/Versions/A/HIServices
0x00000000263b5000 	/System/Library/Frameworks/ApplicationServices.framework/Versions/A/Frameworks/LangAnalysis.framework/Versions/A/LangAnalysis
0x00000000263b5000 	/System/Library/Frameworks/ApplicationServices.framework/Versions/A/Frameworks/PrintCore.framework/Versions/A/PrintCore
0x00000000263b5000 	/System/Library/Frameworks/ApplicationServices.framework/Versions/A/Frameworks/QD.framework/Versions/A/QD
0x00000000263b5000 	/System/Library/Frameworks/ApplicationServices.framework/Versions/A/Frameworks/SpeechSynthesis.framework/Versions/A/SpeechSynthesis
0x00000000263b5000 	/System/Library/Frameworks/Accelerate.framework/Versions/A/Frameworks/vImage.framework/Versions/A/vImage
0x00000000263b5000 	/System/Library/Frameworks/Accelerate.framework/Versions/A/Frameworks/vecLib.framework/Versions/A/vecLib
0x00000000263b5000 	/System/Library/Frameworks/Accelerate.framework/Versions/A/Frameworks/vecLib.framework/Versions/A/libvDSP.dylib
0x00000000263b5000 	/System/Library/Frameworks/Accelerate.framework/Versions/A/Frameworks/vecLib.framework/Versions/A/libBNNS.dylib
0x00000000263b5000 	/System/Library/Frameworks/Accelerate.framework/Versions/A/Frameworks/vecLib.framework/Versions/A/libQuadrature.dylib
0x00000000263b5000 	/System/Library/Frameworks/Accelerate.framework/Versions/A/Frameworks/vecLib.framework/Versions/A/libvMisc.dylib
0x00000000263b5000 	/System/Library/Frameworks/Accelerate.framework/Versions/A/Frameworks/vecLib.framework/Versions/A/libLAPACK.dylib
0x00000000263b5000 	/System/Library/Frameworks/Accelerate.framework/Versions/A/Frameworks/vecLib.framework/Versions/A/libBLAS.dylib
0x00000000263b5000 	/System/Library/Frameworks/Accelerate.framework/Versions/A/Frameworks/vecLib.framework/Versions/A/libLinearAlgebra.dylib
0x00000000263b5000 	/System/Library/Frameworks/Accelerate.framework/Versions/A/Frameworks/vecLib.framework/Versions/A/libSparseBLAS.dylib
0x00000000263b5000 	/System/Library/Frameworks/ApplicationServices.framework/Versions/A/Frameworks/ATS.framework/Versions/A/Resources/libFontParser.dylib
0x00000000263b5000 	/System/Library/Frameworks/ApplicationServices.framework/Versions/A/Frameworks/ATS.framework/Versions/A/Resources/libFontRegistry.dylib
0x00000000263b5000 	/System/Library/Frameworks/ImageIO.framework/Versions/A/Resources/libJPEG.dylib
0x00000000263b5000 	/System/Library/Frameworks/ImageIO.framework/Versions/A/Resources/libTIFF.dylib
0x00000000263b5000 	/System/Library/Frameworks/ImageIO.framework/Versions/A/Resources/libPng.dylib
0x00000000263b5000 	/System/Library/Frameworks/ImageIO.framework/Versions/A/Resources/libGIF.dylib
0x00000000263b5000 	/System/Library/Frameworks/ImageIO.framework/Versions/A/Resources/libJP2.dylib
0x00000000263b5000 	/System/Library/Frameworks/ImageIO.framework/Versions/A/Resources/libRadiance.dylib
0x00000000263b5000 	/usr/lib/libcompression.dylib
0x00000000263b5000 	/System/Library/PrivateFrameworks/AppleJPEG.framework/Versions/A/AppleJPEG
0x00000000263b5000 	/usr/lib/libcups.2.dylib
0x00000000263b5000 	/System/Library/Frameworks/Kerberos.framework/Versions/A/Kerberos
0x00000000263b5000 	/System/Library/Frameworks/GSS.framework/Versions/A/GSS
0x00000000263b5000 	/usr/lib/libresolv.9.dylib
0x00000000263b5000 	/usr/lib/libiconv.2.dylib
0x00000000263b5000 	/System/Library/PrivateFrameworks/Heimdal.framework/Versions/A/Heimdal
0x00000000263b5000 	/usr/lib/libheimdal-asn1.dylib
0x00000000263b5000 	/System/Library/Frameworks/OpenDirectory.framework/Versions/A/OpenDirectory
0x00000000263b5000 	/System/Library/PrivateFrameworks/CommonAuth.framework/Versions/A/CommonAuth
0x00000000263b5000 	/System/Library/Frameworks/OpenDirectory.framework/Versions/A/Frameworks/CFOpenDirectory.framework/Versions/A/CFOpenDirectory
0x00000000263b5000 	/System/Library/Frameworks/SecurityFoundation.framework/Versions/A/SecurityFoundation
0x00000000263b5000 	/System/Library/PrivateFrameworks/LanguageModeling.framework/Versions/A/LanguageModeling
0x00000000263b5000 	/usr/lib/libmarisa.dylib
0x00000000263b5000 	/usr/lib/libChineseTokenizer.dylib
0x00000000263b5000 	/usr/lib/libcmph.dylib
0x00000000263b5000 	/System/Library/PrivateFrameworks/CoreEmoji.framework/Versions/A/CoreEmoji
0x00000000263b5000 	/System/Library/Frameworks/ServiceManagement.framework/Versions/A/ServiceManagement
0x00000000263b5000 	/usr/lib/libxslt.1.dylib
0x00000000263b5000 	/System/Library/Frameworks/Carbon.framework/Versions/A/Frameworks/Ink.framework/Versions/A/Ink
0x00000000263b5000 	/System/Library/PrivateFrameworks/TextureIO.framework/Versions/A/TextureIO
0x00000000263b5000 	/System/Library/Frameworks/Metal.framework/Versions/A/Metal
0x00000000263b5000 	/usr/lib/libate.dylib
0x00000000263b5000 	/System/Library/PrivateFrameworks/GPUCompiler.framework/libmetal_timestamp.dylib
0x00000000263b5000 	/System/Library/Frameworks/OpenGL.framework/Versions/A/Libraries/libCoreFSCache.dylib
0x00000000263b5000 	/System/Library/PrivateFrameworks/IOAccelerator.framework/Versions/A/IOAccelerator
0x00000000263b5000 	/System/Library/Frameworks/CoreVideo.framework/Versions/A/CoreVideo
0x00000000263b5000 	/usr/lib/libFosl_dynamic.dylib
0x00000000263b5000 	/System/Library/PrivateFrameworks/MetalPerformanceShaders.framework/Versions/A/MetalPerformanceShaders
0x00000000263b5000 	/System/Library/PrivateFrameworks/FaceCore.framework/Versions/A/FaceCore
0x00000000263b5000 	/System/Library/Frameworks/OpenCL.framework/Versions/A/OpenCL
0x00000000263b5000 	/System/Library/Frameworks/OpenGL.framework/Versions/A/Libraries/libGLU.dylib
0x00000000263b5000 	/System/Library/Frameworks/OpenGL.framework/Versions/A/Libraries/libGFXShared.dylib
0x00000000263b5000 	/System/Library/Frameworks/OpenGL.framework/Versions/A/Libraries/libGL.dylib
0x00000000263b5000 	/System/Library/Frameworks/OpenGL.framework/Versions/A/Libraries/libGLImage.dylib
0x00000000263b5000 	/System/Library/Frameworks/OpenGL.framework/Versions/A/Libraries/libCVMSPluginSupport.dylib
0x00000000263b5000 	/System/Library/Frameworks/OpenGL.framework/Versions/A/Libraries/libCoreVMClient.dylib
0x00000000263b5000 	/System/Library/PrivateFrameworks/CrashReporterSupport.framework/Versions/A/CrashReporterSupport
0x00000000263b5000 	/System/Library/PrivateFrameworks/Sharing.framework/Versions/A/Sharing
0x00000000263b5000 	/System/Library/PrivateFrameworks/IconServices.framework/Versions/A/IconServices
0x00000000263b5000 	/System/Library/PrivateFrameworks/ProtocolBuffer.framework/Versions/A/ProtocolBuffer
0x00000000263b5000 	/System/Library/PrivateFrameworks/Apple80211.framework/Versions/A/Apple80211
0x00000000263b5000 	/System/Library/Frameworks/CoreWLAN.framework/Versions/A/CoreWLAN
0x00000000263b5000 	/System/Library/PrivateFrameworks/CoreUtils.framework/Versions/A/CoreUtils
0x00000000263b5000 	/System/Library/Frameworks/IOBluetooth.framework/Versions/A/IOBluetooth
0x00000000263b5000 	/System/Library/PrivateFrameworks/CoreWiFi.framework/Versions/A/CoreWiFi
0x00000000263b5000 	/System/Library/Frameworks/CoreBluetooth.framework/Versions/A/CoreBluetooth
0x00000000263b5000 	/System/Library/Frameworks/CoreDisplay.framework/Versions/A/CoreDisplay
0x00000000263b5000 	/System/Library/PrivateFrameworks/IOPresentment.framework/Versions/A/IOPresentment
0x00000000263b5000 	/System/Library/PrivateFrameworks/DSExternalDisplay.framework/Versions/A/DSExternalDisplay
0x00000000263b5000 	/System/Library/PrivateFrameworks/DebugSymbols.framework/Versions/A/DebugSymbols
0x00000000263b5000 	/System/Library/PrivateFrameworks/CoreSymbolication.framework/Versions/A/CoreSymbolication
0x00000000263b5000 	/System/Library/PrivateFrameworks/Symbolication.framework/Versions/A/Symbolication
0x00000000263b5000 	/System/Library/PrivateFrameworks/AppleFSCompression.framework/Versions/A/AppleFSCompression
0x00000000263b5000 	/System/Library/PrivateFrameworks/SpeechRecognitionCore.framework/Versions/A/SpeechRecognitionCore
0x00000000263b5000 	/System/Library/PrivateFrameworks/ChunkingLibrary.framework/Versions/A/ChunkingLibrary
0x000000010d600000 	/Library/Java/JavaVirtualMachines/jdk1.7.0_79.jdk/Contents/Home/jre/lib/server/libjvm.dylib
0x00000000263b5000 	/usr/lib/libstdc++.6.dylib
0x000000010cdb3000 	/Library/Java/JavaVirtualMachines/jdk1.7.0_79.jdk/Contents/Home/jre/lib/libverify.dylib
0x000000010cdc0000 	/Library/Java/JavaVirtualMachines/jdk1.7.0_79.jdk/Contents/Home/jre/lib/libjava.dylib
0x000000010e063000 	/Library/Java/JavaVirtualMachines/jdk1.7.0_79.jdk/Contents/Home/jre/lib/libzip.dylib
0x00000001171c7000 	/System/Library/Frameworks/JavaVM.framework/Frameworks/JavaRuntimeSupport.framework/JavaRuntimeSupport
0x00000001171e1000 	/System/Library/Frameworks/JavaVM.framework/Versions/A/Frameworks/JavaNativeFoundation.framework/Versions/A/JavaNativeFoundation
0x00000001171f6000 	/System/Library/Frameworks/JavaVM.framework/Versions/A/JavaVM
0x00000000263b5000 	/System/Library/Frameworks/Carbon.framework/Versions/A/Carbon
0x0000000117203000 	/System/Library/PrivateFrameworks/JavaLaunching.framework/Versions/A/JavaLaunching
0x00000000263b5000 	/System/Library/Frameworks/Carbon.framework/Versions/A/Frameworks/CommonPanels.framework/Versions/A/CommonPanels
0x00000000263b5000 	/System/Library/Frameworks/Carbon.framework/Versions/A/Frameworks/Help.framework/Versions/A/Help
0x00000000263b5000 	/System/Library/Frameworks/Carbon.framework/Versions/A/Frameworks/ImageCapture.framework/Versions/A/ImageCapture
0x00000000263b5000 	/System/Library/Frameworks/Carbon.framework/Versions/A/Frameworks/OpenScripting.framework/Versions/A/OpenScripting
0x00000000263b5000 	/System/Library/Frameworks/Carbon.framework/Versions/A/Frameworks/Print.framework/Versions/A/Print
0x00000000263b5000 	/System/Library/Frameworks/Carbon.framework/Versions/A/Frameworks/SecurityHI.framework/Versions/A/SecurityHI
0x0000000118d5a000 	/Library/Java/JavaVirtualMachines/jdk1.7.0_79.jdk/Contents/Home/jre/lib/libawt.dylib
0x0000000118e09000 	/Library/Java/JavaVirtualMachines/jdk1.7.0_79.jdk/Contents/Home/jre/lib/./libmlib_image.dylib
0x0000000118ed5000 	/Library/Java/JavaVirtualMachines/jdk1.7.0_79.jdk/Contents/Home/jre/lib/lwawt/liblwawt.dylib
0x0000000118f8b000 	/Library/Java/JavaVirtualMachines/jdk1.7.0_79.jdk/Contents/Home/jre/lib/libosxapp.dylib
0x00000000263b5000 	/System/Library/Frameworks/ExceptionHandling.framework/Versions/A/ExceptionHandling
0x00000000263b5000 	/System/Library/PrivateFrameworks/CoreServicesInternal.framework/Versions/A/CoreServicesInternal
0x00000000263b5000 	/System/Library/CoreServices/RawCamera.bundle/Contents/MacOS/RawCamera
0x00000000263b5000 	/System/Library/Frameworks/Accelerate.framework/Versions/A/Frameworks/vImage.framework/Versions/A/Libraries/libCGInterfaces.dylib
0x00000000263b5000 	/System/Library/Frameworks/ApplicationServices.framework/Versions/A/Frameworks/ATS.framework/Versions/A/Resources/libTrueTypeScaler.dylib
0x000000011a90e000 	/System/Library/Frameworks/OpenGL.framework/Resources/GLEngine.bundle/GLEngine
0x00000000263b5000 	/System/Library/Frameworks/OpenGL.framework/Versions/A/Libraries/libGLProgrammability.dylib
0x000000011aaf3000 	/System/Library/Extensions/AppleIntelBDWGraphicsGLDriver.bundle/Contents/MacOS/AppleIntelBDWGraphicsGLDriver
0x00000000263b5000 	/System/Library/PrivateFrameworks/GPUSupport.framework/Versions/A/Libraries/libGPUSupportMercury.dylib
0x000000011b25e000 	/System/Library/Frameworks/OpenGL.framework/Resources//GLRendererFloat.bundle/GLRendererFloat
0x00000000263b5000 	/System/Library/Frameworks/OpenCL.framework/Versions/A/Libraries/libcldcpuengine.dylib
0x00000000263b5000 	/usr/lib/libcrypto.0.9.8.dylib
0x00000000263b5000 	/System/Library/PrivateFrameworks/TrustEvaluationAgent.framework/Versions/A/TrustEvaluationAgent
0x000000011b292000 	/System/Library/Extensions/AppleIntelBDWGraphicsMTLDriver.bundle/Contents/MacOS/AppleIntelBDWGraphicsMTLDriver
0x00000000263b5000 	/System/Library/PrivateFrameworks/FamilyControls.framework/Versions/A/FamilyControls
0x00000000263b5000 	/System/Library/PrivateFrameworks/CommerceKit.framework/Versions/A/Frameworks/CommerceCore.framework/Versions/A/CommerceCore
0x00000000263b5000 	/System/Library/PrivateFrameworks/SystemAdministration.framework/Versions/A/SystemAdministration
0x00000000263b5000 	/System/Library/PrivateFrameworks/AppContainer.framework/Versions/A/AppContainer
0x00000000263b5000 	/System/Library/PrivateFrameworks/SecCodeWrapper.framework/Versions/A/SecCodeWrapper
0x00000000263b5000 	/System/Library/Frameworks/DirectoryService.framework/Versions/A/DirectoryService
0x00000000263b5000 	/System/Library/PrivateFrameworks/DiskImages.framework/Versions/A/DiskImages
0x00000000263b5000 	/System/Library/PrivateFrameworks/LoginUIKit.framework/Versions/A/Frameworks/LoginUICore.framework/Versions/A/LoginUICore
0x00000000263b5000 	/usr/lib/libCoreStorage.dylib
0x00000000263b5000 	/usr/lib/libcsfde.dylib
0x00000000263b5000 	/usr/lib/libodfde.dylib
0x00000000263b5000 	/System/Library/Frameworks/DiscRecording.framework/Versions/A/DiscRecording
0x00000000263b5000 	/usr/lib/libcurl.4.dylib
0x00000000263b5000 	/System/Library/PrivateFrameworks/MediaKit.framework/Versions/A/MediaKit
0x00000000263b5000 	/System/Library/PrivateFrameworks/ProtectedCloudStorage.framework/Versions/A/ProtectedCloudStorage
0x00000000263b5000 	/System/Library/PrivateFrameworks/EFILogin.framework/Versions/A/EFILogin
0x00000000263b5000 	/usr/lib/libutil.dylib
0x00000000263b5000 	/System/Library/Frameworks/LDAP.framework/Versions/A/LDAP
0x00000000263b5000 	/usr/lib/libsasl2.2.dylib
0x00000000263b5000 	/System/Library/PrivateFrameworks/CoreDaemon.framework/Versions/B/CoreDaemon
0x00000000263b5000 	/System/Library/PrivateFrameworks/AppleSRP.framework/Versions/A/AppleSRP
0x00000000263b5000 	/System/Library/PrivateFrameworks/APFS.framework/Versions/A/APFS
0x000000011b99c000 	/Library/Java/JavaVirtualMachines/jdk1.7.0_79.jdk/Contents/Home/jre/lib/libfontmanager.dylib
0x0000000119d47000 	/Library/Java/JavaVirtualMachines/jdk1.7.0_79.jdk/Contents/Home/jre/lib/libosxui.dylib
0x00000000263b5000 	/System/Library/PrivateFrameworks/ViewBridge.framework/Versions/A/ViewBridge
0x00000000263b5000 	/System/Library/PrivateFrameworks/XPCService.framework/Versions/A/XPCService
0x00000000263b5000 	/System/Library/PrivateFrameworks/AppSandbox.framework/Versions/A/AppSandbox
0x00000000263b5000 	/usr/lib/libsandbox.1.dylib
0x00000000263b5000 	/usr/lib/libMatch.1.dylib
0x000000011e0ee000 	/Library/Java/JavaVirtualMachines/jdk1.7.0_79.jdk/Contents/Home/jre/lib/libosx.dylib
0x000000011e0fc000 	/Library/Java/JavaVirtualMachines/jdk1.7.0_79.jdk/Contents/Home/jre/lib/libnio.dylib
0x000000011e10b000 	/Library/Java/JavaVirtualMachines/jdk1.7.0_79.jdk/Contents/Home/jre/lib/./libnet.dylib
0x0000000122606000 	/Library/Java/JavaVirtualMachines/jdk1.7.0_79.jdk/Contents/Home/jre/lib/libdcpr.dylib

VM Arguments:
jvm_args: -Dfile.encoding=UTF-8 
java_command: speedith.Main
Launcher Type: SUN_STANDARD

Environment Variables:
PATH=/usr/bin:/bin:/usr/sbin:/sbin
SHELL=/bin/bash
DISPLAY=/private/tmp/com.apple.launchd.LH41UsKlON/org.macosforge.xquartz:0

Signal Handlers:
SIGSEGV: [libjvm.dylib+0x52daf1], sa_mask[0]=0xfffefeff, sa_flags=0x00000043
SIGBUS: [libjvm.dylib+0x52daf1], sa_mask[0]=0xfffefeff, sa_flags=0x00000042
SIGFPE: [libjvm.dylib+0x41f34e], sa_mask[0]=0xfffefeff, sa_flags=0x00000042
SIGPIPE: [libjvm.dylib+0x41f34e], sa_mask[0]=0xfffefeff, sa_flags=0x00000042
SIGXFSZ: [libjvm.dylib+0x41f34e], sa_mask[0]=0xfffefeff, sa_flags=0x00000042
SIGILL: [libjvm.dylib+0x41f34e], sa_mask[0]=0xfffefeff, sa_flags=0x00000042
SIGUSR1: SIG_DFL, sa_mask[0]=0x00000000, sa_flags=0x00000000
SIGUSR2: [libjvm.dylib+0x41ee40], sa_mask[0]=0x00000004, sa_flags=0x00000042
SIGHUP: [libjvm.dylib+0x41d0d1], sa_mask[0]=0xfffefeff, sa_flags=0x00000042
SIGINT: [libjvm.dylib+0x41d0d1], sa_mask[0]=0xfffefeff, sa_flags=0x00000042
SIGTERM: [libjvm.dylib+0x41d0d1], sa_mask[0]=0xfffefeff, sa_flags=0x00000042
SIGQUIT: [libjvm.dylib+0x41d0d1], sa_mask[0]=0xfffefeff, sa_flags=0x00000042


---------------  S Y S T E M  ---------------

OS:Bsduname:Darwin 16.7.0 Darwin Kernel Version 16.7.0: Thu Jun 15 17:36:27 PDT 2017; root:xnu-3789.70.16~2/RELEASE_X86_64 x86_64
rlimit: STACK 8192k, CORE 0k, NPROC 709, NOFILE 10240, AS infinity
load average:3.14 2.61 1.95

CPU:total 4 (2 cores per cpu, 2 threads per core) family 6 model 61 stepping 4, cmov, cx8, fxsr, mmx, sse, sse2, sse3, ssse3, sse4.1, sse4.2, popcnt, avx, avx2, aes, erms, ht, tsc, tscinvbit

Memory: 4k page, physical 8388608k(2097152k free)

/proc/meminfo:


vm_info: Java HotSpot(TM) 64-Bit Server VM (24.79-b02) for bsd-amd64 JRE (1.7.0_79-b15), built on Apr 10 2015 11:35:04 by "java_re" with gcc 4.2.1 (Based on Apple Inc. build 5658) (LLVM build 2336.11.00)

time: Tue Aug 15 13:45:36 2017
elapsed time: 17524 seconds

