#
# A fatal error has been detected by the Java Runtime Environment:
#
#  SIGSEGV (0xb) at pc=0x0000000115e6bb43, pid=19495, tid=45059
#
# JRE version: Java(TM) SE Runtime Environment (7.0_79-b15) (build 1.7.0_79-b15)
# Java VM: Java HotSpot(TM) 64-Bit Server VM (24.79-b02 mixed mode bsd-amd64 compressed oops)
# Problematic frame:
# C  [liblwawt.dylib+0x12b43]  OGLSD_SetScratchSurface+0x3d
#
# Failed to write core dump. Core dumps have been disabled. To enable core dumping, try "ulimit -c unlimited" before starting Java again
#
# If you would like to submit a bug report, please visit:
#   http://bugreport.java.com/bugreport/crash.jsp
# The crash happened outside the Java Virtual Machine in native code.
# See problematic frame for where to report the bug.
#

---------------  T H R E A D  ---------------

Current thread (0x00007fb74692d000):  JavaThread "Java2D Queue Flusher" daemon [_thread_in_native, id=45059, stack(0x0000700010622000,0x0000700010722000)]

siginfo:si_signo=SIGSEGV: si_errno=0, si_code=1 (SEGV_MAPERR), si_addr=0x0000000000000000

Registers:
RAX=0x00007fb7462730f8, RBX=0x00007fb74692d1e8, RCX=0x00007fb746273100, RDX=0x0000000115e61a0c
RSP=0x0000700010721830, RBP=0x0000700010721850, RSI=0x00007fb744cf9160, RDI=0x00007fb7462730f8
R8 =0x00007fb744f1f348, R9 =0xffffffff00000000, R10=0x000000010b01272c, R11=0x000000010a089353
R12=0x0000000000000000, R13=0x000000077b3a4a20, R14=0x00007fb749363850, R15=0x0000000000000000
RIP=0x0000000115e6bb43, EFLAGS=0x0000000000010206, ERR=0x0000000000000004
  TRAPNO=0x000000000000000e

Top of Stack: (sp=0x0000700010721830)
0x0000700010721830:   00007fb744cf9160 0000000000000000
0x0000700010721840:   00007fb746944c10 00007fb74692d000
0x0000700010721850:   00007000107218d0 0000000115e614ea
0x0000700010721860:   00007fb74692d000 000000000000c60f
0x0000700010721870:   00007fb744f1f300 0000000200000001
0x0000700010721880:   0000700010721978 00007fb74692d000
0x0000700010721890:   0000000000000000 00007fb746944c20
0x00007000107218a0:   0000700000721910 00007fb74692d1e8
0x00007000107218b0:   000000077b3a4a20 0000000000000000
0x00007000107218c0:   0000700010721978 00007fb74692d000
0x00007000107218d0:   0000700010721940 000000010b012758
0x00007000107218e0:   00007fb74692d000 00007fb744d1b658
0x00007000107218f0:   0000700010721920 000000010a0d8a7f
0x0000700010721900:   0000700010721900 0000000000000000
0x0000700010721910:   0000700010721978 000000077b3a6208
0x0000700010721920:   0000000000000000 000000077b3a4a20
0x0000700010721930:   0000000000000000 0000700010721960
0x0000700010721940:   00007000107219c0 000000010b006058
0x0000700010721950:   0000000000000000 000000010b00ecd8
0x0000700010721960:   0000000000000020 00007fb746944c00
0x0000700010721970:   0000000782f1a308 0000000782f1a2f0
0x0000700010721980:   0000700010721980 000000077b3a4b05
0x0000700010721990:   00007000107219d8 000000077b3a6208
0x00007000107219a0:   000000077c5c93c0 000000077b3a4b28
0x00007000107219b0:   0000700010721960 00007000107219e0
0x00007000107219c0:   0000000782f1a3d8 000000010b2c9ab8
0x00007000107219d0:   0000000000000020 0000000782f1a2f0
0x00007000107219e0:   0000000700000000 0000000782f1a3d8
0x00007000107219f0:   0000700000000000 0000700010721a90
0x0000700010721a00:   0000000000000003 0000000000000000
0x0000700010721a10:   0000700010721a90 000000010b0004e7
0x0000700010721a20:   0000000782f1a3d8 0000000782f1a3d8 

Instructions: (pc=0x0000000115e6bb43)
0x0000000115e6bb23:   c0 be 01 00 00 00 e8 b0 2c 03 00 31 c0 eb 6d 48
0x0000000115e6bb33:   89 fb 4c 8b 76 10 4d 8b 3e 30 c0 e8 6f 31 03 00
0x0000000115e6bb43:   49 8b 3f 49 89 c4 48 8b 35 d8 7e 06 00 30 c0 e8
0x0000000115e6bb53:   99 32 03 00 48 85 c0 75 4c 30 c0 e8 79 60 ff ff 

Register to memory mapping:

RAX=0x00007fb7462730f8 is an unknown value
RBX=0x00007fb74692d1e8 is an unknown value
RCX=0x00007fb746273100 is an unknown value
RDX=0x0000000115e61a0c: Java_sun_java2d_opengl_OGLRenderQueue_flushBuffer+0xb5c in /Library/Java/JavaVirtualMachines/jdk1.7.0_79.jdk/Contents/Home/jre/lib/lwawt/liblwawt.dylib at 0x0000000115e59000
RSP=0x0000700010721830 is pointing into the stack for thread: 0x00007fb74692d000
RBP=0x0000700010721850 is pointing into the stack for thread: 0x00007fb74692d000
RSI=0x00007fb744cf9160 is an unknown value
RDI=0x00007fb7462730f8 is an unknown value
R8 =0x00007fb744f1f348 is an unknown value
R9 =0xffffffff00000000 is an unknown value
R10=0x000000010b01272c is at code_begin+620 in an Interpreter codelet
method entry point (kind = native)  [0x000000010b0124c0, 0x000000010b012d00]  2112 bytes
R11=0x000000010a089353: throw_unsatisfied_link_error+0 in /Library/Java/JavaVirtualMachines/jdk1.7.0_79.jdk/Contents/Home/jre/lib/server/libjvm.dylib at 0x0000000109c12000
R12=0x0000000000000000 is an unknown value
R13=0x000000077b3a4a20 is an oop
{method} 
 - klass: {other class}
R14=0x00007fb749363850 is an unknown value
R15=0x0000000000000000 is an unknown value


Stack: [0x0000700010622000,0x0000700010722000],  sp=0x0000700010721830,  free space=1022k
Native frames: (J=compiled Java code, j=interpreted, Vv=VM code, C=native code)
C  [liblwawt.dylib+0x12b43]  OGLSD_SetScratchSurface+0x3d
C  [liblwawt.dylib+0x84ea]  Java_sun_java2d_opengl_OGLRenderQueue_flushBuffer+0x63a
j  sun.java2d.opengl.OGLRenderQueue.flushBuffer(JI)V+0
j  sun.java2d.opengl.OGLRenderQueue.flushBuffer()V+21
J 949% C2 sun.java2d.opengl.OGLRenderQueue$QueueFlusher.run()V (234 bytes) @ 0x000000010b2c9ab8 [0x000000010b2c98a0+0x218]
v  ~StubRoutines::call_stub
V  [libjvm.dylib+0x2dbef8]
V  [libjvm.dylib+0x2dc40f]
V  [libjvm.dylib+0x2dc54c]
V  [libjvm.dylib+0x32b43a]
V  [libjvm.dylib+0x4f759d]
V  [libjvm.dylib+0x4f8ca5]
V  [libjvm.dylib+0x421c4e]
C  [libsystem_pthread.dylib+0x3661]  _pthread_body+0x154
C  [libsystem_pthread.dylib+0x350d]  _pthread_body+0x0
C  [libsystem_pthread.dylib+0x2bf9]  thread_start+0xd

Java frames: (J=compiled Java code, j=interpreted, Vv=VM code)
j  sun.java2d.opengl.OGLRenderQueue.flushBuffer(JI)V+0
j  sun.java2d.opengl.OGLRenderQueue.flushBuffer()V+21
J 949% C2 sun.java2d.opengl.OGLRenderQueue$QueueFlusher.run()V (234 bytes) @ 0x000000010b2c9ab8 [0x000000010b2c98a0+0x218]
v  ~StubRoutines::call_stub

---------------  P R O C E S S  ---------------

Java Threads: ( => current thread )
  0x00007fb7452e1000 JavaThread "Thread-3" daemon [_thread_blocked, id=31887, stack(0x0000700010bb4000,0x0000700010cb4000)]
  0x00007fb7462b8800 JavaThread "TimerQueue" daemon [_thread_blocked, id=55251, stack(0x0000700010a2e000,0x0000700010b2e000)]
  0x00007fb7451c1000 JavaThread "Timer-0" daemon [_thread_blocked, id=54279, stack(0x000070001092b000,0x0000700010a2b000)]
  0x00007fb7451e7000 JavaThread "DestroyJavaVM" [_thread_blocked, id=10243, stack(0x000070000f569000,0x000070000f669000)]
  0x00007fb7459d0000 JavaThread "AWT-EventQueue-0" [_thread_in_native, id=76555, stack(0x0000700010828000,0x0000700010928000)]
  0x00007fb745210000 JavaThread "Java2D Disposer" daemon [_thread_blocked, id=50703, stack(0x0000700010725000,0x0000700010825000)]
=>0x00007fb74692d000 JavaThread "Java2D Queue Flusher" daemon [_thread_in_native, id=45059, stack(0x0000700010622000,0x0000700010722000)]
  0x00007fb7468fe000 JavaThread "AWT-Shutdown" [_thread_blocked, id=25643, stack(0x0000700010313000,0x0000700010413000)]
  0x00007fb7450d0800 JavaThread "AppKit Thread" daemon [_thread_in_native, id=775, stack(0x00007ffee5826000,0x00007ffee6026000)]
  0x00007fb746022000 JavaThread "Service Thread" daemon [_thread_blocked, id=17155, stack(0x000070001008a000,0x000070001018a000)]
  0x00007fb746811800 JavaThread "C2 CompilerThread1" daemon [_thread_blocked, id=13315, stack(0x000070000ff87000,0x0000700010087000)]
  0x00007fb74500e000 JavaThread "C2 CompilerThread0" daemon [_thread_blocked, id=12803, stack(0x000070000fe84000,0x000070000ff84000)]
  0x00007fb74680e000 JavaThread "Signal Dispatcher" daemon [_thread_blocked, id=12547, stack(0x000070000fd81000,0x000070000fe81000)]
  0x00007fb745045000 JavaThread "Finalizer" daemon [_thread_blocked, id=11011, stack(0x000070000fc7e000,0x000070000fd7e000)]
  0x00007fb745044800 JavaThread "Reference Handler" daemon [_thread_blocked, id=19971, stack(0x000070000fb7b000,0x000070000fc7b000)]

Other Threads:
  0x00007fb746004800 VMThread [stack: 0x000070000fa78000,0x000070000fb78000] [id=20483]
  0x00007fb74600a000 WatcherThread [stack: 0x000070001018d000,0x000070001028d000] [id=16643]

VM state:not at safepoint (normal execution)

VM Mutex/Monitor currently owned by a thread: None

Heap
 PSYoungGen      total 229888K, used 41413K [0x00000007d5500000, 0x00000007e6180000, 0x0000000800000000)
  eden space 192512K, 5% used [0x00000007d5500000,0x00000007d5ef04b0,0x00000007e1100000)
  from space 37376K, 83% used [0x00000007e3800000,0x00000007e5680fa8,0x00000007e5c80000)
  to   space 39936K, 0% used [0x00000007e1100000,0x00000007e1100000,0x00000007e3800000)
 ParOldGen       total 87040K, used 56006K [0x0000000780000000, 0x0000000785500000, 0x00000007d5500000)
  object space 87040K, 64% used [0x0000000780000000,0x00000007836b1b38,0x0000000785500000)
 PSPermGen       total 24576K, used 24408K [0x000000077ae00000, 0x000000077c600000, 0x0000000780000000)
  object space 24576K, 99% used [0x000000077ae00000,0x000000077c5d61f0,0x000000077c600000)

Card table byte_map: [0x000000010e000000,0x000000010e42a000] byte_map_base: 0x000000010a429000

Polling page: 0x000000010a6b2000

Code Cache  [0x000000010b000000, 0x000000010b330000, 0x000000010e000000)
 total_blobs=1599 nmethods=1044 adapters=508 free_code_cache=46002Kb largest_free_block=47049664

Compilation events (10 events):
Event: 11728.309 Thread 0x00007fb74500e000 nmethod 1080 0x000000010b23da50 code [0x000000010b23dba0, 0x000000010b23dd38]
Event: 11728.610 Thread 0x00007fb746811800 1081             javax.swing.JComponent::processMouseMotionEvent (46 bytes)
Event: 11728.612 Thread 0x00007fb746811800 nmethod 1081 0x000000010b31c990 code [0x000000010b31cb00, 0x000000010b31cc98]
Event: 13493.940 Thread 0x00007fb74500e000 1082             java.awt.Container::updateGraphicsData (59 bytes)
Event: 13494.012 Thread 0x00007fb74500e000 nmethod 1082 0x000000010b31c010 code [0x000000010b31c1a0, 0x000000010b31c4f8]
Event: 13513.512 Thread 0x00007fb746811800 1083 % !         java.lang.ref.Reference$ReferenceHandler::run @ 0 (108 bytes)
Event: 13513.513 Thread 0x00007fb74500e000 1084   !         java.lang.ref.ReferenceQueue::enqueue (104 bytes)
Event: 13513.524 Thread 0x00007fb74500e000 nmethod 1084 0x000000010b31b550 code [0x000000010b31b6c0, 0x000000010b31be28]
Event: 13513.526 Thread 0x00007fb74500e000 1086             java.lang.ref.Reference::access$100 (4 bytes)
Event: 13513.527 Thread 0x00007fb74500e000 nmethod 1086 0x000000010b31b2d0 code [0x000000010b31b400, 0x000000010b31b458]

GC Heap History (10 events):
Event: 76.940 GC heap before
{Heap before GC invocations=6 (full 0):
 PSYoungGen      total 38912K, used 36631K [0x00000007d5500000, 0x00000007dcb00000, 0x0000000800000000)
  eden space 33792K, 93% used [0x00000007d5500000,0x00000007d73cdcf0,0x00000007d7600000)
  from space 5120K, 99% used [0x00000007d7600000,0x00000007d7af8100,0x00000007d7b00000)
  to   space 26624K, 0% used [0x00000007db100000,0x00000007db100000,0x00000007dcb00000)
 ParOldGen       total 87040K, used 48129K [0x0000000780000000, 0x0000000785500000, 0x00000007d5500000)
  object space 87040K, 55% used [0x0000000780000000,0x0000000782f004f8,0x0000000785500000)
 PSPermGen       total 24064K, used 23646K [0x000000077ae00000, 0x000000077c580000, 0x0000000780000000)
  object space 24064K, 98% used [0x000000077ae00000,0x000000077c517a48,0x000000077c580000)
Event: 76.962 GC heap after
Heap after GC invocations=6 (full 0):
 PSYoungGen      total 89088K, used 26452K [0x00000007d5500000, 0x00000007dd500000, 0x0000000800000000)
  eden space 62464K, 0% used [0x00000007d5500000,0x00000007d5500000,0x00000007d9200000)
  from space 26624K, 99% used [0x00000007db100000,0x00000007dcad53e0,0x00000007dcb00000)
  to   space 31744K, 0% used [0x00000007d9200000,0x00000007d9200000,0x00000007db100000)
 ParOldGen       total 87040K, used 48129K [0x0000000780000000, 0x0000000785500000, 0x00000007d5500000)
  object space 87040K, 55% used [0x0000000780000000,0x0000000782f004f8,0x0000000785500000)
 PSPermGen       total 24064K, used 23646K [0x000000077ae00000, 0x000000077c580000, 0x0000000780000000)
  object space 24064K, 98% used [0x000000077ae00000,0x000000077c517a48,0x000000077c580000)
}
Event: 144.752 GC heap before
{Heap before GC invocations=7 (full 0):
 PSYoungGen      total 89088K, used 88916K [0x00000007d5500000, 0x00000007dd500000, 0x0000000800000000)
  eden space 62464K, 100% used [0x00000007d5500000,0x00000007d9200000,0x00000007d9200000)
  from space 26624K, 99% used [0x00000007db100000,0x00000007dcad53e0,0x00000007dcb00000)
  to   space 31744K, 0% used [0x00000007d9200000,0x00000007d9200000,0x00000007db100000)
 ParOldGen       total 87040K, used 48129K [0x0000000780000000, 0x0000000785500000, 0x00000007d5500000)
  object space 87040K, 55% used [0x0000000780000000,0x0000000782f004f8,0x0000000785500000)
 PSPermGen       total 24064K, used 23832K [0x000000077ae00000, 0x000000077c580000, 0x0000000780000000)
  object space 24064K, 99% used [0x000000077ae00000,0x000000077c5463e8,0x000000077c580000)
Event: 144.772 GC heap after
Heap after GC invocations=7 (full 0):
 PSYoungGen      total 94208K, used 12414K [0x00000007d5500000, 0x00000007e0a00000, 0x0000000800000000)
  eden space 62464K, 0% used [0x00000007d5500000,0x00000007d5500000,0x00000007d9200000)
  from space 31744K, 39% used [0x00000007d9200000,0x00000007d9e1fb70,0x00000007db100000)
  to   space 30208K, 0% used [0x00000007dec80000,0x00000007dec80000,0x00000007e0a00000)
 ParOldGen       total 87040K, used 52286K [0x0000000780000000, 0x0000000785500000, 0x00000007d5500000)
  object space 87040K, 60% used [0x0000000780000000,0x000000078330fb38,0x0000000785500000)
 PSPermGen       total 24064K, used 23832K [0x000000077ae00000, 0x000000077c580000, 0x0000000780000000)
  object space 24064K, 99% used [0x000000077ae00000,0x000000077c5463e8,0x000000077c580000)
}
Event: 239.094 GC heap before
{Heap before GC invocations=8 (full 0):
 PSYoungGen      total 94208K, used 74878K [0x00000007d5500000, 0x00000007e0a00000, 0x0000000800000000)
  eden space 62464K, 100% used [0x00000007d5500000,0x00000007d9200000,0x00000007d9200000)
  from space 31744K, 39% used [0x00000007d9200000,0x00000007d9e1fb70,0x00000007db100000)
  to   space 30208K, 0% used [0x00000007dec80000,0x00000007dec80000,0x00000007e0a00000)
 ParOldGen       total 87040K, used 52286K [0x0000000780000000, 0x0000000785500000, 0x00000007d5500000)
  object space 87040K, 60% used [0x0000000780000000,0x000000078330fb38,0x0000000785500000)
 PSPermGen       total 24576K, used 24210K [0x000000077ae00000, 0x000000077c600000, 0x0000000780000000)
  object space 24576K, 98% used [0x000000077ae00000,0x000000077c5a4968,0x000000077c600000)
Event: 239.117 GC heap after
Heap after GC invocations=8 (full 0):
 PSYoungGen      total 152064K, used 26505K [0x00000007d5500000, 0x00000007e1000000, 0x0000000800000000)
  eden space 121856K, 0% used [0x00000007d5500000,0x00000007d5500000,0x00000007dcc00000)
  from space 30208K, 87% used [0x00000007dec80000,0x00000007e0662750,0x00000007e0a00000)
  to   space 33280K, 0% used [0x00000007dcc00000,0x00000007dcc00000,0x00000007dec80000)
 ParOldGen       total 87040K, used 53182K [0x0000000780000000, 0x0000000785500000, 0x00000007d5500000)
  object space 87040K, 61% used [0x0000000780000000,0x00000007833efb38,0x0000000785500000)
 PSPermGen       total 24576K, used 24210K [0x000000077ae00000, 0x000000077c600000, 0x0000000780000000)
  object space 24576K, 98% used [0x000000077ae00000,0x000000077c5a4968,0x000000077c600000)
}
Event: 11401.143 GC heap before
{Heap before GC invocations=9 (full 0):
 PSYoungGen      total 152064K, used 148361K [0x00000007d5500000, 0x00000007e1000000, 0x0000000800000000)
  eden space 121856K, 100% used [0x00000007d5500000,0x00000007dcc00000,0x00000007dcc00000)
  from space 30208K, 87% used [0x00000007dec80000,0x00000007e0662750,0x00000007e0a00000)
  to   space 33280K, 0% used [0x00000007dcc00000,0x00000007dcc00000,0x00000007dec80000)
 ParOldGen       total 87040K, used 53182K [0x0000000780000000, 0x0000000785500000, 0x00000007d5500000)
  object space 87040K, 61% used [0x0000000780000000,0x00000007833efb38,0x0000000785500000)
 PSPermGen       total 24576K, used 24373K [0x000000077ae00000, 0x000000077c600000, 0x0000000780000000)
  object space 24576K, 99% used [0x000000077ae00000,0x000000077c5cd540,0x000000077c600000)
Event: 11401.304 GC heap after
Heap after GC invocations=9 (full 0):
 PSYoungGen      total 155136K, used 31753K [0x00000007d5500000, 0x00000007e5c80000, 0x0000000800000000)
  eden space 121856K, 0% used [0x00000007d5500000,0x00000007d5500000,0x00000007dcc00000)
  from space 33280K, 95% used [0x00000007dcc00000,0x00000007deb026c0,0x00000007dec80000)
  to   space 37376K, 0% used [0x00000007e3800000,0x00000007e3800000,0x00000007e5c80000)
 ParOldGen       total 87040K, used 53302K [0x0000000780000000, 0x0000000785500000, 0x00000007d5500000)
  object space 87040K, 61% used [0x0000000780000000,0x000000078340db38,0x0000000785500000)
 PSPermGen       total 24576K, used 24373K [0x000000077ae00000, 0x000000077c600000, 0x0000000780000000)
  object space 24576K, 99% used [0x000000077ae00000,0x000000077c5cd540,0x000000077c600000)
}
Event: 13513.332 GC heap before
{Heap before GC invocations=10 (full 0):
 PSYoungGen      total 155136K, used 151421K [0x00000007d5500000, 0x00000007e5c80000, 0x0000000800000000)
  eden space 121856K, 98% used [0x00000007d5500000,0x00000007dc9dcff0,0x00000007dcc00000)
  from space 33280K, 95% used [0x00000007dcc00000,0x00000007deb026c0,0x00000007dec80000)
  to   space 37376K, 0% used [0x00000007e3800000,0x00000007e3800000,0x00000007e5c80000)
 ParOldGen       total 87040K, used 53302K [0x0000000780000000, 0x0000000785500000, 0x00000007d5500000)
  object space 87040K, 61% used [0x0000000780000000,0x000000078340db38,0x0000000785500000)
 PSPermGen       total 24576K, used 24408K [0x000000077ae00000, 0x000000077c600000, 0x0000000780000000)
  object space 24576K, 99% used [0x000000077ae00000,0x000000077c5d61f0,0x000000077c600000)
Event: 13513.503 GC heap after
Heap after GC invocations=10 (full 0):
 PSYoungGen      total 229888K, used 31235K [0x00000007d5500000, 0x00000007e6180000, 0x0000000800000000)
  eden space 192512K, 0% used [0x00000007d5500000,0x00000007d5500000,0x00000007e1100000)
  from space 37376K, 83% used [0x00000007e3800000,0x00000007e5680fa8,0x00000007e5c80000)
  to   space 39936K, 0% used [0x00000007e1100000,0x00000007e1100000,0x00000007e3800000)
 ParOldGen       total 87040K, used 56006K [0x0000000780000000, 0x0000000785500000, 0x00000007d5500000)
  object space 87040K, 64% used [0x0000000780000000,0x00000007836b1b38,0x0000000785500000)
 PSPermGen       total 24576K, used 24408K [0x000000077ae00000, 0x000000077c600000, 0x0000000780000000)
  object space 24576K, 99% used [0x000000077ae00000,0x000000077c5d61f0,0x000000077c600000)
}

Deoptimization events (10 events):
Event: 11764.243 Thread 0x00007fb7450d0800 Uncommon trap: reason=bimorphic action=maybe_recompile pc=0x000000010b2ea2a0 method=java.util.HashMap.<init>(Ljava/util/Map;)V @ 2
Event: 11764.244 Thread 0x00007fb7450d0800 Uncommon trap: reason=bimorphic action=maybe_recompile pc=0x000000010b14d9e0 method=java.util.HashMap.putAllForCreate(Ljava/util/Map;)V @ 1
Event: 11764.272 Thread 0x00007fb7450d0800 Uncommon trap: reason=null_check action=make_not_entrant pc=0x000000010b15b9d4 method=java.awt.geom.AffineTransform.equals(Ljava/lang/Object;)Z @ 1
Event: 11764.337 Thread 0x00007fb7450d0800 Uncommon trap: reason=bimorphic action=maybe_recompile pc=0x000000010b2ea2a0 method=java.util.HashMap.<init>(Ljava/util/Map;)V @ 2
Event: 11764.337 Thread 0x00007fb7450d0800 Uncommon trap: reason=bimorphic action=maybe_recompile pc=0x000000010b14d9e0 method=java.util.HashMap.putAllForCreate(Ljava/util/Map;)V @ 1
Event: 13482.123 Thread 0x00007fb7450d0800 Uncommon trap: reason=bimorphic action=maybe_recompile pc=0x000000010b2ea2a0 method=java.util.HashMap.<init>(Ljava/util/Map;)V @ 2
Event: 13482.125 Thread 0x00007fb7450d0800 Uncommon trap: reason=bimorphic action=maybe_recompile pc=0x000000010b14d9e0 method=java.util.HashMap.putAllForCreate(Ljava/util/Map;)V @ 1
Event: 13485.939 Thread 0x00007fb7450d0800 Uncommon trap: reason=bimorphic action=maybe_recompile pc=0x000000010b2ea2a0 method=java.util.HashMap.<init>(Ljava/util/Map;)V @ 2
Event: 13485.939 Thread 0x00007fb7450d0800 Uncommon trap: reason=bimorphic action=maybe_recompile pc=0x000000010b14d9e0 method=java.util.HashMap.putAllForCreate(Ljava/util/Map;)V @ 1
Event: 13485.979 Thread 0x00007fb7450d0800 Uncommon trap: reason=null_check action=make_not_entrant pc=0x000000010b106c70 method=java.awt.geom.AffineTransform.equals(Ljava/lang/Object;)Z @ 1

Internal exceptions (10 events):
Event: 293.986 Thread 0x00007fb7459d0000 Threw 0x00000007d64c7358 at /HUDSON/workspace/7u-2-build-macosx-x86_64/jdk7u79/2331/hotspot/src/share/vm/prims/jvm.cpp:1304
Event: 293.989 Thread 0x00007fb7459d0000 Threw 0x00000007d64cfb20 at /HUDSON/workspace/7u-2-build-macosx-x86_64/jdk7u79/2331/hotspot/src/share/vm/prims/jvm.cpp:1304
Event: 294.016 Thread 0x00007fb7459d0000 Threw 0x00000007d6509408 at /HUDSON/workspace/7u-2-build-macosx-x86_64/jdk7u79/2331/hotspot/src/share/vm/prims/jvm.cpp:1304
Event: 296.682 Thread 0x00007fb7459d0000 Threw 0x00000007d6587dd0 at /HUDSON/workspace/7u-2-build-macosx-x86_64/jdk7u79/2331/hotspot/src/share/vm/prims/jvm.cpp:1304
Event: 296.685 Thread 0x00007fb7459d0000 Threw 0x00000007d66d8018 at /HUDSON/workspace/7u-2-build-macosx-x86_64/jdk7u79/2331/hotspot/src/share/vm/prims/jvm.cpp:1304
Event: 306.946 Thread 0x00007fb7459d0000 Implicit null exception at 0x000000010b2bf1b7 to 0x000000010b2bf4e9
Event: 307.554 Thread 0x00007fb7450d0800 Implicit null exception at 0x000000010b23dd5c to 0x000000010b24126d
Event: 11722.664 Thread 0x00007fb7459d0000 Implicit null exception at 0x000000010b2fdb5b to 0x000000010b2fe08d
Event: 11764.272 Thread 0x00007fb7450d0800 Implicit null exception at 0x000000010b15ad19 to 0x000000010b15b9b5
Event: 13485.978 Thread 0x00007fb7450d0800 Implicit null exception at 0x000000010b106bcc to 0x000000010b106c61

Events (10 events):
Event: 13485.939 Thread 0x00007fb7450d0800 DEOPT PACKING pc=0x000000010b2ea2a0 sp=0x00007ffee6020060
Event: 13485.939 Thread 0x00007fb7450d0800 DEOPT UNPACKING pc=0x000000010b039045 sp=0x00007ffee6020050 mode 2
Event: 13485.939 Thread 0x00007fb7450d0800 Uncommon trap: trap_request=0xffffffc6 fr.pc=0x000000010b14d9e0
Event: 13485.939 Thread 0x00007fb7450d0800 DEOPT PACKING pc=0x000000010b14d9e0 sp=0x00007ffee601ffe0
Event: 13485.939 Thread 0x00007fb7450d0800 DEOPT UNPACKING pc=0x000000010b039045 sp=0x00007ffee601ffd8 mode 2
Event: 13485.979 Thread 0x00007fb7450d0800 Uncommon trap: trap_request=0xfffffff4 fr.pc=0x000000010b106c70
Event: 13485.979 Thread 0x00007fb7450d0800 DEOPT PACKING pc=0x000000010b106c70 sp=0x00007ffee601fc80
Event: 13485.979 Thread 0x00007fb7450d0800 DEOPT UNPACKING pc=0x000000010b039045 sp=0x00007ffee601fc40 mode 2
Event: 13513.325 Executing VM operation: ParallelGCFailedAllocation
Event: 13513.503 Executing VM operation: ParallelGCFailedAllocation done


Dynamic libraries:
0x0000000004ce1000 	/System/Library/Frameworks/Cocoa.framework/Versions/A/Cocoa
0x0000000004ce1000 	/System/Library/Frameworks/Security.framework/Versions/A/Security
0x0000000004ce1000 	/System/Library/Frameworks/ApplicationServices.framework/Versions/A/ApplicationServices
0x0000000004ce1000 	/usr/lib/libz.1.dylib
0x0000000004ce1000 	/usr/lib/libSystem.B.dylib
0x0000000004ce1000 	/usr/lib/libobjc.A.dylib
0x0000000004ce1000 	/System/Library/Frameworks/CoreFoundation.framework/Versions/A/CoreFoundation
0x0000000004ce1000 	/System/Library/Frameworks/Foundation.framework/Versions/C/Foundation
0x0000000004ce1000 	/System/Library/Frameworks/AppKit.framework/Versions/C/AppKit
0x0000000004ce1000 	/System/Library/Frameworks/CoreData.framework/Versions/A/CoreData
0x0000000004ce1000 	/System/Library/PrivateFrameworks/RemoteViewServices.framework/Versions/A/RemoteViewServices
0x0000000004ce1000 	/System/Library/PrivateFrameworks/UIFoundation.framework/Versions/A/UIFoundation
0x0000000004ce1000 	/System/Library/PrivateFrameworks/DFRFoundation.framework/Versions/A/DFRFoundation
0x0000000004ce1000 	/System/Library/Frameworks/Metal.framework/Versions/A/Metal
0x0000000004ce1000 	/System/Library/PrivateFrameworks/DesktopServicesPriv.framework/Versions/A/DesktopServicesPriv
0x0000000004ce1000 	/usr/lib/libenergytrace.dylib
0x0000000004ce1000 	/System/Library/PrivateFrameworks/SkyLight.framework/Versions/A/SkyLight
0x0000000004ce1000 	/System/Library/Frameworks/CoreGraphics.framework/Versions/A/CoreGraphics
0x0000000004ce1000 	/usr/lib/libScreenReader.dylib
0x0000000004ce1000 	/System/Library/Frameworks/Accelerate.framework/Versions/A/Accelerate
0x0000000004ce1000 	/System/Library/Frameworks/IOSurface.framework/Versions/A/IOSurface
0x0000000004ce1000 	/System/Library/Frameworks/AudioToolbox.framework/Versions/A/AudioToolbox
0x0000000004ce1000 	/System/Library/Frameworks/AudioUnit.framework/Versions/A/AudioUnit
0x0000000004ce1000 	/System/Library/PrivateFrameworks/DataDetectorsCore.framework/Versions/A/DataDetectorsCore
0x0000000004ce1000 	/System/Library/Frameworks/Carbon.framework/Versions/A/Frameworks/HIToolbox.framework/Versions/A/HIToolbox
0x0000000004ce1000 	/usr/lib/libicucore.A.dylib
0x0000000004ce1000 	/System/Library/Frameworks/QuartzCore.framework/Versions/A/QuartzCore
0x0000000004ce1000 	/System/Library/PrivateFrameworks/SignpostNotification.framework/Versions/A/SignpostNotification
0x0000000004ce1000 	/System/Library/Frameworks/Carbon.framework/Versions/A/Frameworks/SpeechRecognition.framework/Versions/A/SpeechRecognition
0x0000000004ce1000 	/usr/lib/libauto.dylib
0x0000000004ce1000 	/usr/lib/libxml2.2.dylib
0x0000000004ce1000 	/System/Library/PrivateFrameworks/CoreUI.framework/Versions/A/CoreUI
0x0000000004ce1000 	/System/Library/Frameworks/CoreAudio.framework/Versions/A/CoreAudio
0x0000000004ce1000 	/System/Library/Frameworks/DiskArbitration.framework/Versions/A/DiskArbitration
0x0000000004ce1000 	/usr/lib/liblangid.dylib
0x0000000004ce1000 	/System/Library/PrivateFrameworks/MultitouchSupport.framework/Versions/A/MultitouchSupport
0x0000000004ce1000 	/System/Library/Frameworks/IOKit.framework/Versions/A/IOKit
0x0000000004ce1000 	/usr/lib/libDiagnosticMessagesClient.dylib
0x0000000004ce1000 	/System/Library/Frameworks/CoreServices.framework/Versions/A/CoreServices
0x0000000004ce1000 	/System/Library/PrivateFrameworks/PerformanceAnalysis.framework/Versions/A/PerformanceAnalysis
0x0000000004ce1000 	/System/Library/Frameworks/OpenGL.framework/Versions/A/OpenGL
0x0000000004ce1000 	/System/Library/Frameworks/ColorSync.framework/Versions/A/ColorSync
0x0000000004ce1000 	/System/Library/Frameworks/CoreImage.framework/Versions/A/CoreImage
0x0000000004ce1000 	/System/Library/Frameworks/CoreText.framework/Versions/A/CoreText
0x0000000004ce1000 	/System/Library/Frameworks/ImageIO.framework/Versions/A/ImageIO
0x0000000004ce1000 	/System/Library/PrivateFrameworks/Backup.framework/Versions/A/Backup
0x0000000004ce1000 	/usr/lib/libarchive.2.dylib
0x0000000004ce1000 	/System/Library/Frameworks/CFNetwork.framework/Versions/A/CFNetwork
0x0000000004ce1000 	/System/Library/Frameworks/SystemConfiguration.framework/Versions/A/SystemConfiguration
0x0000000004ce1000 	/usr/lib/libCRFSuite.dylib
0x0000000004ce1000 	/usr/lib/libc++.1.dylib
0x0000000004ce1000 	/usr/lib/libc++abi.dylib
0x0000000004ce1000 	/usr/lib/system/libcache.dylib
0x0000000004ce1000 	/usr/lib/system/libcommonCrypto.dylib
0x0000000004ce1000 	/usr/lib/system/libcompiler_rt.dylib
0x0000000004ce1000 	/usr/lib/system/libcopyfile.dylib
0x0000000004ce1000 	/usr/lib/system/libcorecrypto.dylib
0x0000000004ce1000 	/usr/lib/system/libdispatch.dylib
0x0000000004ce1000 	/usr/lib/system/libdyld.dylib
0x0000000004ce1000 	/usr/lib/system/libkeymgr.dylib
0x0000000004ce1000 	/usr/lib/system/liblaunch.dylib
0x0000000004ce1000 	/usr/lib/system/libmacho.dylib
0x0000000004ce1000 	/usr/lib/system/libquarantine.dylib
0x0000000004ce1000 	/usr/lib/system/libremovefile.dylib
0x0000000004ce1000 	/usr/lib/system/libsystem_asl.dylib
0x0000000004ce1000 	/usr/lib/system/libsystem_blocks.dylib
0x0000000004ce1000 	/usr/lib/system/libsystem_c.dylib
0x0000000004ce1000 	/usr/lib/system/libsystem_configuration.dylib
0x0000000004ce1000 	/usr/lib/system/libsystem_coreservices.dylib
0x0000000004ce1000 	/usr/lib/system/libsystem_darwin.dylib
0x0000000004ce1000 	/usr/lib/system/libsystem_dnssd.dylib
0x0000000004ce1000 	/usr/lib/system/libsystem_info.dylib
0x0000000004ce1000 	/usr/lib/system/libsystem_m.dylib
0x0000000004ce1000 	/usr/lib/system/libsystem_malloc.dylib
0x0000000004ce1000 	/usr/lib/system/libsystem_network.dylib
0x0000000004ce1000 	/usr/lib/system/libsystem_networkextension.dylib
0x0000000004ce1000 	/usr/lib/system/libsystem_notify.dylib
0x0000000004ce1000 	/usr/lib/system/libsystem_sandbox.dylib
0x0000000004ce1000 	/usr/lib/system/libsystem_secinit.dylib
0x0000000004ce1000 	/usr/lib/system/libsystem_kernel.dylib
0x0000000004ce1000 	/usr/lib/system/libsystem_platform.dylib
0x0000000004ce1000 	/usr/lib/system/libsystem_pthread.dylib
0x0000000004ce1000 	/usr/lib/system/libsystem_symptoms.dylib
0x0000000004ce1000 	/usr/lib/system/libsystem_trace.dylib
0x0000000004ce1000 	/usr/lib/system/libunwind.dylib
0x0000000004ce1000 	/usr/lib/system/libxpc.dylib
0x0000000004ce1000 	/usr/lib/closure/libclosured.dylib
0x0000000004ce1000 	/usr/lib/libbsm.0.dylib
0x0000000004ce1000 	/usr/lib/system/libkxld.dylib
0x0000000004ce1000 	/usr/lib/libOpenScriptingUtil.dylib
0x0000000004ce1000 	/usr/lib/libcoretls.dylib
0x0000000004ce1000 	/usr/lib/libcoretls_cfhelpers.dylib
0x0000000004ce1000 	/usr/lib/libpam.2.dylib
0x0000000004ce1000 	/usr/lib/libsqlite3.dylib
0x0000000004ce1000 	/usr/lib/libxar.1.dylib
0x0000000004ce1000 	/usr/lib/libbz2.1.0.dylib
0x0000000004ce1000 	/usr/lib/liblzma.5.dylib
0x0000000004ce1000 	/usr/lib/libnetwork.dylib
0x0000000004ce1000 	/usr/lib/libapple_nghttp2.dylib
0x0000000004ce1000 	/usr/lib/libpcap.A.dylib
0x0000000004ce1000 	/usr/lib/libboringssl.dylib
0x0000000004ce1000 	/usr/lib/libusrtcp.dylib
0x0000000004ce1000 	/usr/lib/libapple_crypto.dylib
0x0000000004ce1000 	/System/Library/Frameworks/CoreServices.framework/Versions/A/Frameworks/FSEvents.framework/Versions/A/FSEvents
0x0000000004ce1000 	/System/Library/Frameworks/CoreServices.framework/Versions/A/Frameworks/CarbonCore.framework/Versions/A/CarbonCore
0x0000000004ce1000 	/System/Library/Frameworks/CoreServices.framework/Versions/A/Frameworks/Metadata.framework/Versions/A/Metadata
0x0000000004ce1000 	/System/Library/Frameworks/CoreServices.framework/Versions/A/Frameworks/OSServices.framework/Versions/A/OSServices
0x0000000004ce1000 	/System/Library/Frameworks/CoreServices.framework/Versions/A/Frameworks/SearchKit.framework/Versions/A/SearchKit
0x0000000004ce1000 	/System/Library/Frameworks/CoreServices.framework/Versions/A/Frameworks/AE.framework/Versions/A/AE
0x0000000004ce1000 	/System/Library/Frameworks/CoreServices.framework/Versions/A/Frameworks/LaunchServices.framework/Versions/A/LaunchServices
0x0000000004ce1000 	/System/Library/Frameworks/CoreServices.framework/Versions/A/Frameworks/DictionaryServices.framework/Versions/A/DictionaryServices
0x0000000004ce1000 	/System/Library/Frameworks/CoreServices.framework/Versions/A/Frameworks/SharedFileList.framework/Versions/A/SharedFileList
0x0000000004ce1000 	/System/Library/Frameworks/NetFS.framework/Versions/A/NetFS
0x0000000004ce1000 	/System/Library/PrivateFrameworks/NetAuth.framework/Versions/A/NetAuth
0x0000000004ce1000 	/System/Library/PrivateFrameworks/login.framework/Versions/A/Frameworks/loginsupport.framework/Versions/A/loginsupport
0x0000000004ce1000 	/System/Library/PrivateFrameworks/TCC.framework/Versions/A/TCC
0x0000000004ce1000 	/usr/lib/libmecabra.dylib
0x0000000004ce1000 	/System/Library/Frameworks/ApplicationServices.framework/Versions/A/Frameworks/ATS.framework/Versions/A/ATS
0x0000000004ce1000 	/System/Library/Frameworks/ApplicationServices.framework/Versions/A/Frameworks/ColorSyncLegacy.framework/Versions/A/ColorSyncLegacy
0x0000000004ce1000 	/System/Library/Frameworks/ApplicationServices.framework/Versions/A/Frameworks/HIServices.framework/Versions/A/HIServices
0x0000000004ce1000 	/System/Library/Frameworks/ApplicationServices.framework/Versions/A/Frameworks/LangAnalysis.framework/Versions/A/LangAnalysis
0x0000000004ce1000 	/System/Library/Frameworks/ApplicationServices.framework/Versions/A/Frameworks/PrintCore.framework/Versions/A/PrintCore
0x0000000004ce1000 	/System/Library/Frameworks/ApplicationServices.framework/Versions/A/Frameworks/QD.framework/Versions/A/QD
0x0000000004ce1000 	/System/Library/Frameworks/ApplicationServices.framework/Versions/A/Frameworks/SpeechSynthesis.framework/Versions/A/SpeechSynthesis
0x0000000004ce1000 	/System/Library/Frameworks/CoreDisplay.framework/Versions/A/CoreDisplay
0x0000000004ce1000 	/System/Library/Frameworks/Accelerate.framework/Versions/A/Frameworks/vImage.framework/Versions/A/vImage
0x0000000004ce1000 	/System/Library/Frameworks/Accelerate.framework/Versions/A/Frameworks/vecLib.framework/Versions/A/vecLib
0x0000000004ce1000 	/System/Library/Frameworks/Accelerate.framework/Versions/A/Frameworks/vecLib.framework/Versions/A/libvDSP.dylib
0x0000000004ce1000 	/System/Library/Frameworks/Accelerate.framework/Versions/A/Frameworks/vecLib.framework/Versions/A/libBNNS.dylib
0x0000000004ce1000 	/System/Library/Frameworks/Accelerate.framework/Versions/A/Frameworks/vecLib.framework/Versions/A/libQuadrature.dylib
0x0000000004ce1000 	/System/Library/Frameworks/Accelerate.framework/Versions/A/Frameworks/vecLib.framework/Versions/A/libvMisc.dylib
0x0000000004ce1000 	/System/Library/Frameworks/Accelerate.framework/Versions/A/Frameworks/vecLib.framework/Versions/A/libLAPACK.dylib
0x0000000004ce1000 	/System/Library/Frameworks/Accelerate.framework/Versions/A/Frameworks/vecLib.framework/Versions/A/libBLAS.dylib
0x0000000004ce1000 	/System/Library/Frameworks/Accelerate.framework/Versions/A/Frameworks/vecLib.framework/Versions/A/libLinearAlgebra.dylib
0x0000000004ce1000 	/System/Library/Frameworks/Accelerate.framework/Versions/A/Frameworks/vecLib.framework/Versions/A/libSparse.dylib
0x0000000004ce1000 	/System/Library/Frameworks/Accelerate.framework/Versions/A/Frameworks/vecLib.framework/Versions/A/libSparseBLAS.dylib
0x0000000004ce1000 	/System/Library/PrivateFrameworks/GPUWrangler.framework/Versions/A/GPUWrangler
0x0000000004ce1000 	/System/Library/PrivateFrameworks/IOAccelerator.framework/Versions/A/IOAccelerator
0x0000000004ce1000 	/System/Library/PrivateFrameworks/IOPresentment.framework/Versions/A/IOPresentment
0x0000000004ce1000 	/System/Library/PrivateFrameworks/DSExternalDisplay.framework/Versions/A/DSExternalDisplay
0x0000000004ce1000 	/System/Library/Frameworks/OpenGL.framework/Versions/A/Libraries/libCoreFSCache.dylib
0x0000000004ce1000 	/System/Library/Frameworks/CoreVideo.framework/Versions/A/CoreVideo
0x0000000004ce1000 	/System/Library/PrivateFrameworks/GraphVisualizer.framework/Versions/A/GraphVisualizer
0x0000000004ce1000 	/System/Library/Frameworks/MetalPerformanceShaders.framework/Versions/A/MetalPerformanceShaders
0x0000000004ce1000 	/usr/lib/libFosl_dynamic.dylib
0x0000000004ce1000 	/System/Library/PrivateFrameworks/FaceCore.framework/Versions/A/FaceCore
0x0000000004ce1000 	/System/Library/Frameworks/OpenCL.framework/Versions/A/OpenCL
0x0000000004ce1000 	/usr/lib/libcompression.dylib
0x0000000004ce1000 	/System/Library/Frameworks/ApplicationServices.framework/Versions/A/Frameworks/ATS.framework/Versions/A/Resources/libFontParser.dylib
0x0000000004ce1000 	/System/Library/Frameworks/ApplicationServices.framework/Versions/A/Frameworks/ATS.framework/Versions/A/Resources/libFontRegistry.dylib
0x0000000004ce1000 	/System/Library/Frameworks/ImageIO.framework/Versions/A/Resources/libJPEG.dylib
0x0000000004ce1000 	/System/Library/Frameworks/ImageIO.framework/Versions/A/Resources/libTIFF.dylib
0x0000000004ce1000 	/System/Library/Frameworks/ImageIO.framework/Versions/A/Resources/libPng.dylib
0x0000000004ce1000 	/System/Library/Frameworks/ImageIO.framework/Versions/A/Resources/libGIF.dylib
0x0000000004ce1000 	/System/Library/Frameworks/ImageIO.framework/Versions/A/Resources/libJP2.dylib
0x0000000004ce1000 	/System/Library/Frameworks/ImageIO.framework/Versions/A/Resources/libRadiance.dylib
0x0000000004ce1000 	/System/Library/PrivateFrameworks/AppleJPEG.framework/Versions/A/AppleJPEG
0x0000000004ce1000 	/System/Library/Frameworks/MetalPerformanceShaders.framework/Frameworks/MPSCore.framework/Versions/A/MPSCore
0x0000000004ce1000 	/System/Library/Frameworks/MetalPerformanceShaders.framework/Frameworks/MPSImage.framework/Versions/A/MPSImage
0x0000000004ce1000 	/System/Library/Frameworks/MetalPerformanceShaders.framework/Frameworks/MPSNeuralNetwork.framework/Versions/A/MPSNeuralNetwork
0x0000000004ce1000 	/System/Library/Frameworks/MetalPerformanceShaders.framework/Frameworks/MPSMatrix.framework/Versions/A/MPSMatrix
0x0000000004ce1000 	/System/Library/PrivateFrameworks/MetalTools.framework/Versions/A/MetalTools
0x0000000004ce1000 	/System/Library/Frameworks/OpenGL.framework/Versions/A/Libraries/libGLU.dylib
0x0000000004ce1000 	/System/Library/Frameworks/OpenGL.framework/Versions/A/Libraries/libGFXShared.dylib
0x0000000004ce1000 	/System/Library/Frameworks/OpenGL.framework/Versions/A/Libraries/libGL.dylib
0x0000000004ce1000 	/System/Library/Frameworks/OpenGL.framework/Versions/A/Libraries/libGLImage.dylib
0x0000000004ce1000 	/System/Library/Frameworks/OpenGL.framework/Versions/A/Libraries/libCVMSPluginSupport.dylib
0x0000000004ce1000 	/System/Library/Frameworks/OpenGL.framework/Versions/A/Libraries/libCoreVMClient.dylib
0x0000000004ce1000 	/usr/lib/libcups.2.dylib
0x0000000004ce1000 	/System/Library/Frameworks/Kerberos.framework/Versions/A/Kerberos
0x0000000004ce1000 	/System/Library/Frameworks/GSS.framework/Versions/A/GSS
0x0000000004ce1000 	/usr/lib/libresolv.9.dylib
0x0000000004ce1000 	/usr/lib/libiconv.2.dylib
0x0000000004ce1000 	/System/Library/PrivateFrameworks/Heimdal.framework/Versions/A/Heimdal
0x0000000004ce1000 	/usr/lib/libheimdal-asn1.dylib
0x0000000004ce1000 	/System/Library/Frameworks/OpenDirectory.framework/Versions/A/OpenDirectory
0x0000000004ce1000 	/System/Library/PrivateFrameworks/CommonAuth.framework/Versions/A/CommonAuth
0x0000000004ce1000 	/System/Library/Frameworks/OpenDirectory.framework/Versions/A/Frameworks/CFOpenDirectory.framework/Versions/A/CFOpenDirectory
0x0000000004ce1000 	/System/Library/Frameworks/SecurityFoundation.framework/Versions/A/SecurityFoundation
0x0000000004ce1000 	/System/Library/PrivateFrameworks/APFS.framework/Versions/A/APFS
0x0000000004ce1000 	/usr/lib/libutil.dylib
0x0000000004ce1000 	/System/Library/PrivateFrameworks/AppleSauce.framework/Versions/A/AppleSauce
0x0000000004ce1000 	/System/Library/PrivateFrameworks/LinguisticData.framework/Versions/A/LinguisticData
0x0000000004ce1000 	/usr/lib/libmarisa.dylib
0x0000000004ce1000 	/System/Library/PrivateFrameworks/Lexicon.framework/Versions/A/Lexicon
0x0000000004ce1000 	/usr/lib/libChineseTokenizer.dylib
0x0000000004ce1000 	/usr/lib/libcmph.dylib
0x0000000004ce1000 	/System/Library/PrivateFrameworks/LanguageModeling.framework/Versions/A/LanguageModeling
0x0000000004ce1000 	/System/Library/PrivateFrameworks/CoreEmoji.framework/Versions/A/CoreEmoji
0x0000000004ce1000 	/System/Library/Frameworks/ServiceManagement.framework/Versions/A/ServiceManagement
0x0000000004ce1000 	/System/Library/PrivateFrameworks/BackgroundTaskManagement.framework/Versions/A/BackgroundTaskManagement
0x0000000004ce1000 	/usr/lib/libxslt.1.dylib
0x0000000004ce1000 	/System/Library/Frameworks/Carbon.framework/Versions/A/Frameworks/Ink.framework/Versions/A/Ink
0x0000000004ce1000 	/System/Library/PrivateFrameworks/TextureIO.framework/Versions/A/TextureIO
0x0000000004ce1000 	/usr/lib/libate.dylib
0x0000000004ce1000 	/System/Library/PrivateFrameworks/CrashReporterSupport.framework/Versions/A/CrashReporterSupport
0x0000000004ce1000 	/System/Library/PrivateFrameworks/Sharing.framework/Versions/A/Sharing
0x0000000004ce1000 	/System/Library/PrivateFrameworks/IconServices.framework/Versions/A/IconServices
0x0000000004ce1000 	/System/Library/PrivateFrameworks/Apple80211.framework/Versions/A/Apple80211
0x0000000004ce1000 	/System/Library/PrivateFrameworks/CoreUtils.framework/Versions/A/CoreUtils
0x0000000004ce1000 	/System/Library/Frameworks/CoreWLAN.framework/Versions/A/CoreWLAN
0x0000000004ce1000 	/System/Library/Frameworks/IOBluetooth.framework/Versions/A/IOBluetooth
0x0000000004ce1000 	/System/Library/PrivateFrameworks/ProtocolBuffer.framework/Versions/A/ProtocolBuffer
0x0000000004ce1000 	/System/Library/PrivateFrameworks/CoreWiFi.framework/Versions/A/CoreWiFi
0x0000000004ce1000 	/System/Library/Frameworks/CoreBluetooth.framework/Versions/A/CoreBluetooth
0x0000000004ce1000 	/System/Library/PrivateFrameworks/DebugSymbols.framework/Versions/A/DebugSymbols
0x0000000004ce1000 	/System/Library/PrivateFrameworks/CoreSymbolication.framework/Versions/A/CoreSymbolication
0x0000000004ce1000 	/System/Library/PrivateFrameworks/Symbolication.framework/Versions/A/Symbolication
0x0000000004ce1000 	/System/Library/PrivateFrameworks/AppleFSCompression.framework/Versions/A/AppleFSCompression
0x0000000004ce1000 	/System/Library/PrivateFrameworks/SpeechRecognitionCore.framework/Versions/A/SpeechRecognitionCore
0x0000000109c12000 	/Library/Java/JavaVirtualMachines/jdk1.7.0_79.jdk/Contents/Home/jre/lib/server/libjvm.dylib
0x0000000004ce1000 	/usr/lib/libstdc++.6.0.9.dylib
0x000000010a675000 	/Library/Java/JavaVirtualMachines/jdk1.7.0_79.jdk/Contents/Home/jre/lib/libverify.dylib
0x000000010a682000 	/Library/Java/JavaVirtualMachines/jdk1.7.0_79.jdk/Contents/Home/jre/lib/libjava.dylib
0x000000010a6fc000 	/Library/Java/JavaVirtualMachines/jdk1.7.0_79.jdk/Contents/Home/jre/lib/libzip.dylib
0x0000000004ce1000 	/System/Library/Frameworks/JavaVM.framework/Versions/A/Frameworks/JavaRuntimeSupport.framework/Versions/A/JavaRuntimeSupport
0x0000000004ce1000 	/System/Library/Frameworks/JavaVM.framework/Versions/A/Frameworks/JavaNativeFoundation.framework/Versions/A/JavaNativeFoundation
0x0000000004ce1000 	/System/Library/Frameworks/JavaVM.framework/Versions/A/JavaVM
0x0000000004ce1000 	/System/Library/Frameworks/Carbon.framework/Versions/A/Carbon
0x0000000004ce1000 	/System/Library/PrivateFrameworks/JavaLaunching.framework/Versions/A/JavaLaunching
0x0000000004ce1000 	/System/Library/Frameworks/Carbon.framework/Versions/A/Frameworks/CommonPanels.framework/Versions/A/CommonPanels
0x0000000004ce1000 	/System/Library/Frameworks/Carbon.framework/Versions/A/Frameworks/Help.framework/Versions/A/Help
0x0000000004ce1000 	/System/Library/Frameworks/Carbon.framework/Versions/A/Frameworks/ImageCapture.framework/Versions/A/ImageCapture
0x0000000004ce1000 	/System/Library/Frameworks/Carbon.framework/Versions/A/Frameworks/OpenScripting.framework/Versions/A/OpenScripting
0x0000000004ce1000 	/System/Library/Frameworks/Carbon.framework/Versions/A/Frameworks/Print.framework/Versions/A/Print
0x0000000004ce1000 	/System/Library/Frameworks/Carbon.framework/Versions/A/Frameworks/SecurityHI.framework/Versions/A/SecurityHI
0x0000000115cde000 	/Library/Java/JavaVirtualMachines/jdk1.7.0_79.jdk/Contents/Home/jre/lib/libawt.dylib
0x0000000115d8d000 	/Library/Java/JavaVirtualMachines/jdk1.7.0_79.jdk/Contents/Home/jre/lib/./libmlib_image.dylib
0x0000000115e59000 	/Library/Java/JavaVirtualMachines/jdk1.7.0_79.jdk/Contents/Home/jre/lib/lwawt/liblwawt.dylib
0x0000000115f0f000 	/Library/Java/JavaVirtualMachines/jdk1.7.0_79.jdk/Contents/Home/jre/lib/libosxapp.dylib
0x0000000004ce1000 	/System/Library/Frameworks/ExceptionHandling.framework/Versions/A/ExceptionHandling
0x0000000004ce1000 	/System/Library/PrivateFrameworks/CoreServicesInternal.framework/Versions/A/CoreServicesInternal
0x0000000004ce1000 	/System/Library/CoreServices/RawCamera.bundle/Contents/MacOS/RawCamera
0x0000000004ce1000 	/System/Library/PrivateFrameworks/MobileAsset.framework/Versions/A/MobileAsset
0x0000000004ce1000 	/System/Library/PrivateFrameworks/StreamingZip.framework/Versions/A/StreamingZip
0x0000000004ce1000 	/System/Library/Frameworks/MediaToolbox.framework/Versions/A/MediaToolbox
0x0000000004ce1000 	/System/Library/PrivateFrameworks/CoreAVCHD.framework/Versions/A/CoreAVCHD
0x0000000004ce1000 	/System/Library/Frameworks/MediaAccessibility.framework/Versions/A/MediaAccessibility
0x0000000004ce1000 	/System/Library/PrivateFrameworks/Mangrove.framework/Versions/A/Mangrove
0x0000000004ce1000 	/System/Library/Frameworks/CoreMedia.framework/Versions/A/CoreMedia
0x0000000004ce1000 	/System/Library/Frameworks/VideoToolbox.framework/Versions/A/VideoToolbox
0x0000000004ce1000 	/System/Library/PrivateFrameworks/CoreAUC.framework/Versions/A/CoreAUC
0x0000000004ce1000 	/usr/lib/libspindump.dylib
0x0000000004ce1000 	/System/Library/PrivateFrameworks/AppleVA.framework/Versions/A/AppleVA
0x0000000004ce1000 	/System/Library/Frameworks/Accelerate.framework/Versions/A/Frameworks/vImage.framework/Versions/A/Libraries/libCGInterfaces.dylib
0x0000000004ce1000 	/System/Library/Frameworks/ApplicationServices.framework/Versions/A/Frameworks/ATS.framework/Versions/A/Resources/libTrueTypeScaler.dylib
0x0000000004ce1000 	/System/Library/Extensions/AppleIntelBDWGraphicsMTLDriver.bundle/Contents/MacOS/AppleIntelBDWGraphicsMTLDriver
0x0000000004ce1000 	/System/Library/PrivateFrameworks/GPUCompiler.framework/Versions/3802/Libraries/libmetal_timestamp.dylib
0x0000000004ce1000 	/System/Library/PrivateFrameworks/FamilyControls.framework/Versions/A/FamilyControls
0x0000000004ce1000 	/System/Library/PrivateFrameworks/CommerceKit.framework/Versions/A/Frameworks/CommerceCore.framework/Versions/A/CommerceCore
0x0000000004ce1000 	/System/Library/PrivateFrameworks/SystemAdministration.framework/Versions/A/SystemAdministration
0x0000000004ce1000 	/System/Library/PrivateFrameworks/AppContainer.framework/Versions/A/AppContainer
0x0000000004ce1000 	/System/Library/PrivateFrameworks/SecCodeWrapper.framework/Versions/A/SecCodeWrapper
0x0000000004ce1000 	/System/Library/PrivateFrameworks/DiskManagement.framework/Versions/A/DiskManagement
0x0000000004ce1000 	/System/Library/Frameworks/DirectoryService.framework/Versions/A/DirectoryService
0x0000000004ce1000 	/System/Library/PrivateFrameworks/DiskImages.framework/Versions/A/DiskImages
0x0000000004ce1000 	/System/Library/PrivateFrameworks/LoginUIKit.framework/Versions/A/Frameworks/LoginUICore.framework/Versions/A/LoginUICore
0x0000000004ce1000 	/usr/lib/libCoreStorage.dylib
0x0000000004ce1000 	/usr/lib/libcsfde.dylib
0x0000000004ce1000 	/usr/lib/libodfde.dylib
0x0000000004ce1000 	/System/Library/PrivateFrameworks/MediaKit.framework/Versions/A/MediaKit
0x0000000004ce1000 	/System/Library/Frameworks/DiscRecording.framework/Versions/A/DiscRecording
0x0000000004ce1000 	/System/Library/PrivateFrameworks/EFILogin.framework/Versions/A/EFILogin
0x0000000004ce1000 	/System/Library/PrivateFrameworks/ProtectedCloudStorage.framework/Versions/A/ProtectedCloudStorage
0x0000000004ce1000 	/usr/lib/libcurl.4.dylib
0x0000000004ce1000 	/usr/lib/libcrypto.35.dylib
0x0000000004ce1000 	/usr/lib/libssl.35.dylib
0x0000000004ce1000 	/System/Library/Frameworks/LDAP.framework/Versions/A/LDAP
0x0000000004ce1000 	/System/Library/PrivateFrameworks/TrustEvaluationAgent.framework/Versions/A/TrustEvaluationAgent
0x0000000004ce1000 	/usr/lib/libsasl2.2.dylib
0x0000000004ce1000 	/System/Library/PrivateFrameworks/CoreDaemon.framework/Versions/B/CoreDaemon
0x0000000004ce1000 	/System/Library/PrivateFrameworks/AppleSRP.framework/Versions/A/AppleSRP
0x00000001184bb000 	/Library/Java/JavaVirtualMachines/jdk1.7.0_79.jdk/Contents/Home/jre/lib/libfontmanager.dylib
0x000000011648d000 	/Library/Java/JavaVirtualMachines/jdk1.7.0_79.jdk/Contents/Home/jre/lib/libosxui.dylib
0x0000000004ce1000 	/System/Library/Frameworks/OpenGL.framework/Versions/A/Resources/GLEngine.bundle/GLEngine
0x0000000004ce1000 	/System/Library/Frameworks/OpenGL.framework/Versions/A/Libraries/libGLProgrammability.dylib
0x00000001190d5000 	/System/Library/Extensions/AppleIntelBDWGraphicsGLDriver.bundle/Contents/MacOS/AppleIntelBDWGraphicsGLDriver
0x0000000004ce1000 	/System/Library/PrivateFrameworks/GPUSupport.framework/Versions/A/Libraries/libGPUSupportMercury.dylib
0x0000000004ce1000 	/System/Library/Frameworks/OpenGL.framework/Versions/A/Resources/GLRendererFloat.bundle/GLRendererFloat
0x0000000004ce1000 	/System/Library/Frameworks/OpenCL.framework/Versions/A/Libraries/libcldcpuengine.dylib
0x0000000004ce1000 	/System/Library/PrivateFrameworks/ViewBridge.framework/Versions/A/ViewBridge
0x000000011a331000 	/Library/Java/JavaVirtualMachines/jdk1.7.0_79.jdk/Contents/Home/jre/lib/libosx.dylib
0x000000011a33f000 	/Library/Java/JavaVirtualMachines/jdk1.7.0_79.jdk/Contents/Home/jre/lib/libnio.dylib
0x000000011a34e000 	/Library/Java/JavaVirtualMachines/jdk1.7.0_79.jdk/Contents/Home/jre/lib/./libnet.dylib
0x00000001162f7000 	/Library/Java/JavaVirtualMachines/jdk1.7.0_79.jdk/Contents/Home/jre/lib/libdcpr.dylib

VM Arguments:
jvm_args: -Dfile.encoding=UTF-8 
java_command: speedith.Main
Launcher Type: SUN_STANDARD

Environment Variables:
PATH=/usr/bin:/bin:/usr/sbin:/sbin
SHELL=/bin/bash
DISPLAY=/private/tmp/com.apple.launchd.rZa85gouRv/org.macosforge.xquartz:0

Signal Handlers:
SIGSEGV: [libjvm.dylib+0x52daf1], sa_mask[0]=0xfffefeff, sa_flags=0x00000043
SIGBUS: [libjvm.dylib+0x52daf1], sa_mask[0]=0xfffefeff, sa_flags=0x00000042
SIGFPE: [libjvm.dylib+0x41f34e], sa_mask[0]=0xfffefeff, sa_flags=0x00000042
SIGPIPE: [libjvm.dylib+0x41f34e], sa_mask[0]=0xfffefeff, sa_flags=0x00000042
SIGXFSZ: [libjvm.dylib+0x41f34e], sa_mask[0]=0xfffefeff, sa_flags=0x00000042
SIGILL: [libjvm.dylib+0x41f34e], sa_mask[0]=0xfffefeff, sa_flags=0x00000042
SIGUSR1: SIG_DFL, sa_mask[0]=0x00000000, sa_flags=0x00000000
SIGUSR2: [libjvm.dylib+0x41ee40], sa_mask[0]=0x00000004, sa_flags=0x00000042
SIGHUP: [libjvm.dylib+0x41d0d1], sa_mask[0]=0xfffefeff, sa_flags=0x00000042
SIGINT: [libjvm.dylib+0x41d0d1], sa_mask[0]=0xfffefeff, sa_flags=0x00000042
SIGTERM: [libjvm.dylib+0x41d0d1], sa_mask[0]=0xfffefeff, sa_flags=0x00000042
SIGQUIT: [libjvm.dylib+0x41d0d1], sa_mask[0]=0xfffefeff, sa_flags=0x00000042


---------------  S Y S T E M  ---------------

OS:Bsduname:Darwin 17.5.0 Darwin Kernel Version 17.5.0: Fri Apr 13 19:32:32 PDT 2018; root:xnu-4570.51.2~1/RELEASE_X86_64 x86_64
rlimit: STACK 8192k, CORE 0k, NPROC 709, NOFILE 10240, AS infinity
load average:4.19 3.04 2.19

CPU:total 4 (2 cores per cpu, 2 threads per core) family 6 model 61 stepping 4, cmov, cx8, fxsr, mmx, sse, sse2, sse3, ssse3, sse4.1, sse4.2, popcnt, avx, avx2, aes, erms, ht, tsc, tscinvbit

Memory: 4k page, physical 8388608k(2097152k free)

/proc/meminfo:


vm_info: Java HotSpot(TM) 64-Bit Server VM (24.79-b02) for bsd-amd64 JRE (1.7.0_79-b15), built on Apr 10 2015 11:35:04 by "java_re" with gcc 4.2.1 (Based on Apple Inc. build 5658) (LLVM build 2336.11.00)

time: Fri May 18 18:24:09 2018
elapsed time: 13513 seconds

