#
# A fatal error has been detected by the Java Runtime Environment:
#
#  SIGSEGV (0xb) at pc=0x000000011aaf5b43, pid=18616, tid=45691
#
# JRE version: Java(TM) SE Runtime Environment (7.0_79-b15) (build 1.7.0_79-b15)
# Java VM: Java HotSpot(TM) 64-Bit Server VM (24.79-b02 mixed mode bsd-amd64 compressed oops)
# Problematic frame:
# C  [liblwawt.dylib+0x12b43]  OGLSD_SetScratchSurface+0x3d
#
# Failed to write core dump. Core dumps have been disabled. To enable core dumping, try "ulimit -c unlimited" before starting Java again
#
# If you would like to submit a bug report, please visit:
#   http://bugreport.java.com/bugreport/crash.jsp
# The crash happened outside the Java Virtual Machine in native code.
# See problematic frame for where to report the bug.
#

---------------  T H R E A D  ---------------

Current thread (0x00007fb9dc3b4000):  JavaThread "Java2D Queue Flusher" daemon [_thread_in_native, id=45691, stack(0x000070000e755000,0x000070000e855000)]

siginfo:si_signo=SIGSEGV: si_errno=0, si_code=1 (SEGV_MAPERR), si_addr=0x0000000000020000

Registers:
RAX=0x00007fb9dc3e3078, RBX=0x00007fb9dc3b41e8, RCX=0x00007fb9dc3e3080, RDX=0x000000011aaeba0c
RSP=0x000070000e8547a0, RBP=0x000070000e8547c0, RSI=0x00007fb9db43f050, RDI=0x00007fb9dc3e3078
R8 =0x00007fb9db53e848, R9 =0xffffffff00000000, R10=0x000000010fc7572c, R11=0x000000010f677353
R12=0x0000000000000000, R13=0x000000077b3a4b40, R14=0x00007fb9db430002, R15=0x0000000000020000
RIP=0x000000011aaf5b43, EFLAGS=0x0000000000010206, ERR=0x0000000000000004
  TRAPNO=0x000000000000000e

Top of Stack: (sp=0x000070000e8547a0)
0x000070000e8547a0:   00007fb9db43f050 0000000000000000
0x000070000e8547b0:   00007fb9dc3c1e10 00007fb9dc3b4000
0x000070000e8547c0:   000070000e854840 000000011aaeb4ea
0x000070000e8547d0:   0000000000000000 000000010f2f6288
0x000070000e8547e0:   0000000000000064 00007fb9dc3b4000
0x000070000e8547f0:   0000000000000bad 0000000000000bad
0x000070000e854800:   00007fb9dc3b4000 00007fb9dc3c1e20
0x000070000e854810:   00007fb90053e800 00007fb9dc3b41e8
0x000070000e854820:   000000077b3a4b40 0000000000000000
0x000070000e854830:   000070000e8548e8 00007fb9dc3b4000
0x000070000e854840:   000070000e8548b0 000000010fc75758
0x000070000e854850:   000070000e854890 000000077af0f488
0x000070000e854860:   000070000e854880 0000000000000064
0x000070000e854870:   000070000e854870 0000000000000000
0x000070000e854880:   000070000e8548e8 000000077b3a6328
0x000070000e854890:   0000000000000000 000000077b3a4b40
0x000070000e8548a0:   0000000000000000 000070000e8548d0
0x000070000e8548b0:   000070000e854930 000000010fc69058
0x000070000e8548c0:   0000000000000000 000000010fc71cd8
0x000070000e8548d0:   0000000000000020 00007fb9dc3c1e00
0x000070000e8548e0:   00000007801fcf00 00000007801fcee8
0x000070000e8548f0:   000070000e8548f0 000000077b3a4c25
0x000070000e854900:   000070000e854948 000000077b3a6328
0x000070000e854910:   0000000000000000 000000077b3a4c48
0x000070000e854920:   000070000e8548d0 000070000e854948
0x000070000e854930:   000070000e854990 000000010fc69058
0x000070000e854940:   0000000000000020 00000007801fcee8
0x000070000e854950:   000070000e854950 000000077b3a4dd9
0x000070000e854960:   000070000e8549a0 000000077b3a6328
0x000070000e854970:   0000000000000000 000000077b3a4de8
0x000070000e854980:   000070000e854948 000070000e8549a0
0x000070000e854990:   000070000e8549f8 000000010fc69058 

Instructions: (pc=0x000000011aaf5b43)
0x000000011aaf5b23:   c0 be 01 00 00 00 e8 b0 2c 03 00 31 c0 eb 6d 48
0x000000011aaf5b33:   89 fb 4c 8b 76 10 4d 8b 3e 30 c0 e8 6f 31 03 00
0x000000011aaf5b43:   49 8b 3f 49 89 c4 48 8b 35 d8 7e 06 00 30 c0 e8
0x000000011aaf5b53:   99 32 03 00 48 85 c0 75 4c 30 c0 e8 79 60 ff ff 

Register to memory mapping:

RAX=0x00007fb9dc3e3078 is an unknown value
RBX=0x00007fb9dc3b41e8 is an unknown value
RCX=0x00007fb9dc3e3080 is an unknown value
RDX=0x000000011aaeba0c: Java_sun_java2d_opengl_OGLRenderQueue_flushBuffer+0xb5c in /Library/Java/JavaVirtualMachines/jdk1.7.0_79.jdk/Contents/Home/jre/lib/lwawt/liblwawt.dylib at 0x000000011aae3000
RSP=0x000070000e8547a0 is pointing into the stack for thread: 0x00007fb9dc3b4000
RBP=0x000070000e8547c0 is pointing into the stack for thread: 0x00007fb9dc3b4000
RSI=0x00007fb9db43f050 is an unknown value
RDI=0x00007fb9dc3e3078 is an unknown value
R8 =0x00007fb9db53e848 is an unknown value
R9 =0xffffffff00000000 is an unknown value
R10=0x000000010fc7572c is at code_begin+620 in an Interpreter codelet
method entry point (kind = native)  [0x000000010fc754c0, 0x000000010fc75d00]  2112 bytes
R11=0x000000010f677353: throw_unsatisfied_link_error+0 in /Library/Java/JavaVirtualMachines/jdk1.7.0_79.jdk/Contents/Home/jre/lib/server/libjvm.dylib at 0x000000010f200000
R12=0x0000000000000000 is an unknown value
R13=0x000000077b3a4b40 is an oop
{method} 
 - klass: {other class}
R14=0x00007fb9db430002 is an unknown value
R15=0x0000000000020000 is an unknown value


Stack: [0x000070000e755000,0x000070000e855000],  sp=0x000070000e8547a0,  free space=1021k
Native frames: (J=compiled Java code, j=interpreted, Vv=VM code, C=native code)
C  [liblwawt.dylib+0x12b43]  OGLSD_SetScratchSurface+0x3d
C  [liblwawt.dylib+0x84ea]  Java_sun_java2d_opengl_OGLRenderQueue_flushBuffer+0x63a
j  sun.java2d.opengl.OGLRenderQueue.flushBuffer(JI)V+0
j  sun.java2d.opengl.OGLRenderQueue.flushBuffer()V+21
j  sun.java2d.opengl.OGLRenderQueue.access$100(Lsun/java2d/opengl/OGLRenderQueue;)V+1
j  sun.java2d.opengl.OGLRenderQueue$QueueFlusher.run()V+81
v  ~StubRoutines::call_stub
V  [libjvm.dylib+0x2dbef8]  JavaCalls::call_helper(JavaValue*, methodHandle*, JavaCallArguments*, Thread*)+0x22a
V  [libjvm.dylib+0x2dc40f]  JavaCalls::call_virtual(JavaValue*, KlassHandle, Symbol*, Symbol*, JavaCallArguments*, Thread*)+0x11b
V  [libjvm.dylib+0x2dc54c]  JavaCalls::call_virtual(JavaValue*, Handle, KlassHandle, Symbol*, Symbol*, Thread*)+0x4a
V  [libjvm.dylib+0x32b43a]  thread_entry(JavaThread*, Thread*)+0xad
V  [libjvm.dylib+0x4f759d]  JavaThread::thread_main_inner()+0x9b
V  [libjvm.dylib+0x4f8ca5]  JavaThread::run()+0x1a3
V  [libjvm.dylib+0x421c4e]  java_start(Thread*)+0x126
C  [libsystem_pthread.dylib+0x36c1]  _pthread_body+0x154
C  [libsystem_pthread.dylib+0x356d]  _pthread_body+0x0
C  [libsystem_pthread.dylib+0x2c5d]  thread_start+0xd

Java frames: (J=compiled Java code, j=interpreted, Vv=VM code)
j  sun.java2d.opengl.OGLRenderQueue.flushBuffer(JI)V+0
j  sun.java2d.opengl.OGLRenderQueue.flushBuffer()V+21
j  sun.java2d.opengl.OGLRenderQueue.access$100(Lsun/java2d/opengl/OGLRenderQueue;)V+1
j  sun.java2d.opengl.OGLRenderQueue$QueueFlusher.run()V+81
v  ~StubRoutines::call_stub

---------------  P R O C E S S  ---------------

Java Threads: ( => current thread )
  0x00007fb9dc57d000 JavaThread "Thread-3" daemon [_thread_blocked, id=73779, stack(0x000070000ee70000,0x000070000ef70000)]
  0x00007fb9dd32b800 JavaThread "TimerQueue" daemon [_thread_blocked, id=54611, stack(0x000070000eb61000,0x000070000ec61000)]
  0x00007fb9dc479800 JavaThread "Timer-0" daemon [_thread_blocked, id=52483, stack(0x000070000ea5e000,0x000070000eb5e000)]
  0x00007fb9dc3d4000 JavaThread "DestroyJavaVM" [_thread_blocked, id=9731, stack(0x000070000d825000,0x000070000d925000)]
  0x00007fb9dc3fd000 JavaThread "AWT-EventQueue-0" [_thread_blocked, id=77579, stack(0x000070000e95b000,0x000070000ea5b000)]
  0x00007fb9dd0fe000 JavaThread "Java2D Disposer" daemon [_thread_blocked, id=80655, stack(0x000070000e858000,0x000070000e958000)]
=>0x00007fb9dc3b4000 JavaThread "Java2D Queue Flusher" daemon [_thread_in_native, id=45691, stack(0x000070000e755000,0x000070000e855000)]
  0x00007fb9dd094800 JavaThread "AWT-Shutdown" [_thread_blocked, id=38443, stack(0x000070000e5cf000,0x000070000e6cf000)]
  0x00007fb9db856800 JavaThread "AppKit Thread" daemon [_thread_in_native, id=775, stack(0x00007ffee0afd000,0x00007ffee12fd000)]
  0x00007fb9dc00e000 JavaThread "Service Thread" daemon [_thread_blocked, id=17667, stack(0x000070000e346000,0x000070000e446000)]
  0x00007fb9dc00d800 JavaThread "C2 CompilerThread1" daemon [_thread_blocked, id=18179, stack(0x000070000e243000,0x000070000e343000)]
  0x00007fb9dc00b800 JavaThread "C2 CompilerThread0" daemon [_thread_blocked, id=13571, stack(0x000070000e140000,0x000070000e240000)]
  0x00007fb9dc003000 JavaThread "Signal Dispatcher" daemon [_thread_blocked, id=18443, stack(0x000070000e03d000,0x000070000e13d000)]
  0x00007fb9dd029000 JavaThread "Finalizer" daemon [_thread_blocked, id=20483, stack(0x000070000df3a000,0x000070000e03a000)]
  0x00007fb9dd000000 JavaThread "Reference Handler" daemon [_thread_blocked, id=11523, stack(0x000070000de37000,0x000070000df37000)]

Other Threads:
  0x00007fb9dc031000 VMThread [stack: 0x000070000dd34000,0x000070000de34000] [id=11011]
  0x00007fb9dc000800 WatcherThread [stack: 0x000070000e449000,0x000070000e549000] [id=17155]

VM state:not at safepoint (normal execution)

VM Mutex/Monitor currently owned by a thread: None

Heap
 PSYoungGen      total 31744K, used 7266K [0x00000007d5500000, 0x00000007da400000, 0x0000000800000000)
  eden space 24576K, 29% used [0x00000007d5500000,0x00000007d5c18b70,0x00000007d6d00000)
  from space 7168K, 0% used [0x00000007d7580000,0x00000007d7580000,0x00000007d7c80000)
  to   space 28160K, 0% used [0x00000007d8880000,0x00000007d8880000,0x00000007da400000)
 ParOldGen       total 78336K, used 24283K [0x0000000780000000, 0x0000000784c80000, 0x00000007d5500000)
  object space 78336K, 30% used [0x0000000780000000,0x00000007817b6cc8,0x0000000784c80000)
 PSPermGen       total 48128K, used 23877K [0x000000077ae00000, 0x000000077dd00000, 0x0000000780000000)
  object space 48128K, 49% used [0x000000077ae00000,0x000000077c551740,0x000000077dd00000)

Card table byte_map: [0x0000000112d23000,0x000000011314d000] byte_map_base: 0x000000010f14c000

Polling page: 0x000000010e978000

Code Cache  [0x000000010fc63000, 0x000000010fed3000, 0x0000000112c63000)
 total_blobs=1309 nmethods=755 adapters=507 free_code_cache=46768Kb largest_free_block=47840832

Compilation events (10 events):
Event: 759.006 Thread 0x00007fb9dc00b800  783   !         java.awt.DefaultKeyboardFocusManager::dispatchEvent (1556 bytes)
Event: 759.091 Thread 0x00007fb9dc00b800 nmethod 783 0x000000010febac90 code [0x000000010febb600, 0x000000010febf410]
Event: 759.707 Thread 0x00007fb9dc00d800  784             java.util.concurrent.locks.AbstractQueuedSynchronizer::transferForSignal (45 bytes)
Event: 759.711 Thread 0x00007fb9dc00d800 nmethod 784 0x000000010feab610 code [0x000000010feab780, 0x000000010feab9f8]
Event: 2356.796 Thread 0x00007fb9dc00b800  785 %s!         sun.java2d.opengl.OGLRenderQueue$QueueFlusher::run @ 2 (234 bytes)
Event: 2356.807 Thread 0x00007fb9dc00b800 nmethod 785% 0x000000010fe25150 code [0x000000010fe253a0, 0x000000010fe25c68]
Event: 2374.977 Thread 0x00007fb9dc00d800  786             sun.awt.SunToolkit::awtTryLock (7 bytes)
Event: 2374.978 Thread 0x00007fb9dc00d800 nmethod 786 0x000000010feac410 code [0x000000010feac560, 0x000000010feac658]
Event: 3973.991 Thread 0x00007fb9dc00b800  787             sun.java2d.pipe.RenderQueue::tryLock (4 bytes)
Event: 3973.992 Thread 0x00007fb9dc00b800 nmethod 787 0x000000010feab290 code [0x000000010feab3e0, 0x000000010feab4f8]

GC Heap History (10 events):
Event: 751.701 GC heap before
{Heap before GC invocations=12 (full 0):
 PSYoungGen      total 31744K, used 28927K [0x00000007d5500000, 0x00000007d9780000, 0x0000000800000000)
  eden space 29184K, 90% used [0x00000007d5500000,0x00000007d6ec0538,0x00000007d7180000)
  from space 2560K, 99% used [0x00000007d7f80000,0x00000007d81ff8a8,0x00000007d8200000)
  to   space 19456K, 0% used [0x00000007d8480000,0x00000007d8480000,0x00000007d9780000)
 ParOldGen       total 87040K, used 38234K [0x0000000780000000, 0x0000000785500000, 0x00000007d5500000)
  object space 87040K, 43% used [0x0000000780000000,0x0000000782556868,0x0000000785500000)
 PSPermGen       total 24064K, used 23868K [0x000000077ae00000, 0x000000077c580000, 0x0000000780000000)
  object space 24064K, 99% used [0x000000077ae00000,0x000000077c54f148,0x000000077c580000)
Event: 751.715 GC heap after
Heap after GC invocations=12 (full 0):
 PSYoungGen      total 45056K, used 19444K [0x00000007d5500000, 0x00000007d9e00000, 0x0000000800000000)
  eden space 25600K, 0% used [0x00000007d5500000,0x00000007d5500000,0x00000007d6e00000)
  from space 19456K, 99% used [0x00000007d8480000,0x00000007d977d1f0,0x00000007d9780000)
  to   space 23040K, 0% used [0x00000007d6e00000,0x00000007d6e00000,0x00000007d8480000)
 ParOldGen       total 87040K, used 40562K [0x0000000780000000, 0x0000000785500000, 0x00000007d5500000)
  object space 87040K, 46% used [0x0000000780000000,0x000000078279c868,0x0000000785500000)
 PSPermGen       total 24064K, used 23868K [0x000000077ae00000, 0x000000077c580000, 0x0000000780000000)
  object space 24064K, 99% used [0x000000077ae00000,0x000000077c54f148,0x000000077c580000)
}
Event: 751.893 GC heap before
{Heap before GC invocations=13 (full 0):
 PSYoungGen      total 45056K, used 42072K [0x00000007d5500000, 0x00000007d9e00000, 0x0000000800000000)
  eden space 25600K, 88% used [0x00000007d5500000,0x00000007d6b19050,0x00000007d6e00000)
  from space 19456K, 99% used [0x00000007d8480000,0x00000007d977d1f0,0x00000007d9780000)
  to   space 23040K, 0% used [0x00000007d6e00000,0x00000007d6e00000,0x00000007d8480000)
 ParOldGen       total 87040K, used 40562K [0x0000000780000000, 0x0000000785500000, 0x00000007d5500000)
  object space 87040K, 46% used [0x0000000780000000,0x000000078279c868,0x0000000785500000)
 PSPermGen       total 24064K, used 23891K [0x000000077ae00000, 0x000000077c580000, 0x0000000780000000)
  object space 24064K, 99% used [0x000000077ae00000,0x000000077c554f60,0x000000077c580000)
Event: 751.900 GC heap after
Heap after GC invocations=13 (full 0):
 PSYoungGen      total 48640K, used 20769K [0x00000007d5500000, 0x00000007daf00000, 0x0000000800000000)
  eden space 25600K, 0% used [0x00000007d5500000,0x00000007d5500000,0x00000007d6e00000)
  from space 23040K, 90% used [0x00000007d6e00000,0x00000007d8248580,0x00000007d8480000)
  to   space 25600K, 0% used [0x00000007d9600000,0x00000007d9600000,0x00000007daf00000)
 ParOldGen       total 87040K, used 41290K [0x0000000780000000, 0x0000000785500000, 0x00000007d5500000)
  object space 87040K, 47% used [0x0000000780000000,0x0000000782852868,0x0000000785500000)
 PSPermGen       total 24064K, used 23891K [0x000000077ae00000, 0x000000077c580000, 0x0000000780000000)
  object space 24064K, 99% used [0x000000077ae00000,0x000000077c554f60,0x000000077c580000)
}
Event: 6585.361 GC heap before
{Heap before GC invocations=14 (full 0):
 PSYoungGen      total 48640K, used 43896K [0x00000007d5500000, 0x00000007daf00000, 0x0000000800000000)
  eden space 25600K, 90% used [0x00000007d5500000,0x00000007d6b95b28,0x00000007d6e00000)
  from space 23040K, 90% used [0x00000007d6e00000,0x00000007d8248580,0x00000007d8480000)
  to   space 25600K, 0% used [0x00000007d9600000,0x00000007d9600000,0x00000007daf00000)
 ParOldGen       total 87040K, used 41290K [0x0000000780000000, 0x0000000785500000, 0x00000007d5500000)
  object space 87040K, 47% used [0x0000000780000000,0x0000000782852868,0x0000000785500000)
 PSPermGen       total 24064K, used 23903K [0x000000077ae00000, 0x000000077c580000, 0x0000000780000000)
  object space 24064K, 99% used [0x000000077ae00000,0x000000077c557ec0,0x000000077c580000)
Event: 6585.394 GC heap after
Heap after GC invocations=14 (full 0):
 PSYoungGen      total 49152K, used 23614K [0x00000007d5500000, 0x00000007dad80000, 0x0000000800000000)
  eden space 25088K, 0% used [0x00000007d5500000,0x00000007d5500000,0x00000007d6d80000)
  from space 24064K, 98% used [0x00000007d9600000,0x00000007dad0f9a0,0x00000007dad80000)
  to   space 28672K, 0% used [0x00000007d7580000,0x00000007d7580000,0x00000007d9180000)
 ParOldGen       total 87040K, used 54704K [0x0000000780000000, 0x0000000785500000, 0x00000007d5500000)
  object space 87040K, 62% used [0x0000000780000000,0x000000078356c378,0x0000000785500000)
 PSPermGen       total 24064K, used 23903K [0x000000077ae00000, 0x000000077c580000, 0x0000000780000000)
  object space 24064K, 99% used [0x000000077ae00000,0x000000077c557ec0,0x000000077c580000)
}
Event: 6588.138 GC heap before
{Heap before GC invocations=15 (full 0):
 PSYoungGen      total 49152K, used 44099K [0x00000007d5500000, 0x00000007dad80000, 0x0000000800000000)
  eden space 25088K, 81% used [0x00000007d5500000,0x00000007d6901618,0x00000007d6d80000)
  from space 24064K, 98% used [0x00000007d9600000,0x00000007dad0f9a0,0x00000007dad80000)
  to   space 28672K, 0% used [0x00000007d7580000,0x00000007d7580000,0x00000007d9180000)
 ParOldGen       total 87040K, used 54704K [0x0000000780000000, 0x0000000785500000, 0x00000007d5500000)
  object space 87040K, 62% used [0x0000000780000000,0x000000078356c378,0x0000000785500000)
 PSPermGen       total 24064K, used 23903K [0x000000077ae00000, 0x000000077c580000, 0x0000000780000000)
  object space 24064K, 99% used [0x000000077ae00000,0x000000077c557ec0,0x000000077c580000)
Event: 6588.171 GC heap after
Heap after GC invocations=15 (full 0):
 PSYoungGen      total 31744K, used 6884K [0x00000007d5500000, 0x00000007da400000, 0x0000000800000000)
  eden space 24576K, 0% used [0x00000007d5500000,0x00000007d5500000,0x00000007d6d00000)
  from space 7168K, 96% used [0x00000007d7580000,0x00000007d7c39388,0x00000007d7c80000)
  to   space 28160K, 0% used [0x00000007d8880000,0x00000007d8880000,0x00000007da400000)
 ParOldGen       total 87040K, used 77150K [0x0000000780000000, 0x0000000785500000, 0x00000007d5500000)
  object space 87040K, 88% used [0x0000000780000000,0x0000000784b57af8,0x0000000785500000)
 PSPermGen       total 24064K, used 23903K [0x000000077ae00000, 0x000000077c580000, 0x0000000780000000)
  object space 24064K, 99% used [0x000000077ae00000,0x000000077c557ec0,0x000000077c580000)
}
Event: 6588.171 GC heap before
{Heap before GC invocations=16 (full 1):
 PSYoungGen      total 31744K, used 6884K [0x00000007d5500000, 0x00000007da400000, 0x0000000800000000)
  eden space 24576K, 0% used [0x00000007d5500000,0x00000007d5500000,0x00000007d6d00000)
  from space 7168K, 96% used [0x00000007d7580000,0x00000007d7c39388,0x00000007d7c80000)
  to   space 28160K, 0% used [0x00000007d8880000,0x00000007d8880000,0x00000007da400000)
 ParOldGen       total 87040K, used 77150K [0x0000000780000000, 0x0000000785500000, 0x00000007d5500000)
  object space 87040K, 88% used [0x0000000780000000,0x0000000784b57af8,0x0000000785500000)
 PSPermGen       total 24064K, used 23903K [0x000000077ae00000, 0x000000077c580000, 0x0000000780000000)
  object space 24064K, 99% used [0x000000077ae00000,0x000000077c557ec0,0x000000077c580000)
Event: 6588.420 GC heap after
Heap after GC invocations=16 (full 1):
 PSYoungGen      total 31744K, used 0K [0x00000007d5500000, 0x00000007da400000, 0x0000000800000000)
  eden space 24576K, 0% used [0x00000007d5500000,0x00000007d5500000,0x00000007d6d00000)
  from space 7168K, 0% used [0x00000007d7580000,0x00000007d7580000,0x00000007d7c80000)
  to   space 28160K, 0% used [0x00000007d8880000,0x00000007d8880000,0x00000007da400000)
 ParOldGen       total 78336K, used 24283K [0x0000000780000000, 0x0000000784c80000, 0x00000007d5500000)
  object space 78336K, 30% used [0x0000000780000000,0x00000007817b6cc8,0x0000000784c80000)
 PSPermGen       total 48128K, used 23876K [0x000000077ae00000, 0x000000077dd00000, 0x0000000780000000)
  object space 48128K, 49% used [0x000000077ae00000,0x000000077c5510a0,0x000000077dd00000)
}

Deoptimization events (10 events):
Event: 747.004 Thread 0x00007fb9dc3fd000 Uncommon trap: reason=class_check action=maybe_recompile pc=0x000000010fdb78d8 method=java.awt.EventQueue.coalesceEvent(Ljava/awt/AWTEvent;I)Z @ 77
Event: 747.036 Thread 0x00007fb9dc3fd000 Uncommon trap: reason=class_check action=maybe_recompile pc=0x000000010fdb4d4c method=java.awt.EventQueue.coalesceEvent(Ljava/awt/AWTEvent;I)Z @ 77
Event: 747.081 Thread 0x00007fb9dc3fd000 Uncommon trap: reason=class_check action=maybe_recompile pc=0x000000010fd9fed8 method=java.awt.EventQueue.coalesceEvent(Ljava/awt/AWTEvent;I)Z @ 77
Event: 6585.345 Thread 0x00007fb9dc3b4000 Uncommon trap: reason=class_check action=maybe_recompile pc=0x000000010fe257f0 method=sun.java2d.opengl.OGLRenderQueue$QueueFlusher.run()V @ 95
Event: 6585.346 Thread 0x00007fb9db856800 Uncommon trap: reason=bimorphic action=maybe_recompile pc=0x000000010fd25d0c method=java.util.HashMap.putAllForCreate(Ljava/util/Map;)V @ 1
Event: 6585.352 Thread 0x00007fb9db856800 Uncommon trap: reason=null_check action=make_not_entrant pc=0x000000010fd67adc method=java.awt.geom.AffineTransform.equals(Ljava/lang/Object;)Z @ 1
Event: 6585.400 Thread 0x00007fb9db856800 Uncommon trap: reason=bimorphic action=maybe_recompile pc=0x000000010fd25d0c method=java.util.HashMap.putAllForCreate(Ljava/util/Map;)V @ 1
Event: 6588.112 Thread 0x00007fb9db856800 Uncommon trap: reason=bimorphic action=maybe_recompile pc=0x000000010fd25d0c method=java.util.HashMap.putAllForCreate(Ljava/util/Map;)V @ 1
Event: 6588.116 Thread 0x00007fb9db856800 Uncommon trap: reason=null_check action=make_not_entrant pc=0x000000010fd5f8f0 method=java.awt.geom.AffineTransform.equals(Ljava/lang/Object;)Z @ 1
Event: 6588.133 Thread 0x00007fb9db856800 Uncommon trap: reason=bimorphic action=maybe_recompile pc=0x000000010fd25d0c method=java.util.HashMap.putAllForCreate(Ljava/util/Map;)V @ 1

Internal exceptions (10 events):
Event: 739.151 Thread 0x00007fb9dc3fd000 Threw 0x00000007d5597078 at /HUDSON/workspace/7u-2-build-macosx-x86_64/jdk7u79/2331/hotspot/src/share/vm/prims/jvm.cpp:1304
Event: 739.153 Thread 0x00007fb9dc3fd000 Threw 0x00000007d55a01e0 at /HUDSON/workspace/7u-2-build-macosx-x86_64/jdk7u79/2331/hotspot/src/share/vm/prims/jvm.cpp:1304
Event: 739.154 Thread 0x00007fb9dc3fd000 Threw 0x00000007d55a8fa0 at /HUDSON/workspace/7u-2-build-macosx-x86_64/jdk7u79/2331/hotspot/src/share/vm/prims/jvm.cpp:1304
Event: 739.155 Thread 0x00007fb9dc3fd000 Threw 0x00000007d55b4340 at /HUDSON/workspace/7u-2-build-macosx-x86_64/jdk7u79/2331/hotspot/src/share/vm/prims/jvm.cpp:1304
Event: 739.155 Thread 0x00007fb9dc3fd000 Threw 0x00000007d55bceb0 at /HUDSON/workspace/7u-2-build-macosx-x86_64/jdk7u79/2331/hotspot/src/share/vm/prims/jvm.cpp:1304
Event: 739.156 Thread 0x00007fb9dc3fd000 Threw 0x00000007d55c5d08 at /HUDSON/workspace/7u-2-build-macosx-x86_64/jdk7u79/2331/hotspot/src/share/vm/prims/jvm.cpp:1304
Event: 739.156 Thread 0x00007fb9dc3fd000 Threw 0x00000007d55cd650 at /HUDSON/workspace/7u-2-build-macosx-x86_64/jdk7u79/2331/hotspot/src/share/vm/prims/jvm.cpp:1304
Event: 739.172 Thread 0x00007fb9dc3fd000 Threw 0x00000007d56e53b0 at /HUDSON/workspace/7u-2-build-macosx-x86_64/jdk7u79/2331/hotspot/src/share/vm/prims/jvm.cpp:1304
Event: 6585.352 Thread 0x00007fb9db856800 Implicit null exception at 0x000000010fd66dbc to 0x000000010fd67ab9
Event: 6588.116 Thread 0x00007fb9db856800 Implicit null exception at 0x000000010fd5f84c to 0x000000010fd5f8e1

Events (10 events):
Event: 6588.426 Executing VM operation: RevokeBias
Event: 6588.426 Executing VM operation: RevokeBias done
Event: 6588.426 Executing VM operation: RevokeBias
Event: 6588.426 Executing VM operation: RevokeBias done
Event: 6588.427 Executing VM operation: RevokeBias
Event: 6588.427 Executing VM operation: RevokeBias done
Event: 6588.427 Executing VM operation: RevokeBias
Event: 6588.427 Executing VM operation: RevokeBias done
Event: 6588.428 Executing VM operation: RevokeBias
Event: 6588.428 Executing VM operation: RevokeBias done


Dynamic libraries:
0x0000000026fe3000 	/System/Library/Frameworks/Cocoa.framework/Versions/A/Cocoa
0x0000000026fe3000 	/System/Library/Frameworks/Security.framework/Versions/A/Security
0x0000000026fe3000 	/System/Library/Frameworks/ApplicationServices.framework/Versions/A/ApplicationServices
0x0000000026fe3000 	/usr/lib/libz.1.dylib
0x0000000026fe3000 	/usr/lib/libSystem.B.dylib
0x0000000026fe3000 	/usr/lib/libobjc.A.dylib
0x0000000026fe3000 	/System/Library/Frameworks/CoreFoundation.framework/Versions/A/CoreFoundation
0x0000000026fe3000 	/System/Library/Frameworks/Foundation.framework/Versions/C/Foundation
0x0000000026fe3000 	/System/Library/Frameworks/AppKit.framework/Versions/C/AppKit
0x0000000026fe3000 	/System/Library/Frameworks/CoreData.framework/Versions/A/CoreData
0x0000000026fe3000 	/System/Library/PrivateFrameworks/RemoteViewServices.framework/Versions/A/RemoteViewServices
0x0000000026fe3000 	/System/Library/PrivateFrameworks/UIFoundation.framework/Versions/A/UIFoundation
0x0000000026fe3000 	/System/Library/PrivateFrameworks/DFRFoundation.framework/Versions/A/DFRFoundation
0x0000000026fe3000 	/System/Library/Frameworks/Metal.framework/Versions/A/Metal
0x0000000026fe3000 	/System/Library/PrivateFrameworks/DesktopServicesPriv.framework/Versions/A/DesktopServicesPriv
0x0000000026fe3000 	/usr/lib/libenergytrace.dylib
0x0000000026fe3000 	/System/Library/PrivateFrameworks/SkyLight.framework/Versions/A/SkyLight
0x0000000026fe3000 	/System/Library/Frameworks/CoreGraphics.framework/Versions/A/CoreGraphics
0x0000000026fe3000 	/usr/lib/libScreenReader.dylib
0x0000000026fe3000 	/System/Library/Frameworks/Accelerate.framework/Versions/A/Accelerate
0x0000000026fe3000 	/System/Library/Frameworks/IOSurface.framework/Versions/A/IOSurface
0x0000000026fe3000 	/System/Library/Frameworks/AudioToolbox.framework/Versions/A/AudioToolbox
0x0000000026fe3000 	/System/Library/Frameworks/AudioUnit.framework/Versions/A/AudioUnit
0x0000000026fe3000 	/System/Library/PrivateFrameworks/DataDetectorsCore.framework/Versions/A/DataDetectorsCore
0x0000000026fe3000 	/System/Library/Frameworks/Carbon.framework/Versions/A/Frameworks/HIToolbox.framework/Versions/A/HIToolbox
0x0000000026fe3000 	/usr/lib/libicucore.A.dylib
0x0000000026fe3000 	/System/Library/Frameworks/QuartzCore.framework/Versions/A/QuartzCore
0x0000000026fe3000 	/System/Library/Frameworks/Carbon.framework/Versions/A/Frameworks/SpeechRecognition.framework/Versions/A/SpeechRecognition
0x0000000026fe3000 	/usr/lib/libauto.dylib
0x0000000026fe3000 	/usr/lib/libxml2.2.dylib
0x0000000026fe3000 	/System/Library/PrivateFrameworks/CoreUI.framework/Versions/A/CoreUI
0x0000000026fe3000 	/System/Library/Frameworks/CoreAudio.framework/Versions/A/CoreAudio
0x0000000026fe3000 	/System/Library/Frameworks/DiskArbitration.framework/Versions/A/DiskArbitration
0x0000000026fe3000 	/usr/lib/liblangid.dylib
0x0000000026fe3000 	/System/Library/PrivateFrameworks/MultitouchSupport.framework/Versions/A/MultitouchSupport
0x0000000026fe3000 	/System/Library/Frameworks/IOKit.framework/Versions/A/IOKit
0x0000000026fe3000 	/usr/lib/libDiagnosticMessagesClient.dylib
0x0000000026fe3000 	/System/Library/Frameworks/CoreServices.framework/Versions/A/CoreServices
0x0000000026fe3000 	/System/Library/PrivateFrameworks/PerformanceAnalysis.framework/Versions/A/PerformanceAnalysis
0x0000000026fe3000 	/System/Library/Frameworks/OpenGL.framework/Versions/A/OpenGL
0x0000000026fe3000 	/System/Library/Frameworks/ColorSync.framework/Versions/A/ColorSync
0x0000000026fe3000 	/System/Library/Frameworks/CoreImage.framework/Versions/A/CoreImage
0x0000000026fe3000 	/System/Library/Frameworks/CoreText.framework/Versions/A/CoreText
0x0000000026fe3000 	/System/Library/Frameworks/ImageIO.framework/Versions/A/ImageIO
0x0000000026fe3000 	/System/Library/PrivateFrameworks/Backup.framework/Versions/A/Backup
0x0000000026fe3000 	/usr/lib/libarchive.2.dylib
0x0000000026fe3000 	/System/Library/Frameworks/CFNetwork.framework/Versions/A/CFNetwork
0x0000000026fe3000 	/System/Library/Frameworks/SystemConfiguration.framework/Versions/A/SystemConfiguration
0x0000000026fe3000 	/usr/lib/libCRFSuite.dylib
0x0000000026fe3000 	/usr/lib/libc++.1.dylib
0x0000000026fe3000 	/usr/lib/libc++abi.dylib
0x0000000026fe3000 	/usr/lib/system/libcache.dylib
0x0000000026fe3000 	/usr/lib/system/libcommonCrypto.dylib
0x0000000026fe3000 	/usr/lib/system/libcompiler_rt.dylib
0x0000000026fe3000 	/usr/lib/system/libcopyfile.dylib
0x0000000026fe3000 	/usr/lib/system/libcorecrypto.dylib
0x0000000026fe3000 	/usr/lib/system/libdispatch.dylib
0x0000000026fe3000 	/usr/lib/system/libdyld.dylib
0x0000000026fe3000 	/usr/lib/system/libkeymgr.dylib
0x0000000026fe3000 	/usr/lib/system/liblaunch.dylib
0x0000000026fe3000 	/usr/lib/system/libmacho.dylib
0x0000000026fe3000 	/usr/lib/system/libquarantine.dylib
0x0000000026fe3000 	/usr/lib/system/libremovefile.dylib
0x0000000026fe3000 	/usr/lib/system/libsystem_asl.dylib
0x0000000026fe3000 	/usr/lib/system/libsystem_blocks.dylib
0x0000000026fe3000 	/usr/lib/system/libsystem_c.dylib
0x0000000026fe3000 	/usr/lib/system/libsystem_configuration.dylib
0x0000000026fe3000 	/usr/lib/system/libsystem_coreservices.dylib
0x0000000026fe3000 	/usr/lib/system/libsystem_darwin.dylib
0x0000000026fe3000 	/usr/lib/system/libsystem_dnssd.dylib
0x0000000026fe3000 	/usr/lib/system/libsystem_info.dylib
0x0000000026fe3000 	/usr/lib/system/libsystem_m.dylib
0x0000000026fe3000 	/usr/lib/system/libsystem_malloc.dylib
0x0000000026fe3000 	/usr/lib/system/libsystem_network.dylib
0x0000000026fe3000 	/usr/lib/system/libsystem_networkextension.dylib
0x0000000026fe3000 	/usr/lib/system/libsystem_notify.dylib
0x0000000026fe3000 	/usr/lib/system/libsystem_sandbox.dylib
0x0000000026fe3000 	/usr/lib/system/libsystem_secinit.dylib
0x0000000026fe3000 	/usr/lib/system/libsystem_kernel.dylib
0x0000000026fe3000 	/usr/lib/system/libsystem_platform.dylib
0x0000000026fe3000 	/usr/lib/system/libsystem_pthread.dylib
0x0000000026fe3000 	/usr/lib/system/libsystem_symptoms.dylib
0x0000000026fe3000 	/usr/lib/system/libsystem_trace.dylib
0x0000000026fe3000 	/usr/lib/system/libunwind.dylib
0x0000000026fe3000 	/usr/lib/system/libxpc.dylib
0x0000000026fe3000 	/usr/lib/closure/libclosured.dylib
0x0000000026fe3000 	/usr/lib/libbsm.0.dylib
0x0000000026fe3000 	/usr/lib/system/libkxld.dylib
0x0000000026fe3000 	/usr/lib/libOpenScriptingUtil.dylib
0x0000000026fe3000 	/usr/lib/libcoretls.dylib
0x0000000026fe3000 	/usr/lib/libcoretls_cfhelpers.dylib
0x0000000026fe3000 	/usr/lib/libpam.2.dylib
0x0000000026fe3000 	/usr/lib/libsqlite3.dylib
0x0000000026fe3000 	/usr/lib/libxar.1.dylib
0x0000000026fe3000 	/usr/lib/libbz2.1.0.dylib
0x0000000026fe3000 	/usr/lib/liblzma.5.dylib
0x0000000026fe3000 	/usr/lib/libnetwork.dylib
0x0000000026fe3000 	/usr/lib/libapple_nghttp2.dylib
0x0000000026fe3000 	/usr/lib/libpcap.A.dylib
0x0000000026fe3000 	/usr/lib/libboringssl.dylib
0x0000000026fe3000 	/usr/lib/libusrtcp.dylib
0x0000000026fe3000 	/usr/lib/libapple_crypto.dylib
0x0000000026fe3000 	/System/Library/Frameworks/CoreServices.framework/Versions/A/Frameworks/FSEvents.framework/Versions/A/FSEvents
0x0000000026fe3000 	/System/Library/Frameworks/CoreServices.framework/Versions/A/Frameworks/CarbonCore.framework/Versions/A/CarbonCore
0x0000000026fe3000 	/System/Library/Frameworks/CoreServices.framework/Versions/A/Frameworks/Metadata.framework/Versions/A/Metadata
0x0000000026fe3000 	/System/Library/Frameworks/CoreServices.framework/Versions/A/Frameworks/OSServices.framework/Versions/A/OSServices
0x0000000026fe3000 	/System/Library/Frameworks/CoreServices.framework/Versions/A/Frameworks/SearchKit.framework/Versions/A/SearchKit
0x0000000026fe3000 	/System/Library/Frameworks/CoreServices.framework/Versions/A/Frameworks/AE.framework/Versions/A/AE
0x0000000026fe3000 	/System/Library/Frameworks/CoreServices.framework/Versions/A/Frameworks/LaunchServices.framework/Versions/A/LaunchServices
0x0000000026fe3000 	/System/Library/Frameworks/CoreServices.framework/Versions/A/Frameworks/DictionaryServices.framework/Versions/A/DictionaryServices
0x0000000026fe3000 	/System/Library/Frameworks/CoreServices.framework/Versions/A/Frameworks/SharedFileList.framework/Versions/A/SharedFileList
0x0000000026fe3000 	/System/Library/Frameworks/NetFS.framework/Versions/A/NetFS
0x0000000026fe3000 	/System/Library/PrivateFrameworks/NetAuth.framework/Versions/A/NetAuth
0x0000000026fe3000 	/System/Library/PrivateFrameworks/login.framework/Versions/A/Frameworks/loginsupport.framework/Versions/A/loginsupport
0x0000000026fe3000 	/System/Library/PrivateFrameworks/TCC.framework/Versions/A/TCC
0x0000000026fe3000 	/usr/lib/libmecabra.dylib
0x0000000026fe3000 	/System/Library/Frameworks/ApplicationServices.framework/Versions/A/Frameworks/ATS.framework/Versions/A/ATS
0x0000000026fe3000 	/System/Library/Frameworks/ApplicationServices.framework/Versions/A/Frameworks/ColorSyncLegacy.framework/Versions/A/ColorSyncLegacy
0x0000000026fe3000 	/System/Library/Frameworks/ApplicationServices.framework/Versions/A/Frameworks/HIServices.framework/Versions/A/HIServices
0x0000000026fe3000 	/System/Library/Frameworks/ApplicationServices.framework/Versions/A/Frameworks/LangAnalysis.framework/Versions/A/LangAnalysis
0x0000000026fe3000 	/System/Library/Frameworks/ApplicationServices.framework/Versions/A/Frameworks/PrintCore.framework/Versions/A/PrintCore
0x0000000026fe3000 	/System/Library/Frameworks/ApplicationServices.framework/Versions/A/Frameworks/QD.framework/Versions/A/QD
0x0000000026fe3000 	/System/Library/Frameworks/ApplicationServices.framework/Versions/A/Frameworks/SpeechSynthesis.framework/Versions/A/SpeechSynthesis
0x0000000026fe3000 	/System/Library/Frameworks/CoreDisplay.framework/Versions/A/CoreDisplay
0x0000000026fe3000 	/System/Library/Frameworks/Accelerate.framework/Versions/A/Frameworks/vImage.framework/Versions/A/vImage
0x0000000026fe3000 	/System/Library/Frameworks/Accelerate.framework/Versions/A/Frameworks/vecLib.framework/Versions/A/vecLib
0x0000000026fe3000 	/System/Library/Frameworks/Accelerate.framework/Versions/A/Frameworks/vecLib.framework/Versions/A/libvDSP.dylib
0x0000000026fe3000 	/System/Library/Frameworks/Accelerate.framework/Versions/A/Frameworks/vecLib.framework/Versions/A/libBNNS.dylib
0x0000000026fe3000 	/System/Library/Frameworks/Accelerate.framework/Versions/A/Frameworks/vecLib.framework/Versions/A/libQuadrature.dylib
0x0000000026fe3000 	/System/Library/Frameworks/Accelerate.framework/Versions/A/Frameworks/vecLib.framework/Versions/A/libvMisc.dylib
0x0000000026fe3000 	/System/Library/Frameworks/Accelerate.framework/Versions/A/Frameworks/vecLib.framework/Versions/A/libLAPACK.dylib
0x0000000026fe3000 	/System/Library/Frameworks/Accelerate.framework/Versions/A/Frameworks/vecLib.framework/Versions/A/libBLAS.dylib
0x0000000026fe3000 	/System/Library/Frameworks/Accelerate.framework/Versions/A/Frameworks/vecLib.framework/Versions/A/libLinearAlgebra.dylib
0x0000000026fe3000 	/System/Library/Frameworks/Accelerate.framework/Versions/A/Frameworks/vecLib.framework/Versions/A/libSparse.dylib
0x0000000026fe3000 	/System/Library/Frameworks/Accelerate.framework/Versions/A/Frameworks/vecLib.framework/Versions/A/libSparseBLAS.dylib
0x0000000026fe3000 	/System/Library/PrivateFrameworks/IOAccelerator.framework/Versions/A/IOAccelerator
0x0000000026fe3000 	/System/Library/PrivateFrameworks/IOPresentment.framework/Versions/A/IOPresentment
0x0000000026fe3000 	/System/Library/PrivateFrameworks/DSExternalDisplay.framework/Versions/A/DSExternalDisplay
0x0000000026fe3000 	/System/Library/Frameworks/OpenGL.framework/Versions/A/Libraries/libCoreFSCache.dylib
0x0000000026fe3000 	/System/Library/Frameworks/CoreVideo.framework/Versions/A/CoreVideo
0x0000000026fe3000 	/System/Library/PrivateFrameworks/GraphVisualizer.framework/Versions/A/GraphVisualizer
0x0000000026fe3000 	/System/Library/Frameworks/MetalPerformanceShaders.framework/Versions/A/MetalPerformanceShaders
0x0000000026fe3000 	/usr/lib/libFosl_dynamic.dylib
0x0000000026fe3000 	/System/Library/PrivateFrameworks/FaceCore.framework/Versions/A/FaceCore
0x0000000026fe3000 	/System/Library/Frameworks/OpenCL.framework/Versions/A/OpenCL
0x0000000026fe3000 	/usr/lib/libcompression.dylib
0x0000000026fe3000 	/System/Library/Frameworks/ApplicationServices.framework/Versions/A/Frameworks/ATS.framework/Versions/A/Resources/libFontParser.dylib
0x0000000026fe3000 	/System/Library/Frameworks/ApplicationServices.framework/Versions/A/Frameworks/ATS.framework/Versions/A/Resources/libFontRegistry.dylib
0x0000000026fe3000 	/System/Library/Frameworks/ImageIO.framework/Versions/A/Resources/libJPEG.dylib
0x0000000026fe3000 	/System/Library/Frameworks/ImageIO.framework/Versions/A/Resources/libTIFF.dylib
0x0000000026fe3000 	/System/Library/Frameworks/ImageIO.framework/Versions/A/Resources/libPng.dylib
0x0000000026fe3000 	/System/Library/Frameworks/ImageIO.framework/Versions/A/Resources/libGIF.dylib
0x0000000026fe3000 	/System/Library/Frameworks/ImageIO.framework/Versions/A/Resources/libJP2.dylib
0x0000000026fe3000 	/System/Library/Frameworks/ImageIO.framework/Versions/A/Resources/libRadiance.dylib
0x0000000026fe3000 	/System/Library/PrivateFrameworks/AppleJPEG.framework/Versions/A/AppleJPEG
0x0000000026fe3000 	/System/Library/PrivateFrameworks/MetalTools.framework/Versions/A/MetalTools
0x0000000026fe3000 	/System/Library/Frameworks/MetalPerformanceShaders.framework/Frameworks/MPSCore.framework/Versions/A/MPSCore
0x0000000026fe3000 	/System/Library/Frameworks/MetalPerformanceShaders.framework/Frameworks/MPSImage.framework/Versions/A/MPSImage
0x0000000026fe3000 	/System/Library/Frameworks/MetalPerformanceShaders.framework/Frameworks/MPSMatrix.framework/Versions/A/MPSMatrix
0x0000000026fe3000 	/System/Library/Frameworks/MetalPerformanceShaders.framework/Frameworks/MPSNeuralNetwork.framework/Versions/A/MPSNeuralNetwork
0x0000000026fe3000 	/System/Library/Frameworks/OpenGL.framework/Versions/A/Libraries/libGLU.dylib
0x0000000026fe3000 	/System/Library/Frameworks/OpenGL.framework/Versions/A/Libraries/libGFXShared.dylib
0x0000000026fe3000 	/System/Library/Frameworks/OpenGL.framework/Versions/A/Libraries/libGL.dylib
0x0000000026fe3000 	/System/Library/Frameworks/OpenGL.framework/Versions/A/Libraries/libGLImage.dylib
0x0000000026fe3000 	/System/Library/Frameworks/OpenGL.framework/Versions/A/Libraries/libCVMSPluginSupport.dylib
0x0000000026fe3000 	/System/Library/Frameworks/OpenGL.framework/Versions/A/Libraries/libCoreVMClient.dylib
0x0000000026fe3000 	/usr/lib/libcups.2.dylib
0x0000000026fe3000 	/System/Library/Frameworks/Kerberos.framework/Versions/A/Kerberos
0x0000000026fe3000 	/System/Library/Frameworks/GSS.framework/Versions/A/GSS
0x0000000026fe3000 	/usr/lib/libresolv.9.dylib
0x0000000026fe3000 	/usr/lib/libiconv.2.dylib
0x0000000026fe3000 	/System/Library/PrivateFrameworks/Heimdal.framework/Versions/A/Heimdal
0x0000000026fe3000 	/usr/lib/libheimdal-asn1.dylib
0x0000000026fe3000 	/System/Library/Frameworks/OpenDirectory.framework/Versions/A/OpenDirectory
0x0000000026fe3000 	/System/Library/PrivateFrameworks/CommonAuth.framework/Versions/A/CommonAuth
0x0000000026fe3000 	/System/Library/Frameworks/OpenDirectory.framework/Versions/A/Frameworks/CFOpenDirectory.framework/Versions/A/CFOpenDirectory
0x0000000026fe3000 	/System/Library/Frameworks/SecurityFoundation.framework/Versions/A/SecurityFoundation
0x0000000026fe3000 	/System/Library/PrivateFrameworks/APFS.framework/Versions/A/APFS
0x0000000026fe3000 	/usr/lib/libutil.dylib
0x0000000026fe3000 	/System/Library/PrivateFrameworks/AppleSauce.framework/Versions/A/AppleSauce
0x0000000026fe3000 	/System/Library/PrivateFrameworks/LinguisticData.framework/Versions/A/LinguisticData
0x0000000026fe3000 	/usr/lib/libmarisa.dylib
0x0000000026fe3000 	/System/Library/PrivateFrameworks/Lexicon.framework/Versions/A/Lexicon
0x0000000026fe3000 	/usr/lib/libChineseTokenizer.dylib
0x0000000026fe3000 	/usr/lib/libcmph.dylib
0x0000000026fe3000 	/System/Library/PrivateFrameworks/LanguageModeling.framework/Versions/A/LanguageModeling
0x0000000026fe3000 	/System/Library/PrivateFrameworks/CoreEmoji.framework/Versions/A/CoreEmoji
0x0000000026fe3000 	/System/Library/Frameworks/ServiceManagement.framework/Versions/A/ServiceManagement
0x0000000026fe3000 	/System/Library/PrivateFrameworks/BackgroundTaskManagement.framework/Versions/A/BackgroundTaskManagement
0x0000000026fe3000 	/usr/lib/libxslt.1.dylib
0x0000000026fe3000 	/System/Library/Frameworks/Carbon.framework/Versions/A/Frameworks/Ink.framework/Versions/A/Ink
0x0000000026fe3000 	/System/Library/PrivateFrameworks/TextureIO.framework/Versions/A/TextureIO
0x0000000026fe3000 	/usr/lib/libate.dylib
0x0000000026fe3000 	/System/Library/PrivateFrameworks/CrashReporterSupport.framework/Versions/A/CrashReporterSupport
0x0000000026fe3000 	/System/Library/PrivateFrameworks/Sharing.framework/Versions/A/Sharing
0x0000000026fe3000 	/System/Library/PrivateFrameworks/IconServices.framework/Versions/A/IconServices
0x0000000026fe3000 	/System/Library/PrivateFrameworks/ProtocolBuffer.framework/Versions/A/ProtocolBuffer
0x0000000026fe3000 	/System/Library/PrivateFrameworks/Apple80211.framework/Versions/A/Apple80211
0x0000000026fe3000 	/System/Library/Frameworks/CoreWLAN.framework/Versions/A/CoreWLAN
0x0000000026fe3000 	/System/Library/PrivateFrameworks/CoreUtils.framework/Versions/A/CoreUtils
0x0000000026fe3000 	/System/Library/Frameworks/IOBluetooth.framework/Versions/A/IOBluetooth
0x0000000026fe3000 	/System/Library/PrivateFrameworks/CoreWiFi.framework/Versions/A/CoreWiFi
0x0000000026fe3000 	/System/Library/Frameworks/CoreBluetooth.framework/Versions/A/CoreBluetooth
0x0000000026fe3000 	/System/Library/PrivateFrameworks/SignpostNotification.framework/Versions/A/SignpostNotification
0x0000000026fe3000 	/System/Library/PrivateFrameworks/DebugSymbols.framework/Versions/A/DebugSymbols
0x0000000026fe3000 	/System/Library/PrivateFrameworks/CoreSymbolication.framework/Versions/A/CoreSymbolication
0x0000000026fe3000 	/System/Library/PrivateFrameworks/Symbolication.framework/Versions/A/Symbolication
0x0000000026fe3000 	/System/Library/PrivateFrameworks/AppleFSCompression.framework/Versions/A/AppleFSCompression
0x0000000026fe3000 	/System/Library/PrivateFrameworks/SpeechRecognitionCore.framework/Versions/A/SpeechRecognitionCore
0x000000010f200000 	/Library/Java/JavaVirtualMachines/jdk1.7.0_79.jdk/Contents/Home/jre/lib/server/libjvm.dylib
0x0000000026fe3000 	/usr/lib/libstdc++.6.0.9.dylib
0x000000010e93b000 	/Library/Java/JavaVirtualMachines/jdk1.7.0_79.jdk/Contents/Home/jre/lib/libverify.dylib
0x000000010e948000 	/Library/Java/JavaVirtualMachines/jdk1.7.0_79.jdk/Contents/Home/jre/lib/libjava.dylib
0x000000010e9c2000 	/Library/Java/JavaVirtualMachines/jdk1.7.0_79.jdk/Contents/Home/jre/lib/libzip.dylib
0x0000000026fe3000 	/System/Library/Frameworks/JavaVM.framework/Versions/A/Frameworks/JavaRuntimeSupport.framework/Versions/A/JavaRuntimeSupport
0x0000000026fe3000 	/System/Library/Frameworks/JavaVM.framework/Versions/A/Frameworks/JavaNativeFoundation.framework/Versions/A/JavaNativeFoundation
0x0000000026fe3000 	/System/Library/Frameworks/JavaVM.framework/Versions/A/JavaVM
0x0000000026fe3000 	/System/Library/Frameworks/Carbon.framework/Versions/A/Carbon
0x0000000026fe3000 	/System/Library/PrivateFrameworks/JavaLaunching.framework/Versions/A/JavaLaunching
0x0000000026fe3000 	/System/Library/Frameworks/Carbon.framework/Versions/A/Frameworks/CommonPanels.framework/Versions/A/CommonPanels
0x0000000026fe3000 	/System/Library/Frameworks/Carbon.framework/Versions/A/Frameworks/Help.framework/Versions/A/Help
0x0000000026fe3000 	/System/Library/Frameworks/Carbon.framework/Versions/A/Frameworks/ImageCapture.framework/Versions/A/ImageCapture
0x0000000026fe3000 	/System/Library/Frameworks/Carbon.framework/Versions/A/Frameworks/OpenScripting.framework/Versions/A/OpenScripting
0x0000000026fe3000 	/System/Library/Frameworks/Carbon.framework/Versions/A/Frameworks/Print.framework/Versions/A/Print
0x0000000026fe3000 	/System/Library/Frameworks/Carbon.framework/Versions/A/Frameworks/SecurityHI.framework/Versions/A/SecurityHI
0x000000011a968000 	/Library/Java/JavaVirtualMachines/jdk1.7.0_79.jdk/Contents/Home/jre/lib/libawt.dylib
0x000000011aa17000 	/Library/Java/JavaVirtualMachines/jdk1.7.0_79.jdk/Contents/Home/jre/lib/./libmlib_image.dylib
0x000000011aae3000 	/Library/Java/JavaVirtualMachines/jdk1.7.0_79.jdk/Contents/Home/jre/lib/lwawt/liblwawt.dylib
0x000000011ab99000 	/Library/Java/JavaVirtualMachines/jdk1.7.0_79.jdk/Contents/Home/jre/lib/libosxapp.dylib
0x0000000026fe3000 	/System/Library/Frameworks/ExceptionHandling.framework/Versions/A/ExceptionHandling
0x0000000026fe3000 	/System/Library/PrivateFrameworks/CoreServicesInternal.framework/Versions/A/CoreServicesInternal
0x0000000026fe3000 	/System/Library/CoreServices/RawCamera.bundle/Contents/MacOS/RawCamera
0x0000000026fe3000 	/System/Library/PrivateFrameworks/MobileAsset.framework/Versions/A/MobileAsset
0x0000000026fe3000 	/System/Library/PrivateFrameworks/StreamingZip.framework/Versions/A/StreamingZip
0x0000000026fe3000 	/System/Library/Frameworks/MediaToolbox.framework/Versions/A/MediaToolbox
0x0000000026fe3000 	/System/Library/PrivateFrameworks/CoreAVCHD.framework/Versions/A/CoreAVCHD
0x0000000026fe3000 	/System/Library/Frameworks/MediaAccessibility.framework/Versions/A/MediaAccessibility
0x0000000026fe3000 	/System/Library/PrivateFrameworks/Mangrove.framework/Versions/A/Mangrove
0x0000000026fe3000 	/System/Library/Frameworks/CoreMedia.framework/Versions/A/CoreMedia
0x0000000026fe3000 	/System/Library/Frameworks/VideoToolbox.framework/Versions/A/VideoToolbox
0x0000000026fe3000 	/System/Library/PrivateFrameworks/CoreAUC.framework/Versions/A/CoreAUC
0x0000000026fe3000 	/usr/lib/libspindump.dylib
0x0000000026fe3000 	/usr/lib/libdscsym.dylib
0x0000000026fe3000 	/System/Library/PrivateFrameworks/AppleVA.framework/Versions/A/AppleVA
0x0000000026fe3000 	/System/Library/Frameworks/Accelerate.framework/Versions/A/Frameworks/vImage.framework/Versions/A/Libraries/libCGInterfaces.dylib
0x0000000026fe3000 	/System/Library/Frameworks/ApplicationServices.framework/Versions/A/Frameworks/ATS.framework/Versions/A/Resources/libTrueTypeScaler.dylib
0x0000000026fe3000 	/System/Library/Frameworks/OpenGL.framework/Versions/A/Resources/GLEngine.bundle/GLEngine
0x0000000026fe3000 	/System/Library/Frameworks/OpenGL.framework/Versions/A/Libraries/libGLProgrammability.dylib
0x000000011ce90000 	/System/Library/Extensions/AppleIntelBDWGraphicsGLDriver.bundle/Contents/MacOS/AppleIntelBDWGraphicsGLDriver
0x0000000026fe3000 	/System/Library/PrivateFrameworks/GPUSupport.framework/Versions/A/Libraries/libGPUSupportMercury.dylib
0x0000000026fe3000 	/System/Library/Frameworks/OpenGL.framework/Versions/A/Resources/GLRendererFloat.bundle/GLRendererFloat
0x0000000026fe3000 	/System/Library/Frameworks/OpenCL.framework/Versions/A/Libraries/libcldcpuengine.dylib
0x0000000026fe3000 	/usr/lib/libcrypto.35.dylib
0x0000000026fe3000 	/System/Library/PrivateFrameworks/TrustEvaluationAgent.framework/Versions/A/TrustEvaluationAgent
0x0000000026fe3000 	/System/Library/Extensions/AppleIntelBDWGraphicsMTLDriver.bundle/Contents/MacOS/AppleIntelBDWGraphicsMTLDriver
0x0000000026fe3000 	/System/Library/PrivateFrameworks/GPUCompiler.framework/Versions/3802/Libraries/libmetal_timestamp.dylib
0x0000000026fe3000 	/System/Library/PrivateFrameworks/FamilyControls.framework/Versions/A/FamilyControls
0x0000000026fe3000 	/System/Library/PrivateFrameworks/CommerceKit.framework/Versions/A/Frameworks/CommerceCore.framework/Versions/A/CommerceCore
0x0000000026fe3000 	/System/Library/PrivateFrameworks/SystemAdministration.framework/Versions/A/SystemAdministration
0x0000000026fe3000 	/System/Library/PrivateFrameworks/AppContainer.framework/Versions/A/AppContainer
0x0000000026fe3000 	/System/Library/PrivateFrameworks/SecCodeWrapper.framework/Versions/A/SecCodeWrapper
0x0000000026fe3000 	/System/Library/PrivateFrameworks/DiskManagement.framework/Versions/A/DiskManagement
0x0000000026fe3000 	/System/Library/Frameworks/DirectoryService.framework/Versions/A/DirectoryService
0x0000000026fe3000 	/System/Library/PrivateFrameworks/DiskImages.framework/Versions/A/DiskImages
0x0000000026fe3000 	/System/Library/PrivateFrameworks/LoginUIKit.framework/Versions/A/Frameworks/LoginUICore.framework/Versions/A/LoginUICore
0x0000000026fe3000 	/usr/lib/libCoreStorage.dylib
0x0000000026fe3000 	/usr/lib/libcsfde.dylib
0x0000000026fe3000 	/usr/lib/libodfde.dylib
0x0000000026fe3000 	/System/Library/PrivateFrameworks/MediaKit.framework/Versions/A/MediaKit
0x0000000026fe3000 	/System/Library/Frameworks/DiscRecording.framework/Versions/A/DiscRecording
0x0000000026fe3000 	/System/Library/PrivateFrameworks/EFILogin.framework/Versions/A/EFILogin
0x0000000026fe3000 	/System/Library/PrivateFrameworks/ProtectedCloudStorage.framework/Versions/A/ProtectedCloudStorage
0x0000000026fe3000 	/usr/lib/libcurl.4.dylib
0x0000000026fe3000 	/usr/lib/libssl.35.dylib
0x0000000026fe3000 	/System/Library/Frameworks/LDAP.framework/Versions/A/LDAP
0x0000000026fe3000 	/usr/lib/libsasl2.2.dylib
0x0000000026fe3000 	/System/Library/PrivateFrameworks/CoreDaemon.framework/Versions/B/CoreDaemon
0x0000000026fe3000 	/System/Library/PrivateFrameworks/AppleSRP.framework/Versions/A/AppleSRP
0x000000011da27000 	/Library/Java/JavaVirtualMachines/jdk1.7.0_79.jdk/Contents/Home/jre/lib/libfontmanager.dylib
0x000000011bc76000 	/Library/Java/JavaVirtualMachines/jdk1.7.0_79.jdk/Contents/Home/jre/lib/libosxui.dylib
0x0000000026fe3000 	/System/Library/PrivateFrameworks/ViewBridge.framework/Versions/A/ViewBridge
0x000000011f0f0000 	/Library/Java/JavaVirtualMachines/jdk1.7.0_79.jdk/Contents/Home/jre/lib/libosx.dylib
0x000000011f0fe000 	/Library/Java/JavaVirtualMachines/jdk1.7.0_79.jdk/Contents/Home/jre/lib/libnio.dylib
0x000000011f10d000 	/Library/Java/JavaVirtualMachines/jdk1.7.0_79.jdk/Contents/Home/jre/lib/./libnet.dylib
0x000000012360f000 	/Library/Java/JavaVirtualMachines/jdk1.7.0_79.jdk/Contents/Home/jre/lib/libdcpr.dylib

VM Arguments:
jvm_args: -Dfile.encoding=UTF-8 
java_command: speedith.Main
Launcher Type: SUN_STANDARD

Environment Variables:
PATH=/usr/bin:/bin:/usr/sbin:/sbin
SHELL=/bin/bash
DISPLAY=/private/tmp/com.apple.launchd.hvB67ezkCD/org.macosforge.xquartz:0

Signal Handlers:
SIGSEGV: [libjvm.dylib+0x52daf1], sa_mask[0]=0xfffefeff, sa_flags=0x00000043
SIGBUS: [libjvm.dylib+0x52daf1], sa_mask[0]=0xfffefeff, sa_flags=0x00000042
SIGFPE: [libjvm.dylib+0x41f34e], sa_mask[0]=0xfffefeff, sa_flags=0x00000042
SIGPIPE: [libjvm.dylib+0x41f34e], sa_mask[0]=0xfffefeff, sa_flags=0x00000042
SIGXFSZ: [libjvm.dylib+0x41f34e], sa_mask[0]=0xfffefeff, sa_flags=0x00000042
SIGILL: [libjvm.dylib+0x41f34e], sa_mask[0]=0xfffefeff, sa_flags=0x00000042
SIGUSR1: SIG_DFL, sa_mask[0]=0x00000000, sa_flags=0x00000000
SIGUSR2: [libjvm.dylib+0x41ee40], sa_mask[0]=0x00000004, sa_flags=0x00000042
SIGHUP: [libjvm.dylib+0x41d0d1], sa_mask[0]=0xfffefeff, sa_flags=0x00000042
SIGINT: [libjvm.dylib+0x41d0d1], sa_mask[0]=0xfffefeff, sa_flags=0x00000042
SIGTERM: [libjvm.dylib+0x41d0d1], sa_mask[0]=0xfffefeff, sa_flags=0x00000042
SIGQUIT: [libjvm.dylib+0x41d0d1], sa_mask[0]=0xfffefeff, sa_flags=0x00000042


---------------  S Y S T E M  ---------------

OS:Bsduname:Darwin 17.4.0 Darwin Kernel Version 17.4.0: Sun Dec 17 09:19:54 PST 2017; root:xnu-4570.41.2~1/RELEASE_X86_64 x86_64
rlimit: STACK 8192k, CORE 0k, NPROC 709, NOFILE 10240, AS infinity
load average:2.75 3.14 2.64

CPU:total 4 (2 cores per cpu, 2 threads per core) family 6 model 61 stepping 4, cmov, cx8, fxsr, mmx, sse, sse2, sse3, ssse3, sse4.1, sse4.2, popcnt, avx, avx2, aes, erms, ht, tsc, tscinvbit

Memory: 4k page, physical 8388608k(2097152k free)

/proc/meminfo:


vm_info: Java HotSpot(TM) 64-Bit Server VM (24.79-b02) for bsd-amd64 JRE (1.7.0_79-b15), built on Apr 10 2015 11:35:04 by "java_re" with gcc 4.2.1 (Based on Apple Inc. build 5658) (LLVM build 2336.11.00)

time: Wed Mar 14 13:35:39 2018
elapsed time: 6588 seconds

