#
# A fatal error has been detected by the Java Runtime Environment:
#
#  SIGSEGV (0xb) at pc=0x000000010e848b43, pid=9280, tid=55559
#
# JRE version: Java(TM) SE Runtime Environment (7.0_79-b15) (build 1.7.0_79-b15)
# Java VM: Java HotSpot(TM) 64-Bit Server VM (24.79-b02 mixed mode bsd-amd64 compressed oops)
# Problematic frame:
# C  [liblwawt.dylib+0x12b43]  OGLSD_SetScratchSurface+0x3d
#
# Failed to write core dump. Core dumps have been disabled. To enable core dumping, try "ulimit -c unlimited" before starting Java again
#
# If you would like to submit a bug report, please visit:
#   http://bugreport.java.com/bugreport/crash.jsp
# The crash happened outside the Java Virtual Machine in native code.
# See problematic frame for where to report the bug.
#

---------------  T H R E A D  ---------------

Current thread (0x00007fa757193000):  JavaThread "Java2D Queue Flusher" daemon [_thread_in_native, id=55559, stack(0x00007000110be000,0x00007000111be000)]

siginfo:si_signo=SIGSEGV: si_errno=0, si_code=1 (SEGV_MAPERR), si_addr=0x0000000000000000

Registers:
RAX=0x00007fa7571e50c8, RBX=0x00007fa7571931e8, RCX=0x00007fa7571e50d0, RDX=0x000000010e83ea0c
RSP=0x00007000111bd7a0, RBP=0x00007000111bd7c0, RSI=0x00007fa75652af00, RDI=0x00007fa7571e50c8
R8 =0x00007fa756454901, R9 =0xffffffff00000000, R10=0x0000000103a1272c, R11=0x0000000102aa5353
R12=0x0000000000000000, R13=0x000000077b3a4b78, R14=0x00007fa756580002, R15=0x0000000000000000
RIP=0x000000010e848b43, EFLAGS=0x0000000000010206, ERR=0x0000000000000004
  TRAPNO=0x000000000000000e

Top of Stack: (sp=0x00007000111bd7a0)
0x00007000111bd7a0:   00007fa75652af00 0000000000000000
0x00007000111bd7b0:   00007fa7571a4810 00007fa757193000
0x00007000111bd7c0:   00007000111bd840 000000010e83e4ea
0x00007000111bd7d0:   0000000000000064 00007fa757193000
0x00007000111bd7e0:   0000000000000bad 0000000000000bad
0x00007000111bd7f0:   00007fa757193000 000000000000e10f
0x00007000111bd800:   00007fa75644d600 00007fa7571a4820
0x00007000111bd810:   00000000001bd838 00007fa7571931e8
0x00007000111bd820:   000000077b3a4b78 0000000000000000
0x00007000111bd830:   00007000111bd8f0 00007fa757193000
0x00007000111bd840:   00007000111bd8b8 0000000103a12758
0x00007000111bd850:   00007000111bd870 0000000000000064
0x00007000111bd860:   00007fa7571adc08 000000077ae02798
0x00007000111bd870:   00007fa757193000 00007000111bd878
0x00007000111bd880:   0000000000000000 00007000111bd8f0
0x00007000111bd890:   000000077b3a6360 0000000000000000
0x00007000111bd8a0:   000000077b3a4b78 0000000000000000
0x00007000111bd8b0:   00007000111bd8d8 00007000111bd938
0x00007000111bd8c0:   0000000103a06058 0000000000000000
0x00007000111bd8d0:   0000000103a0ecd8 0000000000000020
0x00007000111bd8e0:   00007fa7571a4800 00000007d7b17458
0x00007000111bd8f0:   00000007d7b17440 00007000111bd8f8
0x00007000111bd900:   000000077b3a4c5d 00007000111bd950
0x00007000111bd910:   000000077b3a6360 0000000000000000
0x00007000111bd920:   000000077b3a4c80 00007000111bd8d8
0x00007000111bd930:   00007000111bd950 00007000111bd998
0x00007000111bd940:   0000000103a06058 0000000000000020
0x00007000111bd950:   00000007d7b17440 00007000111bd958
0x00007000111bd960:   000000077b3a4e11 00007000111bd9a8
0x00007000111bd970:   000000077b3a6360 0000000000000000
0x00007000111bd980:   000000077b3a4e20 00007000111bd950
0x00007000111bd990:   00007000111bd9a8 00007000111bda00 

Instructions: (pc=0x000000010e848b43)
0x000000010e848b23:   c0 be 01 00 00 00 e8 b0 2c 03 00 31 c0 eb 6d 48
0x000000010e848b33:   89 fb 4c 8b 76 10 4d 8b 3e 30 c0 e8 6f 31 03 00
0x000000010e848b43:   49 8b 3f 49 89 c4 48 8b 35 d8 7e 06 00 30 c0 e8
0x000000010e848b53:   99 32 03 00 48 85 c0 75 4c 30 c0 e8 79 60 ff ff 

Register to memory mapping:

RAX=0x00007fa7571e50c8 is an unknown value
RBX=0x00007fa7571931e8 is an unknown value
RCX=0x00007fa7571e50d0 is an unknown value
RDX=0x000000010e83ea0c: Java_sun_java2d_opengl_OGLRenderQueue_flushBuffer+0xb5c in /Library/Java/JavaVirtualMachines/jdk1.7.0_79.jdk/Contents/Home/jre/lib/lwawt/liblwawt.dylib at 0x000000010e836000
RSP=0x00007000111bd7a0 is pointing into the stack for thread: 0x00007fa757193000
RBP=0x00007000111bd7c0 is pointing into the stack for thread: 0x00007fa757193000
RSI=0x00007fa75652af00 is an unknown value
RDI=0x00007fa7571e50c8 is an unknown value
R8 =0x00007fa756454901 is an unknown value
R9 =0xffffffff00000000 is an unknown value
R10=0x0000000103a1272c is at code_begin+620 in an Interpreter codelet
method entry point (kind = native)  [0x0000000103a124c0, 0x0000000103a12d00]  2112 bytes
R11=0x0000000102aa5353: throw_unsatisfied_link_error+0 in /Library/Java/JavaVirtualMachines/jdk1.7.0_79.jdk/Contents/Home/jre/lib/server/libjvm.dylib at 0x000000010262e000
R12=0x0000000000000000 is an unknown value
R13=0x000000077b3a4b78 is an oop
{method} 
 - klass: {other class}
R14=0x00007fa756580002 is an unknown value
R15=0x0000000000000000 is an unknown value


Stack: [0x00007000110be000,0x00007000111be000],  sp=0x00007000111bd7a0,  free space=1021k
Native frames: (J=compiled Java code, j=interpreted, Vv=VM code, C=native code)
C  [liblwawt.dylib+0x12b43]  OGLSD_SetScratchSurface+0x3d
C  [liblwawt.dylib+0x84ea]  Java_sun_java2d_opengl_OGLRenderQueue_flushBuffer+0x63a
j  sun.java2d.opengl.OGLRenderQueue.flushBuffer(JI)V+0
j  sun.java2d.opengl.OGLRenderQueue.flushBuffer()V+21
j  sun.java2d.opengl.OGLRenderQueue.access$100(Lsun/java2d/opengl/OGLRenderQueue;)V+1
j  sun.java2d.opengl.OGLRenderQueue$QueueFlusher.run()V+81
v  ~StubRoutines::call_stub
V  [libjvm.dylib+0x2dbef8]
V  [libjvm.dylib+0x2dc40f]
V  [libjvm.dylib+0x2dc54c]
V  [libjvm.dylib+0x32b43a]
V  [libjvm.dylib+0x4f759d]
V  [libjvm.dylib+0x4f8ca5]
V  [libjvm.dylib+0x421c4e]
C  [libsystem_pthread.dylib+0x36c1]  _pthread_body+0x154
C  [libsystem_pthread.dylib+0x356d]  _pthread_body+0x0
C  [libsystem_pthread.dylib+0x2c5d]  thread_start+0xd

Java frames: (J=compiled Java code, j=interpreted, Vv=VM code)
j  sun.java2d.opengl.OGLRenderQueue.flushBuffer(JI)V+0
j  sun.java2d.opengl.OGLRenderQueue.flushBuffer()V+21
j  sun.java2d.opengl.OGLRenderQueue.access$100(Lsun/java2d/opengl/OGLRenderQueue;)V+1
j  sun.java2d.opengl.OGLRenderQueue$QueueFlusher.run()V+81
v  ~StubRoutines::call_stub

---------------  P R O C E S S  ---------------

Java Threads: ( => current thread )
  0x00007fa757326800 JavaThread "Thread-3" daemon [_thread_blocked, id=37079, stack(0x00007000114ca000,0x00007000115ca000)]
  0x00007fa75847c000 JavaThread "TimerQueue" daemon [_thread_blocked, id=68327, stack(0x0000700011650000,0x0000700011750000)]
  0x00007fa758108800 JavaThread "Timer-0" daemon [_thread_blocked, id=63491, stack(0x00007000113c7000,0x00007000114c7000)]
  0x00007fa758108000 JavaThread "DestroyJavaVM" [_thread_blocked, id=6659, stack(0x000070000ff82000,0x0000700010082000)]
  0x00007fa758175000 JavaThread "AWT-EventQueue-0" [_thread_in_native, id=62987, stack(0x00007000112c4000,0x00007000113c4000)]
  0x00007fa7569ca000 JavaThread "Java2D Disposer" daemon [_thread_blocked, id=57615, stack(0x00007000111c1000,0x00007000112c1000)]
=>0x00007fa757193000 JavaThread "Java2D Queue Flusher" daemon [_thread_in_native, id=55559, stack(0x00007000110be000,0x00007000111be000)]
  0x00007fa75713c000 JavaThread "AWT-Shutdown" [_thread_blocked, id=29227, stack(0x0000700010d2c000,0x0000700010e2c000)]
  0x00007fa756963000 JavaThread "AppKit Thread" daemon [_thread_blocked, id=775, stack(0x00007ffeece69000,0x00007ffeed669000)]
  0x00007fa757005800 JavaThread "Service Thread" daemon [_thread_blocked, id=17667, stack(0x0000700010aa3000,0x0000700010ba3000)]
  0x00007fa75801a800 JavaThread "C2 CompilerThread1" daemon [_thread_blocked, id=17155, stack(0x00007000109a0000,0x0000700010aa0000)]
  0x00007fa757848800 JavaThread "C2 CompilerThread0" daemon [_thread_in_native, id=16643, stack(0x000070001089d000,0x000070001099d000)]
  0x00007fa757004800 JavaThread "Signal Dispatcher" daemon [_thread_blocked, id=16135, stack(0x000070001079a000,0x000070001089a000)]
  0x00007fa758014000 JavaThread "Finalizer" daemon [_thread_blocked, id=12803, stack(0x0000700010697000,0x0000700010797000)]
  0x00007fa758013000 JavaThread "Reference Handler" daemon [_thread_blocked, id=12291, stack(0x0000700010594000,0x0000700010694000)]

Other Threads:
  0x00007fa758010800 VMThread [stack: 0x0000700010491000,0x0000700010591000] [id=11779]
  0x00007fa757849000 WatcherThread [stack: 0x0000700010ba6000,0x0000700010ca6000] [id=18179]

VM state:not at safepoint (normal execution)

VM Mutex/Monitor currently owned by a thread: None

Heap
 PSYoungGen      total 38912K, used 6683K [0x00000007d5500000, 0x00000007d8000000, 0x0000000800000000)
  eden space 33792K, 4% used [0x00000007d5500000,0x00000007d568a920,0x00000007d7600000)
  from space 5120K, 99% used [0x00000007d7b00000,0x00000007d7ffc420,0x00000007d8000000)
  to   space 5120K, 0% used [0x00000007d7600000,0x00000007d7600000,0x00000007d7b00000)
 ParOldGen       total 87040K, used 26513K [0x0000000780000000, 0x0000000785500000, 0x00000007d5500000)
  object space 87040K, 30% used [0x0000000780000000,0x00000007819e46e8,0x0000000785500000)
 PSPermGen       total 23040K, used 22836K [0x000000077ae00000, 0x000000077c480000, 0x0000000780000000)
  object space 23040K, 99% used [0x000000077ae00000,0x000000077c44d2f0,0x000000077c480000)

Card table byte_map: [0x0000000106a00000,0x0000000106e2a000] byte_map_base: 0x0000000102e29000

Polling page: 0x00000001025d5000

Code Cache  [0x0000000103a00000, 0x0000000103c70000, 0x0000000106a00000)
 total_blobs=996 nmethods=439 adapters=510 free_code_cache=47630Kb largest_free_block=48705344

Compilation events (10 events):
Event: 2067.934 Thread 0x00007fa757848800 nmethod 446 0x0000000103b37ed0 code [0x0000000103b38000, 0x0000000103b38098]
Event: 2067.939 Thread 0x00007fa75801a800  447             sun.java2d.SurfaceData::getNativeOps (5 bytes)
Event: 2067.939 Thread 0x00007fa75801a800 nmethod 447 0x0000000103b37cd0 code [0x0000000103b37e00, 0x0000000103b37e58]
Event: 2067.950 Thread 0x00007fa757848800  448   !         sun.font.FontDesignMetrics::getMetrics (266 bytes)
Event: 2067.953 Thread 0x00007fa75801a800  449             javax.swing.SwingUtilities::computeIntersection (189 bytes)
Event: 2067.954 Thread 0x00007fa75801a800 nmethod 449 0x0000000103b38bd0 code [0x0000000103b38d00, 0x0000000103b38db8]
Event: 2067.972 Thread 0x00007fa757848800 nmethod 448 0x0000000103b4b310 code [0x0000000103b4b660, 0x0000000103b4cd48]
Event: 2068.000 Thread 0x00007fa75801a800  450             javax.swing.GroupLayout$Group::getSpringSize (62 bytes)
Event: 2068.001 Thread 0x00007fa75801a800 nmethod 450 0x0000000103b355d0 code [0x0000000103b35720, 0x0000000103b35898]
Event: 2068.010 Thread 0x00007fa757848800  451             sun.java2d.pipe.BufferedContext::validate (518 bytes)

GC Heap History (8 events):
Event: 1.975 GC heap before
{Heap before GC invocations=1 (full 0):
 PSYoungGen      total 38912K, used 33792K [0x00000007d5500000, 0x00000007d8000000, 0x0000000800000000)
  eden space 33792K, 100% used [0x00000007d5500000,0x00000007d7600000,0x00000007d7600000)
  from space 5120K, 0% used [0x00000007d7b00000,0x00000007d7b00000,0x00000007d8000000)
  to   space 5120K, 0% used [0x00000007d7600000,0x00000007d7600000,0x00000007d7b00000)
 ParOldGen       total 87040K, used 0K [0x0000000780000000, 0x0000000785500000, 0x00000007d5500000)
  object space 87040K, 0% used [0x0000000780000000,0x0000000780000000,0x0000000785500000)
 PSPermGen       total 21504K, used 17262K [0x000000077ae00000, 0x000000077c300000, 0x0000000780000000)
  object space 21504K, 80% used [0x000000077ae00000,0x000000077bedbbd0,0x000000077c300000)
Event: 1.984 GC heap after
Heap after GC invocations=1 (full 0):
 PSYoungGen      total 38912K, used 5117K [0x00000007d5500000, 0x00000007d8000000, 0x0000000800000000)
  eden space 33792K, 0% used [0x00000007d5500000,0x00000007d5500000,0x00000007d7600000)
  from space 5120K, 99% used [0x00000007d7600000,0x00000007d7aff6f8,0x00000007d7b00000)
  to   space 5120K, 0% used [0x00000007d7b00000,0x00000007d7b00000,0x00000007d8000000)
 ParOldGen       total 87040K, used 5805K [0x0000000780000000, 0x0000000785500000, 0x00000007d5500000)
  object space 87040K, 6% used [0x0000000780000000,0x00000007805ab558,0x0000000785500000)
 PSPermGen       total 21504K, used 17262K [0x000000077ae00000, 0x000000077c300000, 0x0000000780000000)
  object space 21504K, 80% used [0x000000077ae00000,0x000000077bedbbd0,0x000000077c300000)
}
Event: 54.550 GC heap before
{Heap before GC invocations=2 (full 0):
 PSYoungGen      total 38912K, used 38909K [0x00000007d5500000, 0x00000007d8000000, 0x0000000800000000)
  eden space 33792K, 100% used [0x00000007d5500000,0x00000007d7600000,0x00000007d7600000)
  from space 5120K, 99% used [0x00000007d7600000,0x00000007d7aff6f8,0x00000007d7b00000)
  to   space 5120K, 0% used [0x00000007d7b00000,0x00000007d7b00000,0x00000007d8000000)
 ParOldGen       total 87040K, used 5805K [0x0000000780000000, 0x0000000785500000, 0x00000007d5500000)
  object space 87040K, 6% used [0x0000000780000000,0x00000007805ab558,0x0000000785500000)
 PSPermGen       total 23040K, used 22575K [0x000000077ae00000, 0x000000077c480000, 0x0000000780000000)
  object space 23040K, 97% used [0x000000077ae00000,0x000000077c40bf90,0x000000077c480000)
Event: 54.562 GC heap after
Heap after GC invocations=2 (full 0):
 PSYoungGen      total 38912K, used 5104K [0x00000007d5500000, 0x00000007d8000000, 0x0000000800000000)
  eden space 33792K, 0% used [0x00000007d5500000,0x00000007d5500000,0x00000007d7600000)
  from space 5120K, 99% used [0x00000007d7b00000,0x00000007d7ffc0b0,0x00000007d8000000)
  to   space 5120K, 0% used [0x00000007d7600000,0x00000007d7600000,0x00000007d7b00000)
 ParOldGen       total 87040K, used 13900K [0x0000000780000000, 0x0000000785500000, 0x00000007d5500000)
  object space 87040K, 15% used [0x0000000780000000,0x0000000780d93178,0x0000000785500000)
 PSPermGen       total 23040K, used 22575K [0x000000077ae00000, 0x000000077c480000, 0x0000000780000000)
  object space 23040K, 97% used [0x000000077ae00000,0x000000077c40bf90,0x000000077c480000)
}
Event: 1623.360 GC heap before
{Heap before GC invocations=3 (full 0):
 PSYoungGen      total 38912K, used 37736K [0x00000007d5500000, 0x00000007d8000000, 0x0000000800000000)
  eden space 33792K, 96% used [0x00000007d5500000,0x00000007d74de1b0,0x00000007d7600000)
  from space 5120K, 99% used [0x00000007d7b00000,0x00000007d7ffc0b0,0x00000007d8000000)
  to   space 5120K, 0% used [0x00000007d7600000,0x00000007d7600000,0x00000007d7b00000)
 ParOldGen       total 87040K, used 13900K [0x0000000780000000, 0x0000000785500000, 0x00000007d5500000)
  object space 87040K, 15% used [0x0000000780000000,0x0000000780d93178,0x0000000785500000)
 PSPermGen       total 23040K, used 22790K [0x000000077ae00000, 0x000000077c480000, 0x0000000780000000)
  object space 23040K, 98% used [0x000000077ae00000,0x000000077c441b90,0x000000077c480000)
Event: 1623.377 GC heap after
Heap after GC invocations=3 (full 0):
 PSYoungGen      total 38912K, used 5106K [0x00000007d5500000, 0x00000007d8000000, 0x0000000800000000)
  eden space 33792K, 0% used [0x00000007d5500000,0x00000007d5500000,0x00000007d7600000)
  from space 5120K, 99% used [0x00000007d7600000,0x00000007d7afc9d8,0x00000007d7b00000)
  to   space 5120K, 0% used [0x00000007d7b00000,0x00000007d7b00000,0x00000007d8000000)
 ParOldGen       total 87040K, used 21389K [0x0000000780000000, 0x0000000785500000, 0x00000007d5500000)
  object space 87040K, 24% used [0x0000000780000000,0x00000007814e3458,0x0000000785500000)
 PSPermGen       total 23040K, used 22790K [0x000000077ae00000, 0x000000077c480000, 0x0000000780000000)
  object space 23040K, 98% used [0x000000077ae00000,0x000000077c441b90,0x000000077c480000)
}
Event: 2068.021 GC heap before
{Heap before GC invocations=4 (full 0):
 PSYoungGen      total 38912K, used 37778K [0x00000007d5500000, 0x00000007d8000000, 0x0000000800000000)
  eden space 33792K, 96% used [0x00000007d5500000,0x00000007d74e81a8,0x00000007d7600000)
  from space 5120K, 99% used [0x00000007d7600000,0x00000007d7afc9d8,0x00000007d7b00000)
  to   space 5120K, 0% used [0x00000007d7b00000,0x00000007d7b00000,0x00000007d8000000)
 ParOldGen       total 87040K, used 21389K [0x0000000780000000, 0x0000000785500000, 0x00000007d5500000)
  object space 87040K, 24% used [0x0000000780000000,0x00000007814e3458,0x0000000785500000)
 PSPermGen       total 23040K, used 22836K [0x000000077ae00000, 0x000000077c480000, 0x0000000780000000)
  object space 23040K, 99% used [0x000000077ae00000,0x000000077c44d2f0,0x000000077c480000)
Event: 2068.032 GC heap after
Heap after GC invocations=4 (full 0):
 PSYoungGen      total 38912K, used 5105K [0x00000007d5500000, 0x00000007d8000000, 0x0000000800000000)
  eden space 33792K, 0% used [0x00000007d5500000,0x00000007d5500000,0x00000007d7600000)
  from space 5120K, 99% used [0x00000007d7b00000,0x00000007d7ffc420,0x00000007d8000000)
  to   space 5120K, 0% used [0x00000007d7600000,0x00000007d7600000,0x00000007d7b00000)
 ParOldGen       total 87040K, used 26513K [0x0000000780000000, 0x0000000785500000, 0x00000007d5500000)
  object space 87040K, 30% used [0x0000000780000000,0x00000007819e46e8,0x0000000785500000)
 PSPermGen       total 23040K, used 22836K [0x000000077ae00000, 0x000000077c480000, 0x0000000780000000)
  object space 23040K, 99% used [0x000000077ae00000,0x000000077c44d2f0,0x000000077c480000)
}

Deoptimization events (10 events):
Event: 1623.349 Thread 0x00007fa756963000 Uncommon trap: reason=bimorphic action=maybe_recompile pc=0x0000000103b33344 method=java.util.HashMap.putAllForCreate(Ljava/util/Map;)V @ 1
Event: 1623.355 Thread 0x00007fa756963000 Uncommon trap: reason=bimorphic action=maybe_recompile pc=0x0000000103b33344 method=java.util.HashMap.putAllForCreate(Ljava/util/Map;)V @ 1
Event: 1629.402 Thread 0x00007fa757193000 Uncommon trap: reason=array_check action=maybe_recompile pc=0x0000000103b662b8 method=java.util.Arrays.fill([Ljava/lang/Object;Ljava/lang/Object;)V @ 13
Event: 1629.403 Thread 0x00007fa757193000 Uncommon trap: reason=array_check action=maybe_recompile pc=0x0000000103b662b8 method=java.util.Arrays.fill([Ljava/lang/Object;Ljava/lang/Object;)V @ 13
Event: 1629.405 Thread 0x00007fa757193000 Uncommon trap: reason=array_check action=maybe_recompile pc=0x0000000103b662b8 method=java.util.Arrays.fill([Ljava/lang/Object;Ljava/lang/Object;)V @ 13
Event: 1629.407 Thread 0x00007fa757193000 Uncommon trap: reason=array_check action=maybe_recompile pc=0x0000000103b662b8 method=java.util.Arrays.fill([Ljava/lang/Object;Ljava/lang/Object;)V @ 13
Event: 2055.378 Thread 0x00007fa758175000 Uncommon trap: reason=class_check action=maybe_recompile pc=0x0000000103b3bb9c method=sun.java2d.pipe.AAShapePipe.renderTiles(Lsun/java2d/SunGraphics2D;Ljava/awt/Shape;Lsun/java2d/pipe/AATileGenerator;[I)V @ 47
Event: 2055.379 Thread 0x00007fa758175000 Uncommon trap: reason=unreached action=reinterpret pc=0x0000000103b2ab78 method=sun.java2d.loops.RenderCache$Entry.matches(Lsun/java2d/loops/SurfaceType;Lsun/java2d/loops/CompositeType;Lsun/java2d/loops/SurfaceType;)Z @ 21
Event: 2056.264 Thread 0x00007fa758175000 Uncommon trap: reason=class_check action=maybe_recompile pc=0x0000000103b3bb9c method=sun.java2d.pipe.AAShapePipe.renderTiles(Lsun/java2d/SunGraphics2D;Ljava/awt/Shape;Lsun/java2d/pipe/AATileGenerator;[I)V @ 47
Event: 2056.280 Thread 0x00007fa758175000 Uncommon trap: reason=null_check action=make_not_entrant pc=0x0000000103b66938 method=javax.swing.RepaintManager.extendDirtyRegion(Ljava/awt/Component;IIII)Z @ 10

Internal exceptions (10 events):
Event: 139.390 Thread 0x00007fa758175000 Threw 0x00000007d604c448 at /HUDSON/workspace/7u-2-build-macosx-x86_64/jdk7u79/2331/hotspot/src/share/vm/prims/jvm.cpp:1304
Event: 139.391 Thread 0x00007fa758175000 Threw 0x00000007d6052af0 at /HUDSON/workspace/7u-2-build-macosx-x86_64/jdk7u79/2331/hotspot/src/share/vm/prims/jvm.cpp:1304
Event: 139.396 Thread 0x00007fa758175000 Threw 0x00000007d60a81c0 at /HUDSON/workspace/7u-2-build-macosx-x86_64/jdk7u79/2331/hotspot/src/share/vm/prims/jvm.cpp:1304
Event: 139.397 Thread 0x00007fa758175000 Threw 0x00000007d60ac0b8 at /HUDSON/workspace/7u-2-build-macosx-x86_64/jdk7u79/2331/hotspot/src/share/vm/prims/jvm.cpp:1304
Event: 148.101 Thread 0x00007fa758175000 Implicit null exception at 0x0000000103b45da0 to 0x0000000103b4883d
Event: 148.102 Thread 0x00007fa758175000 Implicit null exception at 0x0000000103b34c14 to 0x0000000103b36d41
Event: 157.200 Thread 0x00007fa758175000 Threw 0x00000007d6853eb8 at /HUDSON/workspace/7u-2-build-macosx-x86_64/jdk7u79/2331/hotspot/src/share/vm/prims/jvm.cpp:1304
Event: 157.202 Thread 0x00007fa758175000 Threw 0x00000007d685df08 at /HUDSON/workspace/7u-2-build-macosx-x86_64/jdk7u79/2331/hotspot/src/share/vm/prims/jvm.cpp:1304
Event: 1609.968 Thread 0x00007fa756963000 Implicit null exception at 0x0000000103b1d11a to 0x0000000103b1e0d1
Event: 2056.280 Thread 0x00007fa758175000 Implicit null exception at 0x0000000103b6663c to 0x0000000103b6692c

Events (10 events):
Event: 2068.020 Executing VM operation: ParallelGCFailedAllocation
Event: 2068.032 Executing VM operation: ParallelGCFailedAllocation done
Event: 2068.033 Executing VM operation: RevokeBias
Event: 2068.033 Executing VM operation: RevokeBias done
Event: 2068.033 Executing VM operation: RevokeBias
Event: 2068.033 Executing VM operation: RevokeBias done
Event: 2068.033 Executing VM operation: RevokeBias
Event: 2068.033 Executing VM operation: RevokeBias done
Event: 2068.033 Executing VM operation: BulkRevokeBias
Event: 2068.033 Executing VM operation: BulkRevokeBias done


Dynamic libraries:
0x0000000019d7b000 	/System/Library/Frameworks/Cocoa.framework/Versions/A/Cocoa
0x0000000019d7b000 	/System/Library/Frameworks/Security.framework/Versions/A/Security
0x0000000019d7b000 	/System/Library/Frameworks/ApplicationServices.framework/Versions/A/ApplicationServices
0x0000000019d7b000 	/usr/lib/libz.1.dylib
0x0000000019d7b000 	/usr/lib/libSystem.B.dylib
0x0000000019d7b000 	/usr/lib/libobjc.A.dylib
0x0000000019d7b000 	/System/Library/Frameworks/CoreFoundation.framework/Versions/A/CoreFoundation
0x0000000019d7b000 	/System/Library/Frameworks/Foundation.framework/Versions/C/Foundation
0x0000000019d7b000 	/System/Library/Frameworks/AppKit.framework/Versions/C/AppKit
0x0000000019d7b000 	/System/Library/Frameworks/CoreData.framework/Versions/A/CoreData
0x0000000019d7b000 	/System/Library/PrivateFrameworks/RemoteViewServices.framework/Versions/A/RemoteViewServices
0x0000000019d7b000 	/System/Library/PrivateFrameworks/UIFoundation.framework/Versions/A/UIFoundation
0x0000000019d7b000 	/System/Library/PrivateFrameworks/DFRFoundation.framework/Versions/A/DFRFoundation
0x0000000019d7b000 	/System/Library/Frameworks/Metal.framework/Versions/A/Metal
0x0000000019d7b000 	/System/Library/PrivateFrameworks/DesktopServicesPriv.framework/Versions/A/DesktopServicesPriv
0x0000000019d7b000 	/usr/lib/libenergytrace.dylib
0x0000000019d7b000 	/System/Library/PrivateFrameworks/SkyLight.framework/Versions/A/SkyLight
0x0000000019d7b000 	/System/Library/Frameworks/CoreGraphics.framework/Versions/A/CoreGraphics
0x0000000019d7b000 	/usr/lib/libScreenReader.dylib
0x0000000019d7b000 	/System/Library/Frameworks/Accelerate.framework/Versions/A/Accelerate
0x0000000019d7b000 	/System/Library/Frameworks/IOSurface.framework/Versions/A/IOSurface
0x0000000019d7b000 	/System/Library/Frameworks/AudioToolbox.framework/Versions/A/AudioToolbox
0x0000000019d7b000 	/System/Library/Frameworks/AudioUnit.framework/Versions/A/AudioUnit
0x0000000019d7b000 	/System/Library/PrivateFrameworks/DataDetectorsCore.framework/Versions/A/DataDetectorsCore
0x0000000019d7b000 	/System/Library/Frameworks/Carbon.framework/Versions/A/Frameworks/HIToolbox.framework/Versions/A/HIToolbox
0x0000000019d7b000 	/usr/lib/libicucore.A.dylib
0x0000000019d7b000 	/System/Library/Frameworks/QuartzCore.framework/Versions/A/QuartzCore
0x0000000019d7b000 	/System/Library/Frameworks/Carbon.framework/Versions/A/Frameworks/SpeechRecognition.framework/Versions/A/SpeechRecognition
0x0000000019d7b000 	/usr/lib/libauto.dylib
0x0000000019d7b000 	/usr/lib/libxml2.2.dylib
0x0000000019d7b000 	/System/Library/PrivateFrameworks/CoreUI.framework/Versions/A/CoreUI
0x0000000019d7b000 	/System/Library/Frameworks/CoreAudio.framework/Versions/A/CoreAudio
0x0000000019d7b000 	/System/Library/Frameworks/DiskArbitration.framework/Versions/A/DiskArbitration
0x0000000019d7b000 	/usr/lib/liblangid.dylib
0x0000000019d7b000 	/System/Library/PrivateFrameworks/MultitouchSupport.framework/Versions/A/MultitouchSupport
0x0000000019d7b000 	/System/Library/Frameworks/IOKit.framework/Versions/A/IOKit
0x0000000019d7b000 	/usr/lib/libDiagnosticMessagesClient.dylib
0x0000000019d7b000 	/System/Library/Frameworks/CoreServices.framework/Versions/A/CoreServices
0x0000000019d7b000 	/System/Library/PrivateFrameworks/PerformanceAnalysis.framework/Versions/A/PerformanceAnalysis
0x0000000019d7b000 	/System/Library/Frameworks/OpenGL.framework/Versions/A/OpenGL
0x0000000019d7b000 	/System/Library/Frameworks/ColorSync.framework/Versions/A/ColorSync
0x0000000019d7b000 	/System/Library/Frameworks/CoreImage.framework/Versions/A/CoreImage
0x0000000019d7b000 	/System/Library/Frameworks/CoreText.framework/Versions/A/CoreText
0x0000000019d7b000 	/System/Library/Frameworks/ImageIO.framework/Versions/A/ImageIO
0x0000000019d7b000 	/System/Library/PrivateFrameworks/Backup.framework/Versions/A/Backup
0x0000000019d7b000 	/usr/lib/libarchive.2.dylib
0x0000000019d7b000 	/System/Library/Frameworks/CFNetwork.framework/Versions/A/CFNetwork
0x0000000019d7b000 	/System/Library/Frameworks/SystemConfiguration.framework/Versions/A/SystemConfiguration
0x0000000019d7b000 	/usr/lib/libCRFSuite.dylib
0x0000000019d7b000 	/usr/lib/libc++.1.dylib
0x0000000019d7b000 	/usr/lib/libc++abi.dylib
0x0000000019d7b000 	/usr/lib/system/libcache.dylib
0x0000000019d7b000 	/usr/lib/system/libcommonCrypto.dylib
0x0000000019d7b000 	/usr/lib/system/libcompiler_rt.dylib
0x0000000019d7b000 	/usr/lib/system/libcopyfile.dylib
0x0000000019d7b000 	/usr/lib/system/libcorecrypto.dylib
0x0000000019d7b000 	/usr/lib/system/libdispatch.dylib
0x0000000019d7b000 	/usr/lib/system/libdyld.dylib
0x0000000019d7b000 	/usr/lib/system/libkeymgr.dylib
0x0000000019d7b000 	/usr/lib/system/liblaunch.dylib
0x0000000019d7b000 	/usr/lib/system/libmacho.dylib
0x0000000019d7b000 	/usr/lib/system/libquarantine.dylib
0x0000000019d7b000 	/usr/lib/system/libremovefile.dylib
0x0000000019d7b000 	/usr/lib/system/libsystem_asl.dylib
0x0000000019d7b000 	/usr/lib/system/libsystem_blocks.dylib
0x0000000019d7b000 	/usr/lib/system/libsystem_c.dylib
0x0000000019d7b000 	/usr/lib/system/libsystem_configuration.dylib
0x0000000019d7b000 	/usr/lib/system/libsystem_coreservices.dylib
0x0000000019d7b000 	/usr/lib/system/libsystem_darwin.dylib
0x0000000019d7b000 	/usr/lib/system/libsystem_dnssd.dylib
0x0000000019d7b000 	/usr/lib/system/libsystem_info.dylib
0x0000000019d7b000 	/usr/lib/system/libsystem_m.dylib
0x0000000019d7b000 	/usr/lib/system/libsystem_malloc.dylib
0x0000000019d7b000 	/usr/lib/system/libsystem_network.dylib
0x0000000019d7b000 	/usr/lib/system/libsystem_networkextension.dylib
0x0000000019d7b000 	/usr/lib/system/libsystem_notify.dylib
0x0000000019d7b000 	/usr/lib/system/libsystem_sandbox.dylib
0x0000000019d7b000 	/usr/lib/system/libsystem_secinit.dylib
0x0000000019d7b000 	/usr/lib/system/libsystem_kernel.dylib
0x0000000019d7b000 	/usr/lib/system/libsystem_platform.dylib
0x0000000019d7b000 	/usr/lib/system/libsystem_pthread.dylib
0x0000000019d7b000 	/usr/lib/system/libsystem_symptoms.dylib
0x0000000019d7b000 	/usr/lib/system/libsystem_trace.dylib
0x0000000019d7b000 	/usr/lib/system/libunwind.dylib
0x0000000019d7b000 	/usr/lib/system/libxpc.dylib
0x0000000019d7b000 	/usr/lib/closure/libclosured.dylib
0x0000000019d7b000 	/usr/lib/libbsm.0.dylib
0x0000000019d7b000 	/usr/lib/system/libkxld.dylib
0x0000000019d7b000 	/usr/lib/libOpenScriptingUtil.dylib
0x0000000019d7b000 	/usr/lib/libcoretls.dylib
0x0000000019d7b000 	/usr/lib/libcoretls_cfhelpers.dylib
0x0000000019d7b000 	/usr/lib/libpam.2.dylib
0x0000000019d7b000 	/usr/lib/libsqlite3.dylib
0x0000000019d7b000 	/usr/lib/libxar.1.dylib
0x0000000019d7b000 	/usr/lib/libbz2.1.0.dylib
0x0000000019d7b000 	/usr/lib/liblzma.5.dylib
0x0000000019d7b000 	/usr/lib/libnetwork.dylib
0x0000000019d7b000 	/usr/lib/libapple_nghttp2.dylib
0x0000000019d7b000 	/usr/lib/libpcap.A.dylib
0x0000000019d7b000 	/usr/lib/libboringssl.dylib
0x0000000019d7b000 	/usr/lib/libusrtcp.dylib
0x0000000019d7b000 	/usr/lib/libapple_crypto.dylib
0x0000000019d7b000 	/System/Library/Frameworks/CoreServices.framework/Versions/A/Frameworks/FSEvents.framework/Versions/A/FSEvents
0x0000000019d7b000 	/System/Library/Frameworks/CoreServices.framework/Versions/A/Frameworks/CarbonCore.framework/Versions/A/CarbonCore
0x0000000019d7b000 	/System/Library/Frameworks/CoreServices.framework/Versions/A/Frameworks/Metadata.framework/Versions/A/Metadata
0x0000000019d7b000 	/System/Library/Frameworks/CoreServices.framework/Versions/A/Frameworks/OSServices.framework/Versions/A/OSServices
0x0000000019d7b000 	/System/Library/Frameworks/CoreServices.framework/Versions/A/Frameworks/SearchKit.framework/Versions/A/SearchKit
0x0000000019d7b000 	/System/Library/Frameworks/CoreServices.framework/Versions/A/Frameworks/AE.framework/Versions/A/AE
0x0000000019d7b000 	/System/Library/Frameworks/CoreServices.framework/Versions/A/Frameworks/LaunchServices.framework/Versions/A/LaunchServices
0x0000000019d7b000 	/System/Library/Frameworks/CoreServices.framework/Versions/A/Frameworks/DictionaryServices.framework/Versions/A/DictionaryServices
0x0000000019d7b000 	/System/Library/Frameworks/CoreServices.framework/Versions/A/Frameworks/SharedFileList.framework/Versions/A/SharedFileList
0x0000000019d7b000 	/System/Library/Frameworks/NetFS.framework/Versions/A/NetFS
0x0000000019d7b000 	/System/Library/PrivateFrameworks/NetAuth.framework/Versions/A/NetAuth
0x0000000019d7b000 	/System/Library/PrivateFrameworks/login.framework/Versions/A/Frameworks/loginsupport.framework/Versions/A/loginsupport
0x0000000019d7b000 	/System/Library/PrivateFrameworks/TCC.framework/Versions/A/TCC
0x0000000019d7b000 	/usr/lib/libmecabra.dylib
0x0000000019d7b000 	/System/Library/Frameworks/ApplicationServices.framework/Versions/A/Frameworks/ATS.framework/Versions/A/ATS
0x0000000019d7b000 	/System/Library/Frameworks/ApplicationServices.framework/Versions/A/Frameworks/ColorSyncLegacy.framework/Versions/A/ColorSyncLegacy
0x0000000019d7b000 	/System/Library/Frameworks/ApplicationServices.framework/Versions/A/Frameworks/HIServices.framework/Versions/A/HIServices
0x0000000019d7b000 	/System/Library/Frameworks/ApplicationServices.framework/Versions/A/Frameworks/LangAnalysis.framework/Versions/A/LangAnalysis
0x0000000019d7b000 	/System/Library/Frameworks/ApplicationServices.framework/Versions/A/Frameworks/PrintCore.framework/Versions/A/PrintCore
0x0000000019d7b000 	/System/Library/Frameworks/ApplicationServices.framework/Versions/A/Frameworks/QD.framework/Versions/A/QD
0x0000000019d7b000 	/System/Library/Frameworks/ApplicationServices.framework/Versions/A/Frameworks/SpeechSynthesis.framework/Versions/A/SpeechSynthesis
0x0000000019d7b000 	/System/Library/Frameworks/CoreDisplay.framework/Versions/A/CoreDisplay
0x0000000019d7b000 	/System/Library/Frameworks/Accelerate.framework/Versions/A/Frameworks/vImage.framework/Versions/A/vImage
0x0000000019d7b000 	/System/Library/Frameworks/Accelerate.framework/Versions/A/Frameworks/vecLib.framework/Versions/A/vecLib
0x0000000019d7b000 	/System/Library/Frameworks/Accelerate.framework/Versions/A/Frameworks/vecLib.framework/Versions/A/libvDSP.dylib
0x0000000019d7b000 	/System/Library/Frameworks/Accelerate.framework/Versions/A/Frameworks/vecLib.framework/Versions/A/libBNNS.dylib
0x0000000019d7b000 	/System/Library/Frameworks/Accelerate.framework/Versions/A/Frameworks/vecLib.framework/Versions/A/libQuadrature.dylib
0x0000000019d7b000 	/System/Library/Frameworks/Accelerate.framework/Versions/A/Frameworks/vecLib.framework/Versions/A/libvMisc.dylib
0x0000000019d7b000 	/System/Library/Frameworks/Accelerate.framework/Versions/A/Frameworks/vecLib.framework/Versions/A/libLAPACK.dylib
0x0000000019d7b000 	/System/Library/Frameworks/Accelerate.framework/Versions/A/Frameworks/vecLib.framework/Versions/A/libBLAS.dylib
0x0000000019d7b000 	/System/Library/Frameworks/Accelerate.framework/Versions/A/Frameworks/vecLib.framework/Versions/A/libLinearAlgebra.dylib
0x0000000019d7b000 	/System/Library/Frameworks/Accelerate.framework/Versions/A/Frameworks/vecLib.framework/Versions/A/libSparse.dylib
0x0000000019d7b000 	/System/Library/Frameworks/Accelerate.framework/Versions/A/Frameworks/vecLib.framework/Versions/A/libSparseBLAS.dylib
0x0000000019d7b000 	/System/Library/PrivateFrameworks/IOAccelerator.framework/Versions/A/IOAccelerator
0x0000000019d7b000 	/System/Library/PrivateFrameworks/IOPresentment.framework/Versions/A/IOPresentment
0x0000000019d7b000 	/System/Library/PrivateFrameworks/DSExternalDisplay.framework/Versions/A/DSExternalDisplay
0x0000000019d7b000 	/System/Library/Frameworks/OpenGL.framework/Versions/A/Libraries/libCoreFSCache.dylib
0x0000000019d7b000 	/System/Library/Frameworks/CoreVideo.framework/Versions/A/CoreVideo
0x0000000019d7b000 	/System/Library/PrivateFrameworks/GraphVisualizer.framework/Versions/A/GraphVisualizer
0x0000000019d7b000 	/System/Library/Frameworks/MetalPerformanceShaders.framework/Versions/A/MetalPerformanceShaders
0x0000000019d7b000 	/usr/lib/libFosl_dynamic.dylib
0x0000000019d7b000 	/System/Library/PrivateFrameworks/FaceCore.framework/Versions/A/FaceCore
0x0000000019d7b000 	/System/Library/Frameworks/OpenCL.framework/Versions/A/OpenCL
0x0000000019d7b000 	/usr/lib/libcompression.dylib
0x0000000019d7b000 	/System/Library/Frameworks/ApplicationServices.framework/Versions/A/Frameworks/ATS.framework/Versions/A/Resources/libFontParser.dylib
0x0000000019d7b000 	/System/Library/Frameworks/ApplicationServices.framework/Versions/A/Frameworks/ATS.framework/Versions/A/Resources/libFontRegistry.dylib
0x0000000019d7b000 	/System/Library/Frameworks/ImageIO.framework/Versions/A/Resources/libJPEG.dylib
0x0000000019d7b000 	/System/Library/Frameworks/ImageIO.framework/Versions/A/Resources/libTIFF.dylib
0x0000000019d7b000 	/System/Library/Frameworks/ImageIO.framework/Versions/A/Resources/libPng.dylib
0x0000000019d7b000 	/System/Library/Frameworks/ImageIO.framework/Versions/A/Resources/libGIF.dylib
0x0000000019d7b000 	/System/Library/Frameworks/ImageIO.framework/Versions/A/Resources/libJP2.dylib
0x0000000019d7b000 	/System/Library/Frameworks/ImageIO.framework/Versions/A/Resources/libRadiance.dylib
0x0000000019d7b000 	/System/Library/PrivateFrameworks/AppleJPEG.framework/Versions/A/AppleJPEG
0x0000000019d7b000 	/System/Library/PrivateFrameworks/MetalTools.framework/Versions/A/MetalTools
0x0000000019d7b000 	/System/Library/Frameworks/MetalPerformanceShaders.framework/Frameworks/MPSCore.framework/Versions/A/MPSCore
0x0000000019d7b000 	/System/Library/Frameworks/MetalPerformanceShaders.framework/Frameworks/MPSImage.framework/Versions/A/MPSImage
0x0000000019d7b000 	/System/Library/Frameworks/MetalPerformanceShaders.framework/Frameworks/MPSMatrix.framework/Versions/A/MPSMatrix
0x0000000019d7b000 	/System/Library/Frameworks/MetalPerformanceShaders.framework/Frameworks/MPSNeuralNetwork.framework/Versions/A/MPSNeuralNetwork
0x0000000019d7b000 	/System/Library/Frameworks/OpenGL.framework/Versions/A/Libraries/libGLU.dylib
0x0000000019d7b000 	/System/Library/Frameworks/OpenGL.framework/Versions/A/Libraries/libGFXShared.dylib
0x0000000019d7b000 	/System/Library/Frameworks/OpenGL.framework/Versions/A/Libraries/libGL.dylib
0x0000000019d7b000 	/System/Library/Frameworks/OpenGL.framework/Versions/A/Libraries/libGLImage.dylib
0x0000000019d7b000 	/System/Library/Frameworks/OpenGL.framework/Versions/A/Libraries/libCVMSPluginSupport.dylib
0x0000000019d7b000 	/System/Library/Frameworks/OpenGL.framework/Versions/A/Libraries/libCoreVMClient.dylib
0x0000000019d7b000 	/usr/lib/libcups.2.dylib
0x0000000019d7b000 	/System/Library/Frameworks/Kerberos.framework/Versions/A/Kerberos
0x0000000019d7b000 	/System/Library/Frameworks/GSS.framework/Versions/A/GSS
0x0000000019d7b000 	/usr/lib/libresolv.9.dylib
0x0000000019d7b000 	/usr/lib/libiconv.2.dylib
0x0000000019d7b000 	/System/Library/PrivateFrameworks/Heimdal.framework/Versions/A/Heimdal
0x0000000019d7b000 	/usr/lib/libheimdal-asn1.dylib
0x00000001025b1000 	/System/Library/Frameworks/OpenDirectory.framework/Versions/A/OpenDirectory
0x0000000019d7b000 	/System/Library/PrivateFrameworks/CommonAuth.framework/Versions/A/CommonAuth
0x00000001025d6000 	/System/Library/Frameworks/OpenDirectory.framework/Versions/A/Frameworks/CFOpenDirectory.framework/Versions/A/CFOpenDirectory
0x0000000019d7b000 	/System/Library/Frameworks/SecurityFoundation.framework/Versions/A/SecurityFoundation
0x0000000019d7b000 	/System/Library/PrivateFrameworks/APFS.framework/Versions/A/APFS
0x0000000019d7b000 	/usr/lib/libutil.dylib
0x0000000019d7b000 	/System/Library/PrivateFrameworks/AppleSauce.framework/Versions/A/AppleSauce
0x0000000019d7b000 	/System/Library/PrivateFrameworks/LinguisticData.framework/Versions/A/LinguisticData
0x0000000019d7b000 	/usr/lib/libmarisa.dylib
0x0000000019d7b000 	/System/Library/PrivateFrameworks/Lexicon.framework/Versions/A/Lexicon
0x0000000019d7b000 	/usr/lib/libChineseTokenizer.dylib
0x0000000019d7b000 	/usr/lib/libcmph.dylib
0x0000000019d7b000 	/System/Library/PrivateFrameworks/LanguageModeling.framework/Versions/A/LanguageModeling
0x0000000019d7b000 	/System/Library/PrivateFrameworks/CoreEmoji.framework/Versions/A/CoreEmoji
0x0000000019d7b000 	/System/Library/Frameworks/ServiceManagement.framework/Versions/A/ServiceManagement
0x0000000019d7b000 	/System/Library/PrivateFrameworks/BackgroundTaskManagement.framework/Versions/A/BackgroundTaskManagement
0x0000000019d7b000 	/usr/lib/libxslt.1.dylib
0x0000000019d7b000 	/System/Library/Frameworks/Carbon.framework/Versions/A/Frameworks/Ink.framework/Versions/A/Ink
0x0000000019d7b000 	/System/Library/PrivateFrameworks/TextureIO.framework/Versions/A/TextureIO
0x0000000019d7b000 	/usr/lib/libate.dylib
0x0000000019d7b000 	/System/Library/PrivateFrameworks/CrashReporterSupport.framework/Versions/A/CrashReporterSupport
0x0000000019d7b000 	/System/Library/PrivateFrameworks/Sharing.framework/Versions/A/Sharing
0x0000000019d7b000 	/System/Library/PrivateFrameworks/IconServices.framework/Versions/A/IconServices
0x0000000019d7b000 	/System/Library/PrivateFrameworks/ProtocolBuffer.framework/Versions/A/ProtocolBuffer
0x0000000019d7b000 	/System/Library/PrivateFrameworks/Apple80211.framework/Versions/A/Apple80211
0x0000000019d7b000 	/System/Library/Frameworks/CoreWLAN.framework/Versions/A/CoreWLAN
0x0000000019d7b000 	/System/Library/PrivateFrameworks/CoreUtils.framework/Versions/A/CoreUtils
0x0000000019d7b000 	/System/Library/Frameworks/IOBluetooth.framework/Versions/A/IOBluetooth
0x0000000019d7b000 	/System/Library/PrivateFrameworks/CoreWiFi.framework/Versions/A/CoreWiFi
0x0000000019d7b000 	/System/Library/Frameworks/CoreBluetooth.framework/Versions/A/CoreBluetooth
0x0000000019d7b000 	/System/Library/PrivateFrameworks/SignpostNotification.framework/Versions/A/SignpostNotification
0x0000000019d7b000 	/System/Library/PrivateFrameworks/DebugSymbols.framework/Versions/A/DebugSymbols
0x0000000019d7b000 	/System/Library/PrivateFrameworks/CoreSymbolication.framework/Versions/A/CoreSymbolication
0x0000000019d7b000 	/System/Library/PrivateFrameworks/Symbolication.framework/Versions/A/Symbolication
0x0000000019d7b000 	/System/Library/PrivateFrameworks/AppleFSCompression.framework/Versions/A/AppleFSCompression
0x0000000019d7b000 	/System/Library/PrivateFrameworks/SpeechRecognitionCore.framework/Versions/A/SpeechRecognitionCore
0x000000010262e000 	/Library/Java/JavaVirtualMachines/jdk1.7.0_79.jdk/Contents/Home/jre/lib/server/libjvm.dylib
0x0000000019d7b000 	/usr/lib/libstdc++.6.0.9.dylib
0x0000000103091000 	/Library/Java/JavaVirtualMachines/jdk1.7.0_79.jdk/Contents/Home/jre/lib/libverify.dylib
0x000000010309e000 	/Library/Java/JavaVirtualMachines/jdk1.7.0_79.jdk/Contents/Home/jre/lib/libjava.dylib
0x0000000103117000 	/Library/Java/JavaVirtualMachines/jdk1.7.0_79.jdk/Contents/Home/jre/lib/libzip.dylib
0x0000000019d7b000 	/System/Library/Frameworks/JavaVM.framework/Versions/A/Frameworks/JavaRuntimeSupport.framework/Versions/A/JavaRuntimeSupport
0x0000000019d7b000 	/System/Library/Frameworks/JavaVM.framework/Versions/A/Frameworks/JavaNativeFoundation.framework/Versions/A/JavaNativeFoundation
0x0000000019d7b000 	/System/Library/Frameworks/JavaVM.framework/Versions/A/JavaVM
0x0000000019d7b000 	/System/Library/Frameworks/Carbon.framework/Versions/A/Carbon
0x0000000019d7b000 	/System/Library/PrivateFrameworks/JavaLaunching.framework/Versions/A/JavaLaunching
0x0000000019d7b000 	/System/Library/Frameworks/Carbon.framework/Versions/A/Frameworks/CommonPanels.framework/Versions/A/CommonPanels
0x0000000019d7b000 	/System/Library/Frameworks/Carbon.framework/Versions/A/Frameworks/Help.framework/Versions/A/Help
0x0000000019d7b000 	/System/Library/Frameworks/Carbon.framework/Versions/A/Frameworks/ImageCapture.framework/Versions/A/ImageCapture
0x0000000019d7b000 	/System/Library/Frameworks/Carbon.framework/Versions/A/Frameworks/OpenScripting.framework/Versions/A/OpenScripting
0x0000000019d7b000 	/System/Library/Frameworks/Carbon.framework/Versions/A/Frameworks/Print.framework/Versions/A/Print
0x0000000019d7b000 	/System/Library/Frameworks/Carbon.framework/Versions/A/Frameworks/SecurityHI.framework/Versions/A/SecurityHI
0x000000010e697000 	/Library/Java/JavaVirtualMachines/jdk1.7.0_79.jdk/Contents/Home/jre/lib/libawt.dylib
0x000000010e746000 	/Library/Java/JavaVirtualMachines/jdk1.7.0_79.jdk/Contents/Home/jre/lib/./libmlib_image.dylib
0x000000010e836000 	/Library/Java/JavaVirtualMachines/jdk1.7.0_79.jdk/Contents/Home/jre/lib/lwawt/liblwawt.dylib
0x000000010e8ec000 	/Library/Java/JavaVirtualMachines/jdk1.7.0_79.jdk/Contents/Home/jre/lib/libosxapp.dylib
0x0000000019d7b000 	/System/Library/Frameworks/ExceptionHandling.framework/Versions/A/ExceptionHandling
0x0000000019d7b000 	/System/Library/PrivateFrameworks/CoreServicesInternal.framework/Versions/A/CoreServicesInternal
0x0000000019d7b000 	/System/Library/CoreServices/RawCamera.bundle/Contents/MacOS/RawCamera
0x0000000019d7b000 	/System/Library/PrivateFrameworks/MobileAsset.framework/Versions/A/MobileAsset
0x0000000019d7b000 	/System/Library/PrivateFrameworks/StreamingZip.framework/Versions/A/StreamingZip
0x0000000019d7b000 	/System/Library/Frameworks/MediaToolbox.framework/Versions/A/MediaToolbox
0x0000000019d7b000 	/System/Library/PrivateFrameworks/CoreAVCHD.framework/Versions/A/CoreAVCHD
0x0000000019d7b000 	/System/Library/Frameworks/MediaAccessibility.framework/Versions/A/MediaAccessibility
0x0000000019d7b000 	/System/Library/PrivateFrameworks/Mangrove.framework/Versions/A/Mangrove
0x0000000019d7b000 	/System/Library/Frameworks/CoreMedia.framework/Versions/A/CoreMedia
0x0000000019d7b000 	/System/Library/Frameworks/VideoToolbox.framework/Versions/A/VideoToolbox
0x0000000019d7b000 	/System/Library/PrivateFrameworks/CoreAUC.framework/Versions/A/CoreAUC
0x0000000019d7b000 	/usr/lib/libspindump.dylib
0x0000000019d7b000 	/usr/lib/libdscsym.dylib
0x0000000019d7b000 	/System/Library/PrivateFrameworks/AppleVA.framework/Versions/A/AppleVA
0x0000000019d7b000 	/System/Library/Frameworks/Accelerate.framework/Versions/A/Frameworks/vImage.framework/Versions/A/Libraries/libCGInterfaces.dylib
0x0000000019d7b000 	/System/Library/Frameworks/ApplicationServices.framework/Versions/A/Frameworks/ATS.framework/Versions/A/Resources/libTrueTypeScaler.dylib
0x0000000019d7b000 	/System/Library/Frameworks/OpenGL.framework/Versions/A/Resources/GLEngine.bundle/GLEngine
0x0000000019d7b000 	/System/Library/Frameworks/OpenGL.framework/Versions/A/Libraries/libGLProgrammability.dylib
0x0000000110915000 	/System/Library/Extensions/AppleIntelBDWGraphicsGLDriver.bundle/Contents/MacOS/AppleIntelBDWGraphicsGLDriver
0x0000000019d7b000 	/System/Library/PrivateFrameworks/GPUSupport.framework/Versions/A/Libraries/libGPUSupportMercury.dylib
0x0000000019d7b000 	/System/Library/Frameworks/OpenGL.framework/Versions/A/Resources/GLRendererFloat.bundle/GLRendererFloat
0x0000000019d7b000 	/System/Library/Frameworks/OpenCL.framework/Versions/A/Libraries/libcldcpuengine.dylib
0x0000000019d7b000 	/usr/lib/libcrypto.35.dylib
0x0000000019d7b000 	/System/Library/PrivateFrameworks/TrustEvaluationAgent.framework/Versions/A/TrustEvaluationAgent
0x0000000019d7b000 	/System/Library/Extensions/AppleIntelBDWGraphicsMTLDriver.bundle/Contents/MacOS/AppleIntelBDWGraphicsMTLDriver
0x0000000019d7b000 	/System/Library/PrivateFrameworks/GPUCompiler.framework/Versions/3802/Libraries/libmetal_timestamp.dylib
0x0000000019d7b000 	/System/Library/PrivateFrameworks/FamilyControls.framework/Versions/A/FamilyControls
0x0000000019d7b000 	/System/Library/PrivateFrameworks/CommerceKit.framework/Versions/A/Frameworks/CommerceCore.framework/Versions/A/CommerceCore
0x0000000019d7b000 	/System/Library/PrivateFrameworks/SystemAdministration.framework/Versions/A/SystemAdministration
0x0000000019d7b000 	/System/Library/PrivateFrameworks/AppContainer.framework/Versions/A/AppContainer
0x0000000019d7b000 	/System/Library/PrivateFrameworks/SecCodeWrapper.framework/Versions/A/SecCodeWrapper
0x0000000019d7b000 	/System/Library/PrivateFrameworks/DiskManagement.framework/Versions/A/DiskManagement
0x0000000111698000 	/System/Library/Frameworks/DirectoryService.framework/Versions/A/DirectoryService
0x0000000019d7b000 	/System/Library/PrivateFrameworks/DiskImages.framework/Versions/A/DiskImages
0x0000000019d7b000 	/System/Library/PrivateFrameworks/LoginUIKit.framework/Versions/A/Frameworks/LoginUICore.framework/Versions/A/LoginUICore
0x0000000019d7b000 	/usr/lib/libCoreStorage.dylib
0x0000000019d7b000 	/usr/lib/libcsfde.dylib
0x0000000019d7b000 	/usr/lib/libodfde.dylib
0x0000000019d7b000 	/System/Library/PrivateFrameworks/MediaKit.framework/Versions/A/MediaKit
0x0000000019d7b000 	/System/Library/Frameworks/DiscRecording.framework/Versions/A/DiscRecording
0x0000000019d7b000 	/System/Library/PrivateFrameworks/EFILogin.framework/Versions/A/EFILogin
0x0000000019d7b000 	/System/Library/PrivateFrameworks/ProtectedCloudStorage.framework/Versions/A/ProtectedCloudStorage
0x0000000019d7b000 	/usr/lib/libcurl.4.dylib
0x0000000019d7b000 	/usr/lib/libssl.35.dylib
0x0000000019d7b000 	/System/Library/Frameworks/LDAP.framework/Versions/A/LDAP
0x0000000019d7b000 	/usr/lib/libsasl2.2.dylib
0x0000000019d7b000 	/System/Library/PrivateFrameworks/CoreDaemon.framework/Versions/B/CoreDaemon
0x0000000019d7b000 	/System/Library/PrivateFrameworks/AppleSRP.framework/Versions/A/AppleSRP
0x00000001116ad000 	/Library/Java/JavaVirtualMachines/jdk1.7.0_79.jdk/Contents/Home/jre/lib/libfontmanager.dylib
0x000000010f947000 	/Library/Java/JavaVirtualMachines/jdk1.7.0_79.jdk/Contents/Home/jre/lib/libosxui.dylib
0x0000000019d7b000 	/System/Library/PrivateFrameworks/ViewBridge.framework/Versions/A/ViewBridge
0x0000000112d9a000 	/Library/Java/JavaVirtualMachines/jdk1.7.0_79.jdk/Contents/Home/jre/lib/libosx.dylib
0x0000000112da8000 	/Library/Java/JavaVirtualMachines/jdk1.7.0_79.jdk/Contents/Home/jre/lib/libnio.dylib
0x0000000112db7000 	/Library/Java/JavaVirtualMachines/jdk1.7.0_79.jdk/Contents/Home/jre/lib/./libnet.dylib
0x000000010ed01000 	/Library/Java/JavaVirtualMachines/jdk1.7.0_79.jdk/Contents/Home/jre/lib/libdcpr.dylib

VM Arguments:
jvm_args: -Dfile.encoding=UTF-8 
java_command: speedith.Main
Launcher Type: SUN_STANDARD

Environment Variables:
PATH=/usr/bin:/bin:/usr/sbin:/sbin
SHELL=/bin/bash
DISPLAY=/private/tmp/com.apple.launchd.cEU0U62Ln0/org.macosforge.xquartz:0

Signal Handlers:
SIGSEGV: [libjvm.dylib+0x52daf1], sa_mask[0]=0xfffefeff, sa_flags=0x00000043
SIGBUS: [libjvm.dylib+0x52daf1], sa_mask[0]=0xfffefeff, sa_flags=0x00000042
SIGFPE: [libjvm.dylib+0x41f34e], sa_mask[0]=0xfffefeff, sa_flags=0x00000042
SIGPIPE: [libjvm.dylib+0x41f34e], sa_mask[0]=0xfffefeff, sa_flags=0x00000042
SIGXFSZ: [libjvm.dylib+0x41f34e], sa_mask[0]=0xfffefeff, sa_flags=0x00000042
SIGILL: [libjvm.dylib+0x41f34e], sa_mask[0]=0xfffefeff, sa_flags=0x00000042
SIGUSR1: SIG_DFL, sa_mask[0]=0x00000000, sa_flags=0x00000000
SIGUSR2: [libjvm.dylib+0x41ee40], sa_mask[0]=0x00000004, sa_flags=0x00000042
SIGHUP: [libjvm.dylib+0x41d0d1], sa_mask[0]=0xfffefeff, sa_flags=0x00000042
SIGINT: [libjvm.dylib+0x41d0d1], sa_mask[0]=0xfffefeff, sa_flags=0x00000042
SIGTERM: [libjvm.dylib+0x41d0d1], sa_mask[0]=0xfffefeff, sa_flags=0x00000042
SIGQUIT: [libjvm.dylib+0x41d0d1], sa_mask[0]=0xfffefeff, sa_flags=0x00000042


---------------  S Y S T E M  ---------------

OS:Bsduname:Darwin 17.2.0 Darwin Kernel Version 17.2.0: Fri Sep 29 18:27:05 PDT 2017; root:xnu-4570.20.62~3/RELEASE_X86_64 x86_64
rlimit: STACK 8192k, CORE 0k, NPROC 709, NOFILE 10240, AS infinity
load average:1.27 1.97 1.97

CPU:total 4 (2 cores per cpu, 2 threads per core) family 6 model 61 stepping 4, cmov, cx8, fxsr, mmx, sse, sse2, sse3, ssse3, sse4.1, sse4.2, popcnt, avx, avx2, aes, erms, ht, tsc, tscinvbit

Memory: 4k page, physical 8388608k(2097152k free)

/proc/meminfo:


vm_info: Java HotSpot(TM) 64-Bit Server VM (24.79-b02) for bsd-amd64 JRE (1.7.0_79-b15), built on Apr 10 2015 11:35:04 by "java_re" with gcc 4.2.1 (Based on Apple Inc. build 5658) (LLVM build 2336.11.00)

time: Fri Dec  1 11:57:23 2017
elapsed time: 2068 seconds

