#
# A fatal error has been detected by the Java Runtime Environment:
#
#  SIGSEGV (0xb) at pc=0x000000010ce50b43, pid=2139, tid=49203
#
# JRE version: Java(TM) SE Runtime Environment (7.0_79-b15) (build 1.7.0_79-b15)
# Java VM: Java HotSpot(TM) 64-Bit Server VM (24.79-b02 mixed mode bsd-amd64 compressed oops)
# Problematic frame:
# C  [liblwawt.dylib+0x12b43]  OGLSD_SetScratchSurface+0x3d
#
# Failed to write core dump. Core dumps have been disabled. To enable core dumping, try "ulimit -c unlimited" before starting Java again
#
# If you would like to submit a bug report, please visit:
#   http://bugreport.java.com/bugreport/crash.jsp
# The crash happened outside the Java Virtual Machine in native code.
# See problematic frame for where to report the bug.
#

---------------  T H R E A D  ---------------

Current thread (0x00007fd962902000):  JavaThread "Java2D Queue Flusher" daemon [_thread_in_native, id=49203, stack(0x000070000fb3a000,0x000070000fc3a000)]

siginfo:si_signo=SIGSEGV: si_errno=0, si_code=0 (SEGV0), si_addr=0x0000000000000000

Registers:
RAX=0x00007fd96326d0e8, RBX=0x00007fd9629021e8, RCX=0x00007fd96326d0f0, RDX=0x000000010ce46a0c
RSP=0x000070000fc39800, RBP=0x000070000fc39820, RSI=0x00007fd9647a1bf0, RDI=0x00007fd96326d0e8
R8 =0x0000000780959ca8, R9 =0x0000000780959ca4, R10=0x000000010207b5cd, R11=0x0000000101a77353
R12=0x0000000000000000, R13=0x000000077b2193c0, R14=0x00007fd9647c0002, R15=0x128000007fff990d
RIP=0x000000010ce50b43, EFLAGS=0x0000000000010206, ERR=0x0000000000000000
  TRAPNO=0x000000000000000d

Top of Stack: (sp=0x000070000fc39800)
0x000070000fc39800:   00007fd9647a1bf0 0000000000000000
0x000070000fc39810:   00007fd9628dde10 00007fd962902000
0x000070000fc39820:   000070000fc398a0 000000010ce464ea
0x000070000fc39830:   00007fd962902000 000000000000e40f
0x000070000fc39840:   00007fd961e55c00 0000000200000001
0x000070000fc39850:   000000007bba45d0 000000077af2ce00
0x000070000fc39860:   0000000000000000 00007fd9628dde20
0x000070000fc39870:   0000700000c398e0 00007fd9629021e8
0x000070000fc39880:   000000077b2193c0 0000000000000000
0x000070000fc39890:   000070000fc39948 00007fd962902000
0x000070000fc398a0:   000070000fc39910 000000010207b5f9
0x000070000fc398b0:   00007fd962902000 00007fd961d31cc8
0x000070000fc398c0:   000070000fc398f0 0000000101ac6a7f
0x000070000fc398d0:   000070000fc398d0 0000000000000000
0x000070000fc398e0:   000070000fc39948 000000077b21ac28
0x000070000fc398f0:   0000000000000000 000000077b2193c0
0x000070000fc39900:   0000000000000000 000070000fc39930
0x000070000fc39910:   000070000fc39990 00000001020690d8
0x000070000fc39920:   0000000000000000 0000000102075f38
0x000070000fc39930:   0000000000000020 00007fd9628dde00
0x000070000fc39940:   0000000780959e20 0000000780959e08
0x000070000fc39950:   000070000fc39950 000000077b2194a5
0x000070000fc39960:   000070000fc399a8 000000077b21ac28
0x000070000fc39970:   0000000000000000 000000077b2194c8
0x000070000fc39980:   000070000fc39930 000070000fc399b0
0x000070000fc39990:   00000000f012b3c1 000000010212b334
0x000070000fc399a0:   0000000000000020 0000000780959e08
0x000070000fc399b0:   0000000780959ca0 0000000780959ca8
0x000070000fc399c0:   0000000780959c38 0000000780959ca4
0x000070000fc399d0:   0000000780959cac 0000000780959c38
0x000070000fc399e0:   0000000700000000 0000000780959ca0
0x000070000fc399f0:   0000000000000000 000070000fc39a28 

Instructions: (pc=0x000000010ce50b43)
0x000000010ce50b23:   c0 be 01 00 00 00 e8 b0 2c 03 00 31 c0 eb 6d 48
0x000000010ce50b33:   89 fb 4c 8b 76 10 4d 8b 3e 30 c0 e8 6f 31 03 00
0x000000010ce50b43:   49 8b 3f 49 89 c4 48 8b 35 d8 7e 06 00 30 c0 e8
0x000000010ce50b53:   99 32 03 00 48 85 c0 75 4c 30 c0 e8 79 60 ff ff 

Register to memory mapping:

RAX=0x00007fd96326d0e8 is an unknown value
RBX=0x00007fd9629021e8 is an unknown value
RCX=0x00007fd96326d0f0 is an unknown value
RDX=0x000000010ce46a0c: Java_sun_java2d_opengl_OGLRenderQueue_flushBuffer+0xb5c in /Library/Java/JavaVirtualMachines/jdk1.7.0_79.jdk/Contents/Home/jre/lib/lwawt/liblwawt.dylib at 0x000000010ce3e000
RSP=0x000070000fc39800 is pointing into the stack for thread: 0x00007fd962902000
RBP=0x000070000fc39820 is pointing into the stack for thread: 0x00007fd962902000
RSI=0x00007fd9647a1bf0 is an unknown value
RDI=0x00007fd96326d0e8 is an unknown value
R8 =0x0000000780959ca8 is pointing into object: 0x0000000780959c38
sun.java2d.opengl.OGLRenderQueue$QueueFlusher 
 - klass: 'sun/java2d/opengl/OGLRenderQueue$QueueFlusher'
R9 =0x0000000780959ca4 is pointing into object: 0x0000000780959c38
sun.java2d.opengl.OGLRenderQueue$QueueFlusher 
 - klass: 'sun/java2d/opengl/OGLRenderQueue$QueueFlusher'
R10=0x000000010207b5cd is at code_begin+1197 in an Interpreter codelet
method entry point (kind = native)  [0x000000010207b120, 0x000000010207bf00]  3552 bytes
R11=0x0000000101a77353: throw_unsatisfied_link_error+0 in /Library/Java/JavaVirtualMachines/jdk1.7.0_79.jdk/Contents/Home/jre/lib/server/libjvm.dylib at 0x0000000101600000
R12=0x0000000000000000 is an unknown value
R13=0x000000077b2193c0 is an oop
{method} 
 - klass: {other class}
R14=0x00007fd9647c0002 is an unknown value
R15=0x128000007fff990d is an unknown value


Stack: [0x000070000fb3a000,0x000070000fc3a000],  sp=0x000070000fc39800,  free space=1022k
Native frames: (J=compiled Java code, j=interpreted, Vv=VM code, C=native code)
C  [liblwawt.dylib+0x12b43]  OGLSD_SetScratchSurface+0x3d
C  [liblwawt.dylib+0x84ea]  Java_sun_java2d_opengl_OGLRenderQueue_flushBuffer+0x63a
j  sun.java2d.opengl.OGLRenderQueue.flushBuffer(JI)V+0
j  sun.java2d.opengl.OGLRenderQueue.flushBuffer()V+21
J 94% C2 sun.java2d.opengl.OGLRenderQueue$QueueFlusher.run()V (234 bytes) @ 0x000000010212b334 [0x000000010212b060+0x2d4]
v  ~StubRoutines::call_stub
V  [libjvm.dylib+0x2dbef8]  JavaCalls::call_helper(JavaValue*, methodHandle*, JavaCallArguments*, Thread*)+0x22a
V  [libjvm.dylib+0x2dc40f]  JavaCalls::call_virtual(JavaValue*, KlassHandle, Symbol*, Symbol*, JavaCallArguments*, Thread*)+0x11b
V  [libjvm.dylib+0x2dc54c]  JavaCalls::call_virtual(JavaValue*, Handle, KlassHandle, Symbol*, Symbol*, Thread*)+0x4a
V  [libjvm.dylib+0x32b43a]  thread_entry(JavaThread*, Thread*)+0xad
V  [libjvm.dylib+0x4f759d]  JavaThread::thread_main_inner()+0x9b
V  [libjvm.dylib+0x4f8ca5]  JavaThread::run()+0x1a3
V  [libjvm.dylib+0x421c4e]  java_start(Thread*)+0x126
C  [libsystem_pthread.dylib+0x393b]  _pthread_body+0xb4
C  [libsystem_pthread.dylib+0x3887]  _pthread_body+0x0
C  [libsystem_pthread.dylib+0x308d]  thread_start+0xd

Java frames: (J=compiled Java code, j=interpreted, Vv=VM code)
j  sun.java2d.opengl.OGLRenderQueue.flushBuffer(JI)V+0
j  sun.java2d.opengl.OGLRenderQueue.flushBuffer()V+21
J 94% C2 sun.java2d.opengl.OGLRenderQueue$QueueFlusher.run()V (234 bytes) @ 0x000000010212b334 [0x000000010212b060+0x2d4]
v  ~StubRoutines::call_stub

---------------  P R O C E S S  ---------------

Java Threads: ( => current thread )
  0x00007fd963ba1000 JavaThread "DestroyJavaVM" [_thread_blocked, id=7171, stack(0x000070000e7fb000,0x000070000e8fb000)]
  0x00007fd963ae2800 JavaThread "AWT-EventQueue-0" [_thread_blocked, id=66583, stack(0x000070000fec6000,0x000070000ffc6000)]
  0x00007fd963390800 JavaThread "Thread-0" daemon [_thread_blocked, id=62991, stack(0x000070000fd40000,0x000070000fe40000)]
  0x00007fd96326c800 JavaThread "Java2D Disposer" daemon [_thread_blocked, id=58383, stack(0x000070000fc3d000,0x000070000fd3d000)]
=>0x00007fd962902000 JavaThread "Java2D Queue Flusher" daemon [_thread_in_native, id=49203, stack(0x000070000fb3a000,0x000070000fc3a000)]
  0x00007fd96320d800 JavaThread "AWT-Shutdown" [_thread_blocked, id=30751, stack(0x000070000f8ae000,0x000070000f9ae000)]
  0x00007fd96209a000 JavaThread "AppKit Thread" daemon [_thread_blocked, id=775, stack(0x00007fff5e7cb000,0x00007fff5efcb000)]
  0x00007fd963026800 JavaThread "Service Thread" daemon [_thread_blocked, id=19715, stack(0x000070000f625000,0x000070000f725000)]
  0x00007fd96283b000 JavaThread "C2 CompilerThread1" daemon [_thread_blocked, id=19203, stack(0x000070000f522000,0x000070000f622000)]
  0x00007fd962804800 JavaThread "C2 CompilerThread0" daemon [_thread_blocked, id=18691, stack(0x000070000f41f000,0x000070000f51f000)]
  0x00007fd963025000 JavaThread "JDWP Command Reader" daemon [_thread_in_native, id=18179, stack(0x000070000f31c000,0x000070000f41c000)]
  0x00007fd963025800 JavaThread "JDWP Event Helper Thread" daemon [_thread_blocked, id=17667, stack(0x000070000f219000,0x000070000f319000)]
  0x00007fd96200d000 JavaThread "JDWP Transport Listener: dt_socket" daemon [_thread_blocked, id=17155, stack(0x000070000f116000,0x000070000f216000)]
  0x00007fd963022000 JavaThread "Signal Dispatcher" daemon [_thread_blocked, id=16643, stack(0x000070000f013000,0x000070000f113000)]
  0x00007fd96300d000 JavaThread "Finalizer" daemon [_thread_blocked, id=12547, stack(0x000070000ef10000,0x000070000f010000)]
  0x00007fd963824800 JavaThread "Reference Handler" daemon [_thread_blocked, id=12035, stack(0x000070000ee0d000,0x000070000ef0d000)]

Other Threads:
  0x00007fd96282d000 VMThread [stack: 0x000070000ed0a000,0x000070000ee0a000] [id=11523]
  0x00007fd96302f000 WatcherThread [stack: 0x000070000f728000,0x000070000f828000] [id=20227]

VM state:not at safepoint (normal execution)

VM Mutex/Monitor currently owned by a thread: None

Heap
 PSYoungGen      total 38400K, used 8290K [0x00000007d5500000, 0x00000007ded80000, 0x0000000800000000)
  eden space 33280K, 24% used [0x00000007d5500000,0x00000007d5d18bf8,0x00000007d7580000)
  from space 5120K, 0% used [0x00000007d7600000,0x00000007d7600000,0x00000007d7b00000)
  to   space 61440K, 0% used [0x00000007db180000,0x00000007db180000,0x00000007ded80000)
 ParOldGen       total 102912K, used 19223K [0x0000000780000000, 0x0000000786480000, 0x00000007d5500000)
  object space 102912K, 18% used [0x0000000780000000,0x00000007812c5c28,0x0000000786480000)
 PSPermGen       total 31744K, used 13969K [0x000000077ae00000, 0x000000077cd00000, 0x0000000780000000)
  object space 31744K, 44% used [0x000000077ae00000,0x000000077bba45f8,0x000000077cd00000)

Card table byte_map: [0x0000000105123000,0x000000010554d000] byte_map_base: 0x000000010154c000

Polling page: 0x0000000100cee000

Code Cache  [0x0000000102063000, 0x00000001022d3000, 0x0000000105063000)
 total_blobs=550 nmethods=94 adapters=418 free_code_cache=48366Kb largest_free_block=49506368

Compilation events (10 events):
Event: 4644.443 Thread 0x00007fd962804800   90             sun.java2d.pipe.RenderQueue::tryLock (4 bytes)
Event: 4644.443 Thread 0x00007fd96283b000   91             sun.awt.SunToolkit::awtTryLock (7 bytes)
Event: 4644.445 Thread 0x00007fd96283b000 nmethod 91 0x0000000102121310 code [0x0000000102121460, 0x0000000102121578]
Event: 4644.445 Thread 0x00007fd962804800 nmethod 90 0x0000000102120f10 code [0x0000000102121060, 0x00000001021211b8]
Event: 4644.553 Thread 0x00007fd96283b000   92             sun.java2d.opengl.OGLRenderQueue::access$000 (5 bytes)
Event: 4644.554 Thread 0x00007fd96283b000 nmethod 92 0x00000001021220d0 code [0x0000000102122200, 0x0000000102122278]
Event: 4909.793 Thread 0x00007fd962804800   93             sun.java2d.pipe.RenderBuffer::position (11 bytes)
Event: 4909.794 Thread 0x00007fd962804800 nmethod 93 0x0000000102120d10 code [0x0000000102120e40, 0x0000000102120eb8]
Event: 5099.930 Thread 0x00007fd96283b000   94 %s!         sun.java2d.opengl.OGLRenderQueue$QueueFlusher::run @ 2 (234 bytes)
Event: 5099.941 Thread 0x00007fd96283b000 nmethod 94% 0x000000010212add0 code [0x000000010212b060, 0x000000010212bbb8]

GC Heap History (10 events):
Event: 6144.923 GC heap before
{Heap before GC invocations=3 (full 0):
 PSYoungGen      total 38912K, used 31293K [0x00000007d5500000, 0x00000007d8000000, 0x0000000800000000)
  eden space 33792K, 77% used [0x00000007d5500000,0x00000007d6e97350,0x00000007d7600000)
  from space 5120K, 99% used [0x00000007d7b00000,0x00000007d7ff8230,0x00000007d8000000)
  to   space 5120K, 0% used [0x00000007d7600000,0x00000007d7600000,0x00000007d7b00000)
 ParOldGen       total 87040K, used 33114K [0x0000000780000000, 0x0000000785500000, 0x00000007d5500000)
  object space 87040K, 38% used [0x0000000780000000,0x00000007820569e0,0x0000000785500000)
 PSPermGen       total 21504K, used 13981K [0x000000077ae00000, 0x000000077c300000, 0x0000000780000000)
  object space 21504K, 65% used [0x000000077ae00000,0x000000077bba7678,0x000000077c300000)
Event: 6144.995 GC heap after
Heap after GC invocations=3 (full 0):
 PSYoungGen      total 38912K, used 5109K [0x00000007d5500000, 0x00000007d8000000, 0x0000000800000000)
  eden space 33792K, 0% used [0x00000007d5500000,0x00000007d5500000,0x00000007d7600000)
  from space 5120K, 99% used [0x00000007d7600000,0x00000007d7afd480,0x00000007d7b00000)
  to   space 5120K, 0% used [0x00000007d7b00000,0x00000007d7b00000,0x00000007d8000000)
 ParOldGen       total 87040K, used 74581K [0x0000000780000000, 0x0000000785500000, 0x00000007d5500000)
  object space 87040K, 85% used [0x0000000780000000,0x00000007848d5490,0x0000000785500000)
 PSPermGen       total 21504K, used 13981K [0x000000077ae00000, 0x000000077c300000, 0x0000000780000000)
  object space 21504K, 65% used [0x000000077ae00000,0x000000077bba7678,0x000000077c300000)
}
Event: 6144.995 GC heap before
{Heap before GC invocations=4 (full 1):
 PSYoungGen      total 38912K, used 5109K [0x00000007d5500000, 0x00000007d8000000, 0x0000000800000000)
  eden space 33792K, 0% used [0x00000007d5500000,0x00000007d5500000,0x00000007d7600000)
  from space 5120K, 99% used [0x00000007d7600000,0x00000007d7afd480,0x00000007d7b00000)
  to   space 5120K, 0% used [0x00000007d7b00000,0x00000007d7b00000,0x00000007d8000000)
 ParOldGen       total 87040K, used 74581K [0x0000000780000000, 0x0000000785500000, 0x00000007d5500000)
  object space 87040K, 85% used [0x0000000780000000,0x00000007848d5490,0x0000000785500000)
 PSPermGen       total 21504K, used 13981K [0x000000077ae00000, 0x000000077c300000, 0x0000000780000000)
  object space 21504K, 65% used [0x000000077ae00000,0x000000077bba7678,0x000000077c300000)
Event: 6145.546 GC heap after
Heap after GC invocations=4 (full 1):
 PSYoungGen      total 38912K, used 0K [0x00000007d5500000, 0x00000007d8000000, 0x0000000800000000)
  eden space 33792K, 0% used [0x00000007d5500000,0x00000007d5500000,0x00000007d7600000)
  from space 5120K, 0% used [0x00000007d7600000,0x00000007d7600000,0x00000007d7b00000)
  to   space 5120K, 0% used [0x00000007d7b00000,0x00000007d7b00000,0x00000007d8000000)
 ParOldGen       total 109568K, used 19227K [0x0000000780000000, 0x0000000786b00000, 0x00000007d5500000)
  object space 109568K, 17% used [0x0000000780000000,0x00000007812c6fd0,0x0000000786b00000)
 PSPermGen       total 28160K, used 13968K [0x000000077ae00000, 0x000000077c980000, 0x0000000780000000)
  object space 28160K, 49% used [0x000000077ae00000,0x000000077bba4278,0x000000077c980000)
}
Event: 6148.543 GC heap before
{Heap before GC invocations=5 (full 1):
 PSYoungGen      total 38912K, used 33362K [0x00000007d5500000, 0x00000007d8000000, 0x0000000800000000)
  eden space 33792K, 98% used [0x00000007d5500000,0x00000007d7594af8,0x00000007d7600000)
  from space 5120K, 0% used [0x00000007d7600000,0x00000007d7600000,0x00000007d7b00000)
  to   space 5120K, 0% used [0x00000007d7b00000,0x00000007d7b00000,0x00000007d8000000)
 ParOldGen       total 109568K, used 19227K [0x0000000780000000, 0x0000000786b00000, 0x00000007d5500000)
  object space 109568K, 17% used [0x0000000780000000,0x00000007812c6fd0,0x0000000786b00000)
 PSPermGen       total 28160K, used 13968K [0x000000077ae00000, 0x000000077c980000, 0x0000000780000000)
  object space 28160K, 49% used [0x000000077ae00000,0x000000077bba4278,0x000000077c980000)
Event: 6148.556 GC heap after
Heap after GC invocations=5 (full 1):
 PSYoungGen      total 38912K, used 160K [0x00000007d5500000, 0x00000007d8000000, 0x0000000800000000)
  eden space 33792K, 0% used [0x00000007d5500000,0x00000007d5500000,0x00000007d7600000)
  from space 5120K, 3% used [0x00000007d7b00000,0x00000007d7b28000,0x00000007d8000000)
  to   space 5120K, 0% used [0x00000007d7600000,0x00000007d7600000,0x00000007d7b00000)
 ParOldGen       total 109568K, used 52138K [0x0000000780000000, 0x0000000786b00000, 0x00000007d5500000)
  object space 109568K, 47% used [0x0000000780000000,0x00000007832ea810,0x0000000786b00000)
 PSPermGen       total 28160K, used 13968K [0x000000077ae00000, 0x000000077c980000, 0x0000000780000000)
  object space 28160K, 49% used [0x000000077ae00000,0x000000077bba4278,0x000000077c980000)
}
Event: 8533.142 GC heap before
{Heap before GC invocations=6 (full 1):
 PSYoungGen      total 38912K, used 33712K [0x00000007d5500000, 0x00000007d8000000, 0x0000000800000000)
  eden space 33792K, 99% used [0x00000007d5500000,0x00000007d75c4168,0x00000007d7600000)
  from space 5120K, 3% used [0x00000007d7b00000,0x00000007d7b28000,0x00000007d8000000)
  to   space 5120K, 0% used [0x00000007d7600000,0x00000007d7600000,0x00000007d7b00000)
 ParOldGen       total 109568K, used 52138K [0x0000000780000000, 0x0000000786b00000, 0x00000007d5500000)
  object space 109568K, 47% used [0x0000000780000000,0x00000007832ea810,0x0000000786b00000)
 PSPermGen       total 28160K, used 13974K [0x000000077ae00000, 0x000000077c980000, 0x0000000780000000)
  object space 28160K, 49% used [0x000000077ae00000,0x000000077bba5ab8,0x000000077c980000)
Event: 8533.158 GC heap after
Heap after GC invocations=6 (full 1):
 PSYoungGen      total 38400K, used 128K [0x00000007d5500000, 0x00000007ded80000, 0x0000000800000000)
  eden space 33280K, 0% used [0x00000007d5500000,0x00000007d5500000,0x00000007d7580000)
  from space 5120K, 2% used [0x00000007d7600000,0x00000007d7620000,0x00000007d7b00000)
  to   space 61440K, 0% used [0x00000007db180000,0x00000007db180000,0x00000007ded80000)
 ParOldGen       total 109568K, used 76820K [0x0000000780000000, 0x0000000786b00000, 0x00000007d5500000)
  object space 109568K, 70% used [0x0000000780000000,0x0000000784b05240,0x0000000786b00000)
 PSPermGen       total 28160K, used 13974K [0x000000077ae00000, 0x000000077c980000, 0x0000000780000000)
  object space 28160K, 49% used [0x000000077ae00000,0x000000077bba5ab8,0x000000077c980000)
}
Event: 8533.158 GC heap before
{Heap before GC invocations=7 (full 2):
 PSYoungGen      total 38400K, used 128K [0x00000007d5500000, 0x00000007ded80000, 0x0000000800000000)
  eden space 33280K, 0% used [0x00000007d5500000,0x00000007d5500000,0x00000007d7580000)
  from space 5120K, 2% used [0x00000007d7600000,0x00000007d7620000,0x00000007d7b00000)
  to   space 61440K, 0% used [0x00000007db180000,0x00000007db180000,0x00000007ded80000)
 ParOldGen       total 109568K, used 76820K [0x0000000780000000, 0x0000000786b00000, 0x00000007d5500000)
  object space 109568K, 70% used [0x0000000780000000,0x0000000784b05240,0x0000000786b00000)
 PSPermGen       total 28160K, used 13974K [0x000000077ae00000, 0x000000077c980000, 0x0000000780000000)
  object space 28160K, 49% used [0x000000077ae00000,0x000000077bba5ab8,0x000000077c980000)
Event: 8533.211 GC heap after
Heap after GC invocations=7 (full 2):
 PSYoungGen      total 38400K, used 0K [0x00000007d5500000, 0x00000007ded80000, 0x0000000800000000)
  eden space 33280K, 0% used [0x00000007d5500000,0x00000007d5500000,0x00000007d7580000)
  from space 5120K, 0% used [0x00000007d7600000,0x00000007d7600000,0x00000007d7b00000)
  to   space 61440K, 0% used [0x00000007db180000,0x00000007db180000,0x00000007ded80000)
 ParOldGen       total 102912K, used 19223K [0x0000000780000000, 0x0000000786480000, 0x00000007d5500000)
  object space 102912K, 18% used [0x0000000780000000,0x00000007812c5c28,0x0000000786480000)
 PSPermGen       total 31744K, used 13969K [0x000000077ae00000, 0x000000077cd00000, 0x0000000780000000)
  object space 31744K, 44% used [0x000000077ae00000,0x000000077bba45f8,0x000000077cd00000)
}

Deoptimization events (5 events):
Event: 2.587 Thread 0x00007fd962805800 Uncommon trap: reason=unreached action=reinterpret pc=0x00000001020dec98 method=java.util.HashMap.getEntry(Ljava/lang/Object;)Ljava/util/HashMap$Entry; @ 58
Event: 2.594 Thread 0x00007fd962805800 Uncommon trap: reason=unreached action=reinterpret pc=0x00000001020ed6d4 method=java.util.HashMap.get(Ljava/lang/Object;)Ljava/lang/Object; @ 1
Event: 2.618 Thread 0x00007fd962805800 Uncommon trap: reason=unreached action=reinterpret pc=0x00000001020e7b28 method=java.lang.AbstractStringBuilder.append(Ljava/lang/String;)Ljava/lang/AbstractStringBuilder; @ 1
Event: 21.982 Thread 0x00007fd963ae2800 Uncommon trap: reason=class_check action=maybe_recompile pc=0x00000001020d9370 method=java.lang.String.equals(Ljava/lang/Object;)Z @ 8
Event: 21.982 Thread 0x00007fd963ae2800 Uncommon trap: reason=class_check action=maybe_recompile pc=0x00000001020d9370 method=java.lang.String.equals(Ljava/lang/Object;)Z @ 8

Internal exceptions (10 events):
Event: 8.515 Thread 0x00007fd963ae2800 Threw 0x00000007d75dc8a8 at /HUDSON/workspace/7u-2-build-macosx-x86_64/jdk7u79/2331/hotspot/src/share/vm/prims/jvm.cpp:1304
Event: 8.515 Thread 0x00007fd963ae2800 Threw 0x00000007d75e9930 at /HUDSON/workspace/7u-2-build-macosx-x86_64/jdk7u79/2331/hotspot/src/share/vm/prims/jvm.cpp:1304
Event: 8.516 Thread 0x00007fd963ae2800 Threw 0x00000007d75eed50 at /HUDSON/workspace/7u-2-build-macosx-x86_64/jdk7u79/2331/hotspot/src/share/vm/prims/jvm.cpp:1304
Event: 8.517 Thread 0x00007fd963ae2800 Threw 0x00000007d75f54c0 at /HUDSON/workspace/7u-2-build-macosx-x86_64/jdk7u79/2331/hotspot/src/share/vm/prims/jvm.cpp:1304
Event: 8.518 Thread 0x00007fd963ae2800 Threw 0x00000007d75f9248 at /HUDSON/workspace/7u-2-build-macosx-x86_64/jdk7u79/2331/hotspot/src/share/vm/prims/jvm.cpp:1304
Event: 8.519 Thread 0x00007fd963ae2800 Threw 0x00000007d75fd238 at /HUDSON/workspace/7u-2-build-macosx-x86_64/jdk7u79/2331/hotspot/src/share/vm/prims/jvm.cpp:1304
Event: 9.132 Thread 0x00007fd963ae2800 Threw 0x00000007d554f398 at /HUDSON/workspace/7u-2-build-macosx-x86_64/jdk7u79/2331/hotspot/src/share/vm/prims/jvm.cpp:1304
Event: 9.132 Thread 0x00007fd963ae2800 Threw 0x00000007d5554ff8 at /HUDSON/workspace/7u-2-build-macosx-x86_64/jdk7u79/2331/hotspot/src/share/vm/prims/jvm.cpp:1304
Event: 9.133 Thread 0x00007fd963ae2800 Threw 0x00000007d555af58 at /HUDSON/workspace/7u-2-build-macosx-x86_64/jdk7u79/2331/hotspot/src/share/vm/prims/jvm.cpp:1304
Event: 9.133 Thread 0x00007fd963ae2800 Threw 0x00000007d555e330 at /HUDSON/workspace/7u-2-build-macosx-x86_64/jdk7u79/2331/hotspot/src/share/vm/interpreter/interpreterRuntime.cpp:362

Events (10 events):
Event: 6145.555 Executing VM operation: RevokeBias
Event: 6145.555 Executing VM operation: RevokeBias done
Event: 6145.555 Executing VM operation: RevokeBias
Event: 6145.555 Executing VM operation: RevokeBias done
Event: 6145.555 Executing VM operation: RevokeBias
Event: 6145.555 Executing VM operation: RevokeBias done
Event: 6148.542 Executing VM operation: ParallelGCFailedAllocation
Event: 6148.556 Executing VM operation: ParallelGCFailedAllocation done
Event: 8533.142 Executing VM operation: ParallelGCFailedAllocation
Event: 8533.211 Executing VM operation: ParallelGCFailedAllocation done


Dynamic libraries:
0x0000000008cb6000 	/System/Library/Frameworks/Cocoa.framework/Versions/A/Cocoa
0x0000000008cb6000 	/System/Library/Frameworks/Security.framework/Versions/A/Security
0x0000000008cb6000 	/System/Library/Frameworks/ApplicationServices.framework/Versions/A/ApplicationServices
0x0000000008cb6000 	/usr/lib/libz.1.dylib
0x0000000008cb6000 	/usr/lib/libSystem.B.dylib
0x0000000008cb6000 	/usr/lib/libobjc.A.dylib
0x0000000008cb6000 	/System/Library/Frameworks/CoreFoundation.framework/Versions/A/CoreFoundation
0x0000000008cb6000 	/System/Library/Frameworks/Foundation.framework/Versions/C/Foundation
0x0000000008cb6000 	/System/Library/Frameworks/AppKit.framework/Versions/C/AppKit
0x0000000008cb6000 	/System/Library/Frameworks/CoreData.framework/Versions/A/CoreData
0x0000000008cb6000 	/System/Library/PrivateFrameworks/RemoteViewServices.framework/Versions/A/RemoteViewServices
0x0000000008cb6000 	/System/Library/PrivateFrameworks/UIFoundation.framework/Versions/A/UIFoundation
0x0000000008cb6000 	/System/Library/PrivateFrameworks/DFRFoundation.framework/Versions/A/DFRFoundation
0x0000000008cb6000 	/usr/lib/libenergytrace.dylib
0x0000000008cb6000 	/System/Library/PrivateFrameworks/SkyLight.framework/Versions/A/SkyLight
0x0000000008cb6000 	/System/Library/Frameworks/CoreGraphics.framework/Versions/A/CoreGraphics
0x0000000008cb6000 	/usr/lib/libScreenReader.dylib
0x0000000008cb6000 	/System/Library/Frameworks/Accelerate.framework/Versions/A/Accelerate
0x0000000008cb6000 	/System/Library/Frameworks/IOSurface.framework/Versions/A/IOSurface
0x0000000008cb6000 	/System/Library/Frameworks/AudioToolbox.framework/Versions/A/AudioToolbox
0x0000000008cb6000 	/System/Library/Frameworks/AudioUnit.framework/Versions/A/AudioUnit
0x0000000008cb6000 	/System/Library/PrivateFrameworks/DataDetectorsCore.framework/Versions/A/DataDetectorsCore
0x0000000008cb6000 	/System/Library/PrivateFrameworks/DesktopServicesPriv.framework/Versions/A/DesktopServicesPriv
0x0000000008cb6000 	/System/Library/Frameworks/Carbon.framework/Versions/A/Frameworks/HIToolbox.framework/Versions/A/HIToolbox
0x0000000008cb6000 	/usr/lib/libicucore.A.dylib
0x0000000008cb6000 	/System/Library/Frameworks/QuartzCore.framework/Versions/A/QuartzCore
0x0000000008cb6000 	/System/Library/Frameworks/Carbon.framework/Versions/A/Frameworks/SpeechRecognition.framework/Versions/A/SpeechRecognition
0x0000000008cb6000 	/usr/lib/libauto.dylib
0x0000000008cb6000 	/usr/lib/libxml2.2.dylib
0x0000000008cb6000 	/System/Library/PrivateFrameworks/CoreUI.framework/Versions/A/CoreUI
0x0000000008cb6000 	/System/Library/Frameworks/CoreAudio.framework/Versions/A/CoreAudio
0x0000000008cb6000 	/System/Library/Frameworks/DiskArbitration.framework/Versions/A/DiskArbitration
0x0000000008cb6000 	/usr/lib/liblangid.dylib
0x0000000008cb6000 	/System/Library/PrivateFrameworks/MultitouchSupport.framework/Versions/A/MultitouchSupport
0x0000000008cb6000 	/System/Library/Frameworks/IOKit.framework/Versions/A/IOKit
0x0000000008cb6000 	/usr/lib/libDiagnosticMessagesClient.dylib
0x0000000008cb6000 	/System/Library/Frameworks/CoreServices.framework/Versions/A/CoreServices
0x0000000008cb6000 	/System/Library/PrivateFrameworks/PerformanceAnalysis.framework/Versions/A/PerformanceAnalysis
0x0000000008cb6000 	/System/Library/PrivateFrameworks/GenerationalStorage.framework/Versions/A/GenerationalStorage
0x0000000008cb6000 	/System/Library/Frameworks/OpenGL.framework/Versions/A/OpenGL
0x0000000008cb6000 	/System/Library/Frameworks/CoreImage.framework/Versions/A/CoreImage
0x0000000008cb6000 	/System/Library/Frameworks/CoreText.framework/Versions/A/CoreText
0x0000000008cb6000 	/System/Library/Frameworks/ImageIO.framework/Versions/A/ImageIO
0x0000000008cb6000 	/System/Library/PrivateFrameworks/Backup.framework/Versions/A/Backup
0x0000000008cb6000 	/usr/lib/libarchive.2.dylib
0x0000000008cb6000 	/System/Library/Frameworks/CFNetwork.framework/Versions/A/CFNetwork
0x0000000008cb6000 	/System/Library/Frameworks/SystemConfiguration.framework/Versions/A/SystemConfiguration
0x0000000008cb6000 	/usr/lib/libCRFSuite.dylib
0x0000000008cb6000 	/usr/lib/libc++.1.dylib
0x0000000008cb6000 	/usr/lib/libc++abi.dylib
0x0000000008cb6000 	/usr/lib/system/libcache.dylib
0x0000000008cb6000 	/usr/lib/system/libcommonCrypto.dylib
0x0000000008cb6000 	/usr/lib/system/libcompiler_rt.dylib
0x0000000008cb6000 	/usr/lib/system/libcopyfile.dylib
0x0000000008cb6000 	/usr/lib/system/libcorecrypto.dylib
0x0000000008cb6000 	/usr/lib/system/libdispatch.dylib
0x0000000008cb6000 	/usr/lib/system/libdyld.dylib
0x0000000008cb6000 	/usr/lib/system/libkeymgr.dylib
0x0000000008cb6000 	/usr/lib/system/liblaunch.dylib
0x0000000008cb6000 	/usr/lib/system/libmacho.dylib
0x0000000008cb6000 	/usr/lib/system/libquarantine.dylib
0x0000000008cb6000 	/usr/lib/system/libremovefile.dylib
0x0000000008cb6000 	/usr/lib/system/libsystem_asl.dylib
0x0000000008cb6000 	/usr/lib/system/libsystem_blocks.dylib
0x0000000008cb6000 	/usr/lib/system/libsystem_c.dylib
0x0000000008cb6000 	/usr/lib/system/libsystem_configuration.dylib
0x0000000008cb6000 	/usr/lib/system/libsystem_coreservices.dylib
0x0000000008cb6000 	/usr/lib/system/libsystem_coretls.dylib
0x0000000008cb6000 	/usr/lib/system/libsystem_dnssd.dylib
0x0000000008cb6000 	/usr/lib/system/libsystem_info.dylib
0x0000000008cb6000 	/usr/lib/system/libsystem_kernel.dylib
0x0000000008cb6000 	/usr/lib/system/libsystem_m.dylib
0x0000000008cb6000 	/usr/lib/system/libsystem_malloc.dylib
0x0000000008cb6000 	/usr/lib/system/libsystem_network.dylib
0x0000000008cb6000 	/usr/lib/system/libsystem_networkextension.dylib
0x0000000008cb6000 	/usr/lib/system/libsystem_notify.dylib
0x0000000008cb6000 	/usr/lib/system/libsystem_platform.dylib
0x0000000008cb6000 	/usr/lib/system/libsystem_pthread.dylib
0x0000000008cb6000 	/usr/lib/system/libsystem_sandbox.dylib
0x0000000008cb6000 	/usr/lib/system/libsystem_secinit.dylib
0x0000000008cb6000 	/usr/lib/system/libsystem_symptoms.dylib
0x0000000008cb6000 	/usr/lib/system/libsystem_trace.dylib
0x0000000008cb6000 	/usr/lib/system/libunwind.dylib
0x0000000008cb6000 	/usr/lib/system/libxpc.dylib
0x0000000008cb6000 	/usr/lib/libbsm.0.dylib
0x0000000008cb6000 	/usr/lib/system/libkxld.dylib
0x0000000008cb6000 	/usr/lib/libcoretls.dylib
0x0000000008cb6000 	/usr/lib/libcoretls_cfhelpers.dylib
0x0000000008cb6000 	/usr/lib/libOpenScriptingUtil.dylib
0x0000000008cb6000 	/usr/lib/libpam.2.dylib
0x0000000008cb6000 	/usr/lib/libsqlite3.dylib
0x0000000008cb6000 	/usr/lib/libxar.1.dylib
0x0000000008cb6000 	/usr/lib/libbz2.1.0.dylib
0x0000000008cb6000 	/usr/lib/liblzma.5.dylib
0x0000000008cb6000 	/usr/lib/libnetwork.dylib
0x0000000008cb6000 	/usr/lib/libpcap.A.dylib
0x0000000008cb6000 	/System/Library/Frameworks/CoreServices.framework/Versions/A/Frameworks/FSEvents.framework/Versions/A/FSEvents
0x0000000008cb6000 	/System/Library/Frameworks/CoreServices.framework/Versions/A/Frameworks/CarbonCore.framework/Versions/A/CarbonCore
0x0000000008cb6000 	/System/Library/Frameworks/CoreServices.framework/Versions/A/Frameworks/Metadata.framework/Versions/A/Metadata
0x0000000008cb6000 	/System/Library/Frameworks/CoreServices.framework/Versions/A/Frameworks/OSServices.framework/Versions/A/OSServices
0x0000000008cb6000 	/System/Library/Frameworks/CoreServices.framework/Versions/A/Frameworks/SearchKit.framework/Versions/A/SearchKit
0x0000000008cb6000 	/System/Library/Frameworks/CoreServices.framework/Versions/A/Frameworks/AE.framework/Versions/A/AE
0x0000000008cb6000 	/System/Library/Frameworks/CoreServices.framework/Versions/A/Frameworks/LaunchServices.framework/Versions/A/LaunchServices
0x0000000008cb6000 	/System/Library/Frameworks/CoreServices.framework/Versions/A/Frameworks/DictionaryServices.framework/Versions/A/DictionaryServices
0x0000000008cb6000 	/System/Library/Frameworks/CoreServices.framework/Versions/A/Frameworks/SharedFileList.framework/Versions/A/SharedFileList
0x0000000008cb6000 	/System/Library/Frameworks/NetFS.framework/Versions/A/NetFS
0x0000000008cb6000 	/System/Library/PrivateFrameworks/NetAuth.framework/Versions/A/NetAuth
0x0000000008cb6000 	/System/Library/PrivateFrameworks/login.framework/Versions/A/Frameworks/loginsupport.framework/Versions/A/loginsupport
0x0000000008cb6000 	/System/Library/PrivateFrameworks/TCC.framework/Versions/A/TCC
0x0000000008cb6000 	/usr/lib/libmecabra.dylib
0x0000000008cb6000 	/System/Library/Frameworks/ApplicationServices.framework/Versions/A/Frameworks/ATS.framework/Versions/A/ATS
0x0000000008cb6000 	/System/Library/Frameworks/ApplicationServices.framework/Versions/A/Frameworks/ColorSync.framework/Versions/A/ColorSync
0x0000000008cb6000 	/System/Library/Frameworks/ApplicationServices.framework/Versions/A/Frameworks/HIServices.framework/Versions/A/HIServices
0x0000000008cb6000 	/System/Library/Frameworks/ApplicationServices.framework/Versions/A/Frameworks/LangAnalysis.framework/Versions/A/LangAnalysis
0x0000000008cb6000 	/System/Library/Frameworks/ApplicationServices.framework/Versions/A/Frameworks/PrintCore.framework/Versions/A/PrintCore
0x0000000008cb6000 	/System/Library/Frameworks/ApplicationServices.framework/Versions/A/Frameworks/QD.framework/Versions/A/QD
0x0000000008cb6000 	/System/Library/Frameworks/ApplicationServices.framework/Versions/A/Frameworks/SpeechSynthesis.framework/Versions/A/SpeechSynthesis
0x0000000008cb6000 	/System/Library/Frameworks/Accelerate.framework/Versions/A/Frameworks/vImage.framework/Versions/A/vImage
0x0000000008cb6000 	/System/Library/Frameworks/Accelerate.framework/Versions/A/Frameworks/vecLib.framework/Versions/A/vecLib
0x0000000008cb6000 	/System/Library/Frameworks/Accelerate.framework/Versions/A/Frameworks/vecLib.framework/Versions/A/libvDSP.dylib
0x0000000008cb6000 	/System/Library/Frameworks/Accelerate.framework/Versions/A/Frameworks/vecLib.framework/Versions/A/libBNNS.dylib
0x0000000008cb6000 	/System/Library/Frameworks/Accelerate.framework/Versions/A/Frameworks/vecLib.framework/Versions/A/libQuadrature.dylib
0x0000000008cb6000 	/System/Library/Frameworks/Accelerate.framework/Versions/A/Frameworks/vecLib.framework/Versions/A/libvMisc.dylib
0x0000000008cb6000 	/System/Library/Frameworks/Accelerate.framework/Versions/A/Frameworks/vecLib.framework/Versions/A/libLAPACK.dylib
0x0000000008cb6000 	/System/Library/Frameworks/Accelerate.framework/Versions/A/Frameworks/vecLib.framework/Versions/A/libBLAS.dylib
0x0000000008cb6000 	/System/Library/Frameworks/Accelerate.framework/Versions/A/Frameworks/vecLib.framework/Versions/A/libLinearAlgebra.dylib
0x0000000008cb6000 	/System/Library/Frameworks/Accelerate.framework/Versions/A/Frameworks/vecLib.framework/Versions/A/libSparseBLAS.dylib
0x0000000008cb6000 	/System/Library/Frameworks/ApplicationServices.framework/Versions/A/Frameworks/ATS.framework/Versions/A/Resources/libFontParser.dylib
0x0000000008cb6000 	/System/Library/Frameworks/ApplicationServices.framework/Versions/A/Frameworks/ATS.framework/Versions/A/Resources/libFontRegistry.dylib
0x0000000008cb6000 	/System/Library/Frameworks/ImageIO.framework/Versions/A/Resources/libJPEG.dylib
0x0000000008cb6000 	/System/Library/Frameworks/ImageIO.framework/Versions/A/Resources/libTIFF.dylib
0x0000000008cb6000 	/System/Library/Frameworks/ImageIO.framework/Versions/A/Resources/libPng.dylib
0x0000000008cb6000 	/System/Library/Frameworks/ImageIO.framework/Versions/A/Resources/libGIF.dylib
0x0000000008cb6000 	/System/Library/Frameworks/ImageIO.framework/Versions/A/Resources/libJP2.dylib
0x0000000008cb6000 	/System/Library/Frameworks/ImageIO.framework/Versions/A/Resources/libRadiance.dylib
0x0000000008cb6000 	/usr/lib/libcompression.dylib
0x0000000008cb6000 	/System/Library/PrivateFrameworks/AppleJPEG.framework/Versions/A/AppleJPEG
0x0000000008cb6000 	/usr/lib/libcups.2.dylib
0x0000000008cb6000 	/System/Library/Frameworks/Kerberos.framework/Versions/A/Kerberos
0x0000000008cb6000 	/System/Library/Frameworks/GSS.framework/Versions/A/GSS
0x0000000008cb6000 	/usr/lib/libresolv.9.dylib
0x0000000008cb6000 	/usr/lib/libiconv.2.dylib
0x0000000008cb6000 	/System/Library/PrivateFrameworks/Heimdal.framework/Versions/A/Heimdal
0x0000000008cb6000 	/usr/lib/libheimdal-asn1.dylib
0x0000000008cb6000 	/System/Library/Frameworks/OpenDirectory.framework/Versions/A/OpenDirectory
0x0000000008cb6000 	/System/Library/PrivateFrameworks/CommonAuth.framework/Versions/A/CommonAuth
0x0000000008cb6000 	/System/Library/Frameworks/OpenDirectory.framework/Versions/A/Frameworks/CFOpenDirectory.framework/Versions/A/CFOpenDirectory
0x0000000008cb6000 	/System/Library/Frameworks/SecurityFoundation.framework/Versions/A/SecurityFoundation
0x0000000008cb6000 	/System/Library/PrivateFrameworks/LanguageModeling.framework/Versions/A/LanguageModeling
0x0000000008cb6000 	/usr/lib/libmarisa.dylib
0x0000000008cb6000 	/usr/lib/libChineseTokenizer.dylib
0x0000000008cb6000 	/usr/lib/libcmph.dylib
0x0000000008cb6000 	/System/Library/PrivateFrameworks/CoreEmoji.framework/Versions/A/CoreEmoji
0x0000000008cb6000 	/System/Library/Frameworks/ServiceManagement.framework/Versions/A/ServiceManagement
0x0000000008cb6000 	/usr/lib/libxslt.1.dylib
0x0000000008cb6000 	/System/Library/Frameworks/Carbon.framework/Versions/A/Frameworks/Ink.framework/Versions/A/Ink
0x0000000008cb6000 	/System/Library/PrivateFrameworks/TextureIO.framework/Versions/A/TextureIO
0x0000000008cb6000 	/System/Library/Frameworks/Metal.framework/Versions/A/Metal
0x0000000008cb6000 	/usr/lib/libate.dylib
0x0000000008cb6000 	/System/Library/PrivateFrameworks/GPUCompiler.framework/libmetal_timestamp.dylib
0x0000000008cb6000 	/System/Library/Frameworks/OpenGL.framework/Versions/A/Libraries/libCoreFSCache.dylib
0x0000000008cb6000 	/System/Library/PrivateFrameworks/IOAccelerator.framework/Versions/A/IOAccelerator
0x0000000008cb6000 	/System/Library/Frameworks/CoreVideo.framework/Versions/A/CoreVideo
0x0000000008cb6000 	/usr/lib/libFosl_dynamic.dylib
0x0000000008cb6000 	/System/Library/PrivateFrameworks/MetalPerformanceShaders.framework/Versions/A/MetalPerformanceShaders
0x0000000008cb6000 	/System/Library/PrivateFrameworks/FaceCore.framework/Versions/A/FaceCore
0x0000000008cb6000 	/System/Library/Frameworks/OpenCL.framework/Versions/A/OpenCL
0x0000000008cb6000 	/System/Library/Frameworks/OpenGL.framework/Versions/A/Libraries/libGLU.dylib
0x0000000008cb6000 	/System/Library/Frameworks/OpenGL.framework/Versions/A/Libraries/libGFXShared.dylib
0x0000000008cb6000 	/System/Library/Frameworks/OpenGL.framework/Versions/A/Libraries/libGL.dylib
0x0000000008cb6000 	/System/Library/Frameworks/OpenGL.framework/Versions/A/Libraries/libGLImage.dylib
0x0000000008cb6000 	/System/Library/Frameworks/OpenGL.framework/Versions/A/Libraries/libCVMSPluginSupport.dylib
0x0000000008cb6000 	/System/Library/Frameworks/OpenGL.framework/Versions/A/Libraries/libCoreVMClient.dylib
0x0000000008cb6000 	/System/Library/PrivateFrameworks/CrashReporterSupport.framework/Versions/A/CrashReporterSupport
0x0000000008cb6000 	/System/Library/PrivateFrameworks/Sharing.framework/Versions/A/Sharing
0x0000000008cb6000 	/System/Library/PrivateFrameworks/IconServices.framework/Versions/A/IconServices
0x0000000008cb6000 	/System/Library/PrivateFrameworks/ProtocolBuffer.framework/Versions/A/ProtocolBuffer
0x0000000008cb6000 	/System/Library/PrivateFrameworks/Apple80211.framework/Versions/A/Apple80211
0x0000000008cb6000 	/System/Library/Frameworks/CoreWLAN.framework/Versions/A/CoreWLAN
0x0000000008cb6000 	/System/Library/PrivateFrameworks/CoreUtils.framework/Versions/A/CoreUtils
0x0000000008cb6000 	/System/Library/Frameworks/IOBluetooth.framework/Versions/A/IOBluetooth
0x0000000008cb6000 	/System/Library/PrivateFrameworks/CoreWiFi.framework/Versions/A/CoreWiFi
0x0000000008cb6000 	/System/Library/Frameworks/CoreBluetooth.framework/Versions/A/CoreBluetooth
0x0000000008cb6000 	/System/Library/Frameworks/CoreDisplay.framework/Versions/A/CoreDisplay
0x0000000008cb6000 	/System/Library/PrivateFrameworks/IOPresentment.framework/Versions/A/IOPresentment
0x0000000008cb6000 	/System/Library/PrivateFrameworks/DSExternalDisplay.framework/Versions/A/DSExternalDisplay
0x0000000008cb6000 	/System/Library/PrivateFrameworks/DebugSymbols.framework/Versions/A/DebugSymbols
0x0000000008cb6000 	/System/Library/PrivateFrameworks/CoreSymbolication.framework/Versions/A/CoreSymbolication
0x0000000008cb6000 	/System/Library/PrivateFrameworks/Symbolication.framework/Versions/A/Symbolication
0x0000000008cb6000 	/System/Library/PrivateFrameworks/AppleFSCompression.framework/Versions/A/AppleFSCompression
0x0000000008cb6000 	/System/Library/PrivateFrameworks/SpeechRecognitionCore.framework/Versions/A/SpeechRecognitionCore
0x0000000008cb6000 	/System/Library/PrivateFrameworks/ChunkingLibrary.framework/Versions/A/ChunkingLibrary
0x0000000101600000 	/Library/Java/JavaVirtualMachines/jdk1.7.0_79.jdk/Contents/Home/jre/lib/server/libjvm.dylib
0x0000000008cb6000 	/usr/lib/libstdc++.6.dylib
0x0000000100cb1000 	/Library/Java/JavaVirtualMachines/jdk1.7.0_79.jdk/Contents/Home/jre/lib/libverify.dylib
0x0000000100cbe000 	/Library/Java/JavaVirtualMachines/jdk1.7.0_79.jdk/Contents/Home/jre/lib/libjava.dylib
0x0000000100cef000 	/Library/Java/JavaVirtualMachines/jdk1.7.0_79.jdk/Contents/Home/jre/lib/libjdwp.dylib
0x0000000100d2c000 	/Library/Java/JavaVirtualMachines/jdk1.7.0_79.jdk/Contents/Home/jre/lib/libnpt.dylib
0x0000000100d39000 	/Library/Java/JavaVirtualMachines/jdk1.7.0_79.jdk/Contents/Home/jre/lib/libzip.dylib
0x000000010b193000 	/System/Library/Frameworks/JavaVM.framework/Frameworks/JavaRuntimeSupport.framework/JavaRuntimeSupport
0x000000010b1ad000 	/System/Library/Frameworks/JavaVM.framework/Versions/A/Frameworks/JavaNativeFoundation.framework/Versions/A/JavaNativeFoundation
0x000000010b1c2000 	/System/Library/Frameworks/JavaVM.framework/Versions/A/JavaVM
0x0000000008cb6000 	/System/Library/Frameworks/Carbon.framework/Versions/A/Carbon
0x000000010b1cf000 	/System/Library/PrivateFrameworks/JavaLaunching.framework/Versions/A/JavaLaunching
0x0000000008cb6000 	/System/Library/Frameworks/Carbon.framework/Versions/A/Frameworks/CommonPanels.framework/Versions/A/CommonPanels
0x0000000008cb6000 	/System/Library/Frameworks/Carbon.framework/Versions/A/Frameworks/Help.framework/Versions/A/Help
0x0000000008cb6000 	/System/Library/Frameworks/Carbon.framework/Versions/A/Frameworks/ImageCapture.framework/Versions/A/ImageCapture
0x0000000008cb6000 	/System/Library/Frameworks/Carbon.framework/Versions/A/Frameworks/OpenScripting.framework/Versions/A/OpenScripting
0x0000000008cb6000 	/System/Library/Frameworks/Carbon.framework/Versions/A/Frameworks/Print.framework/Versions/A/Print
0x0000000008cb6000 	/System/Library/Frameworks/Carbon.framework/Versions/A/Frameworks/SecurityHI.framework/Versions/A/SecurityHI
0x000000010cad8000 	/Library/Java/JavaVirtualMachines/jdk1.7.0_79.jdk/Contents/Home/jre/lib/libdt_socket.dylib
0x000000010ccc3000 	/Library/Java/JavaVirtualMachines/jdk1.7.0_79.jdk/Contents/Home/jre/lib/libawt.dylib
0x000000010cd72000 	/Library/Java/JavaVirtualMachines/jdk1.7.0_79.jdk/Contents/Home/jre/lib/./libmlib_image.dylib
0x000000010ce3e000 	/Library/Java/JavaVirtualMachines/jdk1.7.0_79.jdk/Contents/Home/jre/lib/lwawt/liblwawt.dylib
0x000000010cef4000 	/Library/Java/JavaVirtualMachines/jdk1.7.0_79.jdk/Contents/Home/jre/lib/libosxapp.dylib
0x0000000008cb6000 	/System/Library/Frameworks/ExceptionHandling.framework/Versions/A/ExceptionHandling
0x0000000008cb6000 	/System/Library/PrivateFrameworks/CoreServicesInternal.framework/Versions/A/CoreServicesInternal
0x0000000008cb6000 	/System/Library/CoreServices/RawCamera.bundle/Contents/MacOS/RawCamera
0x000000010d089000 	/System/Library/Frameworks/Accelerate.framework/Frameworks/vImage.framework/Versions/A/Libraries/libCGInterfaces.dylib
0x0000000008cb6000 	/System/Library/Frameworks/ApplicationServices.framework/Versions/A/Frameworks/ATS.framework/Versions/A/Resources/libTrueTypeScaler.dylib
0x000000010e862000 	/System/Library/Frameworks/OpenGL.framework/Resources/GLEngine.bundle/GLEngine
0x0000000008cb6000 	/System/Library/Frameworks/OpenGL.framework/Versions/A/Libraries/libGLProgrammability.dylib
0x000000010ea47000 	/System/Library/Extensions/AppleIntelBDWGraphicsGLDriver.bundle/Contents/MacOS/AppleIntelBDWGraphicsGLDriver
0x0000000008cb6000 	/System/Library/PrivateFrameworks/GPUSupport.framework/Versions/A/Libraries/libGPUSupportMercury.dylib
0x000000010f1b1000 	/System/Library/Frameworks/OpenGL.framework/Resources//GLRendererFloat.bundle/GLRendererFloat
0x0000000008cb6000 	/System/Library/Frameworks/OpenCL.framework/Versions/A/Libraries/libcldcpuengine.dylib
0x0000000008cb6000 	/usr/lib/libcrypto.0.9.8.dylib
0x0000000008cb6000 	/System/Library/PrivateFrameworks/TrustEvaluationAgent.framework/Versions/A/TrustEvaluationAgent
0x000000010f1e5000 	/System/Library/Extensions/AppleIntelBDWGraphicsMTLDriver.bundle/Contents/MacOS/AppleIntelBDWGraphicsMTLDriver
0x0000000008cb6000 	/System/Library/PrivateFrameworks/FamilyControls.framework/Versions/A/FamilyControls
0x0000000008cb6000 	/System/Library/PrivateFrameworks/CommerceKit.framework/Versions/A/Frameworks/CommerceCore.framework/Versions/A/CommerceCore
0x0000000008cb6000 	/System/Library/PrivateFrameworks/SystemAdministration.framework/Versions/A/SystemAdministration
0x0000000008cb6000 	/System/Library/PrivateFrameworks/AppContainer.framework/Versions/A/AppContainer
0x0000000008cb6000 	/System/Library/PrivateFrameworks/SecCodeWrapper.framework/Versions/A/SecCodeWrapper
0x0000000008cb6000 	/System/Library/Frameworks/DirectoryService.framework/Versions/A/DirectoryService
0x0000000008cb6000 	/System/Library/PrivateFrameworks/DiskImages.framework/Versions/A/DiskImages
0x0000000008cb6000 	/System/Library/PrivateFrameworks/LoginUIKit.framework/Versions/A/Frameworks/LoginUICore.framework/Versions/A/LoginUICore
0x0000000008cb6000 	/usr/lib/libCoreStorage.dylib
0x0000000008cb6000 	/usr/lib/libcsfde.dylib
0x0000000008cb6000 	/usr/lib/libodfde.dylib
0x0000000008cb6000 	/System/Library/Frameworks/DiscRecording.framework/Versions/A/DiscRecording
0x0000000008cb6000 	/usr/lib/libcurl.4.dylib
0x0000000008cb6000 	/System/Library/PrivateFrameworks/MediaKit.framework/Versions/A/MediaKit
0x0000000008cb6000 	/System/Library/PrivateFrameworks/ProtectedCloudStorage.framework/Versions/A/ProtectedCloudStorage
0x0000000008cb6000 	/System/Library/PrivateFrameworks/EFILogin.framework/Versions/A/EFILogin
0x0000000008cb6000 	/usr/lib/libutil.dylib
0x0000000008cb6000 	/System/Library/Frameworks/LDAP.framework/Versions/A/LDAP
0x0000000008cb6000 	/usr/lib/libsasl2.2.dylib
0x0000000008cb6000 	/System/Library/PrivateFrameworks/CoreDaemon.framework/Versions/B/CoreDaemon
0x0000000008cb6000 	/System/Library/PrivateFrameworks/AppleSRP.framework/Versions/A/AppleSRP
0x0000000008cb6000 	/System/Library/PrivateFrameworks/APFS.framework/Versions/A/APFS
0x00000001110cf000 	/Library/Java/JavaVirtualMachines/jdk1.7.0_79.jdk/Contents/Home/jre/lib/libfontmanager.dylib
0x000000010f3b3000 	/Library/Java/JavaVirtualMachines/jdk1.7.0_79.jdk/Contents/Home/jre/lib/libosxui.dylib
0x0000000008cb6000 	/System/Library/PrivateFrameworks/ViewBridge.framework/Versions/A/ViewBridge
0x0000000008cb6000 	/System/Library/PrivateFrameworks/XPCService.framework/Versions/A/XPCService
0x0000000008cb6000 	/System/Library/PrivateFrameworks/AppSandbox.framework/Versions/A/AppSandbox
0x0000000008cb6000 	/usr/lib/libsandbox.1.dylib
0x0000000008cb6000 	/usr/lib/libMatch.1.dylib
0x000000010e781000 	/Library/Java/JavaVirtualMachines/jdk1.7.0_79.jdk/Contents/Home/jre/lib/libnet.dylib
0x000000010e797000 	/Library/Java/JavaVirtualMachines/jdk1.7.0_79.jdk/Contents/Home/jre/lib/libnio.dylib
0x00000001139d7000 	/Library/Java/JavaVirtualMachines/jdk1.7.0_79.jdk/Contents/Home/jre/lib/libdcpr.dylib

VM Arguments:
jvm_args: -agentlib:jdwp=transport=dt_socket,suspend=y,address=localhost:51371 -Dfile.encoding=UTF-8 
java_command: speedith.draw.DiagramTestPortfolio
Launcher Type: SUN_STANDARD

Environment Variables:
PATH=/usr/bin:/bin:/usr/sbin:/sbin
SHELL=/bin/bash
DISPLAY=/private/tmp/com.apple.launchd.FaDCUGKYkf/org.macosforge.xquartz:0

Signal Handlers:
SIGSEGV: [libjvm.dylib+0x52daf1], sa_mask[0]=0xfffefeff, sa_flags=0x00000043
SIGBUS: [libjvm.dylib+0x52daf1], sa_mask[0]=0xfffefeff, sa_flags=0x00000042
SIGFPE: [libjvm.dylib+0x41f34e], sa_mask[0]=0xfffefeff, sa_flags=0x00000042
SIGPIPE: [libjvm.dylib+0x41f34e], sa_mask[0]=0xfffefeff, sa_flags=0x00000042
SIGXFSZ: [libjvm.dylib+0x41f34e], sa_mask[0]=0xfffefeff, sa_flags=0x00000042
SIGILL: [libjvm.dylib+0x41f34e], sa_mask[0]=0xfffefeff, sa_flags=0x00000042
SIGUSR1: SIG_DFL, sa_mask[0]=0x00000000, sa_flags=0x00000000
SIGUSR2: [libjvm.dylib+0x41ee40], sa_mask[0]=0x00000004, sa_flags=0x00000042
SIGHUP: [libjvm.dylib+0x41d0d1], sa_mask[0]=0xfffefeff, sa_flags=0x00000042
SIGINT: [libjvm.dylib+0x41d0d1], sa_mask[0]=0xfffefeff, sa_flags=0x00000042
SIGTERM: [libjvm.dylib+0x41d0d1], sa_mask[0]=0xfffefeff, sa_flags=0x00000042
SIGQUIT: [libjvm.dylib+0x41d0d1], sa_mask[0]=0xfffefeff, sa_flags=0x00000042


---------------  S Y S T E M  ---------------

OS:Bsduname:Darwin 16.6.0 Darwin Kernel Version 16.6.0: Fri Apr 14 16:21:16 PDT 2017; root:xnu-3789.60.24~6/RELEASE_X86_64 x86_64
rlimit: STACK 8192k, CORE 0k, NPROC 709, NOFILE 10240, AS infinity
load average:8.81 3.04 2.05

CPU:total 4 (2 cores per cpu, 2 threads per core) family 6 model 61 stepping 4, cmov, cx8, fxsr, mmx, sse, sse2, sse3, ssse3, sse4.1, sse4.2, popcnt, avx, avx2, aes, erms, ht, tsc, tscinvbit

Memory: 4k page, physical 8388608k(2097152k free)

/proc/meminfo:


vm_info: Java HotSpot(TM) 64-Bit Server VM (24.79-b02) for bsd-amd64 JRE (1.7.0_79-b15), built on Apr 10 2015 11:35:04 by "java_re" with gcc 4.2.1 (Based on Apple Inc. build 5658) (LLVM build 2336.11.00)

time: Fri May 26 16:08:07 2017
elapsed time: 8533 seconds

