#
# A fatal error has been detected by the Java Runtime Environment:
#
#  SIGSEGV (0xb) at pc=0x0000000118e50b43, pid=2594, tid=54023
#
# JRE version: Java(TM) SE Runtime Environment (7.0_79-b15) (build 1.7.0_79-b15)
# Java VM: Java HotSpot(TM) 64-Bit Server VM (24.79-b02 mixed mode bsd-amd64 compressed oops)
# Problematic frame:
# C  [liblwawt.dylib+0x12b43]  OGLSD_SetScratchSurface+0x3d
#
# Failed to write core dump. Core dumps have been disabled. To enable core dumping, try "ulimit -c unlimited" before starting Java again
#
# If you would like to submit a bug report, please visit:
#   http://bugreport.java.com/bugreport/crash.jsp
# The crash happened outside the Java Virtual Machine in native code.
# See problematic frame for where to report the bug.
#

---------------  T H R E A D  ---------------

Current thread (0x00007f89cd23a000):  JavaThread "Java2D Queue Flusher" daemon [_thread_in_native, id=54023, stack(0x000070000d009000,0x000070000d109000)]

siginfo:si_signo=SIGSEGV: si_errno=0, si_code=1 (SEGV_MAPERR), si_addr=0x0000000000000000

Registers:
RAX=0x00007f89cbabe0e8, RBX=0x00007f89cd23a1e8, RCX=0x00007f89cbabe0f0, RDX=0x0000000118e46a0c
RSP=0x000070000d1087a0, RBP=0x000070000d1087c0, RSI=0x00007f89cdd76a50, RDI=0x00007f89cbabe0e8
R8 =0x00007f89cb657640, R9 =0x00000000001977d1, R10=0x000000010eb4572c, R11=0x000000010da77353
R12=0x0000000000000000, R13=0x000000077b3a5728, R14=0x00007f89d3010002, R15=0x0000000000000000
RIP=0x0000000118e50b43, EFLAGS=0x0000000000010206, ERR=0x0000000000000004
  TRAPNO=0x000000000000000e

Top of Stack: (sp=0x000070000d1087a0)
0x000070000d1087a0:   00007f89cdd76a50 0000000000000000
0x000070000d1087b0:   00007f89cd260c10 00007f89cd23a000
0x000070000d1087c0:   000070000d108840 0000000118e464ea
0x000070000d1087d0:   0000000000000000 000000010d6f6288
0x000070000d1087e0:   0000000000000064 00007f89cd23a000
0x000070000d1087f0:   0000000000000bad 0000000000000bad
0x000070000d108800:   00007f89cd23a000 00007f89cd260c20
0x000070000d108810:   00007f8900657600 00007f89cd23a1e8
0x000070000d108820:   000000077b3a5728 0000000000000000
0x000070000d108830:   000070000d1088e8 00007f89cd23a000
0x000070000d108840:   000070000d1088b0 000000010eb45758
0x000070000d108850:   000070000d108890 000000077af0f308
0x000070000d108860:   000070000d108880 0000000000000064
0x000070000d108870:   000070000d108870 0000000000000000
0x000070000d108880:   000070000d1088e8 000000077b3a6f10
0x000070000d108890:   0000000000000000 000000077b3a5728
0x000070000d1088a0:   0000000000000000 000070000d1088d0
0x000070000d1088b0:   000070000d108930 000000010eb39058
0x000070000d1088c0:   0000000000000000 000000010eb41cd8
0x000070000d1088d0:   0000000000000020 00007f89cd260c00
0x000070000d1088e0:   00000007808a1448 00000007808a1430
0x000070000d1088f0:   000070000d1088f0 000000077b3a580d
0x000070000d108900:   000070000d108948 000000077b3a6f10
0x000070000d108910:   000000077c527180 000000077b3a5830
0x000070000d108920:   000070000d1088d0 000070000d108948
0x000070000d108930:   000070000d108990 000000010eb39058
0x000070000d108940:   0000000000000020 00000007808a1430
0x000070000d108950:   000070000d108950 000000077b3a59c1
0x000070000d108960:   000070000d1089a0 000000077b3a6f10
0x000070000d108970:   000000077c527048 000000077b3a59d0
0x000070000d108980:   000070000d108948 000070000d1089a0
0x000070000d108990:   000070000d1089f8 000000010eb39058 

Instructions: (pc=0x0000000118e50b43)
0x0000000118e50b23:   c0 be 01 00 00 00 e8 b0 2c 03 00 31 c0 eb 6d 48
0x0000000118e50b33:   89 fb 4c 8b 76 10 4d 8b 3e 30 c0 e8 6f 31 03 00
0x0000000118e50b43:   49 8b 3f 49 89 c4 48 8b 35 d8 7e 06 00 30 c0 e8
0x0000000118e50b53:   99 32 03 00 48 85 c0 75 4c 30 c0 e8 79 60 ff ff 

Register to memory mapping:

RAX=0x00007f89cbabe0e8 is an unknown value
RBX=0x00007f89cd23a1e8 is an unknown value
RCX=0x00007f89cbabe0f0 is an unknown value
RDX=0x0000000118e46a0c: Java_sun_java2d_opengl_OGLRenderQueue_flushBuffer+0xb5c in /Library/Java/JavaVirtualMachines/jdk1.7.0_79.jdk/Contents/Home/jre/lib/lwawt/liblwawt.dylib at 0x0000000118e3e000
RSP=0x000070000d1087a0 is pointing into the stack for thread: 0x00007f89cd23a000
RBP=0x000070000d1087c0 is pointing into the stack for thread: 0x00007f89cd23a000
RSI=0x00007f89cdd76a50 is an unknown value
RDI=0x00007f89cbabe0e8 is an unknown value
R8 =0x00007f89cb657640 is an unknown value
R9 =0x00000000001977d1 is an unknown value
R10=0x000000010eb4572c is at code_begin+620 in an Interpreter codelet
method entry point (kind = native)  [0x000000010eb454c0, 0x000000010eb45d00]  2112 bytes
R11=0x000000010da77353: throw_unsatisfied_link_error+0 in /Library/Java/JavaVirtualMachines/jdk1.7.0_79.jdk/Contents/Home/jre/lib/server/libjvm.dylib at 0x000000010d600000
R12=0x0000000000000000 is an unknown value
R13=0x000000077b3a5728 is an oop
{method} 
 - klass: {other class}
R14=0x00007f89d3010002 is an unknown value
R15=0x0000000000000000 is an unknown value


Stack: [0x000070000d009000,0x000070000d109000],  sp=0x000070000d1087a0,  free space=1021k
Native frames: (J=compiled Java code, j=interpreted, Vv=VM code, C=native code)
C  [liblwawt.dylib+0x12b43]  OGLSD_SetScratchSurface+0x3d
C  [liblwawt.dylib+0x84ea]  Java_sun_java2d_opengl_OGLRenderQueue_flushBuffer+0x63a
j  sun.java2d.opengl.OGLRenderQueue.flushBuffer(JI)V+0
j  sun.java2d.opengl.OGLRenderQueue.flushBuffer()V+21
j  sun.java2d.opengl.OGLRenderQueue.access$100(Lsun/java2d/opengl/OGLRenderQueue;)V+1
j  sun.java2d.opengl.OGLRenderQueue$QueueFlusher.run()V+81
v  ~StubRoutines::call_stub
V  [libjvm.dylib+0x2dbef8]  JavaCalls::call_helper(JavaValue*, methodHandle*, JavaCallArguments*, Thread*)+0x22a
V  [libjvm.dylib+0x2dc40f]  JavaCalls::call_virtual(JavaValue*, KlassHandle, Symbol*, Symbol*, JavaCallArguments*, Thread*)+0x11b
V  [libjvm.dylib+0x2dc54c]  JavaCalls::call_virtual(JavaValue*, Handle, KlassHandle, Symbol*, Symbol*, Thread*)+0x4a
V  [libjvm.dylib+0x32b43a]  thread_entry(JavaThread*, Thread*)+0xad
V  [libjvm.dylib+0x4f759d]  JavaThread::thread_main_inner()+0x9b
V  [libjvm.dylib+0x4f8ca5]  JavaThread::run()+0x1a3
V  [libjvm.dylib+0x421c4e]  java_start(Thread*)+0x126
C  [libsystem_pthread.dylib+0x393b]  _pthread_body+0xb4
C  [libsystem_pthread.dylib+0x3887]  _pthread_body+0x0
C  [libsystem_pthread.dylib+0x308d]  thread_start+0xd

Java frames: (J=compiled Java code, j=interpreted, Vv=VM code)
j  sun.java2d.opengl.OGLRenderQueue.flushBuffer(JI)V+0
j  sun.java2d.opengl.OGLRenderQueue.flushBuffer()V+21
j  sun.java2d.opengl.OGLRenderQueue.access$100(Lsun/java2d/opengl/OGLRenderQueue;)V+1
j  sun.java2d.opengl.OGLRenderQueue$QueueFlusher.run()V+81
v  ~StubRoutines::call_stub

---------------  P R O C E S S  ---------------

Java Threads: ( => current thread )
  0x00007f89cc019000 JavaThread "Thread-3" daemon [_thread_blocked, id=4123, stack(0x000070000d59b000,0x000070000d69b000)]
  0x00007f89cd315000 JavaThread "TimerQueue" daemon [_thread_blocked, id=5235, stack(0x000070000d415000,0x000070000d515000)]
  0x00007f89cba86000 JavaThread "Timer-0" daemon [_thread_blocked, id=61955, stack(0x000070000d312000,0x000070000d412000)]
  0x00007f89cc209800 JavaThread "DestroyJavaVM" [_thread_blocked, id=7171, stack(0x000070000c056000,0x000070000c156000)]
  0x00007f89cc209000 JavaThread "AWT-EventQueue-0" [_thread_blocked, id=61451, stack(0x000070000d20f000,0x000070000d30f000)]
  0x00007f89cbacb000 JavaThread "Java2D Disposer" daemon [_thread_blocked, id=56079, stack(0x000070000d10c000,0x000070000d20c000)]
=>0x00007f89cd23a000 JavaThread "Java2D Queue Flusher" daemon [_thread_in_native, id=54023, stack(0x000070000d009000,0x000070000d109000)]
  0x00007f89cd1aa000 JavaThread "AWT-Shutdown" [_thread_blocked, id=29215, stack(0x000070000ce00000,0x000070000cf00000)]
  0x00007f89cb998800 JavaThread "AppKit Thread" daemon [_thread_in_native, id=775, stack(0x00007fff527a4000,0x00007fff52fa4000)]
  0x00007f89cb836800 JavaThread "Service Thread" daemon [_thread_blocked, id=17923, stack(0x000070000cb77000,0x000070000cc77000)]
  0x00007f89cd036800 JavaThread "C2 CompilerThread1" daemon [_thread_blocked, id=17411, stack(0x000070000ca74000,0x000070000cb74000)]
  0x00007f89cd031000 JavaThread "C2 CompilerThread0" daemon [_thread_blocked, id=16899, stack(0x000070000c971000,0x000070000ca71000)]
  0x00007f89cb835800 JavaThread "Signal Dispatcher" daemon [_thread_blocked, id=16387, stack(0x000070000c86e000,0x000070000c96e000)]
  0x00007f89cc008800 JavaThread "Finalizer" daemon [_thread_blocked, id=12547, stack(0x000070000c76b000,0x000070000c86b000)]
  0x00007f89cc806000 JavaThread "Reference Handler" daemon [_thread_blocked, id=12035, stack(0x000070000c668000,0x000070000c768000)]

Other Threads:
  0x00007f89cb82d800 VMThread [stack: 0x000070000c565000,0x000070000c665000] [id=11523]
  0x00007f89cc017800 WatcherThread [stack: 0x000070000cc7a000,0x000070000cd7a000] [id=18435]

VM state:not at safepoint (normal execution)

VM Mutex/Monitor currently owned by a thread: None

Heap
 PSYoungGen      total 46592K, used 15804K [0x00000007d5500000, 0x00000007d9700000, 0x0000000800000000)
  eden space 35840K, 14% used [0x00000007d5500000,0x00000007d5a23c70,0x00000007d7800000)
  from space 10752K, 98% used [0x00000007d7800000,0x00000007d824b738,0x00000007d8280000)
  to   space 11776K, 0% used [0x00000007d8b80000,0x00000007d8b80000,0x00000007d9700000)
 ParOldGen       total 90624K, used 74066K [0x0000000780000000, 0x0000000785880000, 0x00000007d5500000)
  object space 90624K, 81% used [0x0000000780000000,0x0000000784854a40,0x0000000785880000)
 PSPermGen       total 49664K, used 24777K [0x000000077ae00000, 0x000000077de80000, 0x0000000780000000)
  object space 49664K, 49% used [0x000000077ae00000,0x000000077c632590,0x000000077de80000)

Card table byte_map: [0x000000010e063000,0x000000010e48d000] byte_map_base: 0x000000010a48c000

Polling page: 0x000000010cd15000

Code Cache  [0x000000010eb33000, 0x000000010ef13000, 0x0000000111b33000)
 total_blobs=1853 nmethods=1297 adapters=509 free_code_cache=45322Kb largest_free_block=46316928

Compilation events (10 events):
Event: 3269.203 Thread 0x00007f89cd031000 1346 %           speedith.ui.ACirclesPanelEx::paint @ 265 (1662 bytes)
Event: 3269.473 Thread 0x00007f89cd031000 nmethod 1346% 0x000000010eeed810 code [0x000000010eeedf80, 0x000000010eef1048]
Event: 3269.474 Thread 0x00007f89cd036800 1347             speedith.ui.ACirclesPanelEx::paint (1662 bytes)
Event: 3269.787 Thread 0x00007f89cd036800 nmethod 1347 0x000000010eef6c10 code [0x000000010eef77e0, 0x000000010eefcb18]
Event: 3284.200 Thread 0x00007f89cd031000 1348             sun.java2d.pipe.PixelToParallelogramConverter::drawGeneralLine (641 bytes)
Event: 3284.232 Thread 0x00007f89cd031000 nmethod 1348 0x000000010ee95450 code [0x000000010ee95720, 0x000000010ee96540]
Event: 3284.981 Thread 0x00007f89cd036800 1349             java.awt.geom.EllipseIterator::<init> (66 bytes)
Event: 3284.984 Thread 0x00007f89cd036800 nmethod 1349 0x000000010ee94f90 code [0x000000010ee95100, 0x000000010ee952f8]
Event: 3295.064 Thread 0x00007f89cd031000 1351             java.awt.AWTKeyStroke::hashCode (36 bytes)
Event: 3295.064 Thread 0x00007f89cd031000 nmethod 1351 0x000000010eeb8850 code [0x000000010eeb8980, 0x000000010eeb8a18]

GC Heap History (10 events):
Event: 3282.463 GC heap before
{Heap before GC invocations=42 (full 1):
 PSYoungGen      total 34816K, used 30112K [0x00000007d5500000, 0x00000007d8180000, 0x0000000800000000)
  eden space 24064K, 100% used [0x00000007d5500000,0x00000007d6c80000,0x00000007d6c80000)
  from space 10752K, 56% used [0x00000007d7700000,0x00000007d7ce8000,0x00000007d8180000)
  to   space 10752K, 0% used [0x00000007d6c80000,0x00000007d6c80000,0x00000007d7700000)
 ParOldGen       total 90624K, used 53168K [0x0000000780000000, 0x0000000785880000, 0x00000007d5500000)
  object space 90624K, 58% used [0x0000000780000000,0x00000007833ec020,0x0000000785880000)
 PSPermGen       total 49664K, used 24771K [0x000000077ae00000, 0x000000077de80000, 0x0000000780000000)
  object space 49664K, 49% used [0x000000077ae00000,0x000000077c630f90,0x000000077de80000)
Event: 3282.475 GC heap after
Heap after GC invocations=42 (full 1):
 PSYoungGen      total 34816K, used 6304K [0x00000007d5500000, 0x00000007d8600000, 0x0000000800000000)
  eden space 24064K, 0% used [0x00000007d5500000,0x00000007d5500000,0x00000007d6c80000)
  from space 10752K, 58% used [0x00000007d6c80000,0x00000007d72a8000,0x00000007d7700000)
  to   space 10240K, 0% used [0x00000007d7c00000,0x00000007d7c00000,0x00000007d8600000)
 ParOldGen       total 90624K, used 54328K [0x0000000780000000, 0x0000000785880000, 0x00000007d5500000)
  object space 90624K, 59% used [0x0000000780000000,0x000000078350e020,0x0000000785880000)
 PSPermGen       total 49664K, used 24771K [0x000000077ae00000, 0x000000077de80000, 0x0000000780000000)
  object space 49664K, 49% used [0x000000077ae00000,0x000000077c630f90,0x000000077de80000)
}
Event: 3283.447 GC heap before
{Heap before GC invocations=43 (full 1):
 PSYoungGen      total 34816K, used 30368K [0x00000007d5500000, 0x00000007d8600000, 0x0000000800000000)
  eden space 24064K, 100% used [0x00000007d5500000,0x00000007d6c80000,0x00000007d6c80000)
  from space 10752K, 58% used [0x00000007d6c80000,0x00000007d72a8000,0x00000007d7700000)
  to   space 10240K, 0% used [0x00000007d7c00000,0x00000007d7c00000,0x00000007d8600000)
 ParOldGen       total 90624K, used 54328K [0x0000000780000000, 0x0000000785880000, 0x00000007d5500000)
  object space 90624K, 59% used [0x0000000780000000,0x000000078350e020,0x0000000785880000)
 PSPermGen       total 49664K, used 24771K [0x000000077ae00000, 0x000000077de80000, 0x0000000780000000)
  object space 49664K, 49% used [0x000000077ae00000,0x000000077c630f90,0x000000077de80000)
Event: 3283.459 GC heap after
Heap after GC invocations=43 (full 1):
 PSYoungGen      total 39936K, used 6144K [0x00000007d5500000, 0x00000007d8600000, 0x0000000800000000)
  eden space 29696K, 0% used [0x00000007d5500000,0x00000007d5500000,0x00000007d7200000)
  from space 10240K, 60% used [0x00000007d7c00000,0x00000007d8200000,0x00000007d8600000)
  to   space 10240K, 0% used [0x00000007d7200000,0x00000007d7200000,0x00000007d7c00000)
 ParOldGen       total 90624K, used 55552K [0x0000000780000000, 0x0000000785880000, 0x00000007d5500000)
  object space 90624K, 61% used [0x0000000780000000,0x0000000783640020,0x0000000785880000)
 PSPermGen       total 49664K, used 24771K [0x000000077ae00000, 0x000000077de80000, 0x0000000780000000)
  object space 49664K, 49% used [0x000000077ae00000,0x000000077c630f90,0x000000077de80000)
}
Event: 3284.400 GC heap before
{Heap before GC invocations=44 (full 1):
 PSYoungGen      total 39936K, used 35840K [0x00000007d5500000, 0x00000007d8600000, 0x0000000800000000)
  eden space 29696K, 100% used [0x00000007d5500000,0x00000007d7200000,0x00000007d7200000)
  from space 10240K, 60% used [0x00000007d7c00000,0x00000007d8200000,0x00000007d8600000)
  to   space 10240K, 0% used [0x00000007d7200000,0x00000007d7200000,0x00000007d7c00000)
 ParOldGen       total 90624K, used 55552K [0x0000000780000000, 0x0000000785880000, 0x00000007d5500000)
  object space 90624K, 61% used [0x0000000780000000,0x0000000783640020,0x0000000785880000)
 PSPermGen       total 49664K, used 24771K [0x000000077ae00000, 0x000000077de80000, 0x0000000780000000)
  object space 49664K, 49% used [0x000000077ae00000,0x000000077c630f90,0x000000077de80000)
Event: 3284.415 GC heap after
Heap after GC invocations=44 (full 1):
 PSYoungGen      total 39936K, used 7680K [0x00000007d5500000, 0x00000007d8c80000, 0x0000000800000000)
  eden space 29696K, 0% used [0x00000007d5500000,0x00000007d5500000,0x00000007d7200000)
  from space 10240K, 75% used [0x00000007d7200000,0x00000007d7980000,0x00000007d7c00000)
  to   space 10240K, 0% used [0x00000007d8280000,0x00000007d8280000,0x00000007d8c80000)
 ParOldGen       total 90624K, used 56720K [0x0000000780000000, 0x0000000785880000, 0x00000007d5500000)
  object space 90624K, 62% used [0x0000000780000000,0x0000000783764020,0x0000000785880000)
 PSPermGen       total 49664K, used 24771K [0x000000077ae00000, 0x000000077de80000, 0x0000000780000000)
  object space 49664K, 49% used [0x000000077ae00000,0x000000077c630f90,0x000000077de80000)
}
Event: 3285.250 GC heap before
{Heap before GC invocations=45 (full 1):
 PSYoungGen      total 39936K, used 37376K [0x00000007d5500000, 0x00000007d8c80000, 0x0000000800000000)
  eden space 29696K, 100% used [0x00000007d5500000,0x00000007d7200000,0x00000007d7200000)
  from space 10240K, 75% used [0x00000007d7200000,0x00000007d7980000,0x00000007d7c00000)
  to   space 10240K, 0% used [0x00000007d8280000,0x00000007d8280000,0x00000007d8c80000)
 ParOldGen       total 90624K, used 56720K [0x0000000780000000, 0x0000000785880000, 0x00000007d5500000)
  object space 90624K, 62% used [0x0000000780000000,0x0000000783764020,0x0000000785880000)
 PSPermGen       total 49664K, used 24771K [0x000000077ae00000, 0x000000077de80000, 0x0000000780000000)
  object space 49664K, 49% used [0x000000077ae00000,0x000000077c630f90,0x000000077de80000)
Event: 3285.269 GC heap after
Heap after GC invocations=45 (full 1):
 PSYoungGen      total 46080K, used 7968K [0x00000007d5500000, 0x00000007d8d80000, 0x0000000800000000)
  eden space 35840K, 0% used [0x00000007d5500000,0x00000007d5500000,0x00000007d7800000)
  from space 10240K, 77% used [0x00000007d8280000,0x00000007d8a48000,0x00000007d8c80000)
  to   space 10752K, 0% used [0x00000007d7800000,0x00000007d7800000,0x00000007d8280000)
 ParOldGen       total 90624K, used 58216K [0x0000000780000000, 0x0000000785880000, 0x00000007d5500000)
  object space 90624K, 64% used [0x0000000780000000,0x00000007838da020,0x0000000785880000)
 PSPermGen       total 49664K, used 24771K [0x000000077ae00000, 0x000000077de80000, 0x0000000780000000)
  object space 49664K, 49% used [0x000000077ae00000,0x000000077c630f90,0x000000077de80000)
}
Event: 18099.605 GC heap before
{Heap before GC invocations=46 (full 1):
 PSYoungGen      total 46080K, used 42388K [0x00000007d5500000, 0x00000007d8d80000, 0x0000000800000000)
  eden space 35840K, 96% used [0x00000007d5500000,0x00000007d769d010,0x00000007d7800000)
  from space 10240K, 77% used [0x00000007d8280000,0x00000007d8a48000,0x00000007d8c80000)
  to   space 10752K, 0% used [0x00000007d7800000,0x00000007d7800000,0x00000007d8280000)
 ParOldGen       total 90624K, used 58216K [0x0000000780000000, 0x0000000785880000, 0x00000007d5500000)
  object space 90624K, 64% used [0x0000000780000000,0x00000007838da020,0x0000000785880000)
 PSPermGen       total 49664K, used 24777K [0x000000077ae00000, 0x000000077de80000, 0x0000000780000000)
  object space 49664K, 49% used [0x000000077ae00000,0x000000077c632590,0x000000077de80000)
Event: 18099.633 GC heap after
Heap after GC invocations=46 (full 1):
 PSYoungGen      total 46592K, used 10541K [0x00000007d5500000, 0x00000007d9700000, 0x0000000800000000)
  eden space 35840K, 0% used [0x00000007d5500000,0x00000007d5500000,0x00000007d7800000)
  from space 10752K, 98% used [0x00000007d7800000,0x00000007d824b738,0x00000007d8280000)
  to   space 11776K, 0% used [0x00000007d8b80000,0x00000007d8b80000,0x00000007d9700000)
 ParOldGen       total 90624K, used 74066K [0x0000000780000000, 0x0000000785880000, 0x00000007d5500000)
  object space 90624K, 81% used [0x0000000780000000,0x0000000784854a40,0x0000000785880000)
 PSPermGen       total 49664K, used 24777K [0x000000077ae00000, 0x000000077de80000, 0x0000000780000000)
  object space 49664K, 49% used [0x000000077ae00000,0x000000077c632590,0x000000077de80000)
}

Deoptimization events (10 events):
Event: 9539.863 Thread 0x00007f89cb998800 Uncommon trap: reason=bimorphic action=maybe_recompile pc=0x000000010ec54a10 method=java.util.HashMap.putAllForCreate(Ljava/util/Map;)V @ 1
Event: 9539.873 Thread 0x00007f89cb998800 Uncommon trap: reason=bimorphic action=maybe_recompile pc=0x000000010edc93d8 method=sun.java2d.pipe.PixelToParallelogramConverter.fillRectangle(Lsun/java2d/SunGraphics2D;DDDD)V @ 230
Event: 9541.863 Thread 0x00007f89cb998800 Uncommon trap: reason=bimorphic action=maybe_recompile pc=0x000000010edab5e4 method=java.util.HashMap.<init>(Ljava/util/Map;)V @ 2
Event: 9541.863 Thread 0x00007f89cb998800 Uncommon trap: reason=bimorphic action=maybe_recompile pc=0x000000010ec54a10 method=java.util.HashMap.putAllForCreate(Ljava/util/Map;)V @ 1
Event: 9541.864 Thread 0x00007f89cb998800 Uncommon trap: reason=null_check action=make_not_entrant pc=0x000000010ed395f0 method=java.awt.geom.AffineTransform.equals(Ljava/lang/Object;)Z @ 1
Event: 9541.879 Thread 0x00007f89cb998800 Uncommon trap: reason=bimorphic action=maybe_recompile pc=0x000000010edab5e4 method=java.util.HashMap.<init>(Ljava/util/Map;)V @ 2
Event: 9541.879 Thread 0x00007f89cb998800 Uncommon trap: reason=bimorphic action=maybe_recompile pc=0x000000010ec54a10 method=java.util.HashMap.putAllForCreate(Ljava/util/Map;)V @ 1
Event: 18099.556 Thread 0x00007f89cd23a000 Uncommon trap: reason=class_check action=maybe_recompile pc=0x000000010ee30800 method=sun.java2d.opengl.OGLRenderQueue$QueueFlusher.run()V @ 95
Event: 18099.572 Thread 0x00007f89cb998800 Uncommon trap: reason=bimorphic action=maybe_recompile pc=0x000000010edc93d8 method=sun.java2d.pipe.PixelToParallelogramConverter.fillRectangle(Lsun/java2d/SunGraphics2D;DDDD)V @ 230
Event: 18099.591 Thread 0x00007f89cb998800 Uncommon trap: reason=bimorphic action=maybe_recompile pc=0x000000010edc93d8 method=sun.java2d.pipe.PixelToParallelogramConverter.fillRectangle(Lsun/java2d/SunGraphics2D;DDDD)V @ 230

Internal exceptions (10 events):
Event: 2273.532 Thread 0x00007f89cc209000 Threw 0x00000007d61fd978 at /HUDSON/workspace/7u-2-build-macosx-x86_64/jdk7u79/2331/hotspot/src/share/vm/prims/jvm.cpp:1304
Event: 2273.534 Thread 0x00007f89cc209000 Threw 0x00000007d62085c0 at /HUDSON/workspace/7u-2-build-macosx-x86_64/jdk7u79/2331/hotspot/src/share/vm/prims/jvm.cpp:1304
Event: 2307.652 Thread 0x00007f89cc209000 Threw 0x00000007d58a2358 at /HUDSON/workspace/7u-2-build-macosx-x86_64/jdk7u79/2331/hotspot/src/share/vm/prims/jvm.cpp:1304
Event: 2310.303 Thread 0x00007f89cc209000 Threw 0x00000007d5a6d058 at /HUDSON/workspace/7u-2-build-macosx-x86_64/jdk7u79/2331/hotspot/src/share/vm/prims/jvm.cpp:1304
Event: 2814.574 Thread 0x00007f89cc209000 Threw 0x00000007d67b9128 at /HUDSON/workspace/7u-2-build-macosx-x86_64/jdk7u79/2331/hotspot/src/share/vm/prims/jvm.cpp:1304
Event: 3008.801 Thread 0x00007f89cc209000 Threw 0x00000007d69a34a0 at /HUDSON/workspace/7u-2-build-macosx-x86_64/jdk7u79/2331/hotspot/src/share/vm/prims/jvm.cpp:1304
Event: 3011.339 Thread 0x00007f89cc209000 Threw 0x00000007d6bb8798 at /HUDSON/workspace/7u-2-build-macosx-x86_64/jdk7u79/2331/hotspot/src/share/vm/prims/jvm.cpp:1304
Event: 3103.046 Thread 0x00007f89cc209000 Implicit null exception at 0x000000010eed4530 to 0x000000010eed46d5
Event: 9539.826 Thread 0x00007f89cb998800 Implicit null exception at 0x000000010ed59d56 to 0x000000010ed5a9f1
Event: 9541.864 Thread 0x00007f89cb998800 Implicit null exception at 0x000000010ed3954c to 0x000000010ed395e1

Events (10 events):
Event: 18099.634 Executing VM operation: RevokeBias
Event: 18099.634 Executing VM operation: RevokeBias done
Event: 18099.635 Executing VM operation: RevokeBias
Event: 18099.635 Executing VM operation: RevokeBias done
Event: 18099.635 Executing VM operation: RevokeBias
Event: 18099.635 Executing VM operation: RevokeBias done
Event: 18099.635 Executing VM operation: RevokeBias
Event: 18099.635 Executing VM operation: RevokeBias done
Event: 18099.635 Executing VM operation: RevokeBias
Event: 18099.635 Executing VM operation: RevokeBias done


Dynamic libraries:
0x000000005631a000 	/System/Library/Frameworks/Cocoa.framework/Versions/A/Cocoa
0x000000005631a000 	/System/Library/Frameworks/Security.framework/Versions/A/Security
0x000000005631a000 	/System/Library/Frameworks/ApplicationServices.framework/Versions/A/ApplicationServices
0x000000005631a000 	/usr/lib/libz.1.dylib
0x000000005631a000 	/usr/lib/libSystem.B.dylib
0x000000005631a000 	/usr/lib/libobjc.A.dylib
0x000000005631a000 	/System/Library/Frameworks/CoreFoundation.framework/Versions/A/CoreFoundation
0x000000005631a000 	/System/Library/Frameworks/Foundation.framework/Versions/C/Foundation
0x000000005631a000 	/System/Library/Frameworks/AppKit.framework/Versions/C/AppKit
0x000000005631a000 	/System/Library/Frameworks/CoreData.framework/Versions/A/CoreData
0x000000005631a000 	/System/Library/PrivateFrameworks/RemoteViewServices.framework/Versions/A/RemoteViewServices
0x000000005631a000 	/System/Library/PrivateFrameworks/UIFoundation.framework/Versions/A/UIFoundation
0x000000005631a000 	/System/Library/PrivateFrameworks/DFRFoundation.framework/Versions/A/DFRFoundation
0x000000005631a000 	/usr/lib/libenergytrace.dylib
0x000000005631a000 	/System/Library/PrivateFrameworks/SkyLight.framework/Versions/A/SkyLight
0x000000005631a000 	/System/Library/Frameworks/CoreGraphics.framework/Versions/A/CoreGraphics
0x000000005631a000 	/usr/lib/libScreenReader.dylib
0x000000005631a000 	/System/Library/Frameworks/Accelerate.framework/Versions/A/Accelerate
0x000000005631a000 	/System/Library/Frameworks/IOSurface.framework/Versions/A/IOSurface
0x000000005631a000 	/System/Library/Frameworks/AudioToolbox.framework/Versions/A/AudioToolbox
0x000000005631a000 	/System/Library/Frameworks/AudioUnit.framework/Versions/A/AudioUnit
0x000000005631a000 	/System/Library/PrivateFrameworks/DataDetectorsCore.framework/Versions/A/DataDetectorsCore
0x000000005631a000 	/System/Library/PrivateFrameworks/DesktopServicesPriv.framework/Versions/A/DesktopServicesPriv
0x000000005631a000 	/System/Library/Frameworks/Carbon.framework/Versions/A/Frameworks/HIToolbox.framework/Versions/A/HIToolbox
0x000000005631a000 	/usr/lib/libicucore.A.dylib
0x000000005631a000 	/System/Library/Frameworks/QuartzCore.framework/Versions/A/QuartzCore
0x000000005631a000 	/System/Library/Frameworks/Carbon.framework/Versions/A/Frameworks/SpeechRecognition.framework/Versions/A/SpeechRecognition
0x000000005631a000 	/usr/lib/libauto.dylib
0x000000005631a000 	/usr/lib/libxml2.2.dylib
0x000000005631a000 	/System/Library/PrivateFrameworks/CoreUI.framework/Versions/A/CoreUI
0x000000005631a000 	/System/Library/Frameworks/CoreAudio.framework/Versions/A/CoreAudio
0x000000005631a000 	/System/Library/Frameworks/DiskArbitration.framework/Versions/A/DiskArbitration
0x000000005631a000 	/usr/lib/liblangid.dylib
0x000000005631a000 	/System/Library/PrivateFrameworks/MultitouchSupport.framework/Versions/A/MultitouchSupport
0x000000005631a000 	/System/Library/Frameworks/IOKit.framework/Versions/A/IOKit
0x000000005631a000 	/usr/lib/libDiagnosticMessagesClient.dylib
0x000000005631a000 	/System/Library/Frameworks/CoreServices.framework/Versions/A/CoreServices
0x000000005631a000 	/System/Library/PrivateFrameworks/PerformanceAnalysis.framework/Versions/A/PerformanceAnalysis
0x000000005631a000 	/System/Library/PrivateFrameworks/GenerationalStorage.framework/Versions/A/GenerationalStorage
0x000000005631a000 	/System/Library/Frameworks/OpenGL.framework/Versions/A/OpenGL
0x000000005631a000 	/System/Library/Frameworks/CoreImage.framework/Versions/A/CoreImage
0x000000005631a000 	/System/Library/Frameworks/CoreText.framework/Versions/A/CoreText
0x000000005631a000 	/System/Library/Frameworks/ImageIO.framework/Versions/A/ImageIO
0x000000005631a000 	/System/Library/PrivateFrameworks/Backup.framework/Versions/A/Backup
0x000000005631a000 	/usr/lib/libarchive.2.dylib
0x000000005631a000 	/System/Library/Frameworks/CFNetwork.framework/Versions/A/CFNetwork
0x000000005631a000 	/System/Library/Frameworks/SystemConfiguration.framework/Versions/A/SystemConfiguration
0x000000005631a000 	/usr/lib/libCRFSuite.dylib
0x000000005631a000 	/usr/lib/libc++.1.dylib
0x000000005631a000 	/usr/lib/libc++abi.dylib
0x000000005631a000 	/usr/lib/system/libcache.dylib
0x000000005631a000 	/usr/lib/system/libcommonCrypto.dylib
0x000000005631a000 	/usr/lib/system/libcompiler_rt.dylib
0x000000005631a000 	/usr/lib/system/libcopyfile.dylib
0x000000005631a000 	/usr/lib/system/libcorecrypto.dylib
0x000000005631a000 	/usr/lib/system/libdispatch.dylib
0x000000005631a000 	/usr/lib/system/libdyld.dylib
0x000000005631a000 	/usr/lib/system/libkeymgr.dylib
0x000000005631a000 	/usr/lib/system/liblaunch.dylib
0x000000005631a000 	/usr/lib/system/libmacho.dylib
0x000000005631a000 	/usr/lib/system/libquarantine.dylib
0x000000005631a000 	/usr/lib/system/libremovefile.dylib
0x000000005631a000 	/usr/lib/system/libsystem_asl.dylib
0x000000005631a000 	/usr/lib/system/libsystem_blocks.dylib
0x000000005631a000 	/usr/lib/system/libsystem_c.dylib
0x000000005631a000 	/usr/lib/system/libsystem_configuration.dylib
0x000000005631a000 	/usr/lib/system/libsystem_coreservices.dylib
0x000000005631a000 	/usr/lib/system/libsystem_coretls.dylib
0x000000005631a000 	/usr/lib/system/libsystem_dnssd.dylib
0x000000005631a000 	/usr/lib/system/libsystem_info.dylib
0x000000005631a000 	/usr/lib/system/libsystem_kernel.dylib
0x000000005631a000 	/usr/lib/system/libsystem_m.dylib
0x000000005631a000 	/usr/lib/system/libsystem_malloc.dylib
0x000000005631a000 	/usr/lib/system/libsystem_network.dylib
0x000000005631a000 	/usr/lib/system/libsystem_networkextension.dylib
0x000000005631a000 	/usr/lib/system/libsystem_notify.dylib
0x000000005631a000 	/usr/lib/system/libsystem_platform.dylib
0x000000005631a000 	/usr/lib/system/libsystem_pthread.dylib
0x000000005631a000 	/usr/lib/system/libsystem_sandbox.dylib
0x000000005631a000 	/usr/lib/system/libsystem_secinit.dylib
0x000000005631a000 	/usr/lib/system/libsystem_symptoms.dylib
0x000000005631a000 	/usr/lib/system/libsystem_trace.dylib
0x000000005631a000 	/usr/lib/system/libunwind.dylib
0x000000005631a000 	/usr/lib/system/libxpc.dylib
0x000000005631a000 	/usr/lib/libbsm.0.dylib
0x000000005631a000 	/usr/lib/system/libkxld.dylib
0x000000005631a000 	/usr/lib/libcoretls.dylib
0x000000005631a000 	/usr/lib/libcoretls_cfhelpers.dylib
0x000000005631a000 	/usr/lib/libOpenScriptingUtil.dylib
0x000000005631a000 	/usr/lib/libpam.2.dylib
0x000000005631a000 	/usr/lib/libsqlite3.dylib
0x000000005631a000 	/usr/lib/libxar.1.dylib
0x000000005631a000 	/usr/lib/libbz2.1.0.dylib
0x000000005631a000 	/usr/lib/liblzma.5.dylib
0x000000005631a000 	/usr/lib/libnetwork.dylib
0x000000005631a000 	/usr/lib/libpcap.A.dylib
0x000000005631a000 	/System/Library/Frameworks/CoreServices.framework/Versions/A/Frameworks/FSEvents.framework/Versions/A/FSEvents
0x000000005631a000 	/System/Library/Frameworks/CoreServices.framework/Versions/A/Frameworks/CarbonCore.framework/Versions/A/CarbonCore
0x000000005631a000 	/System/Library/Frameworks/CoreServices.framework/Versions/A/Frameworks/Metadata.framework/Versions/A/Metadata
0x000000005631a000 	/System/Library/Frameworks/CoreServices.framework/Versions/A/Frameworks/OSServices.framework/Versions/A/OSServices
0x000000005631a000 	/System/Library/Frameworks/CoreServices.framework/Versions/A/Frameworks/SearchKit.framework/Versions/A/SearchKit
0x000000005631a000 	/System/Library/Frameworks/CoreServices.framework/Versions/A/Frameworks/AE.framework/Versions/A/AE
0x000000005631a000 	/System/Library/Frameworks/CoreServices.framework/Versions/A/Frameworks/LaunchServices.framework/Versions/A/LaunchServices
0x000000005631a000 	/System/Library/Frameworks/CoreServices.framework/Versions/A/Frameworks/DictionaryServices.framework/Versions/A/DictionaryServices
0x000000005631a000 	/System/Library/Frameworks/CoreServices.framework/Versions/A/Frameworks/SharedFileList.framework/Versions/A/SharedFileList
0x000000005631a000 	/System/Library/Frameworks/NetFS.framework/Versions/A/NetFS
0x000000005631a000 	/System/Library/PrivateFrameworks/NetAuth.framework/Versions/A/NetAuth
0x000000005631a000 	/System/Library/PrivateFrameworks/login.framework/Versions/A/Frameworks/loginsupport.framework/Versions/A/loginsupport
0x000000005631a000 	/System/Library/PrivateFrameworks/TCC.framework/Versions/A/TCC
0x000000005631a000 	/usr/lib/libmecabra.dylib
0x000000005631a000 	/System/Library/Frameworks/ApplicationServices.framework/Versions/A/Frameworks/ATS.framework/Versions/A/ATS
0x000000005631a000 	/System/Library/Frameworks/ApplicationServices.framework/Versions/A/Frameworks/ColorSync.framework/Versions/A/ColorSync
0x000000005631a000 	/System/Library/Frameworks/ApplicationServices.framework/Versions/A/Frameworks/HIServices.framework/Versions/A/HIServices
0x000000005631a000 	/System/Library/Frameworks/ApplicationServices.framework/Versions/A/Frameworks/LangAnalysis.framework/Versions/A/LangAnalysis
0x000000005631a000 	/System/Library/Frameworks/ApplicationServices.framework/Versions/A/Frameworks/PrintCore.framework/Versions/A/PrintCore
0x000000005631a000 	/System/Library/Frameworks/ApplicationServices.framework/Versions/A/Frameworks/QD.framework/Versions/A/QD
0x000000005631a000 	/System/Library/Frameworks/ApplicationServices.framework/Versions/A/Frameworks/SpeechSynthesis.framework/Versions/A/SpeechSynthesis
0x000000005631a000 	/System/Library/Frameworks/Accelerate.framework/Versions/A/Frameworks/vImage.framework/Versions/A/vImage
0x000000005631a000 	/System/Library/Frameworks/Accelerate.framework/Versions/A/Frameworks/vecLib.framework/Versions/A/vecLib
0x000000005631a000 	/System/Library/Frameworks/Accelerate.framework/Versions/A/Frameworks/vecLib.framework/Versions/A/libvDSP.dylib
0x000000005631a000 	/System/Library/Frameworks/Accelerate.framework/Versions/A/Frameworks/vecLib.framework/Versions/A/libBNNS.dylib
0x000000005631a000 	/System/Library/Frameworks/Accelerate.framework/Versions/A/Frameworks/vecLib.framework/Versions/A/libQuadrature.dylib
0x000000005631a000 	/System/Library/Frameworks/Accelerate.framework/Versions/A/Frameworks/vecLib.framework/Versions/A/libvMisc.dylib
0x000000005631a000 	/System/Library/Frameworks/Accelerate.framework/Versions/A/Frameworks/vecLib.framework/Versions/A/libLAPACK.dylib
0x000000005631a000 	/System/Library/Frameworks/Accelerate.framework/Versions/A/Frameworks/vecLib.framework/Versions/A/libBLAS.dylib
0x000000005631a000 	/System/Library/Frameworks/Accelerate.framework/Versions/A/Frameworks/vecLib.framework/Versions/A/libLinearAlgebra.dylib
0x000000005631a000 	/System/Library/Frameworks/Accelerate.framework/Versions/A/Frameworks/vecLib.framework/Versions/A/libSparseBLAS.dylib
0x000000005631a000 	/System/Library/Frameworks/ApplicationServices.framework/Versions/A/Frameworks/ATS.framework/Versions/A/Resources/libFontParser.dylib
0x000000005631a000 	/System/Library/Frameworks/ApplicationServices.framework/Versions/A/Frameworks/ATS.framework/Versions/A/Resources/libFontRegistry.dylib
0x000000005631a000 	/System/Library/Frameworks/ImageIO.framework/Versions/A/Resources/libJPEG.dylib
0x000000005631a000 	/System/Library/Frameworks/ImageIO.framework/Versions/A/Resources/libTIFF.dylib
0x000000005631a000 	/System/Library/Frameworks/ImageIO.framework/Versions/A/Resources/libPng.dylib
0x000000005631a000 	/System/Library/Frameworks/ImageIO.framework/Versions/A/Resources/libGIF.dylib
0x000000005631a000 	/System/Library/Frameworks/ImageIO.framework/Versions/A/Resources/libJP2.dylib
0x000000005631a000 	/System/Library/Frameworks/ImageIO.framework/Versions/A/Resources/libRadiance.dylib
0x000000005631a000 	/usr/lib/libcompression.dylib
0x000000005631a000 	/System/Library/PrivateFrameworks/AppleJPEG.framework/Versions/A/AppleJPEG
0x000000005631a000 	/usr/lib/libcups.2.dylib
0x000000005631a000 	/System/Library/Frameworks/Kerberos.framework/Versions/A/Kerberos
0x000000005631a000 	/System/Library/Frameworks/GSS.framework/Versions/A/GSS
0x000000005631a000 	/usr/lib/libresolv.9.dylib
0x000000005631a000 	/usr/lib/libiconv.2.dylib
0x000000005631a000 	/System/Library/PrivateFrameworks/Heimdal.framework/Versions/A/Heimdal
0x000000005631a000 	/usr/lib/libheimdal-asn1.dylib
0x000000005631a000 	/System/Library/Frameworks/OpenDirectory.framework/Versions/A/OpenDirectory
0x000000005631a000 	/System/Library/PrivateFrameworks/CommonAuth.framework/Versions/A/CommonAuth
0x000000005631a000 	/System/Library/Frameworks/OpenDirectory.framework/Versions/A/Frameworks/CFOpenDirectory.framework/Versions/A/CFOpenDirectory
0x000000005631a000 	/System/Library/Frameworks/SecurityFoundation.framework/Versions/A/SecurityFoundation
0x000000005631a000 	/System/Library/PrivateFrameworks/LanguageModeling.framework/Versions/A/LanguageModeling
0x000000005631a000 	/usr/lib/libmarisa.dylib
0x000000005631a000 	/usr/lib/libChineseTokenizer.dylib
0x000000005631a000 	/usr/lib/libcmph.dylib
0x000000005631a000 	/System/Library/PrivateFrameworks/CoreEmoji.framework/Versions/A/CoreEmoji
0x000000005631a000 	/System/Library/Frameworks/ServiceManagement.framework/Versions/A/ServiceManagement
0x000000005631a000 	/usr/lib/libxslt.1.dylib
0x000000005631a000 	/System/Library/Frameworks/Carbon.framework/Versions/A/Frameworks/Ink.framework/Versions/A/Ink
0x000000005631a000 	/System/Library/PrivateFrameworks/TextureIO.framework/Versions/A/TextureIO
0x000000005631a000 	/System/Library/Frameworks/Metal.framework/Versions/A/Metal
0x000000005631a000 	/usr/lib/libate.dylib
0x000000005631a000 	/System/Library/PrivateFrameworks/GPUCompiler.framework/libmetal_timestamp.dylib
0x000000005631a000 	/System/Library/Frameworks/OpenGL.framework/Versions/A/Libraries/libCoreFSCache.dylib
0x000000005631a000 	/System/Library/PrivateFrameworks/IOAccelerator.framework/Versions/A/IOAccelerator
0x000000005631a000 	/System/Library/Frameworks/CoreVideo.framework/Versions/A/CoreVideo
0x000000005631a000 	/usr/lib/libFosl_dynamic.dylib
0x000000005631a000 	/System/Library/PrivateFrameworks/MetalPerformanceShaders.framework/Versions/A/MetalPerformanceShaders
0x000000005631a000 	/System/Library/PrivateFrameworks/FaceCore.framework/Versions/A/FaceCore
0x000000005631a000 	/System/Library/Frameworks/OpenCL.framework/Versions/A/OpenCL
0x000000005631a000 	/System/Library/Frameworks/OpenGL.framework/Versions/A/Libraries/libGLU.dylib
0x000000005631a000 	/System/Library/Frameworks/OpenGL.framework/Versions/A/Libraries/libGFXShared.dylib
0x000000005631a000 	/System/Library/Frameworks/OpenGL.framework/Versions/A/Libraries/libGL.dylib
0x000000005631a000 	/System/Library/Frameworks/OpenGL.framework/Versions/A/Libraries/libGLImage.dylib
0x000000005631a000 	/System/Library/Frameworks/OpenGL.framework/Versions/A/Libraries/libCVMSPluginSupport.dylib
0x000000005631a000 	/System/Library/Frameworks/OpenGL.framework/Versions/A/Libraries/libCoreVMClient.dylib
0x000000005631a000 	/System/Library/PrivateFrameworks/CrashReporterSupport.framework/Versions/A/CrashReporterSupport
0x000000005631a000 	/System/Library/PrivateFrameworks/Sharing.framework/Versions/A/Sharing
0x000000005631a000 	/System/Library/PrivateFrameworks/IconServices.framework/Versions/A/IconServices
0x000000005631a000 	/System/Library/PrivateFrameworks/ProtocolBuffer.framework/Versions/A/ProtocolBuffer
0x000000005631a000 	/System/Library/PrivateFrameworks/Apple80211.framework/Versions/A/Apple80211
0x000000005631a000 	/System/Library/Frameworks/CoreWLAN.framework/Versions/A/CoreWLAN
0x000000005631a000 	/System/Library/PrivateFrameworks/CoreUtils.framework/Versions/A/CoreUtils
0x000000005631a000 	/System/Library/Frameworks/IOBluetooth.framework/Versions/A/IOBluetooth
0x000000005631a000 	/System/Library/PrivateFrameworks/CoreWiFi.framework/Versions/A/CoreWiFi
0x000000005631a000 	/System/Library/Frameworks/CoreBluetooth.framework/Versions/A/CoreBluetooth
0x000000005631a000 	/System/Library/Frameworks/CoreDisplay.framework/Versions/A/CoreDisplay
0x000000005631a000 	/System/Library/PrivateFrameworks/IOPresentment.framework/Versions/A/IOPresentment
0x000000005631a000 	/System/Library/PrivateFrameworks/DSExternalDisplay.framework/Versions/A/DSExternalDisplay
0x000000005631a000 	/System/Library/PrivateFrameworks/DebugSymbols.framework/Versions/A/DebugSymbols
0x000000005631a000 	/System/Library/PrivateFrameworks/CoreSymbolication.framework/Versions/A/CoreSymbolication
0x000000005631a000 	/System/Library/PrivateFrameworks/Symbolication.framework/Versions/A/Symbolication
0x000000005631a000 	/System/Library/PrivateFrameworks/AppleFSCompression.framework/Versions/A/AppleFSCompression
0x000000005631a000 	/System/Library/PrivateFrameworks/SpeechRecognitionCore.framework/Versions/A/SpeechRecognitionCore
0x000000005631a000 	/System/Library/PrivateFrameworks/ChunkingLibrary.framework/Versions/A/ChunkingLibrary
0x000000010d600000 	/Library/Java/JavaVirtualMachines/jdk1.7.0_79.jdk/Contents/Home/jre/lib/server/libjvm.dylib
0x000000005631a000 	/usr/lib/libstdc++.6.dylib
0x000000010ccd8000 	/Library/Java/JavaVirtualMachines/jdk1.7.0_79.jdk/Contents/Home/jre/lib/libverify.dylib
0x000000010cce5000 	/Library/Java/JavaVirtualMachines/jdk1.7.0_79.jdk/Contents/Home/jre/lib/libjava.dylib
0x000000010cd1f000 	/Library/Java/JavaVirtualMachines/jdk1.7.0_79.jdk/Contents/Home/jre/lib/libzip.dylib
0x000000011718c000 	/System/Library/Frameworks/JavaVM.framework/Frameworks/JavaRuntimeSupport.framework/JavaRuntimeSupport
0x000000010cde9000 	/System/Library/Frameworks/JavaVM.framework/Versions/A/Frameworks/JavaNativeFoundation.framework/Versions/A/JavaNativeFoundation
0x00000001171a6000 	/System/Library/Frameworks/JavaVM.framework/Versions/A/JavaVM
0x000000005631a000 	/System/Library/Frameworks/Carbon.framework/Versions/A/Carbon
0x00000001171b3000 	/System/Library/PrivateFrameworks/JavaLaunching.framework/Versions/A/JavaLaunching
0x000000005631a000 	/System/Library/Frameworks/Carbon.framework/Versions/A/Frameworks/CommonPanels.framework/Versions/A/CommonPanels
0x000000005631a000 	/System/Library/Frameworks/Carbon.framework/Versions/A/Frameworks/Help.framework/Versions/A/Help
0x000000005631a000 	/System/Library/Frameworks/Carbon.framework/Versions/A/Frameworks/ImageCapture.framework/Versions/A/ImageCapture
0x000000005631a000 	/System/Library/Frameworks/Carbon.framework/Versions/A/Frameworks/OpenScripting.framework/Versions/A/OpenScripting
0x000000005631a000 	/System/Library/Frameworks/Carbon.framework/Versions/A/Frameworks/Print.framework/Versions/A/Print
0x000000005631a000 	/System/Library/Frameworks/Carbon.framework/Versions/A/Frameworks/SecurityHI.framework/Versions/A/SecurityHI
0x0000000118cc3000 	/Library/Java/JavaVirtualMachines/jdk1.7.0_79.jdk/Contents/Home/jre/lib/libawt.dylib
0x0000000118d72000 	/Library/Java/JavaVirtualMachines/jdk1.7.0_79.jdk/Contents/Home/jre/lib/./libmlib_image.dylib
0x0000000118e3e000 	/Library/Java/JavaVirtualMachines/jdk1.7.0_79.jdk/Contents/Home/jre/lib/lwawt/liblwawt.dylib
0x0000000118ef4000 	/Library/Java/JavaVirtualMachines/jdk1.7.0_79.jdk/Contents/Home/jre/lib/libosxapp.dylib
0x000000005631a000 	/System/Library/Frameworks/ExceptionHandling.framework/Versions/A/ExceptionHandling
0x000000005631a000 	/System/Library/PrivateFrameworks/CoreServicesInternal.framework/Versions/A/CoreServicesInternal
0x000000005631a000 	/System/Library/CoreServices/RawCamera.bundle/Contents/MacOS/RawCamera
0x000000005631a000 	/System/Library/Frameworks/Accelerate.framework/Versions/A/Frameworks/vImage.framework/Versions/A/Libraries/libCGInterfaces.dylib
0x000000005631a000 	/System/Library/Frameworks/ApplicationServices.framework/Versions/A/Frameworks/ATS.framework/Versions/A/Resources/libTrueTypeScaler.dylib
0x000000011a9c3000 	/System/Library/Frameworks/OpenGL.framework/Resources/GLEngine.bundle/GLEngine
0x000000005631a000 	/System/Library/Frameworks/OpenGL.framework/Versions/A/Libraries/libGLProgrammability.dylib
0x000000011aba8000 	/System/Library/Extensions/AppleIntelBDWGraphicsGLDriver.bundle/Contents/MacOS/AppleIntelBDWGraphicsGLDriver
0x000000005631a000 	/System/Library/PrivateFrameworks/GPUSupport.framework/Versions/A/Libraries/libGPUSupportMercury.dylib
0x0000000119799000 	/System/Library/Frameworks/OpenGL.framework/Resources//GLRendererFloat.bundle/GLRendererFloat
0x000000005631a000 	/System/Library/Frameworks/OpenCL.framework/Versions/A/Libraries/libcldcpuengine.dylib
0x000000005631a000 	/usr/lib/libcrypto.0.9.8.dylib
0x000000005631a000 	/System/Library/PrivateFrameworks/TrustEvaluationAgent.framework/Versions/A/TrustEvaluationAgent
0x000000011b312000 	/System/Library/Extensions/AppleIntelBDWGraphicsMTLDriver.bundle/Contents/MacOS/AppleIntelBDWGraphicsMTLDriver
0x000000005631a000 	/System/Library/PrivateFrameworks/FamilyControls.framework/Versions/A/FamilyControls
0x000000005631a000 	/System/Library/PrivateFrameworks/CommerceKit.framework/Versions/A/Frameworks/CommerceCore.framework/Versions/A/CommerceCore
0x000000005631a000 	/System/Library/PrivateFrameworks/SystemAdministration.framework/Versions/A/SystemAdministration
0x000000005631a000 	/System/Library/PrivateFrameworks/AppContainer.framework/Versions/A/AppContainer
0x000000005631a000 	/System/Library/PrivateFrameworks/SecCodeWrapper.framework/Versions/A/SecCodeWrapper
0x000000005631a000 	/System/Library/Frameworks/DirectoryService.framework/Versions/A/DirectoryService
0x000000005631a000 	/System/Library/PrivateFrameworks/DiskImages.framework/Versions/A/DiskImages
0x000000005631a000 	/System/Library/PrivateFrameworks/LoginUIKit.framework/Versions/A/Frameworks/LoginUICore.framework/Versions/A/LoginUICore
0x000000005631a000 	/usr/lib/libCoreStorage.dylib
0x000000005631a000 	/usr/lib/libcsfde.dylib
0x000000005631a000 	/usr/lib/libodfde.dylib
0x000000005631a000 	/System/Library/Frameworks/DiscRecording.framework/Versions/A/DiscRecording
0x000000005631a000 	/usr/lib/libcurl.4.dylib
0x000000005631a000 	/System/Library/PrivateFrameworks/MediaKit.framework/Versions/A/MediaKit
0x000000005631a000 	/System/Library/PrivateFrameworks/ProtectedCloudStorage.framework/Versions/A/ProtectedCloudStorage
0x000000005631a000 	/System/Library/PrivateFrameworks/EFILogin.framework/Versions/A/EFILogin
0x000000005631a000 	/usr/lib/libutil.dylib
0x000000005631a000 	/System/Library/Frameworks/LDAP.framework/Versions/A/LDAP
0x000000005631a000 	/usr/lib/libsasl2.2.dylib
0x000000005631a000 	/System/Library/PrivateFrameworks/CoreDaemon.framework/Versions/B/CoreDaemon
0x000000005631a000 	/System/Library/PrivateFrameworks/AppleSRP.framework/Versions/A/AppleSRP
0x000000005631a000 	/System/Library/PrivateFrameworks/APFS.framework/Versions/A/APFS
0x000000011c90e000 	/Library/Java/JavaVirtualMachines/jdk1.7.0_79.jdk/Contents/Home/jre/lib/libfontmanager.dylib
0x0000000119296000 	/Library/Java/JavaVirtualMachines/jdk1.7.0_79.jdk/Contents/Home/jre/lib/libosxui.dylib
0x000000005631a000 	/System/Library/PrivateFrameworks/ViewBridge.framework/Versions/A/ViewBridge
0x000000005631a000 	/System/Library/PrivateFrameworks/XPCService.framework/Versions/A/XPCService
0x000000005631a000 	/System/Library/PrivateFrameworks/AppSandbox.framework/Versions/A/AppSandbox
0x000000005631a000 	/usr/lib/libsandbox.1.dylib
0x000000005631a000 	/usr/lib/libMatch.1.dylib
0x000000011dfc4000 	/Library/Java/JavaVirtualMachines/jdk1.7.0_79.jdk/Contents/Home/jre/lib/libosx.dylib
0x000000011dfd2000 	/Library/Java/JavaVirtualMachines/jdk1.7.0_79.jdk/Contents/Home/jre/lib/libnio.dylib
0x000000011dfe1000 	/Library/Java/JavaVirtualMachines/jdk1.7.0_79.jdk/Contents/Home/jre/lib/./libnet.dylib
0x00000001224aa000 	/Library/Java/JavaVirtualMachines/jdk1.7.0_79.jdk/Contents/Home/jre/lib/libdcpr.dylib

VM Arguments:
jvm_args: -Dfile.encoding=UTF-8 
java_command: speedith.Main
Launcher Type: SUN_STANDARD

Environment Variables:
PATH=/usr/bin:/bin:/usr/sbin:/sbin
SHELL=/bin/bash
DISPLAY=/private/tmp/com.apple.launchd.JgGrpI84N9/org.macosforge.xquartz:0

Signal Handlers:
SIGSEGV: [libjvm.dylib+0x52daf1], sa_mask[0]=0xfffefeff, sa_flags=0x00000043
SIGBUS: [libjvm.dylib+0x52daf1], sa_mask[0]=0xfffefeff, sa_flags=0x00000042
SIGFPE: [libjvm.dylib+0x41f34e], sa_mask[0]=0xfffefeff, sa_flags=0x00000042
SIGPIPE: [libjvm.dylib+0x41f34e], sa_mask[0]=0xfffefeff, sa_flags=0x00000042
SIGXFSZ: [libjvm.dylib+0x41f34e], sa_mask[0]=0xfffefeff, sa_flags=0x00000042
SIGILL: [libjvm.dylib+0x41f34e], sa_mask[0]=0xfffefeff, sa_flags=0x00000042
SIGUSR1: SIG_DFL, sa_mask[0]=0x00000000, sa_flags=0x00000000
SIGUSR2: [libjvm.dylib+0x41ee40], sa_mask[0]=0x00000004, sa_flags=0x00000042
SIGHUP: [libjvm.dylib+0x41d0d1], sa_mask[0]=0xfffefeff, sa_flags=0x00000042
SIGINT: [libjvm.dylib+0x41d0d1], sa_mask[0]=0xfffefeff, sa_flags=0x00000042
SIGTERM: [libjvm.dylib+0x41d0d1], sa_mask[0]=0xfffefeff, sa_flags=0x00000042
SIGQUIT: [libjvm.dylib+0x41d0d1], sa_mask[0]=0xfffefeff, sa_flags=0x00000042


---------------  S Y S T E M  ---------------

OS:Bsduname:Darwin 16.7.0 Darwin Kernel Version 16.7.0: Thu Jun 15 17:36:27 PDT 2017; root:xnu-3789.70.16~2/RELEASE_X86_64 x86_64
rlimit: STACK 8192k, CORE 0k, NPROC 709, NOFILE 10240, AS infinity
load average:1.55 1.72 1.73

CPU:total 4 (2 cores per cpu, 2 threads per core) family 6 model 61 stepping 4, cmov, cx8, fxsr, mmx, sse, sse2, sse3, ssse3, sse4.1, sse4.2, popcnt, avx, avx2, aes, erms, ht, tsc, tscinvbit

Memory: 4k page, physical 8388608k(2097152k free)

/proc/meminfo:


vm_info: Java HotSpot(TM) 64-Bit Server VM (24.79-b02) for bsd-amd64 JRE (1.7.0_79-b15), built on Apr 10 2015 11:35:04 by "java_re" with gcc 4.2.1 (Based on Apple Inc. build 5658) (LLVM build 2336.11.00)

time: Thu Sep 28 15:18:38 2017
elapsed time: 18099 seconds

