#
# A fatal error has been detected by the Java Runtime Environment:
#
#  SIGSEGV (0xb) at pc=0x0000000117ce9b43, pid=61266, tid=44607
#
# JRE version: Java(TM) SE Runtime Environment (7.0_79-b15) (build 1.7.0_79-b15)
# Java VM: Java HotSpot(TM) 64-Bit Server VM (24.79-b02 mixed mode bsd-amd64 compressed oops)
# Problematic frame:
# C  [liblwawt.dylib+0x12b43]  OGLSD_SetScratchSurface+0x3d
#
# Failed to write core dump. Core dumps have been disabled. To enable core dumping, try "ulimit -c unlimited" before starting Java again
#
# If you would like to submit a bug report, please visit:
#   http://bugreport.java.com/bugreport/crash.jsp
# The crash happened outside the Java Virtual Machine in native code.
# See problematic frame for where to report the bug.
#

---------------  T H R E A D  ---------------

Current thread (0x00007fd5aa220000):  JavaThread "Java2D Queue Flusher" daemon [_thread_in_native, id=44607, stack(0x0000700003637000,0x0000700003737000)]

siginfo:si_signo=SIGSEGV: si_errno=0, si_code=0 (SEGV0), si_addr=0x0000000000000000

Registers:
RAX=0x00007fd5aa249078, RBX=0x00007fd5aa2201e8, RCX=0x00007fd5aa249080, RDX=0x0000000117cdfa0c
RSP=0x00007000037367a0, RBP=0x00007000037367c0, RSI=0x00007fd5adb638f0, RDI=0x00007fd5aa249078
R8 =0x00007fd5a8ea5a48, R9 =0xffffffff00000000, R10=0x000000010cfe372c, R11=0x000000010c877353
R12=0x0000000000000000, R13=0x000000077b3a4b60, R14=0x00007fd5adb50002, R15=0xc63100b40d00b42a
RIP=0x0000000117ce9b43, EFLAGS=0x0000000000010206, ERR=0x0000000000000000
  TRAPNO=0x000000000000000d

Top of Stack: (sp=0x00007000037367a0)
0x00007000037367a0:   00007fd5adb638f0 0000000000000000
0x00007000037367b0:   00007fd5a9187a10 00007fd5aa220000
0x00007000037367c0:   0000700003736840 0000000117cdf4ea
0x00007000037367d0:   0000000000000000 000000010c4f6288
0x00007000037367e0:   0000000000000064 00007fd5aa220000
0x00007000037367f0:   0000000000000bad 0000000000000bad
0x0000700003736800:   00007fd5aa220000 00007fd5a9187a20
0x0000700003736810:   00007fd500ea5a00 00007fd5aa2201e8
0x0000700003736820:   000000077b3a4b60 0000000000000000
0x0000700003736830:   00007000037368e8 00007fd5aa220000
0x0000700003736840:   00007000037368b0 000000010cfe3758
0x0000700003736850:   0000700003736890 000000077af0f488
0x0000700003736860:   0000700003736880 0000000000000064
0x0000700003736870:   0000700003736870 0000000000000000
0x0000700003736880:   00007000037368e8 000000077b3a6348
0x0000700003736890:   0000000000000000 000000077b3a4b60
0x00007000037368a0:   0000000000000000 00007000037368d0
0x00007000037368b0:   0000700003736930 000000010cfd7058
0x00007000037368c0:   0000000000000000 000000010cfdfcd8
0x00007000037368d0:   0000000000000020 00007fd5a9187a00
0x00007000037368e0:   00000007830312a8 0000000783031290
0x00007000037368f0:   00007000037368f0 000000077b3a4c45
0x0000700003736900:   0000700003736948 000000077b3a6348
0x0000700003736910:   0000000000000000 000000077b3a4c68
0x0000700003736920:   00007000037368d0 0000700003736948
0x0000700003736930:   0000700003736990 000000010cfd7058
0x0000700003736940:   0000000000000020 0000000783031290
0x0000700003736950:   0000700003736950 000000077b3a4df9
0x0000700003736960:   00007000037369a0 000000077b3a6348
0x0000700003736970:   0000000000000000 000000077b3a4e08
0x0000700003736980:   0000700003736948 00007000037369a0
0x0000700003736990:   00007000037369f8 000000010cfd7058 

Instructions: (pc=0x0000000117ce9b43)
0x0000000117ce9b23:   c0 be 01 00 00 00 e8 b0 2c 03 00 31 c0 eb 6d 48
0x0000000117ce9b33:   89 fb 4c 8b 76 10 4d 8b 3e 30 c0 e8 6f 31 03 00
0x0000000117ce9b43:   49 8b 3f 49 89 c4 48 8b 35 d8 7e 06 00 30 c0 e8
0x0000000117ce9b53:   99 32 03 00 48 85 c0 75 4c 30 c0 e8 79 60 ff ff 

Register to memory mapping:

RAX=0x00007fd5aa249078 is an unknown value
RBX=0x00007fd5aa2201e8 is an unknown value
RCX=0x00007fd5aa249080 is an unknown value
RDX=0x0000000117cdfa0c: Java_sun_java2d_opengl_OGLRenderQueue_flushBuffer+0xb5c in /Library/Java/JavaVirtualMachines/jdk1.7.0_79.jdk/Contents/Home/jre/lib/lwawt/liblwawt.dylib at 0x0000000117cd7000
RSP=0x00007000037367a0 is pointing into the stack for thread: 0x00007fd5aa220000
RBP=0x00007000037367c0 is pointing into the stack for thread: 0x00007fd5aa220000
RSI=0x00007fd5adb638f0 is an unknown value
RDI=0x00007fd5aa249078 is an unknown value
R8 =0x00007fd5a8ea5a48 is an unknown value
R9 =0xffffffff00000000 is an unknown value
R10=0x000000010cfe372c is at code_begin+620 in an Interpreter codelet
method entry point (kind = native)  [0x000000010cfe34c0, 0x000000010cfe3d00]  2112 bytes
R11=0x000000010c877353: throw_unsatisfied_link_error+0 in /Library/Java/JavaVirtualMachines/jdk1.7.0_79.jdk/Contents/Home/jre/lib/server/libjvm.dylib at 0x000000010c400000
R12=0x0000000000000000 is an unknown value
R13=0x000000077b3a4b60 is an oop
{method} 
 - klass: {other class}
R14=0x00007fd5adb50002 is an unknown value
R15=0xc63100b40d00b42a is an unknown value


Stack: [0x0000700003637000,0x0000700003737000],  sp=0x00007000037367a0,  free space=1021k
Native frames: (J=compiled Java code, j=interpreted, Vv=VM code, C=native code)
C  [liblwawt.dylib+0x12b43]  OGLSD_SetScratchSurface+0x3d
C  [liblwawt.dylib+0x84ea]  Java_sun_java2d_opengl_OGLRenderQueue_flushBuffer+0x63a
j  sun.java2d.opengl.OGLRenderQueue.flushBuffer(JI)V+0
j  sun.java2d.opengl.OGLRenderQueue.flushBuffer()V+21
j  sun.java2d.opengl.OGLRenderQueue.access$100(Lsun/java2d/opengl/OGLRenderQueue;)V+1
j  sun.java2d.opengl.OGLRenderQueue$QueueFlusher.run()V+81
v  ~StubRoutines::call_stub
V  [libjvm.dylib+0x2dbef8]
V  [libjvm.dylib+0x2dc40f]
V  [libjvm.dylib+0x2dc54c]
V  [libjvm.dylib+0x32b43a]
V  [libjvm.dylib+0x4f759d]
V  [libjvm.dylib+0x4f8ca5]
V  [libjvm.dylib+0x421c4e]
C  [libsystem_pthread.dylib+0x36c1]  _pthread_body+0x154
C  [libsystem_pthread.dylib+0x356d]  _pthread_body+0x0
C  [libsystem_pthread.dylib+0x2c5d]  thread_start+0xd

Java frames: (J=compiled Java code, j=interpreted, Vv=VM code)
j  sun.java2d.opengl.OGLRenderQueue.flushBuffer(JI)V+0
j  sun.java2d.opengl.OGLRenderQueue.flushBuffer()V+21
j  sun.java2d.opengl.OGLRenderQueue.access$100(Lsun/java2d/opengl/OGLRenderQueue;)V+1
j  sun.java2d.opengl.OGLRenderQueue$QueueFlusher.run()V+81
v  ~StubRoutines::call_stub

---------------  P R O C E S S  ---------------

Java Threads: ( => current thread )
  0x00007fd5a9d75800 JavaThread "Thread-3" daemon [_thread_blocked, id=29547, stack(0x0000700003bc9000,0x0000700003cc9000)]
  0x00007fd5a9ab3000 JavaThread "TimerQueue" daemon [_thread_blocked, id=4179, stack(0x0000700003a43000,0x0000700003b43000)]
  0x00007fd5a9804800 JavaThread "Timer-0" daemon [_thread_blocked, id=77315, stack(0x0000700003940000,0x0000700003a40000)]
  0x00007fd5aa257000 JavaThread "DestroyJavaVM" [_thread_blocked, id=9475, stack(0x0000700002684000,0x0000700002784000)]
  0x00007fd5a9a4d000 JavaThread "AWT-EventQueue-0" [_thread_blocked, id=52747, stack(0x000070000383d000,0x000070000393d000)]
  0x00007fd5a9a3e000 JavaThread "Java2D Disposer" daemon [_thread_blocked, id=80659, stack(0x000070000373a000,0x000070000383a000)]
=>0x00007fd5aa220000 JavaThread "Java2D Queue Flusher" daemon [_thread_in_native, id=44607, stack(0x0000700003637000,0x0000700003737000)]
  0x00007fd5aa91e000 JavaThread "AWT-Shutdown" [_thread_blocked, id=38443, stack(0x000070000342e000,0x000070000352e000)]
  0x00007fd5a904f000 JavaThread "AppKit Thread" daemon [_thread_in_native, id=775, stack(0x00007ffee396d000,0x00007ffee416d000)]
  0x00007fd5aa81a800 JavaThread "Service Thread" daemon [_thread_blocked, id=17411, stack(0x00007000031a5000,0x00007000032a5000)]
  0x00007fd5a9829800 JavaThread "C2 CompilerThread1" daemon [_thread_blocked, id=17667, stack(0x00007000030a2000,0x00007000031a2000)]
  0x00007fd5a9825000 JavaThread "C2 CompilerThread0" daemon [_thread_blocked, id=13571, stack(0x0000700002f9f000,0x000070000309f000)]
  0x00007fd5aa00e800 JavaThread "Signal Dispatcher" daemon [_thread_blocked, id=13059, stack(0x0000700002e9c000,0x0000700002f9c000)]
  0x00007fd5aa03c800 JavaThread "Finalizer" daemon [_thread_blocked, id=20227, stack(0x0000700002d99000,0x0000700002e99000)]
  0x00007fd5aa03c000 JavaThread "Reference Handler" daemon [_thread_blocked, id=11523, stack(0x0000700002c96000,0x0000700002d96000)]

Other Threads:
  0x00007fd5aa813000 VMThread [stack: 0x0000700002b93000,0x0000700002c93000] [id=20995]
  0x00007fd5a9828000 WatcherThread [stack: 0x00007000032a8000,0x00007000033a8000] [id=17155]

VM state:not at safepoint (normal execution)

VM Mutex/Monitor currently owned by a thread: None

Heap
 PSYoungGen      total 47104K, used 16786K [0x00000007d5500000, 0x00000007d9280000, 0x0000000800000000)
  eden space 32256K, 18% used [0x00000007d5500000,0x00000007d5ab8168,0x00000007d7480000)
  from space 14848K, 73% used [0x00000007d7500000,0x00000007d7fac700,0x00000007d8380000)
  to   space 15360K, 0% used [0x00000007d8380000,0x00000007d8380000,0x00000007d9280000)
 ParOldGen       total 87040K, used 50836K [0x0000000780000000, 0x0000000785500000, 0x00000007d5500000)
  object space 87040K, 58% used [0x0000000780000000,0x00000007831a50d8,0x0000000785500000)
 PSPermGen       total 23040K, used 22957K [0x000000077ae00000, 0x000000077c480000, 0x0000000780000000)
  object space 23040K, 99% used [0x000000077ae00000,0x000000077c46b640,0x000000077c480000)

Card table byte_map: [0x000000010ffd1000,0x00000001103fb000] byte_map_base: 0x000000010c3fa000

Polling page: 0x000000010bb08000

Code Cache  [0x000000010cfd1000, 0x000000010d241000, 0x000000010ffd1000)
 total_blobs=1009 nmethods=461 adapters=502 free_code_cache=47596Kb largest_free_block=48694336

Compilation events (10 events):
Event: 1085.233 Thread 0x00007fd5a9825000 nmethod 475 0x000000010d155690 code [0x000000010d1557e0, 0x000000010d1558d8]
Event: 1085.233 Thread 0x00007fd5a9829800 nmethod 474 0x000000010d152f10 code [0x000000010d153060, 0x000000010d153178]
Event: 1085.331 Thread 0x00007fd5a9825000  476             sun.java2d.opengl.OGLRenderQueue::access$000 (5 bytes)
Event: 1085.331 Thread 0x00007fd5a9825000 nmethod 476 0x000000010d155490 code [0x000000010d1555c0, 0x000000010d155618]
Event: 1230.197 Thread 0x00007fd5a9829800  477 %s!         sun.java2d.opengl.OGLRenderQueue$QueueFlusher::run @ 2 (234 bytes)
Event: 1230.220 Thread 0x00007fd5a9829800 nmethod 477% 0x000000010d1559d0 code [0x000000010d155c20, 0x000000010d1564c8]
Event: 3195.057 Thread 0x00007fd5a9825000  478             java.awt.image.SinglePixelPackedSampleModel::<init> (277 bytes)
Event: 3195.070 Thread 0x00007fd5a9825000 nmethod 478 0x000000010d153f50 code [0x000000010d1540e0, 0x000000010d154688]
Event: 3201.621 Thread 0x00007fd5a9829800  479             java.util.HashMap$HashIterator::hasNext (13 bytes)
Event: 3201.621 Thread 0x00007fd5a9829800 nmethod 479 0x000000010d148910 code [0x000000010d148a40, 0x000000010d148ab8]

GC Heap History (10 events):
Event: 88.677 GC heap before
{Heap before GC invocations=3 (full 0):
 PSYoungGen      total 38912K, used 38890K [0x00000007d5500000, 0x00000007d8000000, 0x0000000800000000)
  eden space 33792K, 100% used [0x00000007d5500000,0x00000007d7600000,0x00000007d7600000)
  from space 5120K, 99% used [0x00000007d7b00000,0x00000007d7ffaa20,0x00000007d8000000)
  to   space 5120K, 0% used [0x00000007d7600000,0x00000007d7600000,0x00000007d7b00000)
 ParOldGen       total 87040K, used 12516K [0x0000000780000000, 0x0000000785500000, 0x00000007d5500000)
  object space 87040K, 14% used [0x0000000780000000,0x0000000780c392d0,0x0000000785500000)
 PSPermGen       total 21504K, used 19543K [0x000000077ae00000, 0x000000077c300000, 0x0000000780000000)
  object space 21504K, 90% used [0x000000077ae00000,0x000000077c115f18,0x000000077c300000)
Event: 88.684 GC heap after
Heap after GC invocations=3 (full 0):
 PSYoungGen      total 38912K, used 5098K [0x00000007d5500000, 0x00000007d8000000, 0x0000000800000000)
  eden space 33792K, 0% used [0x00000007d5500000,0x00000007d5500000,0x00000007d7600000)
  from space 5120K, 99% used [0x00000007d7600000,0x00000007d7afaa00,0x00000007d7b00000)
  to   space 5120K, 0% used [0x00000007d7b00000,0x00000007d7b00000,0x00000007d8000000)
 ParOldGen       total 87040K, used 15396K [0x0000000780000000, 0x0000000785500000, 0x00000007d5500000)
  object space 87040K, 17% used [0x0000000780000000,0x0000000780f09168,0x0000000785500000)
 PSPermGen       total 21504K, used 19543K [0x000000077ae00000, 0x000000077c300000, 0x0000000780000000)
  object space 21504K, 90% used [0x000000077ae00000,0x000000077c115f18,0x000000077c300000)
}
Event: 190.420 GC heap before
{Heap before GC invocations=4 (full 0):
 PSYoungGen      total 38912K, used 37332K [0x00000007d5500000, 0x00000007d8000000, 0x0000000800000000)
  eden space 33792K, 95% used [0x00000007d5500000,0x00000007d747a6d8,0x00000007d7600000)
  from space 5120K, 99% used [0x00000007d7600000,0x00000007d7afaa00,0x00000007d7b00000)
  to   space 5120K, 0% used [0x00000007d7b00000,0x00000007d7b00000,0x00000007d8000000)
 ParOldGen       total 87040K, used 15396K [0x0000000780000000, 0x0000000785500000, 0x00000007d5500000)
  object space 87040K, 17% used [0x0000000780000000,0x0000000780f09168,0x0000000785500000)
 PSPermGen       total 22016K, used 21733K [0x000000077ae00000, 0x000000077c380000, 0x0000000780000000)
  object space 22016K, 98% used [0x000000077ae00000,0x000000077c339520,0x000000077c380000)
Event: 190.432 GC heap after
Heap after GC invocations=4 (full 0):
 PSYoungGen      total 38912K, used 4662K [0x00000007d5500000, 0x00000007d8000000, 0x0000000800000000)
  eden space 33792K, 0% used [0x00000007d5500000,0x00000007d5500000,0x00000007d7600000)
  from space 5120K, 91% used [0x00000007d7b00000,0x00000007d7f8d900,0x00000007d8000000)
  to   space 5120K, 0% used [0x00000007d7600000,0x00000007d7600000,0x00000007d7b00000)
 ParOldGen       total 87040K, used 32318K [0x0000000780000000, 0x0000000785500000, 0x00000007d5500000)
  object space 87040K, 37% used [0x0000000780000000,0x0000000781f8f858,0x0000000785500000)
 PSPermGen       total 22016K, used 21733K [0x000000077ae00000, 0x000000077c380000, 0x0000000780000000)
  object space 22016K, 98% used [0x000000077ae00000,0x000000077c339520,0x000000077c380000)
}
Event: 210.766 GC heap before
{Heap before GC invocations=5 (full 0):
 PSYoungGen      total 38912K, used 38454K [0x00000007d5500000, 0x00000007d8000000, 0x0000000800000000)
  eden space 33792K, 100% used [0x00000007d5500000,0x00000007d7600000,0x00000007d7600000)
  from space 5120K, 91% used [0x00000007d7b00000,0x00000007d7f8d900,0x00000007d8000000)
  to   space 5120K, 0% used [0x00000007d7600000,0x00000007d7600000,0x00000007d7b00000)
 ParOldGen       total 87040K, used 32318K [0x0000000780000000, 0x0000000785500000, 0x00000007d5500000)
  object space 87040K, 37% used [0x0000000780000000,0x0000000781f8f858,0x0000000785500000)
 PSPermGen       total 22528K, used 22143K [0x000000077ae00000, 0x000000077c400000, 0x0000000780000000)
  object space 22528K, 98% used [0x000000077ae00000,0x000000077c39fe00,0x000000077c400000)
Event: 210.778 GC heap after
Heap after GC invocations=5 (full 0):
 PSYoungGen      total 38400K, used 4134K [0x00000007d5500000, 0x00000007d9480000, 0x0000000800000000)
  eden space 33280K, 0% used [0x00000007d5500000,0x00000007d5500000,0x00000007d7580000)
  from space 5120K, 80% used [0x00000007d7600000,0x00000007d7a098b8,0x00000007d7b00000)
  to   space 15872K, 0% used [0x00000007d8500000,0x00000007d8500000,0x00000007d9480000)
 ParOldGen       total 87040K, used 49248K [0x0000000780000000, 0x0000000785500000, 0x00000007d5500000)
  object space 87040K, 56% used [0x0000000780000000,0x00000007830183c8,0x0000000785500000)
 PSPermGen       total 22528K, used 22143K [0x000000077ae00000, 0x000000077c400000, 0x0000000780000000)
  object space 22528K, 98% used [0x000000077ae00000,0x000000077c39fe00,0x000000077c400000)
}
Event: 283.494 GC heap before
{Heap before GC invocations=6 (full 0):
 PSYoungGen      total 38400K, used 35050K [0x00000007d5500000, 0x00000007d9480000, 0x0000000800000000)
  eden space 33280K, 92% used [0x00000007d5500000,0x00000007d7331278,0x00000007d7580000)
  from space 5120K, 80% used [0x00000007d7600000,0x00000007d7a098b8,0x00000007d7b00000)
  to   space 15872K, 0% used [0x00000007d8500000,0x00000007d8500000,0x00000007d9480000)
 ParOldGen       total 87040K, used 49248K [0x0000000780000000, 0x0000000785500000, 0x00000007d5500000)
  object space 87040K, 56% used [0x0000000780000000,0x00000007830183c8,0x0000000785500000)
 PSPermGen       total 22528K, used 22404K [0x000000077ae00000, 0x000000077c400000, 0x0000000780000000)
  object space 22528K, 99% used [0x000000077ae00000,0x000000077c3e12f8,0x000000077c400000)
Event: 283.503 GC heap after
Heap after GC invocations=6 (full 0):
 PSYoungGen      total 46080K, used 7388K [0x00000007d5500000, 0x00000007d9200000, 0x0000000800000000)
  eden space 32768K, 0% used [0x00000007d5500000,0x00000007d5500000,0x00000007d7500000)
  from space 13312K, 55% used [0x00000007d8500000,0x00000007d8c370b0,0x00000007d9200000)
  to   space 14848K, 0% used [0x00000007d7500000,0x00000007d7500000,0x00000007d8380000)
 ParOldGen       total 87040K, used 49248K [0x0000000780000000, 0x0000000785500000, 0x00000007d5500000)
  object space 87040K, 56% used [0x0000000780000000,0x00000007830183c8,0x0000000785500000)
 PSPermGen       total 22528K, used 22404K [0x000000077ae00000, 0x000000077c400000, 0x0000000780000000)
  object space 22528K, 99% used [0x000000077ae00000,0x000000077c3e12f8,0x000000077c400000)
}
Event: 3201.576 GC heap before
{Heap before GC invocations=7 (full 0):
 PSYoungGen      total 46080K, used 38153K [0x00000007d5500000, 0x00000007d9200000, 0x0000000800000000)
  eden space 32768K, 93% used [0x00000007d5500000,0x00000007d730b4d0,0x00000007d7500000)
  from space 13312K, 55% used [0x00000007d8500000,0x00000007d8c370b0,0x00000007d9200000)
  to   space 14848K, 0% used [0x00000007d7500000,0x00000007d7500000,0x00000007d8380000)
 ParOldGen       total 87040K, used 49248K [0x0000000780000000, 0x0000000785500000, 0x00000007d5500000)
  object space 87040K, 56% used [0x0000000780000000,0x00000007830183c8,0x0000000785500000)
 PSPermGen       total 23040K, used 22957K [0x000000077ae00000, 0x000000077c480000, 0x0000000780000000)
  object space 23040K, 99% used [0x000000077ae00000,0x000000077c46b640,0x000000077c480000)
Event: 3201.603 GC heap after
Heap after GC invocations=7 (full 0):
 PSYoungGen      total 47104K, used 10929K [0x00000007d5500000, 0x00000007d9280000, 0x0000000800000000)
  eden space 32256K, 0% used [0x00000007d5500000,0x00000007d5500000,0x00000007d7480000)
  from space 14848K, 73% used [0x00000007d7500000,0x00000007d7fac700,0x00000007d8380000)
  to   space 15360K, 0% used [0x00000007d8380000,0x00000007d8380000,0x00000007d9280000)
 ParOldGen       total 87040K, used 50836K [0x0000000780000000, 0x0000000785500000, 0x00000007d5500000)
  object space 87040K, 58% used [0x0000000780000000,0x00000007831a50d8,0x0000000785500000)
 PSPermGen       total 23040K, used 22957K [0x000000077ae00000, 0x000000077c480000, 0x0000000780000000)
  object space 23040K, 99% used [0x000000077ae00000,0x000000077c46b640,0x000000077c480000)
}

Deoptimization events (10 events):
Event: 190.274 Thread 0x00007fd5a904f000 Uncommon trap: reason=bimorphic action=maybe_recompile pc=0x000000010d0d59f8 method=sun.java2d.SunGraphics2D.validateColor()V @ 94
Event: 190.275 Thread 0x00007fd5a904f000 Uncommon trap: reason=unreached action=reinterpret pc=0x000000010d0dbea4 method=java.awt.EventQueue.coalesceEvent(Ljava/awt/AWTEvent;I)Z @ 56
Event: 200.201 Thread 0x00007fd5a9a4d000 Uncommon trap: reason=unreached action=reinterpret pc=0x000000010d0caf3c method=java.awt.EventDispatchThread.pumpOneEventForFilters(I)V @ 119
Event: 216.453 Thread 0x00007fd5a9a4d000 Uncommon trap: reason=unreached action=reinterpret pc=0x000000010d0d8424 method=sun.java2d.pipe.BufferedContext.validate(Lsun/java2d/pipe/hw/AccelSurface;Lsun/java2d/pipe/hw/AccelSurface;Lsun/java2d/pipe/Region;Ljava/awt/Composite;Ljava/awt/geom/AffineTra
Event: 227.718 Thread 0x00007fd5a9a4d000 Uncommon trap: reason=class_check action=maybe_recompile pc=0x000000010d058538 method=java.util.Properties$LineReader.readLine()I @ 62
Event: 227.718 Thread 0x00007fd5a9a4d000 Uncommon trap: reason=class_check action=maybe_recompile pc=0x000000010d058560 method=java.util.Properties$LineReader.readLine()I @ 402
Event: 227.718 Thread 0x00007fd5a9a4d000 Uncommon trap: reason=class_check action=maybe_recompile pc=0x000000010d058538 method=java.util.Properties$LineReader.readLine()I @ 62
Event: 3194.958 Thread 0x00007fd5aa220000 Uncommon trap: reason=class_check action=maybe_recompile pc=0x000000010d156044 method=sun.java2d.opengl.OGLRenderQueue$QueueFlusher.run()V @ 95
Event: 3195.086 Thread 0x00007fd5a904f000 Uncommon trap: reason=null_check action=make_not_entrant pc=0x000000010d1464e8 method=java.awt.geom.AffineTransform.equals(Ljava/lang/Object;)Z @ 1
Event: 3201.549 Thread 0x00007fd5a904f000 Uncommon trap: reason=null_check action=make_not_entrant pc=0x000000010d09e930 method=java.awt.geom.AffineTransform.equals(Ljava/lang/Object;)Z @ 1

Internal exceptions (10 events):
Event: 322.808 Thread 0x00007fd5a9a4d000 Threw 0x00000007d5ce5a88 at /HUDSON/workspace/7u-2-build-macosx-x86_64/jdk7u79/2331/hotspot/src/share/vm/prims/jvm.cpp:1304
Event: 322.809 Thread 0x00007fd5a9a4d000 Threw 0x00000007d5cef090 at /HUDSON/workspace/7u-2-build-macosx-x86_64/jdk7u79/2331/hotspot/src/share/vm/prims/jvm.cpp:1304
Event: 322.811 Thread 0x00007fd5a9a4d000 Threw 0x00000007d5cf8c78 at /HUDSON/workspace/7u-2-build-macosx-x86_64/jdk7u79/2331/hotspot/src/share/vm/prims/jvm.cpp:1304
Event: 322.811 Thread 0x00007fd5a9a4d000 Threw 0x00000007d5d118d8 at /HUDSON/workspace/7u-2-build-macosx-x86_64/jdk7u79/2331/hotspot/src/share/vm/prims/jvm.cpp:1304
Event: 322.812 Thread 0x00007fd5a9a4d000 Threw 0x00000007d5d1c8e8 at /HUDSON/workspace/7u-2-build-macosx-x86_64/jdk7u79/2331/hotspot/src/share/vm/prims/jvm.cpp:1304
Event: 322.812 Thread 0x00007fd5a9a4d000 Threw 0x00000007d5d26c08 at /HUDSON/workspace/7u-2-build-macosx-x86_64/jdk7u79/2331/hotspot/src/share/vm/prims/jvm.cpp:1304
Event: 322.813 Thread 0x00007fd5a9a4d000 Threw 0x00000007d5d30f60 at /HUDSON/workspace/7u-2-build-macosx-x86_64/jdk7u79/2331/hotspot/src/share/vm/prims/jvm.cpp:1304
Event: 322.814 Thread 0x00007fd5a9a4d000 Threw 0x00000007d5d37568 at /HUDSON/workspace/7u-2-build-macosx-x86_64/jdk7u79/2331/hotspot/src/share/vm/prims/jvm.cpp:1304
Event: 3195.086 Thread 0x00007fd5a904f000 Implicit null exception at 0x000000010d145730 to 0x000000010d1464c9
Event: 3201.549 Thread 0x00007fd5a904f000 Implicit null exception at 0x000000010d09e88c to 0x000000010d09e921

Events (10 events):
Event: 3201.622 Executing VM operation: RevokeBias
Event: 3201.622 Executing VM operation: RevokeBias done
Event: 3201.622 Executing VM operation: RevokeBias
Event: 3201.622 Executing VM operation: RevokeBias done
Event: 3201.622 Executing VM operation: RevokeBias
Event: 3201.623 Executing VM operation: RevokeBias done
Event: 3201.623 Executing VM operation: RevokeBias
Event: 3201.623 Executing VM operation: RevokeBias done
Event: 3201.623 Executing VM operation: RevokeBias
Event: 3201.623 Executing VM operation: RevokeBias done


Dynamic libraries:
0x0000000022a6d000 	/System/Library/Frameworks/Cocoa.framework/Versions/A/Cocoa
0x0000000022a6d000 	/System/Library/Frameworks/Security.framework/Versions/A/Security
0x0000000022a6d000 	/System/Library/Frameworks/ApplicationServices.framework/Versions/A/ApplicationServices
0x0000000022a6d000 	/usr/lib/libz.1.dylib
0x0000000022a6d000 	/usr/lib/libSystem.B.dylib
0x0000000022a6d000 	/usr/lib/libobjc.A.dylib
0x0000000022a6d000 	/System/Library/Frameworks/CoreFoundation.framework/Versions/A/CoreFoundation
0x0000000022a6d000 	/System/Library/Frameworks/Foundation.framework/Versions/C/Foundation
0x0000000022a6d000 	/System/Library/Frameworks/AppKit.framework/Versions/C/AppKit
0x0000000022a6d000 	/System/Library/Frameworks/CoreData.framework/Versions/A/CoreData
0x0000000022a6d000 	/System/Library/PrivateFrameworks/RemoteViewServices.framework/Versions/A/RemoteViewServices
0x0000000022a6d000 	/System/Library/PrivateFrameworks/UIFoundation.framework/Versions/A/UIFoundation
0x0000000022a6d000 	/System/Library/PrivateFrameworks/DFRFoundation.framework/Versions/A/DFRFoundation
0x0000000022a6d000 	/System/Library/Frameworks/Metal.framework/Versions/A/Metal
0x0000000022a6d000 	/System/Library/PrivateFrameworks/DesktopServicesPriv.framework/Versions/A/DesktopServicesPriv
0x0000000022a6d000 	/usr/lib/libenergytrace.dylib
0x0000000022a6d000 	/System/Library/PrivateFrameworks/SkyLight.framework/Versions/A/SkyLight
0x0000000022a6d000 	/System/Library/Frameworks/CoreGraphics.framework/Versions/A/CoreGraphics
0x0000000022a6d000 	/usr/lib/libScreenReader.dylib
0x0000000022a6d000 	/System/Library/Frameworks/Accelerate.framework/Versions/A/Accelerate
0x0000000022a6d000 	/System/Library/Frameworks/IOSurface.framework/Versions/A/IOSurface
0x0000000022a6d000 	/System/Library/Frameworks/AudioToolbox.framework/Versions/A/AudioToolbox
0x0000000022a6d000 	/System/Library/Frameworks/AudioUnit.framework/Versions/A/AudioUnit
0x0000000022a6d000 	/System/Library/PrivateFrameworks/DataDetectorsCore.framework/Versions/A/DataDetectorsCore
0x0000000022a6d000 	/System/Library/Frameworks/Carbon.framework/Versions/A/Frameworks/HIToolbox.framework/Versions/A/HIToolbox
0x0000000022a6d000 	/usr/lib/libicucore.A.dylib
0x0000000022a6d000 	/System/Library/Frameworks/QuartzCore.framework/Versions/A/QuartzCore
0x0000000022a6d000 	/System/Library/Frameworks/Carbon.framework/Versions/A/Frameworks/SpeechRecognition.framework/Versions/A/SpeechRecognition
0x0000000022a6d000 	/usr/lib/libauto.dylib
0x0000000022a6d000 	/usr/lib/libxml2.2.dylib
0x0000000022a6d000 	/System/Library/PrivateFrameworks/CoreUI.framework/Versions/A/CoreUI
0x0000000022a6d000 	/System/Library/Frameworks/CoreAudio.framework/Versions/A/CoreAudio
0x0000000022a6d000 	/System/Library/Frameworks/DiskArbitration.framework/Versions/A/DiskArbitration
0x0000000022a6d000 	/usr/lib/liblangid.dylib
0x0000000022a6d000 	/System/Library/PrivateFrameworks/MultitouchSupport.framework/Versions/A/MultitouchSupport
0x0000000022a6d000 	/System/Library/Frameworks/IOKit.framework/Versions/A/IOKit
0x0000000022a6d000 	/usr/lib/libDiagnosticMessagesClient.dylib
0x0000000022a6d000 	/System/Library/Frameworks/CoreServices.framework/Versions/A/CoreServices
0x0000000022a6d000 	/System/Library/PrivateFrameworks/PerformanceAnalysis.framework/Versions/A/PerformanceAnalysis
0x0000000022a6d000 	/System/Library/Frameworks/OpenGL.framework/Versions/A/OpenGL
0x0000000022a6d000 	/System/Library/Frameworks/ColorSync.framework/Versions/A/ColorSync
0x0000000022a6d000 	/System/Library/Frameworks/CoreImage.framework/Versions/A/CoreImage
0x0000000022a6d000 	/System/Library/Frameworks/CoreText.framework/Versions/A/CoreText
0x0000000022a6d000 	/System/Library/Frameworks/ImageIO.framework/Versions/A/ImageIO
0x0000000022a6d000 	/System/Library/PrivateFrameworks/Backup.framework/Versions/A/Backup
0x0000000022a6d000 	/usr/lib/libarchive.2.dylib
0x0000000022a6d000 	/System/Library/Frameworks/CFNetwork.framework/Versions/A/CFNetwork
0x0000000022a6d000 	/System/Library/Frameworks/SystemConfiguration.framework/Versions/A/SystemConfiguration
0x0000000022a6d000 	/usr/lib/libCRFSuite.dylib
0x0000000022a6d000 	/usr/lib/libc++.1.dylib
0x0000000022a6d000 	/usr/lib/libc++abi.dylib
0x0000000022a6d000 	/usr/lib/system/libcache.dylib
0x0000000022a6d000 	/usr/lib/system/libcommonCrypto.dylib
0x0000000022a6d000 	/usr/lib/system/libcompiler_rt.dylib
0x0000000022a6d000 	/usr/lib/system/libcopyfile.dylib
0x0000000022a6d000 	/usr/lib/system/libcorecrypto.dylib
0x0000000022a6d000 	/usr/lib/system/libdispatch.dylib
0x0000000022a6d000 	/usr/lib/system/libdyld.dylib
0x0000000022a6d000 	/usr/lib/system/libkeymgr.dylib
0x0000000022a6d000 	/usr/lib/system/liblaunch.dylib
0x0000000022a6d000 	/usr/lib/system/libmacho.dylib
0x0000000022a6d000 	/usr/lib/system/libquarantine.dylib
0x0000000022a6d000 	/usr/lib/system/libremovefile.dylib
0x0000000022a6d000 	/usr/lib/system/libsystem_asl.dylib
0x0000000022a6d000 	/usr/lib/system/libsystem_blocks.dylib
0x0000000022a6d000 	/usr/lib/system/libsystem_c.dylib
0x0000000022a6d000 	/usr/lib/system/libsystem_configuration.dylib
0x0000000022a6d000 	/usr/lib/system/libsystem_coreservices.dylib
0x0000000022a6d000 	/usr/lib/system/libsystem_darwin.dylib
0x0000000022a6d000 	/usr/lib/system/libsystem_dnssd.dylib
0x0000000022a6d000 	/usr/lib/system/libsystem_info.dylib
0x0000000022a6d000 	/usr/lib/system/libsystem_m.dylib
0x0000000022a6d000 	/usr/lib/system/libsystem_malloc.dylib
0x0000000022a6d000 	/usr/lib/system/libsystem_network.dylib
0x0000000022a6d000 	/usr/lib/system/libsystem_networkextension.dylib
0x0000000022a6d000 	/usr/lib/system/libsystem_notify.dylib
0x0000000022a6d000 	/usr/lib/system/libsystem_sandbox.dylib
0x0000000022a6d000 	/usr/lib/system/libsystem_secinit.dylib
0x0000000022a6d000 	/usr/lib/system/libsystem_kernel.dylib
0x0000000022a6d000 	/usr/lib/system/libsystem_platform.dylib
0x0000000022a6d000 	/usr/lib/system/libsystem_pthread.dylib
0x0000000022a6d000 	/usr/lib/system/libsystem_symptoms.dylib
0x0000000022a6d000 	/usr/lib/system/libsystem_trace.dylib
0x0000000022a6d000 	/usr/lib/system/libunwind.dylib
0x0000000022a6d000 	/usr/lib/system/libxpc.dylib
0x0000000022a6d000 	/usr/lib/closure/libclosured.dylib
0x0000000022a6d000 	/usr/lib/libbsm.0.dylib
0x0000000022a6d000 	/usr/lib/system/libkxld.dylib
0x0000000022a6d000 	/usr/lib/libOpenScriptingUtil.dylib
0x0000000022a6d000 	/usr/lib/libcoretls.dylib
0x0000000022a6d000 	/usr/lib/libcoretls_cfhelpers.dylib
0x0000000022a6d000 	/usr/lib/libpam.2.dylib
0x0000000022a6d000 	/usr/lib/libsqlite3.dylib
0x0000000022a6d000 	/usr/lib/libxar.1.dylib
0x0000000022a6d000 	/usr/lib/libbz2.1.0.dylib
0x0000000022a6d000 	/usr/lib/liblzma.5.dylib
0x0000000022a6d000 	/usr/lib/libnetwork.dylib
0x0000000022a6d000 	/usr/lib/libapple_nghttp2.dylib
0x0000000022a6d000 	/usr/lib/libpcap.A.dylib
0x0000000022a6d000 	/usr/lib/libboringssl.dylib
0x0000000022a6d000 	/usr/lib/libusrtcp.dylib
0x0000000022a6d000 	/usr/lib/libapple_crypto.dylib
0x0000000022a6d000 	/System/Library/Frameworks/CoreServices.framework/Versions/A/Frameworks/FSEvents.framework/Versions/A/FSEvents
0x0000000022a6d000 	/System/Library/Frameworks/CoreServices.framework/Versions/A/Frameworks/CarbonCore.framework/Versions/A/CarbonCore
0x0000000022a6d000 	/System/Library/Frameworks/CoreServices.framework/Versions/A/Frameworks/Metadata.framework/Versions/A/Metadata
0x0000000022a6d000 	/System/Library/Frameworks/CoreServices.framework/Versions/A/Frameworks/OSServices.framework/Versions/A/OSServices
0x0000000022a6d000 	/System/Library/Frameworks/CoreServices.framework/Versions/A/Frameworks/SearchKit.framework/Versions/A/SearchKit
0x0000000022a6d000 	/System/Library/Frameworks/CoreServices.framework/Versions/A/Frameworks/AE.framework/Versions/A/AE
0x0000000022a6d000 	/System/Library/Frameworks/CoreServices.framework/Versions/A/Frameworks/LaunchServices.framework/Versions/A/LaunchServices
0x0000000022a6d000 	/System/Library/Frameworks/CoreServices.framework/Versions/A/Frameworks/DictionaryServices.framework/Versions/A/DictionaryServices
0x0000000022a6d000 	/System/Library/Frameworks/CoreServices.framework/Versions/A/Frameworks/SharedFileList.framework/Versions/A/SharedFileList
0x0000000022a6d000 	/System/Library/Frameworks/NetFS.framework/Versions/A/NetFS
0x0000000022a6d000 	/System/Library/PrivateFrameworks/NetAuth.framework/Versions/A/NetAuth
0x0000000022a6d000 	/System/Library/PrivateFrameworks/login.framework/Versions/A/Frameworks/loginsupport.framework/Versions/A/loginsupport
0x0000000022a6d000 	/System/Library/PrivateFrameworks/TCC.framework/Versions/A/TCC
0x0000000022a6d000 	/usr/lib/libmecabra.dylib
0x0000000022a6d000 	/System/Library/Frameworks/ApplicationServices.framework/Versions/A/Frameworks/ATS.framework/Versions/A/ATS
0x0000000022a6d000 	/System/Library/Frameworks/ApplicationServices.framework/Versions/A/Frameworks/ColorSyncLegacy.framework/Versions/A/ColorSyncLegacy
0x0000000022a6d000 	/System/Library/Frameworks/ApplicationServices.framework/Versions/A/Frameworks/HIServices.framework/Versions/A/HIServices
0x0000000022a6d000 	/System/Library/Frameworks/ApplicationServices.framework/Versions/A/Frameworks/LangAnalysis.framework/Versions/A/LangAnalysis
0x0000000022a6d000 	/System/Library/Frameworks/ApplicationServices.framework/Versions/A/Frameworks/PrintCore.framework/Versions/A/PrintCore
0x0000000022a6d000 	/System/Library/Frameworks/ApplicationServices.framework/Versions/A/Frameworks/QD.framework/Versions/A/QD
0x0000000022a6d000 	/System/Library/Frameworks/ApplicationServices.framework/Versions/A/Frameworks/SpeechSynthesis.framework/Versions/A/SpeechSynthesis
0x0000000022a6d000 	/System/Library/Frameworks/CoreDisplay.framework/Versions/A/CoreDisplay
0x0000000022a6d000 	/System/Library/Frameworks/Accelerate.framework/Versions/A/Frameworks/vImage.framework/Versions/A/vImage
0x0000000022a6d000 	/System/Library/Frameworks/Accelerate.framework/Versions/A/Frameworks/vecLib.framework/Versions/A/vecLib
0x0000000022a6d000 	/System/Library/Frameworks/Accelerate.framework/Versions/A/Frameworks/vecLib.framework/Versions/A/libvDSP.dylib
0x0000000022a6d000 	/System/Library/Frameworks/Accelerate.framework/Versions/A/Frameworks/vecLib.framework/Versions/A/libBNNS.dylib
0x0000000022a6d000 	/System/Library/Frameworks/Accelerate.framework/Versions/A/Frameworks/vecLib.framework/Versions/A/libQuadrature.dylib
0x0000000022a6d000 	/System/Library/Frameworks/Accelerate.framework/Versions/A/Frameworks/vecLib.framework/Versions/A/libvMisc.dylib
0x0000000022a6d000 	/System/Library/Frameworks/Accelerate.framework/Versions/A/Frameworks/vecLib.framework/Versions/A/libLAPACK.dylib
0x0000000022a6d000 	/System/Library/Frameworks/Accelerate.framework/Versions/A/Frameworks/vecLib.framework/Versions/A/libBLAS.dylib
0x0000000022a6d000 	/System/Library/Frameworks/Accelerate.framework/Versions/A/Frameworks/vecLib.framework/Versions/A/libLinearAlgebra.dylib
0x0000000022a6d000 	/System/Library/Frameworks/Accelerate.framework/Versions/A/Frameworks/vecLib.framework/Versions/A/libSparse.dylib
0x0000000022a6d000 	/System/Library/Frameworks/Accelerate.framework/Versions/A/Frameworks/vecLib.framework/Versions/A/libSparseBLAS.dylib
0x0000000022a6d000 	/System/Library/PrivateFrameworks/IOAccelerator.framework/Versions/A/IOAccelerator
0x0000000022a6d000 	/System/Library/PrivateFrameworks/IOPresentment.framework/Versions/A/IOPresentment
0x0000000022a6d000 	/System/Library/PrivateFrameworks/DSExternalDisplay.framework/Versions/A/DSExternalDisplay
0x0000000022a6d000 	/System/Library/Frameworks/OpenGL.framework/Versions/A/Libraries/libCoreFSCache.dylib
0x0000000022a6d000 	/System/Library/Frameworks/CoreVideo.framework/Versions/A/CoreVideo
0x0000000022a6d000 	/System/Library/PrivateFrameworks/GraphVisualizer.framework/Versions/A/GraphVisualizer
0x0000000022a6d000 	/System/Library/Frameworks/MetalPerformanceShaders.framework/Versions/A/MetalPerformanceShaders
0x0000000022a6d000 	/usr/lib/libFosl_dynamic.dylib
0x0000000022a6d000 	/System/Library/PrivateFrameworks/FaceCore.framework/Versions/A/FaceCore
0x0000000022a6d000 	/System/Library/Frameworks/OpenCL.framework/Versions/A/OpenCL
0x0000000022a6d000 	/usr/lib/libcompression.dylib
0x0000000022a6d000 	/System/Library/Frameworks/ApplicationServices.framework/Versions/A/Frameworks/ATS.framework/Versions/A/Resources/libFontParser.dylib
0x0000000022a6d000 	/System/Library/Frameworks/ApplicationServices.framework/Versions/A/Frameworks/ATS.framework/Versions/A/Resources/libFontRegistry.dylib
0x0000000022a6d000 	/System/Library/Frameworks/ImageIO.framework/Versions/A/Resources/libJPEG.dylib
0x0000000022a6d000 	/System/Library/Frameworks/ImageIO.framework/Versions/A/Resources/libTIFF.dylib
0x0000000022a6d000 	/System/Library/Frameworks/ImageIO.framework/Versions/A/Resources/libPng.dylib
0x0000000022a6d000 	/System/Library/Frameworks/ImageIO.framework/Versions/A/Resources/libGIF.dylib
0x0000000022a6d000 	/System/Library/Frameworks/ImageIO.framework/Versions/A/Resources/libJP2.dylib
0x0000000022a6d000 	/System/Library/Frameworks/ImageIO.framework/Versions/A/Resources/libRadiance.dylib
0x0000000022a6d000 	/System/Library/PrivateFrameworks/AppleJPEG.framework/Versions/A/AppleJPEG
0x0000000022a6d000 	/System/Library/PrivateFrameworks/MetalTools.framework/Versions/A/MetalTools
0x0000000022a6d000 	/System/Library/Frameworks/MetalPerformanceShaders.framework/Frameworks/MPSCore.framework/Versions/A/MPSCore
0x0000000022a6d000 	/System/Library/Frameworks/MetalPerformanceShaders.framework/Frameworks/MPSImage.framework/Versions/A/MPSImage
0x0000000022a6d000 	/System/Library/Frameworks/MetalPerformanceShaders.framework/Frameworks/MPSMatrix.framework/Versions/A/MPSMatrix
0x0000000022a6d000 	/System/Library/Frameworks/MetalPerformanceShaders.framework/Frameworks/MPSNeuralNetwork.framework/Versions/A/MPSNeuralNetwork
0x0000000022a6d000 	/System/Library/Frameworks/OpenGL.framework/Versions/A/Libraries/libGLU.dylib
0x0000000022a6d000 	/System/Library/Frameworks/OpenGL.framework/Versions/A/Libraries/libGFXShared.dylib
0x0000000022a6d000 	/System/Library/Frameworks/OpenGL.framework/Versions/A/Libraries/libGL.dylib
0x0000000022a6d000 	/System/Library/Frameworks/OpenGL.framework/Versions/A/Libraries/libGLImage.dylib
0x0000000022a6d000 	/System/Library/Frameworks/OpenGL.framework/Versions/A/Libraries/libCVMSPluginSupport.dylib
0x0000000022a6d000 	/System/Library/Frameworks/OpenGL.framework/Versions/A/Libraries/libCoreVMClient.dylib
0x0000000022a6d000 	/usr/lib/libcups.2.dylib
0x0000000022a6d000 	/System/Library/Frameworks/Kerberos.framework/Versions/A/Kerberos
0x0000000022a6d000 	/System/Library/Frameworks/GSS.framework/Versions/A/GSS
0x0000000022a6d000 	/usr/lib/libresolv.9.dylib
0x0000000022a6d000 	/usr/lib/libiconv.2.dylib
0x0000000022a6d000 	/System/Library/PrivateFrameworks/Heimdal.framework/Versions/A/Heimdal
0x0000000022a6d000 	/usr/lib/libheimdal-asn1.dylib
0x0000000022a6d000 	/System/Library/Frameworks/OpenDirectory.framework/Versions/A/OpenDirectory
0x0000000022a6d000 	/System/Library/PrivateFrameworks/CommonAuth.framework/Versions/A/CommonAuth
0x0000000022a6d000 	/System/Library/Frameworks/OpenDirectory.framework/Versions/A/Frameworks/CFOpenDirectory.framework/Versions/A/CFOpenDirectory
0x0000000022a6d000 	/System/Library/Frameworks/SecurityFoundation.framework/Versions/A/SecurityFoundation
0x0000000022a6d000 	/System/Library/PrivateFrameworks/APFS.framework/Versions/A/APFS
0x0000000022a6d000 	/usr/lib/libutil.dylib
0x0000000022a6d000 	/System/Library/PrivateFrameworks/AppleSauce.framework/Versions/A/AppleSauce
0x0000000022a6d000 	/System/Library/PrivateFrameworks/LinguisticData.framework/Versions/A/LinguisticData
0x0000000022a6d000 	/usr/lib/libmarisa.dylib
0x0000000022a6d000 	/System/Library/PrivateFrameworks/Lexicon.framework/Versions/A/Lexicon
0x0000000022a6d000 	/usr/lib/libChineseTokenizer.dylib
0x0000000022a6d000 	/usr/lib/libcmph.dylib
0x0000000022a6d000 	/System/Library/PrivateFrameworks/LanguageModeling.framework/Versions/A/LanguageModeling
0x0000000022a6d000 	/System/Library/PrivateFrameworks/CoreEmoji.framework/Versions/A/CoreEmoji
0x0000000022a6d000 	/System/Library/Frameworks/ServiceManagement.framework/Versions/A/ServiceManagement
0x0000000022a6d000 	/System/Library/PrivateFrameworks/BackgroundTaskManagement.framework/Versions/A/BackgroundTaskManagement
0x0000000022a6d000 	/usr/lib/libxslt.1.dylib
0x0000000022a6d000 	/System/Library/Frameworks/Carbon.framework/Versions/A/Frameworks/Ink.framework/Versions/A/Ink
0x0000000022a6d000 	/System/Library/PrivateFrameworks/TextureIO.framework/Versions/A/TextureIO
0x0000000022a6d000 	/usr/lib/libate.dylib
0x0000000022a6d000 	/System/Library/PrivateFrameworks/CrashReporterSupport.framework/Versions/A/CrashReporterSupport
0x0000000022a6d000 	/System/Library/PrivateFrameworks/Sharing.framework/Versions/A/Sharing
0x0000000022a6d000 	/System/Library/PrivateFrameworks/IconServices.framework/Versions/A/IconServices
0x0000000022a6d000 	/System/Library/PrivateFrameworks/ProtocolBuffer.framework/Versions/A/ProtocolBuffer
0x0000000022a6d000 	/System/Library/PrivateFrameworks/Apple80211.framework/Versions/A/Apple80211
0x0000000022a6d000 	/System/Library/Frameworks/CoreWLAN.framework/Versions/A/CoreWLAN
0x0000000022a6d000 	/System/Library/PrivateFrameworks/CoreUtils.framework/Versions/A/CoreUtils
0x0000000022a6d000 	/System/Library/Frameworks/IOBluetooth.framework/Versions/A/IOBluetooth
0x0000000022a6d000 	/System/Library/PrivateFrameworks/CoreWiFi.framework/Versions/A/CoreWiFi
0x0000000022a6d000 	/System/Library/Frameworks/CoreBluetooth.framework/Versions/A/CoreBluetooth
0x0000000022a6d000 	/System/Library/PrivateFrameworks/SignpostNotification.framework/Versions/A/SignpostNotification
0x0000000022a6d000 	/System/Library/PrivateFrameworks/DebugSymbols.framework/Versions/A/DebugSymbols
0x0000000022a6d000 	/System/Library/PrivateFrameworks/CoreSymbolication.framework/Versions/A/CoreSymbolication
0x0000000022a6d000 	/System/Library/PrivateFrameworks/Symbolication.framework/Versions/A/Symbolication
0x0000000022a6d000 	/System/Library/PrivateFrameworks/AppleFSCompression.framework/Versions/A/AppleFSCompression
0x0000000022a6d000 	/System/Library/PrivateFrameworks/SpeechRecognitionCore.framework/Versions/A/SpeechRecognitionCore
0x000000010c400000 	/Library/Java/JavaVirtualMachines/jdk1.7.0_79.jdk/Contents/Home/jre/lib/server/libjvm.dylib
0x0000000022a6d000 	/usr/lib/libstdc++.6.0.9.dylib
0x000000010bacb000 	/Library/Java/JavaVirtualMachines/jdk1.7.0_79.jdk/Contents/Home/jre/lib/libverify.dylib
0x000000010bad8000 	/Library/Java/JavaVirtualMachines/jdk1.7.0_79.jdk/Contents/Home/jre/lib/libjava.dylib
0x000000010bb52000 	/Library/Java/JavaVirtualMachines/jdk1.7.0_79.jdk/Contents/Home/jre/lib/libzip.dylib
0x0000000022a6d000 	/System/Library/Frameworks/JavaVM.framework/Versions/A/Frameworks/JavaRuntimeSupport.framework/Versions/A/JavaRuntimeSupport
0x0000000022a6d000 	/System/Library/Frameworks/JavaVM.framework/Versions/A/Frameworks/JavaNativeFoundation.framework/Versions/A/JavaNativeFoundation
0x0000000022a6d000 	/System/Library/Frameworks/JavaVM.framework/Versions/A/JavaVM
0x0000000022a6d000 	/System/Library/Frameworks/Carbon.framework/Versions/A/Carbon
0x0000000022a6d000 	/System/Library/PrivateFrameworks/JavaLaunching.framework/Versions/A/JavaLaunching
0x0000000022a6d000 	/System/Library/Frameworks/Carbon.framework/Versions/A/Frameworks/CommonPanels.framework/Versions/A/CommonPanels
0x0000000022a6d000 	/System/Library/Frameworks/Carbon.framework/Versions/A/Frameworks/Help.framework/Versions/A/Help
0x0000000022a6d000 	/System/Library/Frameworks/Carbon.framework/Versions/A/Frameworks/ImageCapture.framework/Versions/A/ImageCapture
0x0000000022a6d000 	/System/Library/Frameworks/Carbon.framework/Versions/A/Frameworks/OpenScripting.framework/Versions/A/OpenScripting
0x0000000022a6d000 	/System/Library/Frameworks/Carbon.framework/Versions/A/Frameworks/Print.framework/Versions/A/Print
0x0000000022a6d000 	/System/Library/Frameworks/Carbon.framework/Versions/A/Frameworks/SecurityHI.framework/Versions/A/SecurityHI
0x0000000117b5c000 	/Library/Java/JavaVirtualMachines/jdk1.7.0_79.jdk/Contents/Home/jre/lib/libawt.dylib
0x0000000117c0b000 	/Library/Java/JavaVirtualMachines/jdk1.7.0_79.jdk/Contents/Home/jre/lib/./libmlib_image.dylib
0x0000000117cd7000 	/Library/Java/JavaVirtualMachines/jdk1.7.0_79.jdk/Contents/Home/jre/lib/lwawt/liblwawt.dylib
0x0000000117d8d000 	/Library/Java/JavaVirtualMachines/jdk1.7.0_79.jdk/Contents/Home/jre/lib/libosxapp.dylib
0x0000000022a6d000 	/System/Library/Frameworks/ExceptionHandling.framework/Versions/A/ExceptionHandling
0x0000000022a6d000 	/System/Library/PrivateFrameworks/CoreServicesInternal.framework/Versions/A/CoreServicesInternal
0x0000000022a6d000 	/System/Library/CoreServices/RawCamera.bundle/Contents/MacOS/RawCamera
0x0000000022a6d000 	/System/Library/PrivateFrameworks/MobileAsset.framework/Versions/A/MobileAsset
0x0000000022a6d000 	/System/Library/PrivateFrameworks/StreamingZip.framework/Versions/A/StreamingZip
0x0000000022a6d000 	/System/Library/Frameworks/MediaToolbox.framework/Versions/A/MediaToolbox
0x0000000022a6d000 	/System/Library/PrivateFrameworks/CoreAVCHD.framework/Versions/A/CoreAVCHD
0x0000000022a6d000 	/System/Library/Frameworks/MediaAccessibility.framework/Versions/A/MediaAccessibility
0x0000000022a6d000 	/System/Library/PrivateFrameworks/Mangrove.framework/Versions/A/Mangrove
0x0000000022a6d000 	/System/Library/Frameworks/CoreMedia.framework/Versions/A/CoreMedia
0x0000000022a6d000 	/System/Library/Frameworks/VideoToolbox.framework/Versions/A/VideoToolbox
0x0000000022a6d000 	/System/Library/PrivateFrameworks/CoreAUC.framework/Versions/A/CoreAUC
0x0000000022a6d000 	/usr/lib/libspindump.dylib
0x0000000022a6d000 	/usr/lib/libdscsym.dylib
0x0000000022a6d000 	/System/Library/PrivateFrameworks/AppleVA.framework/Versions/A/AppleVA
0x0000000022a6d000 	/System/Library/Frameworks/Accelerate.framework/Versions/A/Frameworks/vImage.framework/Versions/A/Libraries/libCGInterfaces.dylib
0x0000000022a6d000 	/System/Library/Frameworks/ApplicationServices.framework/Versions/A/Frameworks/ATS.framework/Versions/A/Resources/libTrueTypeScaler.dylib
0x0000000022a6d000 	/System/Library/Frameworks/OpenGL.framework/Versions/A/Resources/GLEngine.bundle/GLEngine
0x0000000022a6d000 	/System/Library/Frameworks/OpenGL.framework/Versions/A/Libraries/libGLProgrammability.dylib
0x0000000119d86000 	/System/Library/Extensions/AppleIntelBDWGraphicsGLDriver.bundle/Contents/MacOS/AppleIntelBDWGraphicsGLDriver
0x0000000022a6d000 	/System/Library/PrivateFrameworks/GPUSupport.framework/Versions/A/Libraries/libGPUSupportMercury.dylib
0x0000000022a6d000 	/System/Library/Frameworks/OpenGL.framework/Versions/A/Resources/GLRendererFloat.bundle/GLRendererFloat
0x0000000022a6d000 	/System/Library/Frameworks/OpenCL.framework/Versions/A/Libraries/libcldcpuengine.dylib
0x0000000022a6d000 	/usr/lib/libcrypto.35.dylib
0x0000000022a6d000 	/System/Library/PrivateFrameworks/TrustEvaluationAgent.framework/Versions/A/TrustEvaluationAgent
0x0000000022a6d000 	/System/Library/Extensions/AppleIntelBDWGraphicsMTLDriver.bundle/Contents/MacOS/AppleIntelBDWGraphicsMTLDriver
0x0000000022a6d000 	/System/Library/PrivateFrameworks/GPUCompiler.framework/Versions/3802/Libraries/libmetal_timestamp.dylib
0x0000000022a6d000 	/System/Library/PrivateFrameworks/FamilyControls.framework/Versions/A/FamilyControls
0x0000000022a6d000 	/System/Library/PrivateFrameworks/CommerceKit.framework/Versions/A/Frameworks/CommerceCore.framework/Versions/A/CommerceCore
0x0000000022a6d000 	/System/Library/PrivateFrameworks/SystemAdministration.framework/Versions/A/SystemAdministration
0x0000000022a6d000 	/System/Library/PrivateFrameworks/AppContainer.framework/Versions/A/AppContainer
0x0000000022a6d000 	/System/Library/PrivateFrameworks/SecCodeWrapper.framework/Versions/A/SecCodeWrapper
0x0000000022a6d000 	/System/Library/PrivateFrameworks/DiskManagement.framework/Versions/A/DiskManagement
0x0000000022a6d000 	/System/Library/Frameworks/DirectoryService.framework/Versions/A/DirectoryService
0x0000000022a6d000 	/System/Library/PrivateFrameworks/DiskImages.framework/Versions/A/DiskImages
0x0000000022a6d000 	/System/Library/PrivateFrameworks/LoginUIKit.framework/Versions/A/Frameworks/LoginUICore.framework/Versions/A/LoginUICore
0x0000000022a6d000 	/usr/lib/libCoreStorage.dylib
0x0000000022a6d000 	/usr/lib/libcsfde.dylib
0x0000000022a6d000 	/usr/lib/libodfde.dylib
0x0000000022a6d000 	/System/Library/PrivateFrameworks/MediaKit.framework/Versions/A/MediaKit
0x0000000022a6d000 	/System/Library/Frameworks/DiscRecording.framework/Versions/A/DiscRecording
0x0000000022a6d000 	/System/Library/PrivateFrameworks/EFILogin.framework/Versions/A/EFILogin
0x0000000022a6d000 	/System/Library/PrivateFrameworks/ProtectedCloudStorage.framework/Versions/A/ProtectedCloudStorage
0x0000000022a6d000 	/usr/lib/libcurl.4.dylib
0x0000000022a6d000 	/usr/lib/libssl.35.dylib
0x0000000022a6d000 	/System/Library/Frameworks/LDAP.framework/Versions/A/LDAP
0x0000000022a6d000 	/usr/lib/libsasl2.2.dylib
0x0000000022a6d000 	/System/Library/PrivateFrameworks/CoreDaemon.framework/Versions/B/CoreDaemon
0x0000000022a6d000 	/System/Library/PrivateFrameworks/AppleSRP.framework/Versions/A/AppleSRP
0x000000011ab0c000 	/Library/Java/JavaVirtualMachines/jdk1.7.0_79.jdk/Contents/Home/jre/lib/libfontmanager.dylib
0x0000000118d8b000 	/Library/Java/JavaVirtualMachines/jdk1.7.0_79.jdk/Contents/Home/jre/lib/libosxui.dylib
0x0000000022a6d000 	/System/Library/PrivateFrameworks/ViewBridge.framework/Versions/A/ViewBridge
0x000000011bf48000 	/Library/Java/JavaVirtualMachines/jdk1.7.0_79.jdk/Contents/Home/jre/lib/libosx.dylib
0x000000011c1ec000 	/Library/Java/JavaVirtualMachines/jdk1.7.0_79.jdk/Contents/Home/jre/lib/libnio.dylib
0x000000011c1fb000 	/Library/Java/JavaVirtualMachines/jdk1.7.0_79.jdk/Contents/Home/jre/lib/./libnet.dylib
0x00000001181a4000 	/Library/Java/JavaVirtualMachines/jdk1.7.0_79.jdk/Contents/Home/jre/lib/libdcpr.dylib
0x0000000022a6d000 	/System/Library/PrivateFrameworks/login.framework/Versions/A/login

VM Arguments:
jvm_args: -Dfile.encoding=UTF-8 
java_command: speedith.Main
Launcher Type: SUN_STANDARD

Environment Variables:
PATH=/usr/bin:/bin:/usr/sbin:/sbin
SHELL=/bin/bash
DISPLAY=/private/tmp/com.apple.launchd.9fkuNE3eRf/org.macosforge.xquartz:0

Signal Handlers:
SIGSEGV: [libjvm.dylib+0x52daf1], sa_mask[0]=0xfffefeff, sa_flags=0x00000043
SIGBUS: [libjvm.dylib+0x52daf1], sa_mask[0]=0xfffefeff, sa_flags=0x00000042
SIGFPE: [libjvm.dylib+0x41f34e], sa_mask[0]=0xfffefeff, sa_flags=0x00000042
SIGPIPE: [libjvm.dylib+0x41f34e], sa_mask[0]=0xfffefeff, sa_flags=0x00000042
SIGXFSZ: [libjvm.dylib+0x41f34e], sa_mask[0]=0xfffefeff, sa_flags=0x00000042
SIGILL: [libjvm.dylib+0x41f34e], sa_mask[0]=0xfffefeff, sa_flags=0x00000042
SIGUSR1: SIG_DFL, sa_mask[0]=0x00000000, sa_flags=0x00000000
SIGUSR2: [libjvm.dylib+0x41ee40], sa_mask[0]=0x00000004, sa_flags=0x00000042
SIGHUP: [libjvm.dylib+0x41d0d1], sa_mask[0]=0xfffefeff, sa_flags=0x00000042
SIGINT: [libjvm.dylib+0x41d0d1], sa_mask[0]=0xfffefeff, sa_flags=0x00000042
SIGTERM: [libjvm.dylib+0x41d0d1], sa_mask[0]=0xfffefeff, sa_flags=0x00000042
SIGQUIT: [libjvm.dylib+0x41d0d1], sa_mask[0]=0xfffefeff, sa_flags=0x00000042


---------------  S Y S T E M  ---------------

OS:Bsduname:Darwin 17.3.0 Darwin Kernel Version 17.3.0: Thu Nov  9 18:09:22 PST 2017; root:xnu-4570.31.3~1/RELEASE_X86_64 x86_64
rlimit: STACK 8192k, CORE 0k, NPROC 709, NOFILE 10240, AS infinity
load average:14.56 4.59 2.78

CPU:total 4 (2 cores per cpu, 2 threads per core) family 6 model 61 stepping 4, cmov, cx8, fxsr, mmx, sse, sse2, sse3, ssse3, sse4.1, sse4.2, popcnt, avx, avx2, aes, erms, ht, tsc, tscinvbit

Memory: 4k page, physical 8388608k(2097152k free)

/proc/meminfo:


vm_info: Java HotSpot(TM) 64-Bit Server VM (24.79-b02) for bsd-amd64 JRE (1.7.0_79-b15), built on Apr 10 2015 11:35:04 by "java_re" with gcc 4.2.1 (Based on Apple Inc. build 5658) (LLVM build 2336.11.00)

time: Thu Jan 18 13:09:16 2018
elapsed time: 3201 seconds

