#
# A fatal error has been detected by the Java Runtime Environment:
#
#  SIGSEGV (0xb) at pc=0x00007fffc4838ce2, pid=4118, tid=53767
#
# JRE version: Java(TM) SE Runtime Environment (7.0_79-b15) (build 1.7.0_79-b15)
# Java VM: Java HotSpot(TM) 64-Bit Server VM (24.79-b02 mixed mode bsd-amd64 compressed oops)
# Problematic frame:
# C  [libobjc.A.dylib+0xbce2]  objc_storeWeak+0x148
#
# Failed to write core dump. Core dumps have been disabled. To enable core dumping, try "ulimit -c unlimited" before starting Java again
#
# If you would like to submit a bug report, please visit:
#   http://bugreport.java.com/bugreport/crash.jsp
# The crash happened outside the Java Virtual Machine in native code.
# See problematic frame for where to report the bug.
#

---------------  T H R E A D  ---------------

Current thread (0x00007fc71e239000):  JavaThread "Java2D Queue Flusher" daemon [_thread_in_native, id=53767, stack(0x000070000c35e000,0x000070000c45e000)]

siginfo:si_signo=SIGSEGV: si_errno=0, si_code=0 (SEGV0), si_addr=0x0000000000000000

Registers:
RAX=0x0000000000000000, RBX=0x00007fffcdf91480, RCX=0x000000000000d207, RDX=0x00007ffffffffff8
RSP=0x000070000c45d6c0, RBP=0x000070000c45d740, RSI=0x00007fffcdf91f00, RDI=0x00007fffcdf91480
R8 =0x000000000000000a, R9 =0x000000000000000b, R10=0x00007fffcb4ea940, R11=0x00007fc7208044b0
R12=0x00007fffcdf91f00, R13=0x0000000000000000, R14=0x00047fc71c66c480, R15=0x0000000000000000
RIP=0x00007fffc4838ce2, EFLAGS=0x0000000000010246, ERR=0x0000000000000000
  TRAPNO=0x000000000000000d

Top of Stack: (sp=0x000070000c45d6c0)
0x000070000c45d6c0:   0000000000000000 0000000105f5dd18
0x000070000c45d6d0:   00007fc71c55fc68 0000000000000a80
0x000070000c45d6e0:   00007fffcdedb630 0000000000000000
0x000070000c45d6f0:   00007fffcdf91f00 00047fc71c66c480
0x000070000c45d700:   0000000000000000 00007fc71c66c528
0x000070000c45d710:   0000000000000000 000070000c45d7c8
0x000070000c45d720:   00007fc71e258078 000070000c45d9a0
0x000070000c45d730:   000070000c45d7c8 0000000000000000
0x000070000c45d740:   000070000c45d780 00007fffadb42bcc
0x000070000c45d750:   0000000000000000 0000000000000000
0x000070000c45d760:   00007fc71e258078 000070000c45d9a0
0x000070000c45d770:   000070000c45d7c8 0000000000000000
0x000070000c45d780:   000070000c45d7b0 00007fffad5ccd48
0x000070000c45d790:   0000000000000000 00007fc71c66c520
0x000070000c45d7a0:   00047fc71c66c480 00007fc71e258080
0x000070000c45d7b0:   000070000c45d810 00007fffad775538
0x000070000c45d7c0:   00007fffae12074b 00007fffce024060
0x000070000c45d7d0:   00000000c2000000 00007fffadb42b84
0x000070000c45d7e0:   00007fffca0f0cf0 0000000000000000
0x000070000c45d7f0:   00007fc71c66c520 00047fc71c66c480
0x000070000c45d800:   00007fc720b5f000 00007fc71e2391e8
0x000070000c45d810:   000070000c45d840 0000000117a001e5
0x000070000c45d820:   000070000c45d840 00007fc71e2391e8
0x000070000c45d830:   00007fc720b6a2f0 00007fc720b5f000
0x000070000c45d840:   000070000c45d870 0000000117a00b80
0x000070000c45d850:   00007fc720b3a290 0000000000000000
0x000070000c45d860:   00007fc71e246410 00007fc71e239000
0x000070000c45d870:   000070000c45d8f0 00000001179f64ea
0x000070000c45d880:   00007fc71e239000 00007fc71c5244b8
0x000070000c45d890:   000070000c45d8c0 000000010c6c6a7f
0x000070000c45d8a0:   0000000000000064 0000000000000000
0x000070000c45d8b0:   0000000000000064 00007fc71e246420 

Instructions: (pc=0x00007fffc4838ce2)
0x00007fffc4838cc2:   00 4d 39 3e 75 bd 4c 8b 75 b8 4d 85 f6 48 ba f8
0x00007fffc4838cd2:   ff ff ff ff 7f 00 00 74 49 48 83 7d a8 00 75 08
0x00007fffc4838ce2:   49 8b 36 48 21 d6 eb 07 48 8b 45 a0 48 8b 30 48
0x00007fffc4838cf2:   8b 45 c0 48 39 c6 74 2a 48 8b 46 20 48 89 c1 48 

Register to memory mapping:

RAX=0x0000000000000000 is an unknown value
RBX=0x00007fffcdf91480: _ZN12_GLOBAL__N_1L12SideTableBufE+0 in /usr/lib/libobjc.A.dylib at 0x00007fffc482d000
RCX=0x000000000000d207 is an unknown value
RDX=0x00007ffffffffff8 is an unknown value
RSP=0x000070000c45d6c0 is pointing into the stack for thread: 0x00007fc71e239000
RBP=0x000070000c45d740 is pointing into the stack for thread: 0x00007fc71e239000
RSI=0x00007fffcdf91f00: _ZN12_GLOBAL__N_1L12SideTableBufE+0xa80 in /usr/lib/libobjc.A.dylib at 0x00007fffc482d000
RDI=0x00007fffcdf91480: _ZN12_GLOBAL__N_1L12SideTableBufE+0 in /usr/lib/libobjc.A.dylib at 0x00007fffc482d000
R8 =0x000000000000000a is an unknown value
R9 =0x000000000000000b is an unknown value
R10=0x00007fffcb4ea940: OBJC_METACLASS_$_CATransaction+0 in /System/Library/Frameworks/QuartzCore.framework/Versions/A/QuartzCore at 0x00007fffb54be000
R11=0x00007fc7208044b0 is an unknown value
R12=0x00007fffcdf91f00: _ZN12_GLOBAL__N_1L12SideTableBufE+0xa80 in /usr/lib/libobjc.A.dylib at 0x00007fffc482d000
R13=0x0000000000000000 is an unknown value
R14=0x00047fc71c66c480 is an unknown value
R15=0x0000000000000000 is an unknown value


Stack: [0x000070000c35e000,0x000070000c45e000],  sp=0x000070000c45d6c0,  free space=1021k
Native frames: (J=compiled Java code, j=interpreted, Vv=VM code, C=native code)
C  [libobjc.A.dylib+0xbce2]  objc_storeWeak+0x148
C  [AppKit+0x6efbcc]  __27-[NSOpenGLContext setView:]_block_invoke+0x48
C  [AppKit+0x179d48]  NSPerformVisuallyAtomicChange+0x93
C  [AppKit+0x322538]  -[NSOpenGLContext setView:]+0x69
C  [liblwawt.dylib+0x121e5]  CGLSD_MakeCurrentToScratch+0x63
C  [liblwawt.dylib+0x12b80]  OGLSD_SetScratchSurface+0x7a
C  [liblwawt.dylib+0x84ea]  Java_sun_java2d_opengl_OGLRenderQueue_flushBuffer+0x63a
J 1081  sun.java2d.opengl.OGLRenderQueue.flushBuffer(JI)V (0 bytes) @ 0x000000010cf6096a [0x000000010cf608c0+0xaa]

Java frames: (J=compiled Java code, j=interpreted, Vv=VM code)
J 1081  sun.java2d.opengl.OGLRenderQueue.flushBuffer(JI)V (0 bytes) @ 0x000000010cf608f8 [0x000000010cf608c0+0x38]
J 1063 C2 sun.java2d.opengl.OGLRenderQueue.access$100(Lsun/java2d/opengl/OGLRenderQueue;)V (5 bytes) @ 0x000000010cf6fcf0 [0x000000010cf6fcc0+0x30]
j  sun.java2d.opengl.OGLRenderQueue$QueueFlusher.run()V+81
v  ~StubRoutines::call_stub

---------------  P R O C E S S  ---------------

Java Threads: ( => current thread )
  0x00007fc71ca94800 JavaThread "Thread-3" daemon [_thread_blocked, id=34763, stack(0x000070000c973000,0x000070000ca73000)]
  0x00007fc71cd00000 JavaThread "TimerQueue" daemon [_thread_blocked, id=15095, stack(0x000070000c76a000,0x000070000c86a000)]
  0x00007fc71e002800 JavaThread "Timer-0" daemon [_thread_blocked, id=57603, stack(0x000070000c667000,0x000070000c767000)]
  0x00007fc71ca91800 JavaThread "DestroyJavaVM" [_thread_blocked, id=7171, stack(0x000070000b42e000,0x000070000b52e000)]
  0x00007fc71caa6800 JavaThread "AWT-EventQueue-0" [_thread_blocked, id=57095, stack(0x000070000c564000,0x000070000c664000)]
  0x00007fc71d194800 JavaThread "Java2D Disposer" daemon [_thread_blocked, id=55823, stack(0x000070000c461000,0x000070000c561000)]
=>0x00007fc71e239000 JavaThread "Java2D Queue Flusher" daemon [_thread_in_native, id=53767, stack(0x000070000c35e000,0x000070000c45e000)]
  0x00007fc71e0a0800 JavaThread "AWT-Shutdown" [_thread_blocked, id=28959, stack(0x000070000c1d8000,0x000070000c2d8000)]
  0x00007fc71e100800 JavaThread "AppKit Thread" daemon [_thread_blocked, id=775, stack(0x00007fff53c3b000,0x00007fff5443b000)]
  0x00007fc71d812000 JavaThread "Service Thread" daemon [_thread_blocked, id=18179, stack(0x000070000bf4f000,0x000070000c04f000)]
  0x00007fc71e054000 JavaThread "C2 CompilerThread1" daemon [_thread_blocked, id=17667, stack(0x000070000be4c000,0x000070000bf4c000)]
  0x00007fc71e052000 JavaThread "C2 CompilerThread0" daemon [_thread_blocked, id=17155, stack(0x000070000bd49000,0x000070000be49000)]
  0x00007fc71e051800 JavaThread "Signal Dispatcher" daemon [_thread_blocked, id=16643, stack(0x000070000bc46000,0x000070000bd46000)]
  0x00007fc71d80d000 JavaThread "Finalizer" daemon [_thread_blocked, id=12547, stack(0x000070000bb43000,0x000070000bc43000)]
  0x00007fc71d80c000 JavaThread "Reference Handler" daemon [_thread_blocked, id=12035, stack(0x000070000ba40000,0x000070000bb40000)]

Other Threads:
  0x00007fc71d809800 VMThread [stack: 0x000070000b93d000,0x000070000ba3d000] [id=11523]
  0x00007fc71e05c800 WatcherThread [stack: 0x000070000c052000,0x000070000c152000] [id=18691]

VM state:not at safepoint (normal execution)

VM Mutex/Monitor currently owned by a thread: None

Heap
 PSYoungGen      total 67072K, used 27278K [0x00000007d5500000, 0x00000007db800000, 0x0000000800000000)
  eden space 45568K, 12% used [0x00000007d5500000,0x00000007d5aaae68,0x00000007d8180000)
  from space 21504K, 99% used [0x00000007d9c80000,0x00000007db178a20,0x00000007db180000)
  to   space 27648K, 0% used [0x00000007d8180000,0x00000007d8180000,0x00000007d9c80000)
 ParOldGen       total 94208K, used 72150K [0x0000000780000000, 0x0000000785c00000, 0x00000007d5500000)
  object space 94208K, 76% used [0x0000000780000000,0x00000007846758b8,0x0000000785c00000)
 PSPermGen       total 54272K, used 24154K [0x000000077ae00000, 0x000000077e300000, 0x0000000780000000)
  object space 54272K, 44% used [0x000000077ae00000,0x000000077c596b70,0x000000077e300000)

Card table byte_map: [0x000000010fc63000,0x000000011008d000] byte_map_base: 0x000000010c08c000

Polling page: 0x000000010b87e000

Code Cache  [0x000000010cc63000, 0x000000010d0a3000, 0x000000010fc63000)
 total_blobs=1974 nmethods=1419 adapters=508 free_code_cache=44928Kb largest_free_block=45885440

Compilation events (10 events):
Event: 585.143 Thread 0x00007fc71e052000 1548             java.lang.reflect.Field::getBoolean (49 bytes)
Event: 585.148 Thread 0x00007fc71e052000 nmethod 1548 0x000000010d03ed90 code [0x000000010d03ef20, 0x000000010d03f180]
Event: 776.184 Thread 0x00007fc71e054000 1549             javax.swing.JViewport::canUseWindowBlitter (325 bytes)
Event: 776.216 Thread 0x00007fc71e054000 nmethod 1549 0x000000010d089c50 code [0x000000010d089ea0, 0x000000010d08ad00]
Event: 776.974 Thread 0x00007fc71e052000 1550             java.awt.Component::dispatchEventImpl (875 bytes)
Event: 777.042 Thread 0x00007fc71e052000 nmethod 1550 0x000000010d099250 code [0x000000010d099940, 0x000000010d09d0e8]
Event: 779.651 Thread 0x00007fc71e054000 1551 %           javax.swing.DefaultBoundedRangeModel::fireStateChanged @ 13 (69 bytes)
Event: 779.655 Thread 0x00007fc71e054000 nmethod 1551% 0x000000010d03e710 code [0x000000010d03e880, 0x000000010d03eb98]
Event: 779.659 Thread 0x00007fc71e052000 1552             javax.swing.DefaultBoundedRangeModel::fireStateChanged (69 bytes)
Event: 779.664 Thread 0x00007fc71e052000 nmethod 1552 0x000000010d0620d0 code [0x000000010d062240, 0x000000010d0624f8]

GC Heap History (10 events):
Event: 399.497 GC heap before
{Heap before GC invocations=76 (full 2):
 PSYoungGen      total 58880K, used 44313K [0x00000007d5500000, 0x00000007da200000, 0x0000000800000000)
  eden space 44032K, 95% used [0x00000007d5500000,0x00000007d7e19438,0x00000007d8000000)
  from space 14848K, 15% used [0x00000007d8000000,0x00000007d822d128,0x00000007d8e80000)
  to   space 15360K, 0% used [0x00000007d9300000,0x00000007d9300000,0x00000007da200000)
 ParOldGen       total 94208K, used 32943K [0x0000000780000000, 0x0000000785c00000, 0x00000007d5500000)
  object space 94208K, 34% used [0x0000000780000000,0x000000078202bf00,0x0000000785c00000)
 PSPermGen       total 54272K, used 24120K [0x000000077ae00000, 0x000000077e300000, 0x0000000780000000)
  object space 54272K, 44% used [0x000000077ae00000,0x000000077c58e168,0x000000077e300000)
Event: 399.505 GC heap after
Heap after GC invocations=76 (full 2):
 PSYoungGen      total 61952K, used 14467K [0x00000007d5500000, 0x00000007da580000, 0x0000000800000000)
  eden space 46592K, 0% used [0x00000007d5500000,0x00000007d5500000,0x00000007d8280000)
  from space 15360K, 94% used [0x00000007d9300000,0x00000007da120e78,0x00000007da200000)
  to   space 16896K, 0% used [0x00000007d8280000,0x00000007d8280000,0x00000007d9300000)
 ParOldGen       total 94208K, used 32943K [0x0000000780000000, 0x0000000785c00000, 0x00000007d5500000)
  object space 94208K, 34% used [0x0000000780000000,0x000000078202bf00,0x0000000785c00000)
 PSPermGen       total 54272K, used 24120K [0x000000077ae00000, 0x000000077e300000, 0x0000000780000000)
  object space 54272K, 44% used [0x000000077ae00000,0x000000077c58e168,0x000000077e300000)
}
Event: 399.853 GC heap before
{Heap before GC invocations=77 (full 2):
 PSYoungGen      total 61952K, used 56504K [0x00000007d5500000, 0x00000007da580000, 0x0000000800000000)
  eden space 46592K, 90% used [0x00000007d5500000,0x00000007d7e0d218,0x00000007d8280000)
  from space 15360K, 94% used [0x00000007d9300000,0x00000007da120e78,0x00000007da200000)
  to   space 16896K, 0% used [0x00000007d8280000,0x00000007d8280000,0x00000007d9300000)
 ParOldGen       total 94208K, used 32943K [0x0000000780000000, 0x0000000785c00000, 0x00000007d5500000)
  object space 94208K, 34% used [0x0000000780000000,0x000000078202bf00,0x0000000785c00000)
 PSPermGen       total 54272K, used 24120K [0x000000077ae00000, 0x000000077e300000, 0x0000000780000000)
  object space 54272K, 44% used [0x000000077ae00000,0x000000077c58e210,0x000000077e300000)
Event: 399.859 GC heap after
Heap after GC invocations=77 (full 2):
 PSYoungGen      total 63488K, used 12337K [0x00000007d5500000, 0x00000007daa00000, 0x0000000800000000)
  eden space 46592K, 0% used [0x00000007d5500000,0x00000007d5500000,0x00000007d8280000)
  from space 16896K, 73% used [0x00000007d8280000,0x00000007d8e8c500,0x00000007d9300000)
  to   space 17408K, 0% used [0x00000007d9900000,0x00000007d9900000,0x00000007daa00000)
 ParOldGen       total 94208K, used 39000K [0x0000000780000000, 0x0000000785c00000, 0x00000007d5500000)
  object space 94208K, 41% used [0x0000000780000000,0x0000000782616180,0x0000000785c00000)
 PSPermGen       total 54272K, used 24120K [0x000000077ae00000, 0x000000077e300000, 0x0000000780000000)
  object space 54272K, 44% used [0x000000077ae00000,0x000000077c58e210,0x000000077e300000)
}
Event: 403.006 GC heap before
{Heap before GC invocations=78 (full 2):
 PSYoungGen      total 63488K, used 58929K [0x00000007d5500000, 0x00000007daa00000, 0x0000000800000000)
  eden space 46592K, 100% used [0x00000007d5500000,0x00000007d8280000,0x00000007d8280000)
  from space 16896K, 73% used [0x00000007d8280000,0x00000007d8e8c500,0x00000007d9300000)
  to   space 17408K, 0% used [0x00000007d9900000,0x00000007d9900000,0x00000007daa00000)
 ParOldGen       total 94208K, used 39000K [0x0000000780000000, 0x0000000785c00000, 0x00000007d5500000)
  object space 94208K, 41% used [0x0000000780000000,0x0000000782616180,0x0000000785c00000)
 PSPermGen       total 54272K, used 24120K [0x000000077ae00000, 0x000000077e300000, 0x0000000780000000)
  object space 54272K, 44% used [0x000000077ae00000,0x000000077c58e210,0x000000077e300000)
Event: 403.022 GC heap after
Heap after GC invocations=78 (full 2):
 PSYoungGen      total 64512K, used 17382K [0x00000007d5500000, 0x00000007db380000, 0x0000000800000000)
  eden space 47104K, 0% used [0x00000007d5500000,0x00000007d5500000,0x00000007d8300000)
  from space 17408K, 99% used [0x00000007d9900000,0x00000007da9f9b00,0x00000007daa00000)
  to   space 22528K, 0% used [0x00000007d8300000,0x00000007d8300000,0x00000007d9900000)
 ParOldGen       total 94208K, used 45267K [0x0000000780000000, 0x0000000785c00000, 0x00000007d5500000)
  object space 94208K, 48% used [0x0000000780000000,0x0000000782c34f00,0x0000000785c00000)
 PSPermGen       total 54272K, used 24120K [0x000000077ae00000, 0x000000077e300000, 0x0000000780000000)
  object space 54272K, 44% used [0x000000077ae00000,0x000000077c58e210,0x000000077e300000)
}
Event: 776.308 GC heap before
{Heap before GC invocations=79 (full 2):
 PSYoungGen      total 64512K, used 64486K [0x00000007d5500000, 0x00000007db380000, 0x0000000800000000)
  eden space 47104K, 100% used [0x00000007d5500000,0x00000007d8300000,0x00000007d8300000)
  from space 17408K, 99% used [0x00000007d9900000,0x00000007da9f9b00,0x00000007daa00000)
  to   space 22528K, 0% used [0x00000007d8300000,0x00000007d8300000,0x00000007d9900000)
 ParOldGen       total 94208K, used 45267K [0x0000000780000000, 0x0000000785c00000, 0x00000007d5500000)
  object space 94208K, 48% used [0x0000000780000000,0x0000000782c34f00,0x0000000785c00000)
 PSPermGen       total 54272K, used 24146K [0x000000077ae00000, 0x000000077e300000, 0x0000000780000000)
  object space 54272K, 44% used [0x000000077ae00000,0x000000077c5949c8,0x000000077e300000)
Event: 776.329 GC heap after
Heap after GC invocations=79 (full 2):
 PSYoungGen      total 69632K, used 8544K [0x00000007d5500000, 0x00000007db180000, 0x0000000800000000)
  eden space 47104K, 0% used [0x00000007d5500000,0x00000007d5500000,0x00000007d8300000)
  from space 22528K, 37% used [0x00000007d8300000,0x00000007d8b58000,0x00000007d9900000)
  to   space 21504K, 0% used [0x00000007d9c80000,0x00000007d9c80000,0x00000007db180000)
 ParOldGen       total 94208K, used 64277K [0x0000000780000000, 0x0000000785c00000, 0x00000007d5500000)
  object space 94208K, 68% used [0x0000000780000000,0x0000000783ec5780,0x0000000785c00000)
 PSPermGen       total 54272K, used 24146K [0x000000077ae00000, 0x000000077e300000, 0x0000000780000000)
  object space 54272K, 44% used [0x000000077ae00000,0x000000077c5949c8,0x000000077e300000)
}
Event: 2823.771 GC heap before
{Heap before GC invocations=80 (full 2):
 PSYoungGen      total 69632K, used 54047K [0x00000007d5500000, 0x00000007db180000, 0x0000000800000000)
  eden space 47104K, 96% used [0x00000007d5500000,0x00000007d816fe20,0x00000007d8300000)
  from space 22528K, 37% used [0x00000007d8300000,0x00000007d8b58000,0x00000007d9900000)
  to   space 21504K, 0% used [0x00000007d9c80000,0x00000007d9c80000,0x00000007db180000)
 ParOldGen       total 94208K, used 64277K [0x0000000780000000, 0x0000000785c00000, 0x00000007d5500000)
  object space 94208K, 68% used [0x0000000780000000,0x0000000783ec5780,0x0000000785c00000)
 PSPermGen       total 54272K, used 24154K [0x000000077ae00000, 0x000000077e300000, 0x0000000780000000)
  object space 54272K, 44% used [0x000000077ae00000,0x000000077c596b50,0x000000077e300000)
Event: 2823.811 GC heap after
Heap after GC invocations=80 (full 2):
 PSYoungGen      total 67072K, used 21474K [0x00000007d5500000, 0x00000007db800000, 0x0000000800000000)
  eden space 45568K, 0% used [0x00000007d5500000,0x00000007d5500000,0x00000007d8180000)
  from space 21504K, 99% used [0x00000007d9c80000,0x00000007db178a20,0x00000007db180000)
  to   space 27648K, 0% used [0x00000007d8180000,0x00000007d8180000,0x00000007d9c80000)
 ParOldGen       total 94208K, used 72150K [0x0000000780000000, 0x0000000785c00000, 0x00000007d5500000)
  object space 94208K, 76% used [0x0000000780000000,0x00000007846758b8,0x0000000785c00000)
 PSPermGen       total 54272K, used 24154K [0x000000077ae00000, 0x000000077e300000, 0x0000000780000000)
  object space 54272K, 44% used [0x000000077ae00000,0x000000077c596b50,0x000000077e300000)
}

Deoptimization events (10 events):
Event: 1912.639 Thread 0x00007fc71e100800 Uncommon trap: reason=bimorphic action=maybe_recompile pc=0x000000010cf6d418 method=java.util.HashMap.<init>(Ljava/util/Map;)V @ 2
Event: 1912.639 Thread 0x00007fc71e100800 Uncommon trap: reason=bimorphic action=maybe_recompile pc=0x000000010cd9ea18 method=java.util.HashMap.putAllForCreate(Ljava/util/Map;)V @ 1
Event: 1912.649 Thread 0x00007fc71e100800 Uncommon trap: reason=bimorphic action=maybe_recompile pc=0x000000010cf15a70 method=sun.java2d.pipe.PixelToParallelogramConverter.fillRectangle(Lsun/java2d/SunGraphics2D;DDDD)V @ 230
Event: 2823.726 Thread 0x00007fc71e100800 Uncommon trap: reason=bimorphic action=maybe_recompile pc=0x000000010cf6d418 method=java.util.HashMap.<init>(Ljava/util/Map;)V @ 2
Event: 2823.726 Thread 0x00007fc71e100800 Uncommon trap: reason=bimorphic action=maybe_recompile pc=0x000000010cd9ea18 method=java.util.HashMap.putAllForCreate(Ljava/util/Map;)V @ 1
Event: 2823.728 Thread 0x00007fc71e100800 Uncommon trap: reason=bimorphic action=maybe_recompile pc=0x000000010cf15a70 method=sun.java2d.pipe.PixelToParallelogramConverter.fillRectangle(Lsun/java2d/SunGraphics2D;DDDD)V @ 230
Event: 2823.728 Thread 0x00007fc71e100800 Uncommon trap: reason=null_check action=make_not_entrant pc=0x000000010cd6ec30 method=java.awt.geom.AffineTransform.equals(Ljava/lang/Object;)Z @ 1
Event: 2823.765 Thread 0x00007fc71e100800 Uncommon trap: reason=bimorphic action=maybe_recompile pc=0x000000010cf6d418 method=java.util.HashMap.<init>(Ljava/util/Map;)V @ 2
Event: 2823.765 Thread 0x00007fc71e100800 Uncommon trap: reason=bimorphic action=maybe_recompile pc=0x000000010cd9ea18 method=java.util.HashMap.putAllForCreate(Ljava/util/Map;)V @ 1
Event: 2823.768 Thread 0x00007fc71e100800 Uncommon trap: reason=bimorphic action=maybe_recompile pc=0x000000010cf15a70 method=sun.java2d.pipe.PixelToParallelogramConverter.fillRectangle(Lsun/java2d/SunGraphics2D;DDDD)V @ 230

Internal exceptions (10 events):
Event: 239.510 Thread 0x00007fc71caa6800 Threw 0x00000007d643fca8 at /HUDSON/workspace/7u-2-build-macosx-x86_64/jdk7u79/2331/hotspot/src/share/vm/prims/jvm.cpp:1304
Event: 239.510 Thread 0x00007fc71caa6800 Threw 0x00000007d6449898 at /HUDSON/workspace/7u-2-build-macosx-x86_64/jdk7u79/2331/hotspot/src/share/vm/prims/jvm.cpp:1304
Event: 239.510 Thread 0x00007fc71caa6800 Threw 0x00000007d6453428 at /HUDSON/workspace/7u-2-build-macosx-x86_64/jdk7u79/2331/hotspot/src/share/vm/prims/jvm.cpp:1304
Event: 255.042 Thread 0x00007fc71caa6800 Threw 0x00000007d65818a0 at /HUDSON/workspace/7u-2-build-macosx-x86_64/jdk7u79/2331/hotspot/src/share/vm/prims/jvm.cpp:1304
Event: 255.044 Thread 0x00007fc71caa6800 Threw 0x00000007d658b838 at /HUDSON/workspace/7u-2-build-macosx-x86_64/jdk7u79/2331/hotspot/src/share/vm/prims/jvm.cpp:1304
Event: 255.080 Thread 0x00007fc71caa6800 Threw 0x00000007d66bacb8 at /HUDSON/workspace/7u-2-build-macosx-x86_64/jdk7u79/2331/hotspot/src/share/vm/prims/jvm.cpp:1304
Event: 258.778 Thread 0x00007fc71caa6800 Threw 0x00000007d6787ab0 at /HUDSON/workspace/7u-2-build-macosx-x86_64/jdk7u79/2331/hotspot/src/share/vm/prims/jvm.cpp:1304
Event: 393.237 Thread 0x00007fc71caa6800 Implicit null exception at 0x000000010cfdc403 to 0x000000010cfdc94d
Event: 1912.628 Thread 0x00007fc71e100800 Implicit null exception at 0x000000010cda7911 to 0x000000010cda873d
Event: 2823.728 Thread 0x00007fc71e100800 Implicit null exception at 0x000000010cd6eb8c to 0x000000010cd6ec21

Events (10 events):
Event: 2823.765 Thread 0x00007fc71e100800 DEOPT PACKING pc=0x000000010cf6d418 sp=0x00007fff54435120
Event: 2823.765 Thread 0x00007fc71e100800 DEOPT UNPACKING pc=0x000000010cc9c045 sp=0x00007fff54435110 mode 2
Event: 2823.765 Thread 0x00007fc71e100800 Uncommon trap: trap_request=0xffffffc6 fr.pc=0x000000010cd9ea18
Event: 2823.765 Thread 0x00007fc71e100800 DEOPT PACKING pc=0x000000010cd9ea18 sp=0x00007fff544350d0
Event: 2823.765 Thread 0x00007fc71e100800 DEOPT UNPACKING pc=0x000000010cc9c045 sp=0x00007fff54435098 mode 2
Event: 2823.768 Thread 0x00007fc71e100800 Uncommon trap: trap_request=0xffffffc6 fr.pc=0x000000010cf15a70
Event: 2823.768 Thread 0x00007fc71e100800 DEOPT PACKING pc=0x000000010cf15a70 sp=0x00007fff54434df0
Event: 2823.768 Thread 0x00007fc71e100800 DEOPT UNPACKING pc=0x000000010cc9c045 sp=0x00007fff54434cb8 mode 2
Event: 2823.771 Executing VM operation: ParallelGCFailedAllocation
Event: 2823.811 Executing VM operation: ParallelGCFailedAllocation done


Dynamic libraries:
0x000000003a5a2000 	/System/Library/Frameworks/Cocoa.framework/Versions/A/Cocoa
0x000000003a5a2000 	/System/Library/Frameworks/Security.framework/Versions/A/Security
0x000000003a5a2000 	/System/Library/Frameworks/ApplicationServices.framework/Versions/A/ApplicationServices
0x000000003a5a2000 	/usr/lib/libz.1.dylib
0x000000003a5a2000 	/usr/lib/libSystem.B.dylib
0x000000003a5a2000 	/usr/lib/libobjc.A.dylib
0x000000003a5a2000 	/System/Library/Frameworks/CoreFoundation.framework/Versions/A/CoreFoundation
0x000000003a5a2000 	/System/Library/Frameworks/Foundation.framework/Versions/C/Foundation
0x000000003a5a2000 	/System/Library/Frameworks/AppKit.framework/Versions/C/AppKit
0x000000003a5a2000 	/System/Library/Frameworks/CoreData.framework/Versions/A/CoreData
0x000000003a5a2000 	/System/Library/PrivateFrameworks/RemoteViewServices.framework/Versions/A/RemoteViewServices
0x000000003a5a2000 	/System/Library/PrivateFrameworks/UIFoundation.framework/Versions/A/UIFoundation
0x000000003a5a2000 	/System/Library/PrivateFrameworks/DFRFoundation.framework/Versions/A/DFRFoundation
0x000000003a5a2000 	/usr/lib/libenergytrace.dylib
0x000000003a5a2000 	/System/Library/PrivateFrameworks/SkyLight.framework/Versions/A/SkyLight
0x000000003a5a2000 	/System/Library/Frameworks/CoreGraphics.framework/Versions/A/CoreGraphics
0x000000003a5a2000 	/usr/lib/libScreenReader.dylib
0x000000003a5a2000 	/System/Library/Frameworks/Accelerate.framework/Versions/A/Accelerate
0x000000003a5a2000 	/System/Library/Frameworks/IOSurface.framework/Versions/A/IOSurface
0x000000003a5a2000 	/System/Library/Frameworks/AudioToolbox.framework/Versions/A/AudioToolbox
0x000000003a5a2000 	/System/Library/Frameworks/AudioUnit.framework/Versions/A/AudioUnit
0x000000003a5a2000 	/System/Library/PrivateFrameworks/DataDetectorsCore.framework/Versions/A/DataDetectorsCore
0x000000003a5a2000 	/System/Library/PrivateFrameworks/DesktopServicesPriv.framework/Versions/A/DesktopServicesPriv
0x000000003a5a2000 	/System/Library/Frameworks/Carbon.framework/Versions/A/Frameworks/HIToolbox.framework/Versions/A/HIToolbox
0x000000003a5a2000 	/usr/lib/libicucore.A.dylib
0x000000003a5a2000 	/System/Library/Frameworks/QuartzCore.framework/Versions/A/QuartzCore
0x000000003a5a2000 	/System/Library/Frameworks/Carbon.framework/Versions/A/Frameworks/SpeechRecognition.framework/Versions/A/SpeechRecognition
0x000000003a5a2000 	/usr/lib/libauto.dylib
0x000000003a5a2000 	/usr/lib/libxml2.2.dylib
0x000000003a5a2000 	/System/Library/PrivateFrameworks/CoreUI.framework/Versions/A/CoreUI
0x000000003a5a2000 	/System/Library/Frameworks/CoreAudio.framework/Versions/A/CoreAudio
0x000000003a5a2000 	/System/Library/Frameworks/DiskArbitration.framework/Versions/A/DiskArbitration
0x000000003a5a2000 	/usr/lib/liblangid.dylib
0x000000003a5a2000 	/System/Library/PrivateFrameworks/MultitouchSupport.framework/Versions/A/MultitouchSupport
0x000000003a5a2000 	/System/Library/Frameworks/IOKit.framework/Versions/A/IOKit
0x000000003a5a2000 	/usr/lib/libDiagnosticMessagesClient.dylib
0x000000003a5a2000 	/System/Library/Frameworks/CoreServices.framework/Versions/A/CoreServices
0x000000003a5a2000 	/System/Library/PrivateFrameworks/PerformanceAnalysis.framework/Versions/A/PerformanceAnalysis
0x000000003a5a2000 	/System/Library/PrivateFrameworks/GenerationalStorage.framework/Versions/A/GenerationalStorage
0x000000003a5a2000 	/System/Library/Frameworks/OpenGL.framework/Versions/A/OpenGL
0x000000003a5a2000 	/System/Library/Frameworks/CoreImage.framework/Versions/A/CoreImage
0x000000003a5a2000 	/System/Library/Frameworks/CoreText.framework/Versions/A/CoreText
0x000000003a5a2000 	/System/Library/Frameworks/ImageIO.framework/Versions/A/ImageIO
0x000000003a5a2000 	/System/Library/PrivateFrameworks/Backup.framework/Versions/A/Backup
0x000000003a5a2000 	/usr/lib/libarchive.2.dylib
0x000000003a5a2000 	/System/Library/Frameworks/CFNetwork.framework/Versions/A/CFNetwork
0x000000003a5a2000 	/System/Library/Frameworks/SystemConfiguration.framework/Versions/A/SystemConfiguration
0x000000003a5a2000 	/usr/lib/libCRFSuite.dylib
0x000000003a5a2000 	/usr/lib/libc++.1.dylib
0x000000003a5a2000 	/usr/lib/libc++abi.dylib
0x000000003a5a2000 	/usr/lib/system/libcache.dylib
0x000000003a5a2000 	/usr/lib/system/libcommonCrypto.dylib
0x000000003a5a2000 	/usr/lib/system/libcompiler_rt.dylib
0x000000003a5a2000 	/usr/lib/system/libcopyfile.dylib
0x000000003a5a2000 	/usr/lib/system/libcorecrypto.dylib
0x000000003a5a2000 	/usr/lib/system/libdispatch.dylib
0x000000003a5a2000 	/usr/lib/system/libdyld.dylib
0x000000003a5a2000 	/usr/lib/system/libkeymgr.dylib
0x000000003a5a2000 	/usr/lib/system/liblaunch.dylib
0x000000003a5a2000 	/usr/lib/system/libmacho.dylib
0x000000003a5a2000 	/usr/lib/system/libquarantine.dylib
0x000000003a5a2000 	/usr/lib/system/libremovefile.dylib
0x000000003a5a2000 	/usr/lib/system/libsystem_asl.dylib
0x000000003a5a2000 	/usr/lib/system/libsystem_blocks.dylib
0x000000003a5a2000 	/usr/lib/system/libsystem_c.dylib
0x000000003a5a2000 	/usr/lib/system/libsystem_configuration.dylib
0x000000003a5a2000 	/usr/lib/system/libsystem_coreservices.dylib
0x000000003a5a2000 	/usr/lib/system/libsystem_coretls.dylib
0x000000003a5a2000 	/usr/lib/system/libsystem_dnssd.dylib
0x000000003a5a2000 	/usr/lib/system/libsystem_info.dylib
0x000000003a5a2000 	/usr/lib/system/libsystem_kernel.dylib
0x000000003a5a2000 	/usr/lib/system/libsystem_m.dylib
0x000000003a5a2000 	/usr/lib/system/libsystem_malloc.dylib
0x000000003a5a2000 	/usr/lib/system/libsystem_network.dylib
0x000000003a5a2000 	/usr/lib/system/libsystem_networkextension.dylib
0x000000003a5a2000 	/usr/lib/system/libsystem_notify.dylib
0x000000003a5a2000 	/usr/lib/system/libsystem_platform.dylib
0x000000003a5a2000 	/usr/lib/system/libsystem_pthread.dylib
0x000000003a5a2000 	/usr/lib/system/libsystem_sandbox.dylib
0x000000003a5a2000 	/usr/lib/system/libsystem_secinit.dylib
0x000000003a5a2000 	/usr/lib/system/libsystem_symptoms.dylib
0x000000003a5a2000 	/usr/lib/system/libsystem_trace.dylib
0x000000003a5a2000 	/usr/lib/system/libunwind.dylib
0x000000003a5a2000 	/usr/lib/system/libxpc.dylib
0x000000003a5a2000 	/usr/lib/libbsm.0.dylib
0x000000003a5a2000 	/usr/lib/system/libkxld.dylib
0x000000003a5a2000 	/usr/lib/libcoretls.dylib
0x000000003a5a2000 	/usr/lib/libcoretls_cfhelpers.dylib
0x000000003a5a2000 	/usr/lib/libOpenScriptingUtil.dylib
0x000000003a5a2000 	/usr/lib/libpam.2.dylib
0x000000003a5a2000 	/usr/lib/libsqlite3.dylib
0x000000003a5a2000 	/usr/lib/libxar.1.dylib
0x000000003a5a2000 	/usr/lib/libbz2.1.0.dylib
0x000000003a5a2000 	/usr/lib/liblzma.5.dylib
0x000000003a5a2000 	/usr/lib/libnetwork.dylib
0x000000003a5a2000 	/usr/lib/libpcap.A.dylib
0x000000003a5a2000 	/System/Library/Frameworks/CoreServices.framework/Versions/A/Frameworks/FSEvents.framework/Versions/A/FSEvents
0x000000003a5a2000 	/System/Library/Frameworks/CoreServices.framework/Versions/A/Frameworks/CarbonCore.framework/Versions/A/CarbonCore
0x000000003a5a2000 	/System/Library/Frameworks/CoreServices.framework/Versions/A/Frameworks/Metadata.framework/Versions/A/Metadata
0x000000003a5a2000 	/System/Library/Frameworks/CoreServices.framework/Versions/A/Frameworks/OSServices.framework/Versions/A/OSServices
0x000000003a5a2000 	/System/Library/Frameworks/CoreServices.framework/Versions/A/Frameworks/SearchKit.framework/Versions/A/SearchKit
0x000000003a5a2000 	/System/Library/Frameworks/CoreServices.framework/Versions/A/Frameworks/AE.framework/Versions/A/AE
0x000000003a5a2000 	/System/Library/Frameworks/CoreServices.framework/Versions/A/Frameworks/LaunchServices.framework/Versions/A/LaunchServices
0x000000003a5a2000 	/System/Library/Frameworks/CoreServices.framework/Versions/A/Frameworks/DictionaryServices.framework/Versions/A/DictionaryServices
0x000000003a5a2000 	/System/Library/Frameworks/CoreServices.framework/Versions/A/Frameworks/SharedFileList.framework/Versions/A/SharedFileList
0x000000003a5a2000 	/System/Library/Frameworks/NetFS.framework/Versions/A/NetFS
0x000000003a5a2000 	/System/Library/PrivateFrameworks/NetAuth.framework/Versions/A/NetAuth
0x000000003a5a2000 	/System/Library/PrivateFrameworks/login.framework/Versions/A/Frameworks/loginsupport.framework/Versions/A/loginsupport
0x000000003a5a2000 	/System/Library/PrivateFrameworks/TCC.framework/Versions/A/TCC
0x000000003a5a2000 	/usr/lib/libmecabra.dylib
0x000000003a5a2000 	/System/Library/Frameworks/ApplicationServices.framework/Versions/A/Frameworks/ATS.framework/Versions/A/ATS
0x000000003a5a2000 	/System/Library/Frameworks/ApplicationServices.framework/Versions/A/Frameworks/ColorSync.framework/Versions/A/ColorSync
0x000000003a5a2000 	/System/Library/Frameworks/ApplicationServices.framework/Versions/A/Frameworks/HIServices.framework/Versions/A/HIServices
0x000000003a5a2000 	/System/Library/Frameworks/ApplicationServices.framework/Versions/A/Frameworks/LangAnalysis.framework/Versions/A/LangAnalysis
0x000000003a5a2000 	/System/Library/Frameworks/ApplicationServices.framework/Versions/A/Frameworks/PrintCore.framework/Versions/A/PrintCore
0x000000003a5a2000 	/System/Library/Frameworks/ApplicationServices.framework/Versions/A/Frameworks/QD.framework/Versions/A/QD
0x000000003a5a2000 	/System/Library/Frameworks/ApplicationServices.framework/Versions/A/Frameworks/SpeechSynthesis.framework/Versions/A/SpeechSynthesis
0x000000003a5a2000 	/System/Library/Frameworks/Accelerate.framework/Versions/A/Frameworks/vImage.framework/Versions/A/vImage
0x000000003a5a2000 	/System/Library/Frameworks/Accelerate.framework/Versions/A/Frameworks/vecLib.framework/Versions/A/vecLib
0x000000003a5a2000 	/System/Library/Frameworks/Accelerate.framework/Versions/A/Frameworks/vecLib.framework/Versions/A/libvDSP.dylib
0x000000003a5a2000 	/System/Library/Frameworks/Accelerate.framework/Versions/A/Frameworks/vecLib.framework/Versions/A/libBNNS.dylib
0x000000003a5a2000 	/System/Library/Frameworks/Accelerate.framework/Versions/A/Frameworks/vecLib.framework/Versions/A/libQuadrature.dylib
0x000000003a5a2000 	/System/Library/Frameworks/Accelerate.framework/Versions/A/Frameworks/vecLib.framework/Versions/A/libvMisc.dylib
0x000000003a5a2000 	/System/Library/Frameworks/Accelerate.framework/Versions/A/Frameworks/vecLib.framework/Versions/A/libLAPACK.dylib
0x000000003a5a2000 	/System/Library/Frameworks/Accelerate.framework/Versions/A/Frameworks/vecLib.framework/Versions/A/libBLAS.dylib
0x000000003a5a2000 	/System/Library/Frameworks/Accelerate.framework/Versions/A/Frameworks/vecLib.framework/Versions/A/libLinearAlgebra.dylib
0x000000003a5a2000 	/System/Library/Frameworks/Accelerate.framework/Versions/A/Frameworks/vecLib.framework/Versions/A/libSparseBLAS.dylib
0x000000003a5a2000 	/System/Library/Frameworks/ApplicationServices.framework/Versions/A/Frameworks/ATS.framework/Versions/A/Resources/libFontParser.dylib
0x000000003a5a2000 	/System/Library/Frameworks/ApplicationServices.framework/Versions/A/Frameworks/ATS.framework/Versions/A/Resources/libFontRegistry.dylib
0x000000003a5a2000 	/System/Library/Frameworks/ImageIO.framework/Versions/A/Resources/libJPEG.dylib
0x000000003a5a2000 	/System/Library/Frameworks/ImageIO.framework/Versions/A/Resources/libTIFF.dylib
0x000000003a5a2000 	/System/Library/Frameworks/ImageIO.framework/Versions/A/Resources/libPng.dylib
0x000000003a5a2000 	/System/Library/Frameworks/ImageIO.framework/Versions/A/Resources/libGIF.dylib
0x000000003a5a2000 	/System/Library/Frameworks/ImageIO.framework/Versions/A/Resources/libJP2.dylib
0x000000003a5a2000 	/System/Library/Frameworks/ImageIO.framework/Versions/A/Resources/libRadiance.dylib
0x000000003a5a2000 	/usr/lib/libcompression.dylib
0x000000003a5a2000 	/System/Library/PrivateFrameworks/AppleJPEG.framework/Versions/A/AppleJPEG
0x000000003a5a2000 	/usr/lib/libcups.2.dylib
0x000000003a5a2000 	/System/Library/Frameworks/Kerberos.framework/Versions/A/Kerberos
0x000000003a5a2000 	/System/Library/Frameworks/GSS.framework/Versions/A/GSS
0x000000003a5a2000 	/usr/lib/libresolv.9.dylib
0x000000003a5a2000 	/usr/lib/libiconv.2.dylib
0x000000003a5a2000 	/System/Library/PrivateFrameworks/Heimdal.framework/Versions/A/Heimdal
0x000000003a5a2000 	/usr/lib/libheimdal-asn1.dylib
0x000000003a5a2000 	/System/Library/Frameworks/OpenDirectory.framework/Versions/A/OpenDirectory
0x000000003a5a2000 	/System/Library/PrivateFrameworks/CommonAuth.framework/Versions/A/CommonAuth
0x000000003a5a2000 	/System/Library/Frameworks/OpenDirectory.framework/Versions/A/Frameworks/CFOpenDirectory.framework/Versions/A/CFOpenDirectory
0x000000003a5a2000 	/System/Library/Frameworks/SecurityFoundation.framework/Versions/A/SecurityFoundation
0x000000003a5a2000 	/System/Library/PrivateFrameworks/LanguageModeling.framework/Versions/A/LanguageModeling
0x000000003a5a2000 	/usr/lib/libmarisa.dylib
0x000000003a5a2000 	/usr/lib/libChineseTokenizer.dylib
0x000000003a5a2000 	/usr/lib/libcmph.dylib
0x000000003a5a2000 	/System/Library/PrivateFrameworks/CoreEmoji.framework/Versions/A/CoreEmoji
0x000000003a5a2000 	/System/Library/Frameworks/ServiceManagement.framework/Versions/A/ServiceManagement
0x000000003a5a2000 	/usr/lib/libxslt.1.dylib
0x000000003a5a2000 	/System/Library/Frameworks/Carbon.framework/Versions/A/Frameworks/Ink.framework/Versions/A/Ink
0x000000003a5a2000 	/System/Library/PrivateFrameworks/TextureIO.framework/Versions/A/TextureIO
0x000000003a5a2000 	/System/Library/Frameworks/Metal.framework/Versions/A/Metal
0x000000003a5a2000 	/usr/lib/libate.dylib
0x000000003a5a2000 	/System/Library/PrivateFrameworks/GPUCompiler.framework/libmetal_timestamp.dylib
0x000000003a5a2000 	/System/Library/Frameworks/OpenGL.framework/Versions/A/Libraries/libCoreFSCache.dylib
0x000000003a5a2000 	/System/Library/PrivateFrameworks/IOAccelerator.framework/Versions/A/IOAccelerator
0x000000003a5a2000 	/System/Library/Frameworks/CoreVideo.framework/Versions/A/CoreVideo
0x000000003a5a2000 	/usr/lib/libFosl_dynamic.dylib
0x000000003a5a2000 	/System/Library/PrivateFrameworks/MetalPerformanceShaders.framework/Versions/A/MetalPerformanceShaders
0x000000003a5a2000 	/System/Library/PrivateFrameworks/FaceCore.framework/Versions/A/FaceCore
0x000000003a5a2000 	/System/Library/Frameworks/OpenCL.framework/Versions/A/OpenCL
0x000000003a5a2000 	/System/Library/Frameworks/OpenGL.framework/Versions/A/Libraries/libGLU.dylib
0x000000003a5a2000 	/System/Library/Frameworks/OpenGL.framework/Versions/A/Libraries/libGFXShared.dylib
0x000000003a5a2000 	/System/Library/Frameworks/OpenGL.framework/Versions/A/Libraries/libGL.dylib
0x000000003a5a2000 	/System/Library/Frameworks/OpenGL.framework/Versions/A/Libraries/libGLImage.dylib
0x000000003a5a2000 	/System/Library/Frameworks/OpenGL.framework/Versions/A/Libraries/libCVMSPluginSupport.dylib
0x000000003a5a2000 	/System/Library/Frameworks/OpenGL.framework/Versions/A/Libraries/libCoreVMClient.dylib
0x000000003a5a2000 	/System/Library/PrivateFrameworks/CrashReporterSupport.framework/Versions/A/CrashReporterSupport
0x000000003a5a2000 	/System/Library/PrivateFrameworks/Sharing.framework/Versions/A/Sharing
0x000000003a5a2000 	/System/Library/PrivateFrameworks/IconServices.framework/Versions/A/IconServices
0x000000003a5a2000 	/System/Library/PrivateFrameworks/ProtocolBuffer.framework/Versions/A/ProtocolBuffer
0x000000003a5a2000 	/System/Library/PrivateFrameworks/Apple80211.framework/Versions/A/Apple80211
0x000000003a5a2000 	/System/Library/Frameworks/CoreWLAN.framework/Versions/A/CoreWLAN
0x000000003a5a2000 	/System/Library/PrivateFrameworks/CoreUtils.framework/Versions/A/CoreUtils
0x000000003a5a2000 	/System/Library/Frameworks/IOBluetooth.framework/Versions/A/IOBluetooth
0x000000003a5a2000 	/System/Library/PrivateFrameworks/CoreWiFi.framework/Versions/A/CoreWiFi
0x000000003a5a2000 	/System/Library/Frameworks/CoreBluetooth.framework/Versions/A/CoreBluetooth
0x000000003a5a2000 	/System/Library/Frameworks/CoreDisplay.framework/Versions/A/CoreDisplay
0x000000003a5a2000 	/System/Library/PrivateFrameworks/IOPresentment.framework/Versions/A/IOPresentment
0x000000003a5a2000 	/System/Library/PrivateFrameworks/DSExternalDisplay.framework/Versions/A/DSExternalDisplay
0x000000003a5a2000 	/System/Library/PrivateFrameworks/DebugSymbols.framework/Versions/A/DebugSymbols
0x000000003a5a2000 	/System/Library/PrivateFrameworks/CoreSymbolication.framework/Versions/A/CoreSymbolication
0x000000003a5a2000 	/System/Library/PrivateFrameworks/Symbolication.framework/Versions/A/Symbolication
0x000000003a5a2000 	/System/Library/PrivateFrameworks/AppleFSCompression.framework/Versions/A/AppleFSCompression
0x000000003a5a2000 	/System/Library/PrivateFrameworks/SpeechRecognitionCore.framework/Versions/A/SpeechRecognitionCore
0x000000003a5a2000 	/System/Library/PrivateFrameworks/ChunkingLibrary.framework/Versions/A/ChunkingLibrary
0x000000010c200000 	/Library/Java/JavaVirtualMachines/jdk1.7.0_79.jdk/Contents/Home/jre/lib/server/libjvm.dylib
0x000000003a5a2000 	/usr/lib/libstdc++.6.dylib
0x000000010b841000 	/Library/Java/JavaVirtualMachines/jdk1.7.0_79.jdk/Contents/Home/jre/lib/libverify.dylib
0x000000010b84e000 	/Library/Java/JavaVirtualMachines/jdk1.7.0_79.jdk/Contents/Home/jre/lib/libjava.dylib
0x000000010b888000 	/Library/Java/JavaVirtualMachines/jdk1.7.0_79.jdk/Contents/Home/jre/lib/libzip.dylib
0x0000000115cee000 	/System/Library/Frameworks/JavaVM.framework/Frameworks/JavaRuntimeSupport.framework/JavaRuntimeSupport
0x0000000115d08000 	/System/Library/Frameworks/JavaVM.framework/Versions/A/Frameworks/JavaNativeFoundation.framework/Versions/A/JavaNativeFoundation
0x000000010b9ed000 	/System/Library/Frameworks/JavaVM.framework/Versions/A/JavaVM
0x000000003a5a2000 	/System/Library/Frameworks/Carbon.framework/Versions/A/Carbon
0x0000000115d1d000 	/System/Library/PrivateFrameworks/JavaLaunching.framework/Versions/A/JavaLaunching
0x000000003a5a2000 	/System/Library/Frameworks/Carbon.framework/Versions/A/Frameworks/CommonPanels.framework/Versions/A/CommonPanels
0x000000003a5a2000 	/System/Library/Frameworks/Carbon.framework/Versions/A/Frameworks/Help.framework/Versions/A/Help
0x000000003a5a2000 	/System/Library/Frameworks/Carbon.framework/Versions/A/Frameworks/ImageCapture.framework/Versions/A/ImageCapture
0x000000003a5a2000 	/System/Library/Frameworks/Carbon.framework/Versions/A/Frameworks/OpenScripting.framework/Versions/A/OpenScripting
0x000000003a5a2000 	/System/Library/Frameworks/Carbon.framework/Versions/A/Frameworks/Print.framework/Versions/A/Print
0x000000003a5a2000 	/System/Library/Frameworks/Carbon.framework/Versions/A/Frameworks/SecurityHI.framework/Versions/A/SecurityHI
0x0000000117873000 	/Library/Java/JavaVirtualMachines/jdk1.7.0_79.jdk/Contents/Home/jre/lib/libawt.dylib
0x0000000117922000 	/Library/Java/JavaVirtualMachines/jdk1.7.0_79.jdk/Contents/Home/jre/lib/./libmlib_image.dylib
0x00000001179ee000 	/Library/Java/JavaVirtualMachines/jdk1.7.0_79.jdk/Contents/Home/jre/lib/lwawt/liblwawt.dylib
0x0000000117aa4000 	/Library/Java/JavaVirtualMachines/jdk1.7.0_79.jdk/Contents/Home/jre/lib/libosxapp.dylib
0x000000003a5a2000 	/System/Library/Frameworks/ExceptionHandling.framework/Versions/A/ExceptionHandling
0x000000003a5a2000 	/System/Library/PrivateFrameworks/CoreServicesInternal.framework/Versions/A/CoreServicesInternal
0x000000003a5a2000 	/System/Library/CoreServices/RawCamera.bundle/Contents/MacOS/RawCamera
0x000000003a5a2000 	/System/Library/Frameworks/Accelerate.framework/Versions/A/Frameworks/vImage.framework/Versions/A/Libraries/libCGInterfaces.dylib
0x000000003a5a2000 	/System/Library/Frameworks/ApplicationServices.framework/Versions/A/Frameworks/ATS.framework/Versions/A/Resources/libTrueTypeScaler.dylib
0x00000001193e3000 	/System/Library/Frameworks/OpenGL.framework/Resources/GLEngine.bundle/GLEngine
0x000000003a5a2000 	/System/Library/Frameworks/OpenGL.framework/Versions/A/Libraries/libGLProgrammability.dylib
0x00000001195c8000 	/System/Library/Extensions/AppleIntelBDWGraphicsGLDriver.bundle/Contents/MacOS/AppleIntelBDWGraphicsGLDriver
0x000000003a5a2000 	/System/Library/PrivateFrameworks/GPUSupport.framework/Versions/A/Libraries/libGPUSupportMercury.dylib
0x0000000119d32000 	/System/Library/Frameworks/OpenGL.framework/Resources//GLRendererFloat.bundle/GLRendererFloat
0x000000003a5a2000 	/System/Library/Frameworks/OpenCL.framework/Versions/A/Libraries/libcldcpuengine.dylib
0x000000003a5a2000 	/usr/lib/libcrypto.0.9.8.dylib
0x000000003a5a2000 	/System/Library/PrivateFrameworks/TrustEvaluationAgent.framework/Versions/A/TrustEvaluationAgent
0x0000000119d66000 	/System/Library/Extensions/AppleIntelBDWGraphicsMTLDriver.bundle/Contents/MacOS/AppleIntelBDWGraphicsMTLDriver
0x000000003a5a2000 	/System/Library/PrivateFrameworks/FamilyControls.framework/Versions/A/FamilyControls
0x000000003a5a2000 	/System/Library/PrivateFrameworks/CommerceKit.framework/Versions/A/Frameworks/CommerceCore.framework/Versions/A/CommerceCore
0x000000003a5a2000 	/System/Library/PrivateFrameworks/SystemAdministration.framework/Versions/A/SystemAdministration
0x000000003a5a2000 	/System/Library/PrivateFrameworks/AppContainer.framework/Versions/A/AppContainer
0x000000003a5a2000 	/System/Library/PrivateFrameworks/SecCodeWrapper.framework/Versions/A/SecCodeWrapper
0x000000003a5a2000 	/System/Library/Frameworks/DirectoryService.framework/Versions/A/DirectoryService
0x000000003a5a2000 	/System/Library/PrivateFrameworks/DiskImages.framework/Versions/A/DiskImages
0x000000003a5a2000 	/System/Library/PrivateFrameworks/LoginUIKit.framework/Versions/A/Frameworks/LoginUICore.framework/Versions/A/LoginUICore
0x000000003a5a2000 	/usr/lib/libCoreStorage.dylib
0x000000003a5a2000 	/usr/lib/libcsfde.dylib
0x000000003a5a2000 	/usr/lib/libodfde.dylib
0x000000003a5a2000 	/System/Library/Frameworks/DiscRecording.framework/Versions/A/DiscRecording
0x000000003a5a2000 	/usr/lib/libcurl.4.dylib
0x000000003a5a2000 	/System/Library/PrivateFrameworks/MediaKit.framework/Versions/A/MediaKit
0x000000003a5a2000 	/System/Library/PrivateFrameworks/ProtectedCloudStorage.framework/Versions/A/ProtectedCloudStorage
0x000000003a5a2000 	/System/Library/PrivateFrameworks/EFILogin.framework/Versions/A/EFILogin
0x000000003a5a2000 	/usr/lib/libutil.dylib
0x000000003a5a2000 	/System/Library/Frameworks/LDAP.framework/Versions/A/LDAP
0x000000003a5a2000 	/usr/lib/libsasl2.2.dylib
0x000000003a5a2000 	/System/Library/PrivateFrameworks/CoreDaemon.framework/Versions/B/CoreDaemon
0x000000003a5a2000 	/System/Library/PrivateFrameworks/AppleSRP.framework/Versions/A/AppleSRP
0x000000003a5a2000 	/System/Library/PrivateFrameworks/APFS.framework/Versions/A/APFS
0x000000011b437000 	/Library/Java/JavaVirtualMachines/jdk1.7.0_79.jdk/Contents/Home/jre/lib/libfontmanager.dylib
0x0000000117db6000 	/Library/Java/JavaVirtualMachines/jdk1.7.0_79.jdk/Contents/Home/jre/lib/libosxui.dylib
0x000000011cb00000 	/Library/Java/JavaVirtualMachines/jdk1.7.0_79.jdk/Contents/Home/jre/lib/libosx.dylib
0x000000003a5a2000 	/System/Library/PrivateFrameworks/ViewBridge.framework/Versions/A/ViewBridge
0x000000003a5a2000 	/System/Library/PrivateFrameworks/XPCService.framework/Versions/A/XPCService
0x000000003a5a2000 	/System/Library/PrivateFrameworks/AppSandbox.framework/Versions/A/AppSandbox
0x000000003a5a2000 	/usr/lib/libsandbox.1.dylib
0x000000003a5a2000 	/usr/lib/libMatch.1.dylib
0x000000011cb0e000 	/Library/Java/JavaVirtualMachines/jdk1.7.0_79.jdk/Contents/Home/jre/lib/libnio.dylib
0x000000011cb1d000 	/Library/Java/JavaVirtualMachines/jdk1.7.0_79.jdk/Contents/Home/jre/lib/./libnet.dylib
0x000000011e70c000 	/Library/Java/JavaVirtualMachines/jdk1.7.0_79.jdk/Contents/Home/jre/lib/libdcpr.dylib

VM Arguments:
jvm_args: -Dfile.encoding=UTF-8 
java_command: speedith.Main
Launcher Type: SUN_STANDARD

Environment Variables:
PATH=/usr/bin:/bin:/usr/sbin:/sbin
SHELL=/bin/bash
DISPLAY=/private/tmp/com.apple.launchd.CvvVxvAiYa/org.macosforge.xquartz:0

Signal Handlers:
SIGSEGV: [libjvm.dylib+0x52daf1], sa_mask[0]=0xfffefeff, sa_flags=0x00000043
SIGBUS: [libjvm.dylib+0x52daf1], sa_mask[0]=0xfffefeff, sa_flags=0x00000042
SIGFPE: [libjvm.dylib+0x41f34e], sa_mask[0]=0xfffefeff, sa_flags=0x00000042
SIGPIPE: [libjvm.dylib+0x41f34e], sa_mask[0]=0xfffefeff, sa_flags=0x00000042
SIGXFSZ: [libjvm.dylib+0x41f34e], sa_mask[0]=0xfffefeff, sa_flags=0x00000042
SIGILL: [libjvm.dylib+0x41f34e], sa_mask[0]=0xfffefeff, sa_flags=0x00000042
SIGUSR1: SIG_DFL, sa_mask[0]=0x00000000, sa_flags=0x00000000
SIGUSR2: [libjvm.dylib+0x41ee40], sa_mask[0]=0x00000004, sa_flags=0x00000042
SIGHUP: [libjvm.dylib+0x41d0d1], sa_mask[0]=0xfffefeff, sa_flags=0x00000042
SIGINT: [libjvm.dylib+0x41d0d1], sa_mask[0]=0xfffefeff, sa_flags=0x00000042
SIGTERM: [libjvm.dylib+0x41d0d1], sa_mask[0]=0xfffefeff, sa_flags=0x00000042
SIGQUIT: [libjvm.dylib+0x41d0d1], sa_mask[0]=0xfffefeff, sa_flags=0x00000042


---------------  S Y S T E M  ---------------

OS:Bsduname:Darwin 16.7.0 Darwin Kernel Version 16.7.0: Thu Jun 15 17:36:27 PDT 2017; root:xnu-3789.70.16~2/RELEASE_X86_64 x86_64
rlimit: STACK 8192k, CORE 0k, NPROC 709, NOFILE 10240, AS infinity
load average:5.61 2.58 1.91

CPU:total 4 (2 cores per cpu, 2 threads per core) family 6 model 61 stepping 4, cmov, cx8, fxsr, mmx, sse, sse2, sse3, ssse3, sse4.1, sse4.2, popcnt, avx, avx2, aes, erms, ht, tsc, tscinvbit

Memory: 4k page, physical 8388608k(2097152k free)

/proc/meminfo:


vm_info: Java HotSpot(TM) 64-Bit Server VM (24.79-b02) for bsd-amd64 JRE (1.7.0_79-b15), built on Apr 10 2015 11:35:04 by "java_re" with gcc 4.2.1 (Based on Apple Inc. build 5658) (LLVM build 2336.11.00)

time: Tue Oct 17 14:06:39 2017
elapsed time: 2823 seconds

